[I 2024-07-03 14:02:35,011] Trial 62 finished with value: 0.7471790906818432 and parameters: {'lr': 1e-05, 'l2': 3e-05, 'bsize': 64, 'beta1': 0.9978291833587565}. Best is trial 57 with value: 0.7471819973375033.
AUC:  0.7471790906818432 LOGlOSS:  0.557592991923857 test_AUC:  0.0 test_LOGlOSS:  10000.0
  0%|          | 0/5000 [00:00<?, ?it/s]  0%|          | 1/5000 [00:00<36:41,  2.27it/s]  0%|          | 2/5000 [00:00<37:14,  2.24it/s]  0%|          | 3/5000 [00:01<38:20,  2.17it/s]  0%|          | 4/5000 [00:01<38:36,  2.16it/s]  0%|          | 5/5000 [00:02<36:51,  2.26it/s]  0%|          | 6/5000 [00:02<30:31,  2.73it/s]  0%|          | 7/5000 [00:02<24:39,  3.37it/s]  0%|          | 8/5000 [00:02<20:52,  3.99it/s]  0%|          | 9/5000 [00:02<18:21,  4.53it/s]  0%|          | 10/5000 [00:03<16:38,  5.00it/s]  0%|          | 11/5000 [00:03<19:20,  4.30it/s]  0%|          | 12/5000 [00:03<21:21,  3.89it/s]  0%|          | 13/5000 [00:04<22:51,  3.64it/s]  0%|          | 14/5000 [00:04<23:30,  3.54it/s]  0%|          | 15/5000 [00:04<24:29,  3.39it/s]  0%|          | 16/5000 [00:04<25:16,  3.29it/s]  0%|          | 17/5000 [00:05<25:35,  3.25it/s]  0%|          | 18/5000 [00:05<26:17,  3.16it/s]  0%|          | 19/5000 [00:05<26:57,  3.08it/s]  0%|          | 20/5000 [00:06<27:23,  3.03it/s]  0%|          | 21/5000 [00:06<27:46,  2.99it/s]  0%|          | 22/5000 [00:06<27:41,  3.00it/s]  0%|          | 22/5000 [00:07<27:43,  2.99it/s]
[I 2024-07-03 14:02:42,675] Trial 63 finished with value: 0.7471819973375033 and parameters: {'lr': 1e-05, 'l2': 3e-05, 'bsize': 64, 'beta1': 0.9958091742723003}. Best is trial 57 with value: 0.7471819973375033.
AUC:  0.7471819973375033 LOGlOSS:  0.557582003253015 test_AUC:  0.0 test_LOGlOSS:  10000.0
  0%|          | 0/5000 [00:00<?, ?it/s]  0%|          | 1/5000 [00:00<37:16,  2.23it/s]  0%|          | 2/5000 [00:00<41:21,  2.01it/s]  0%|          | 3/5000 [00:01<44:36,  1.87it/s]  0%|          | 4/5000 [00:02<46:05,  1.81it/s]  0%|          | 5/5000 [00:02<44:52,  1.86it/s]  0%|          | 6/5000 [00:03<45:11,  1.84it/s]  0%|          | 7/5000 [00:03<45:36,  1.82it/s]  0%|          | 8/5000 [00:04<42:41,  1.95it/s]  0%|          | 9/5000 [00:04<42:28,  1.96it/s]  0%|          | 10/5000 [00:05<42:14,  1.97it/s]  0%|          | 11/5000 [00:05<41:58,  1.98it/s]  0%|          | 12/5000 [00:06<41:59,  1.98it/s]  0%|          | 13/5000 [00:06<41:54,  1.98it/s]  0%|          | 14/5000 [00:07<41:58,  1.98it/s]  0%|          | 15/5000 [00:07<41:55,  1.98it/s]  0%|          | 16/5000 [00:08<41:31,  2.00it/s]  0%|          | 17/5000 [00:08<40:46,  2.04it/s]  0%|          | 18/5000 [00:09<40:23,  2.06it/s]  0%|          | 19/5000 [00:09<39:51,  2.08it/s]  0%|          | 20/5000 [00:10<40:15,  2.06it/s]  0%|          | 21/5000 [00:10<40:38,  2.04it/s]  0%|          | 22/5000 [00:11<40:58,  2.03it/s]  0%|          | 22/5000 [00:11<43:51,  1.89it/s]
[I 2024-07-03 14:02:54,607] Trial 64 finished with value: 0.7471645574035427 and parameters: {'lr': 1e-05, 'l2': 3e-05, 'bsize': 64, 'beta1': 0.9477152024289935}. Best is trial 57 with value: 0.7471819973375033.
AUC:  0.7471645574035427 LOGlOSS:  0.557315217141834 test_AUC:  0.0 test_LOGlOSS:  10000.0
  0%|          | 0/5000 [00:00<?, ?it/s]  0%|          | 1/5000 [00:00<40:28,  2.06it/s]  0%|          | 2/5000 [00:00<41:10,  2.02it/s]  0%|          | 3/5000 [00:01<41:12,  2.02it/s]  0%|          | 4/5000 [00:01<39:33,  2.10it/s]  0%|          | 5/5000 [00:02<37:26,  2.22it/s]  0%|          | 6/5000 [00:02<35:50,  2.32it/s]  0%|          | 7/5000 [00:03<36:15,  2.30it/s]  0%|          | 8/5000 [00:03<38:13,  2.18it/s]  0%|          | 9/5000 [00:04<39:06,  2.13it/s]  0%|          | 10/5000 [00:04<39:56,  2.08it/s]  0%|          | 11/5000 [00:05<40:31,  2.05it/s]  0%|          | 12/5000 [00:05<40:51,  2.03it/s]  0%|          | 13/5000 [00:06<41:03,  2.02it/s]  0%|          | 14/5000 [00:06<41:25,  2.01it/s]  0%|          | 15/5000 [00:07<41:30,  2.00it/s]  0%|          | 16/5000 [00:07<40:13,  2.06it/s]  0%|          | 17/5000 [00:08<39:50,  2.08it/s]  0%|          | 18/5000 [00:08<40:26,  2.05it/s]  0%|          | 19/5000 [00:09<40:56,  2.03it/s]  0%|          | 20/5000 [00:09<41:30,  2.00it/s]  0%|          | 21/5000 [00:10<41:40,  1.99it/s]  0%|          | 22/5000 [00:10<41:46,  1.99it/s]  0%|          | 22/5000 [00:11<42:04,  1.97it/s]
[I 2024-07-03 14:03:06,064] Trial 65 finished with value: 0.7471819973375036 and parameters: {'lr': 1e-05, 'l2': 3e-05, 'bsize': 64, 'beta1': 0.9168749991782443}. Best is trial 65 with value: 0.7471819973375036.
AUC:  0.7471819973375036 LOGlOSS:  0.5571393031719456 test_AUC:  0.0 test_LOGlOSS:  10000.0
  0%|          | 0/5000 [00:00<?, ?it/s]  0%|          | 1/5000 [00:00<38:10,  2.18it/s]  0%|          | 2/5000 [00:00<40:48,  2.04it/s]  0%|          | 3/5000 [00:01<41:35,  2.00it/s]  0%|          | 4/5000 [00:01<41:56,  1.99it/s]  0%|          | 5/5000 [00:02<42:03,  1.98it/s]  0%|          | 5/5000 [00:03<50:06,  1.66it/s]
[I 2024-07-03 14:03:09,366] Trial 66 finished with value: 0.7451880315546537 and parameters: {'lr': 0.001, 'l2': 1e-05, 'bsize': 64, 'beta1': 0.91798030547662}. Best is trial 65 with value: 0.7471819973375036.
AUC:  0.7451880315546537 LOGlOSS:  0.8129081233419999 test_AUC:  0.0 test_LOGlOSS:  10000.0
  0%|          | 0/5000 [00:00<?, ?it/s]  0%|          | 1/5000 [00:00<43:28,  1.92it/s]  0%|          | 2/5000 [00:01<42:42,  1.95it/s]  0%|          | 3/5000 [00:01<42:21,  1.97it/s]  0%|          | 4/5000 [00:01<40:41,  2.05it/s]  0%|          | 5/5000 [00:02<43:38,  1.91it/s]  0%|          | 6/5000 [00:03<43:22,  1.92it/s]  0%|          | 7/5000 [00:03<44:57,  1.85it/s]  0%|          | 8/5000 [00:04<45:57,  1.81it/s]  0%|          | 9/5000 [00:04<46:44,  1.78it/s]  0%|          | 10/5000 [00:05<47:15,  1.76it/s]  0%|          | 11/5000 [00:05<44:49,  1.86it/s]  0%|          | 12/5000 [00:06<43:01,  1.93it/s]  0%|          | 13/5000 [00:06<40:22,  2.06it/s]  0%|          | 14/5000 [00:07<38:02,  2.18it/s]  0%|          | 15/5000 [00:07<38:24,  2.16it/s]  0%|          | 16/5000 [00:08<39:26,  2.11it/s]  0%|          | 17/5000 [00:08<40:08,  2.07it/s]  0%|          | 18/5000 [00:09<40:35,  2.05it/s]  0%|          | 19/5000 [00:09<40:08,  2.07it/s]  0%|          | 20/5000 [00:10<40:27,  2.05it/s]  0%|          | 21/5000 [00:10<40:50,  2.03it/s]  0%|          | 22/5000 [00:11<41:20,  2.01it/s]  0%|          | 22/5000 [00:11<43:30,  1.91it/s]
[I 2024-07-03 14:03:21,147] Trial 67 finished with value: 0.7471819973375033 and parameters: {'lr': 1e-05, 'l2': 3e-05, 'bsize': 64, 'beta1': 0.9647453987919676}. Best is trial 65 with value: 0.7471819973375036.
AUC:  0.7471819973375033 LOGlOSS:  0.5574105513247529 test_AUC:  0.0 test_LOGlOSS:  10000.0
  0%|          | 0/5000 [00:00<?, ?it/s]  0%|          | 1/5000 [00:00<40:43,  2.05it/s]  0%|          | 2/5000 [00:00<41:33,  2.00it/s]  0%|          | 3/5000 [00:01<41:51,  1.99it/s]  0%|          | 4/5000 [00:02<42:01,  1.98it/s]  0%|          | 5/5000 [00:02<42:02,  1.98it/s]  0%|          | 6/5000 [00:03<42:07,  1.98it/s]  0%|          | 7/5000 [00:03<42:13,  1.97it/s]  0%|          | 8/5000 [00:04<42:01,  1.98it/s]  0%|          | 9/5000 [00:04<42:21,  1.96it/s]  0%|          | 10/5000 [00:05<42:16,  1.97it/s]  0%|          | 11/5000 [00:05<42:17,  1.97it/s]  0%|          | 12/5000 [00:06<42:20,  1.96it/s]  0%|          | 13/5000 [00:06<41:56,  1.98it/s]  0%|          | 14/5000 [00:07<42:00,  1.98it/s]  0%|          | 15/5000 [00:07<41:48,  1.99it/s]  0%|          | 16/5000 [00:08<42:06,  1.97it/s]  0%|          | 17/5000 [00:08<42:04,  1.97it/s]  0%|          | 18/5000 [00:09<42:11,  1.97it/s]  0%|          | 19/5000 [00:09<40:51,  2.03it/s]  0%|          | 20/5000 [00:10<41:11,  2.01it/s]  0%|          | 21/5000 [00:10<41:23,  2.00it/s]  0%|          | 22/5000 [00:11<41:32,  2.00it/s]  0%|          | 22/5000 [00:11<43:42,  1.90it/s]
[I 2024-07-03 14:03:33,035] Trial 68 finished with value: 0.7471296775356211 and parameters: {'lr': 1e-05, 'l2': 0.0003, 'bsize': 64, 'beta1': 0.9445997215544759}. Best is trial 65 with value: 0.7471819973375036.
AUC:  0.7471296775356211 LOGlOSS:  0.5571409333454653 test_AUC:  0.0 test_LOGlOSS:  10000.0
  0%|          | 0/5000 [00:00<?, ?it/s]  0%|          | 1/5000 [00:00<47:35,  1.75it/s]  0%|          | 2/5000 [00:01<48:31,  1.72it/s]  0%|          | 3/5000 [00:01<45:52,  1.82it/s]  0%|          | 4/5000 [00:02<42:29,  1.96it/s]  0%|          | 5/5000 [00:02<44:28,  1.87it/s]  0%|          | 6/5000 [00:03<45:29,  1.83it/s]  0%|          | 7/5000 [00:03<42:49,  1.94it/s]  0%|          | 8/5000 [00:04<42:28,  1.96it/s]  0%|          | 9/5000 [00:04<42:10,  1.97it/s]  0%|          | 10/5000 [00:05<41:57,  1.98it/s]  0%|          | 11/5000 [00:05<42:14,  1.97it/s]  0%|          | 12/5000 [00:06<41:55,  1.98it/s]  0%|          | 13/5000 [00:06<41:55,  1.98it/s]  0%|          | 14/5000 [00:07<40:37,  2.05it/s]  0%|          | 15/5000 [00:07<39:23,  2.11it/s]  0%|          | 16/5000 [00:08<40:06,  2.07it/s]  0%|          | 17/5000 [00:08<40:36,  2.04it/s]  0%|          | 18/5000 [00:09<39:57,  2.08it/s]  0%|          | 19/5000 [00:09<38:37,  2.15it/s]  0%|          | 20/5000 [00:10<39:39,  2.09it/s]  0%|          | 21/5000 [00:10<40:43,  2.04it/s]  0%|          | 22/5000 [00:11<40:53,  2.03it/s]  0%|          | 22/5000 [00:11<43:35,  1.90it/s]
[I 2024-07-03 14:03:44,897] Trial 69 finished with value: 0.7471761840261831 and parameters: {'lr': 1e-05, 'l2': 3e-06, 'bsize': 64, 'beta1': 0.9057067485893873}. Best is trial 65 with value: 0.7471819973375036.
AUC:  0.7471761840261831 LOGlOSS:  0.557090583563405 test_AUC:  0.0 test_LOGlOSS:  10000.0
  0%|          | 0/5000 [00:00<?, ?it/s]  0%|          | 1/5000 [00:00<41:47,  1.99it/s]  0%|          | 2/5000 [00:00<41:36,  2.00it/s]  0%|          | 3/5000 [00:01<41:53,  1.99it/s]  0%|          | 4/5000 [00:02<42:11,  1.97it/s]  0%|          | 5/5000 [00:02<41:58,  1.98it/s]  0%|          | 6/5000 [00:03<41:57,  1.98it/s]  0%|          | 7/5000 [00:03<41:54,  1.99it/s]  0%|          | 8/5000 [00:04<41:39,  2.00it/s]  0%|          | 9/5000 [00:04<41:57,  1.98it/s]  0%|          | 10/5000 [00:05<41:56,  1.98it/s]  0%|          | 11/5000 [00:05<41:50,  1.99it/s]  0%|          | 12/5000 [00:06<41:45,  1.99it/s]  0%|          | 13/5000 [00:06<41:48,  1.99it/s]  0%|          | 14/5000 [00:07<42:06,  1.97it/s]  0%|          | 15/5000 [00:07<42:04,  1.97it/s]  0%|          | 16/5000 [00:08<40:57,  2.03it/s]  0%|          | 17/5000 [00:08<41:07,  2.02it/s]  0%|          | 18/5000 [00:09<41:06,  2.02it/s]  0%|          | 19/5000 [00:09<41:31,  2.00it/s]  0%|          | 20/5000 [00:10<41:49,  1.98it/s]  0%|          | 21/5000 [00:10<41:54,  1.98it/s]  0%|          | 22/5000 [00:11<41:50,  1.98it/s]  0%|          | 22/5000 [00:11<43:35,  1.90it/s]
[I 2024-07-03 14:03:56,763] Trial 70 finished with value: 0.7471819973375033 and parameters: {'lr': 1e-05, 'l2': 3e-05, 'bsize': 64, 'beta1': 0.9635378753998046}. Best is trial 65 with value: 0.7471819973375036.
AUC:  0.7471819973375033 LOGlOSS:  0.5574038436505063 test_AUC:  0.0 test_LOGlOSS:  10000.0
  0%|          | 0/5000 [00:00<?, ?it/s]  0%|          | 1/5000 [00:00<39:18,  2.12it/s]  0%|          | 2/5000 [00:01<42:39,  1.95it/s]  0%|          | 3/5000 [00:01<42:10,  1.97it/s]  0%|          | 4/5000 [00:02<42:16,  1.97it/s]  0%|          | 5/5000 [00:02<43:23,  1.92it/s]  0%|          | 6/5000 [00:03<45:11,  1.84it/s]  0%|          | 7/5000 [00:03<44:13,  1.88it/s]  0%|          | 8/5000 [00:04<43:24,  1.92it/s]  0%|          | 9/5000 [00:04<42:58,  1.94it/s]  0%|          | 10/5000 [00:05<42:33,  1.95it/s]  0%|          | 11/5000 [00:05<42:15,  1.97it/s]  0%|          | 12/5000 [00:06<42:07,  1.97it/s]  0%|          | 13/5000 [00:06<41:58,  1.98it/s]  0%|          | 14/5000 [00:07<41:56,  1.98it/s]  0%|          | 15/5000 [00:07<42:00,  1.98it/s]  0%|          | 16/5000 [00:08<41:44,  1.99it/s]  0%|          | 17/5000 [00:08<41:58,  1.98it/s]  0%|          | 18/5000 [00:09<41:48,  1.99it/s]  0%|          | 19/5000 [00:09<41:47,  1.99it/s]  0%|          | 20/5000 [00:10<41:51,  1.98it/s]  0%|          | 21/5000 [00:10<41:40,  1.99it/s]  0%|          | 22/5000 [00:11<41:41,  1.99it/s]  0%|          | 22/5000 [00:11<44:09,  1.88it/s]
[I 2024-07-03 14:04:08,757] Trial 71 finished with value: 0.7471732773705231 and parameters: {'lr': 1e-05, 'l2': 3e-05, 'bsize': 64, 'beta1': 0.9681198485483664}. Best is trial 65 with value: 0.7471819973375036.
AUC:  0.7471732773705231 LOGlOSS:  0.5574293321810493 test_AUC:  0.0 test_LOGlOSS:  10000.0
  0%|          | 0/5000 [00:00<?, ?it/s]  0%|          | 1/5000 [00:00<41:13,  2.02it/s]  0%|          | 2/5000 [00:00<41:32,  2.01it/s]  0%|          | 3/5000 [00:01<41:48,  1.99it/s]  0%|          | 4/5000 [00:02<41:57,  1.98it/s]  0%|          | 5/5000 [00:02<42:14,  1.97it/s]  0%|          | 6/5000 [00:02<41:15,  2.02it/s]  0%|          | 7/5000 [00:03<38:38,  2.15it/s]  0%|          | 8/5000 [00:03<35:11,  2.36it/s]  0%|          | 9/5000 [00:04<34:46,  2.39it/s]  0%|          | 10/5000 [00:04<37:02,  2.25it/s]  0%|          | 11/5000 [00:05<38:39,  2.15it/s]  0%|          | 12/5000 [00:05<39:47,  2.09it/s]  0%|          | 13/5000 [00:06<39:40,  2.10it/s]  0%|          | 14/5000 [00:06<39:49,  2.09it/s]  0%|          | 15/5000 [00:07<40:29,  2.05it/s]  0%|          | 16/5000 [00:07<40:54,  2.03it/s]  0%|          | 17/5000 [00:08<41:15,  2.01it/s]  0%|          | 18/5000 [00:08<41:26,  2.00it/s]  0%|          | 19/5000 [00:09<41:39,  1.99it/s]  0%|          | 20/5000 [00:09<41:52,  1.98it/s]  0%|          | 21/5000 [00:10<41:59,  1.98it/s]  0%|          | 22/5000 [00:10<42:00,  1.97it/s]  0%|          | 22/5000 [00:11<42:07,  1.97it/s]
[I 2024-07-03 14:04:20,214] Trial 72 finished with value: 0.7471732773705231 and parameters: {'lr': 1e-05, 'l2': 3e-05, 'bsize': 64, 'beta1': 0.9688275896589643}. Best is trial 65 with value: 0.7471819973375036.
AUC:  0.7471732773705231 LOGlOSS:  0.5574333168729514 test_AUC:  0.0 test_LOGlOSS:  10000.0
  0%|          | 0/5000 [00:00<?, ?it/s]  0%|          | 1/5000 [00:00<41:16,  2.02it/s]  0%|          | 2/5000 [00:01<42:07,  1.98it/s]  0%|          | 3/5000 [00:01<42:12,  1.97it/s]  0%|          | 4/5000 [00:02<42:17,  1.97it/s]  0%|          | 5/5000 [00:02<42:14,  1.97it/s]  0%|          | 6/5000 [00:02<39:31,  2.11it/s]  0%|          | 7/5000 [00:03<38:41,  2.15it/s]  0%|          | 8/5000 [00:03<40:10,  2.07it/s]  0%|          | 9/5000 [00:04<40:41,  2.04it/s]  0%|          | 10/5000 [00:04<40:59,  2.03it/s]  0%|          | 11/5000 [00:05<41:17,  2.01it/s]  0%|          | 12/5000 [00:05<41:32,  2.00it/s]  0%|          | 13/5000 [00:06<41:42,  1.99it/s]  0%|          | 14/5000 [00:06<41:47,  1.99it/s]  0%|          | 15/5000 [00:07<40:23,  2.06it/s]  0%|          | 16/5000 [00:07<39:33,  2.10it/s]  0%|          | 17/5000 [00:08<40:23,  2.06it/s]  0%|          | 18/5000 [00:08<41:35,  2.00it/s]  0%|          | 19/5000 [00:09<43:31,  1.91it/s]  0%|          | 20/5000 [00:09<42:00,  1.98it/s]  0%|          | 21/5000 [00:10<42:01,  1.97it/s]  0%|          | 22/5000 [00:10<39:51,  2.08it/s]  0%|          | 22/5000 [00:11<42:24,  1.96it/s]
[I 2024-07-03 14:04:31,761] Trial 73 finished with value: 0.7471616507478825 and parameters: {'lr': 1e-05, 'l2': 3e-05, 'bsize': 64, 'beta1': 0.8968652952038079}. Best is trial 65 with value: 0.7471819973375036.
AUC:  0.7471616507478825 LOGlOSS:  0.5570235711618053 test_AUC:  0.0 test_LOGlOSS:  10000.0
  0%|          | 0/5000 [00:00<?, ?it/s]  0%|          | 1/5000 [00:00<34:47,  2.39it/s]  0%|          | 2/5000 [00:00<38:00,  2.19it/s]  0%|          | 3/5000 [00:01<38:25,  2.17it/s]  0%|          | 4/5000 [00:01<39:03,  2.13it/s]  0%|          | 5/5000 [00:02<38:52,  2.14it/s]  0%|          | 6/5000 [00:02<39:41,  2.10it/s]  0%|          | 7/5000 [00:03<40:30,  2.05it/s]  0%|          | 8/5000 [00:03<41:00,  2.03it/s]  0%|          | 9/5000 [00:04<41:20,  2.01it/s]  0%|          | 10/5000 [00:04<41:42,  1.99it/s]  0%|          | 11/5000 [00:05<41:35,  2.00it/s]  0%|          | 12/5000 [00:05<41:39,  2.00it/s]  0%|          | 13/5000 [00:06<41:51,  1.99it/s]  0%|          | 14/5000 [00:06<41:57,  1.98it/s]  0%|          | 15/5000 [00:07<41:17,  2.01it/s]  0%|          | 16/5000 [00:07<41:19,  2.01it/s]  0%|          | 17/5000 [00:08<41:39,  1.99it/s]  0%|          | 18/5000 [00:08<40:39,  2.04it/s]  0%|          | 19/5000 [00:09<41:08,  2.02it/s]  0%|          | 20/5000 [00:09<41:35,  2.00it/s]  0%|          | 21/5000 [00:10<42:14,  1.96it/s]  0%|          | 22/5000 [00:10<44:20,  1.87it/s]  0%|          | 22/5000 [00:11<43:17,  1.92it/s]
[I 2024-07-03 14:04:43,556] Trial 74 finished with value: 0.747173277370523 and parameters: {'lr': 1e-05, 'l2': 3e-05, 'bsize': 64, 'beta1': 0.93846493453063}. Best is trial 65 with value: 0.7471819973375036.
AUC:  0.747173277370523 LOGlOSS:  0.557262816601677 test_AUC:  0.0 test_LOGlOSS:  10000.0
  0%|          | 0/5000 [00:00<?, ?it/s]  0%|          | 1/5000 [00:00<41:33,  2.01it/s]  0%|          | 2/5000 [00:01<43:08,  1.93it/s]  0%|          | 3/5000 [00:01<43:20,  1.92it/s]  0%|          | 4/5000 [00:02<44:56,  1.85it/s]  0%|          | 5/5000 [00:02<44:04,  1.89it/s]  0%|          | 5/5000 [00:03<52:28,  1.59it/s]
[I 2024-07-03 14:04:47,014] Trial 75 finished with value: 0.7464902132903923 and parameters: {'lr': 0.0003, 'l2': 0.001, 'bsize': 64, 'beta1': 0.9648905687835949}. Best is trial 65 with value: 0.7471819973375036.
AUC:  0.7464902132903923 LOGlOSS:  0.6390605705766375 test_AUC:  0.0 test_LOGlOSS:  10000.0
  0%|          | 0/5000 [00:00<?, ?it/s]  0%|          | 1/5000 [00:00<38:08,  2.18it/s]  0%|          | 2/5000 [00:00<39:35,  2.10it/s]  0%|          | 3/5000 [00:01<42:42,  1.95it/s]  0%|          | 4/5000 [00:02<45:55,  1.81it/s]  0%|          | 5/5000 [00:02<47:30,  1.75it/s]  0%|          | 5/5000 [00:03<54:42,  1.52it/s]
[I 2024-07-03 14:04:50,520] Trial 76 finished with value: 0.7452432580121963 and parameters: {'lr': 0.001, 'l2': 3e-05, 'bsize': 64, 'beta1': 0.9231555116894101}. Best is trial 65 with value: 0.7471819973375036.
AUC:  0.7452432580121963 LOGlOSS:  0.8136692406788367 test_AUC:  0.0 test_LOGlOSS:  10000.0
  0%|          | 0/5000 [00:00<?, ?it/s]  0%|          | 1/5000 [00:00<51:45,  1.61it/s]  0%|          | 2/5000 [00:01<46:07,  1.81it/s]  0%|          | 3/5000 [00:01<44:41,  1.86it/s]  0%|          | 4/5000 [00:02<43:31,  1.91it/s]  0%|          | 5/5000 [00:02<43:02,  1.93it/s]  0%|          | 6/5000 [00:03<42:52,  1.94it/s]  0%|          | 7/5000 [00:03<42:30,  1.96it/s]  0%|          | 8/5000 [00:04<42:09,  1.97it/s]  0%|          | 9/5000 [00:04<40:55,  2.03it/s]  0%|          | 10/5000 [00:05<41:12,  2.02it/s]  0%|          | 11/5000 [00:05<41:30,  2.00it/s]  0%|          | 12/5000 [00:06<41:46,  1.99it/s]  0%|          | 13/5000 [00:06<41:55,  1.98it/s]  0%|          | 14/5000 [00:07<42:00,  1.98it/s]  0%|          | 15/5000 [00:07<42:03,  1.98it/s]  0%|          | 16/5000 [00:08<42:02,  1.98it/s]  0%|          | 17/5000 [00:08<42:16,  1.96it/s]  0%|          | 18/5000 [00:09<40:54,  2.03it/s]  0%|          | 19/5000 [00:09<42:11,  1.97it/s]  0%|          | 20/5000 [00:10<43:34,  1.90it/s]  0%|          | 21/5000 [00:10<44:20,  1.87it/s]  0%|          | 22/5000 [00:11<43:39,  1.90it/s]  0%|          | 22/5000 [00:11<44:34,  1.86it/s]
[I 2024-07-03 14:05:02,573] Trial 77 finished with value: 0.7471703707148629 and parameters: {'lr': 1e-05, 'l2': 3e-05, 'bsize': 64, 'beta1': 0.8841220845659726}. Best is trial 65 with value: 0.7471819973375036.
AUC:  0.7471703707148629 LOGlOSS:  0.55694911081579 test_AUC:  0.0 test_LOGlOSS:  10000.0
  0%|          | 0/5000 [00:00<?, ?it/s]  0%|          | 1/5000 [00:00<38:17,  2.18it/s]  0%|          | 2/5000 [00:00<37:30,  2.22it/s]  0%|          | 3/5000 [00:01<39:48,  2.09it/s]  0%|          | 4/5000 [00:01<40:42,  2.05it/s]  0%|          | 5/5000 [00:02<40:56,  2.03it/s]  0%|          | 6/5000 [00:02<41:21,  2.01it/s]  0%|          | 7/5000 [00:03<41:38,  2.00it/s]  0%|          | 8/5000 [00:03<41:43,  1.99it/s]  0%|          | 9/5000 [00:04<41:51,  1.99it/s]  0%|          | 10/5000 [00:04<42:00,  1.98it/s]  0%|          | 11/5000 [00:05<41:57,  1.98it/s]  0%|          | 12/5000 [00:05<41:28,  2.00it/s]  0%|          | 13/5000 [00:06<41:39,  2.00it/s]  0%|          | 14/5000 [00:06<41:39,  1.99it/s]  0%|          | 15/5000 [00:07<40:21,  2.06it/s]  0%|          | 16/5000 [00:07<41:03,  2.02it/s]  0%|          | 17/5000 [00:08<41:17,  2.01it/s]  0%|          | 18/5000 [00:08<41:44,  1.99it/s]  0%|          | 19/5000 [00:09<41:56,  1.98it/s]  0%|          | 20/5000 [00:09<42:04,  1.97it/s]  0%|          | 21/5000 [00:10<42:07,  1.97it/s]  0%|          | 22/5000 [00:10<41:55,  1.98it/s]  0%|          | 22/5000 [00:11<43:15,  1.92it/s]
