[I 2024-07-03 14:00:21,329] Trial 48 finished with value: 0.747062824455438 and parameters: {'lr': 1e-05, 'l2': 3e-05, 'bsize': 64, 'beta1': 0.6367596681579912}. Best is trial 44 with value: 0.7471093309460002.
AUC:  0.747062824455438 LOGlOSS:  0.55041924765066 test_AUC:  0.0 test_LOGlOSS:  10000.0
  0%|          | 0/5000 [00:00<?, ?it/s]  0%|          | 1/5000 [00:00<29:05,  2.86it/s]  0%|          | 2/5000 [00:00<33:46,  2.47it/s]  0%|          | 3/5000 [00:01<35:39,  2.34it/s]  0%|          | 4/5000 [00:01<34:27,  2.42it/s]  0%|          | 5/5000 [00:02<32:49,  2.54it/s]  0%|          | 6/5000 [00:02<32:01,  2.60it/s]  0%|          | 7/5000 [00:02<32:52,  2.53it/s]  0%|          | 8/5000 [00:03<31:52,  2.61it/s]  0%|          | 9/5000 [00:03<31:26,  2.64it/s]  0%|          | 10/5000 [00:03<32:35,  2.55it/s]  0%|          | 11/5000 [00:04<33:12,  2.50it/s]  0%|          | 12/5000 [00:04<33:50,  2.46it/s]  0%|          | 13/5000 [00:05<34:39,  2.40it/s]  0%|          | 14/5000 [00:05<34:29,  2.41it/s]  0%|          | 15/5000 [00:06<34:01,  2.44it/s]  0%|          | 16/5000 [00:06<34:07,  2.43it/s]  0%|          | 17/5000 [00:06<34:17,  2.42it/s]  0%|          | 18/5000 [00:07<34:20,  2.42it/s]  0%|          | 19/5000 [00:07<34:16,  2.42it/s]  0%|          | 20/5000 [00:08<34:11,  2.43it/s]  0%|          | 21/5000 [00:08<34:13,  2.42it/s]  0%|          | 21/5000 [00:08<35:13,  2.36it/s]
[I 2024-07-03 14:00:30,525] Trial 49 finished with value: 0.7471587440922223 and parameters: {'lr': 1e-05, 'l2': 3e-05, 'bsize': 64, 'beta1': 0.8207450275992625}. Best is trial 49 with value: 0.7471587440922223.
AUC:  0.7471587440922223 LOGlOSS:  0.5514528026307823 test_AUC:  0.0 test_LOGlOSS:  10000.0
  0%|          | 0/5000 [00:00<?, ?it/s]  0%|          | 1/5000 [00:00<33:23,  2.50it/s]  0%|          | 2/5000 [00:00<33:53,  2.46it/s]  0%|          | 3/5000 [00:01<34:14,  2.43it/s]  0%|          | 4/5000 [00:01<34:26,  2.42it/s]  0%|          | 5/5000 [00:02<34:28,  2.41it/s]  0%|          | 6/5000 [00:02<34:53,  2.39it/s]  0%|          | 7/5000 [00:02<35:11,  2.36it/s]  0%|          | 8/5000 [00:03<34:52,  2.39it/s]  0%|          | 9/5000 [00:03<34:11,  2.43it/s]  0%|          | 10/5000 [00:04<34:04,  2.44it/s]  0%|          | 11/5000 [00:04<34:05,  2.44it/s]  0%|          | 12/5000 [00:04<34:09,  2.43it/s]  0%|          | 13/5000 [00:05<34:14,  2.43it/s]  0%|          | 14/5000 [00:05<34:13,  2.43it/s]  0%|          | 15/5000 [00:06<34:22,  2.42it/s]  0%|          | 16/5000 [00:06<34:30,  2.41it/s]  0%|          | 17/5000 [00:07<34:19,  2.42it/s]  0%|          | 18/5000 [00:07<34:20,  2.42it/s]  0%|          | 19/5000 [00:07<34:19,  2.42it/s]  0%|          | 20/5000 [00:08<34:15,  2.42it/s]  0%|          | 21/5000 [00:08<34:15,  2.42it/s]  0%|          | 22/5000 [00:09<34:16,  2.42it/s]  0%|          | 22/5000 [00:09<35:52,  2.31it/s]
[I 2024-07-03 14:00:40,323] Trial 50 finished with value: 0.7471645574035426 and parameters: {'lr': 1e-05, 'l2': 3e-05, 'bsize': 64, 'beta1': 0.8799686936920681}. Best is trial 50 with value: 0.7471645574035426.
AUC:  0.7471645574035426 LOGlOSS:  0.5569246631433796 test_AUC:  0.0 test_LOGlOSS:  10000.0
  0%|          | 0/5000 [00:00<?, ?it/s]  0%|          | 1/5000 [00:00<32:43,  2.55it/s]  0%|          | 2/5000 [00:00<30:16,  2.75it/s]  0%|          | 3/5000 [00:01<27:14,  3.06it/s]  0%|          | 4/5000 [00:01<26:07,  3.19it/s]  0%|          | 5/5000 [00:01<24:58,  3.33it/s]  0%|          | 6/5000 [00:01<24:02,  3.46it/s]  0%|          | 7/5000 [00:02<23:38,  3.52it/s]  0%|          | 8/5000 [00:02<26:36,  3.13it/s]  0%|          | 9/5000 [00:02<29:06,  2.86it/s]  0%|          | 10/5000 [00:03<30:35,  2.72it/s]  0%|          | 11/5000 [00:03<31:42,  2.62it/s]  0%|          | 12/5000 [00:04<32:30,  2.56it/s]  0%|          | 13/5000 [00:04<33:05,  2.51it/s]  0%|          | 14/5000 [00:05<33:25,  2.49it/s]  0%|          | 15/5000 [00:05<33:40,  2.47it/s]  0%|          | 16/5000 [00:05<33:45,  2.46it/s]  0%|          | 17/5000 [00:06<33:52,  2.45it/s]  0%|          | 18/5000 [00:06<34:15,  2.42it/s]  0%|          | 19/5000 [00:07<34:42,  2.39it/s]  0%|          | 20/5000 [00:07<34:39,  2.39it/s]  0%|          | 21/5000 [00:07<34:07,  2.43it/s]  0%|          | 21/5000 [00:08<32:50,  2.53it/s]
[I 2024-07-03 14:00:48,917] Trial 51 finished with value: 0.7471558374365622 and parameters: {'lr': 1e-05, 'l2': 3e-05, 'bsize': 64, 'beta1': 0.8498774582109345}. Best is trial 50 with value: 0.7471645574035426.
AUC:  0.7471558374365622 LOGlOSS:  0.5516042478615547 test_AUC:  0.0 test_LOGlOSS:  10000.0
  0%|          | 0/5000 [00:00<?, ?it/s]  0%|          | 1/5000 [00:00<29:59,  2.78it/s]  0%|          | 2/5000 [00:00<32:43,  2.55it/s]  0%|          | 3/5000 [00:01<33:24,  2.49it/s]  0%|          | 4/5000 [00:01<33:41,  2.47it/s]  0%|          | 5/5000 [00:01<33:11,  2.51it/s]  0%|          | 6/5000 [00:02<31:04,  2.68it/s]  0%|          | 7/5000 [00:02<32:07,  2.59it/s]  0%|          | 8/5000 [00:03<32:55,  2.53it/s]  0%|          | 9/5000 [00:03<33:33,  2.48it/s]  0%|          | 10/5000 [00:03<33:59,  2.45it/s]  0%|          | 11/5000 [00:04<34:02,  2.44it/s]  0%|          | 12/5000 [00:04<34:04,  2.44it/s]  0%|          | 13/5000 [00:05<34:27,  2.41it/s]  0%|          | 14/5000 [00:05<34:52,  2.38it/s]  0%|          | 15/5000 [00:06<34:25,  2.41it/s]  0%|          | 16/5000 [00:06<34:05,  2.44it/s]  0%|          | 17/5000 [00:06<34:01,  2.44it/s]  0%|          | 18/5000 [00:07<33:58,  2.44it/s]  0%|          | 19/5000 [00:07<34:00,  2.44it/s]  0%|          | 20/5000 [00:08<33:50,  2.45it/s]  0%|          | 21/5000 [00:08<33:53,  2.45it/s]  0%|          | 22/5000 [00:08<34:01,  2.44it/s]  0%|          | 22/5000 [00:09<35:12,  2.36it/s]
[I 2024-07-03 14:00:58,550] Trial 52 finished with value: 0.7471500241252419 and parameters: {'lr': 1e-05, 'l2': 3e-05, 'bsize': 64, 'beta1': 0.8376048507023435}. Best is trial 50 with value: 0.7471645574035426.
AUC:  0.7471500241252419 LOGlOSS:  0.5566710850934552 test_AUC:  0.0 test_LOGlOSS:  10000.0
  0%|          | 0/5000 [00:00<?, ?it/s]  0%|          | 1/5000 [00:00<35:15,  2.36it/s]  0%|          | 2/5000 [00:00<36:01,  2.31it/s]  0%|          | 3/5000 [00:01<35:17,  2.36it/s]  0%|          | 4/5000 [00:01<34:58,  2.38it/s]  0%|          | 5/5000 [00:02<35:45,  2.33it/s]  0%|          | 6/5000 [00:02<36:10,  2.30it/s]  0%|          | 7/5000 [00:03<35:57,  2.31it/s]  0%|          | 8/5000 [00:03<35:33,  2.34it/s]  0%|          | 9/5000 [00:03<35:19,  2.35it/s]  0%|          | 10/5000 [00:04<35:03,  2.37it/s]  0%|          | 11/5000 [00:04<34:55,  2.38it/s]  0%|          | 12/5000 [00:05<34:46,  2.39it/s]  0%|          | 13/5000 [00:05<34:43,  2.39it/s]  0%|          | 14/5000 [00:05<34:45,  2.39it/s]  0%|          | 15/5000 [00:06<35:07,  2.37it/s]  0%|          | 16/5000 [00:06<35:10,  2.36it/s]  0%|          | 17/5000 [00:07<34:56,  2.38it/s]  0%|          | 18/5000 [00:07<35:09,  2.36it/s]  0%|          | 19/5000 [00:08<35:15,  2.35it/s]  0%|          | 20/5000 [00:08<34:39,  2.39it/s]  0%|          | 21/5000 [00:08<34:10,  2.43it/s]  0%|          | 22/5000 [00:09<34:11,  2.43it/s]  0%|          | 22/5000 [00:09<36:33,  2.27it/s]
[I 2024-07-03 14:01:08,572] Trial 53 finished with value: 0.7471500241252419 and parameters: {'lr': 1e-05, 'l2': 3e-05, 'bsize': 64, 'beta1': 0.8365242336021055}. Best is trial 50 with value: 0.7471645574035426.
AUC:  0.7471500241252419 LOGlOSS:  0.5566645011439911 test_AUC:  0.0 test_LOGlOSS:  10000.0
  0%|          | 0/5000 [00:00<?, ?it/s]  0%|          | 1/5000 [00:00<29:41,  2.81it/s]  0%|          | 2/5000 [00:00<32:15,  2.58it/s]  0%|          | 3/5000 [00:01<32:59,  2.52it/s]  0%|          | 4/5000 [00:01<33:24,  2.49it/s]  0%|          | 5/5000 [00:01<33:46,  2.46it/s]  0%|          | 6/5000 [00:02<34:03,  2.44it/s]  0%|          | 7/5000 [00:02<34:07,  2.44it/s]  0%|          | 8/5000 [00:03<34:15,  2.43it/s]  0%|          | 9/5000 [00:03<34:12,  2.43it/s]  0%|          | 10/5000 [00:04<34:36,  2.40it/s]  0%|          | 11/5000 [00:04<35:15,  2.36it/s]  0%|          | 12/5000 [00:04<35:18,  2.35it/s]  0%|          | 13/5000 [00:05<34:39,  2.40it/s]  0%|          | 14/5000 [00:05<34:24,  2.42it/s]  0%|          | 15/5000 [00:06<34:22,  2.42it/s]  0%|          | 16/5000 [00:06<34:19,  2.42it/s]  0%|          | 17/5000 [00:06<34:20,  2.42it/s]  0%|          | 18/5000 [00:07<34:31,  2.41it/s]  0%|          | 19/5000 [00:07<34:35,  2.40it/s]  0%|          | 20/5000 [00:08<34:23,  2.41it/s]  0%|          | 21/5000 [00:08<34:21,  2.42it/s]  0%|          | 21/5000 [00:09<35:49,  2.32it/s]
[I 2024-07-03 14:01:17,947] Trial 54 finished with value: 0.7471471174695818 and parameters: {'lr': 1e-05, 'l2': 3e-05, 'bsize': 64, 'beta1': 0.8656986612458172}. Best is trial 50 with value: 0.7471645574035426.
AUC:  0.7471471174695818 LOGlOSS:  0.5516852939215771 test_AUC:  0.0 test_LOGlOSS:  10000.0
  0%|          | 0/5000 [00:00<?, ?it/s]  0%|          | 1/5000 [00:00<29:49,  2.79it/s]  0%|          | 2/5000 [00:00<29:06,  2.86it/s]  0%|          | 3/5000 [00:01<28:58,  2.87it/s]  0%|          | 4/5000 [00:01<31:09,  2.67it/s]  0%|          | 5/5000 [00:01<32:57,  2.53it/s]  0%|          | 6/5000 [00:02<33:54,  2.45it/s]  0%|          | 7/5000 [00:02<33:43,  2.47it/s]  0%|          | 8/5000 [00:03<33:34,  2.48it/s]  0%|          | 9/5000 [00:03<33:49,  2.46it/s]  0%|          | 10/5000 [00:03<34:07,  2.44it/s]  0%|          | 11/5000 [00:04<34:18,  2.42it/s]  0%|          | 12/5000 [00:04<34:17,  2.42it/s]  0%|          | 13/5000 [00:05<34:17,  2.42it/s]  0%|          | 14/5000 [00:05<34:15,  2.43it/s]  0%|          | 15/5000 [00:06<34:12,  2.43it/s]  0%|          | 16/5000 [00:06<34:10,  2.43it/s]  0%|          | 17/5000 [00:06<34:09,  2.43it/s]  0%|          | 18/5000 [00:07<34:08,  2.43it/s]  0%|          | 19/5000 [00:07<34:06,  2.43it/s]  0%|          | 20/5000 [00:08<34:05,  2.43it/s]  0%|          | 21/5000 [00:08<34:04,  2.44it/s]  0%|          | 22/5000 [00:08<34:20,  2.42it/s]  0%|          | 22/5000 [00:09<35:12,  2.36it/s]
[I 2024-07-03 14:01:27,580] Trial 55 finished with value: 0.747150024125242 and parameters: {'lr': 1e-05, 'l2': 3e-05, 'bsize': 64, 'beta1': 0.8426791812474237}. Best is trial 50 with value: 0.7471645574035426.
AUC:  0.747150024125242 LOGlOSS:  0.556701591316311 test_AUC:  0.0 test_LOGlOSS:  10000.0
  0%|          | 0/5000 [00:00<?, ?it/s]  0%|          | 1/5000 [00:00<31:07,  2.68it/s]  0%|          | 2/5000 [00:00<32:32,  2.56it/s]  0%|          | 3/5000 [00:01<33:13,  2.51it/s]  0%|          | 4/5000 [00:01<33:48,  2.46it/s]  0%|          | 5/5000 [00:02<34:04,  2.44it/s]  0%|          | 6/5000 [00:02<34:27,  2.42it/s]  0%|          | 7/5000 [00:02<34:40,  2.40it/s]  0%|          | 8/5000 [00:03<34:37,  2.40it/s]  0%|          | 9/5000 [00:03<34:30,  2.41it/s]  0%|          | 10/5000 [00:04<34:23,  2.42it/s]  0%|          | 11/5000 [00:04<34:17,  2.42it/s]  0%|          | 12/5000 [00:04<34:44,  2.39it/s]  0%|          | 13/5000 [00:05<34:48,  2.39it/s]  0%|          | 14/5000 [00:05<34:40,  2.40it/s]  0%|          | 15/5000 [00:06<34:54,  2.38it/s]  0%|          | 16/5000 [00:06<35:16,  2.35it/s]  0%|          | 17/5000 [00:07<35:01,  2.37it/s]  0%|          | 18/5000 [00:07<34:22,  2.42it/s]  0%|          | 19/5000 [00:07<34:26,  2.41it/s]  0%|          | 20/5000 [00:08<34:32,  2.40it/s]  0%|          | 21/5000 [00:08<34:30,  2.41it/s]  0%|          | 22/5000 [00:09<34:29,  2.41it/s]  0%|          | 22/5000 [00:09<35:55,  2.31it/s]
[I 2024-07-03 14:01:37,417] Trial 56 finished with value: 0.7471790906818432 and parameters: {'lr': 1e-05, 'l2': 3e-05, 'bsize': 64, 'beta1': 0.9992323676430241}. Best is trial 56 with value: 0.7471790906818432.
AUC:  0.7471790906818432 LOGlOSS:  0.5576006134085112 test_AUC:  0.0 test_LOGlOSS:  10000.0
  0%|          | 0/5000 [00:00<?, ?it/s]  0%|          | 1/5000 [00:00<28:51,  2.89it/s]  0%|          | 2/5000 [00:00<28:46,  2.90it/s]  0%|          | 3/5000 [00:01<31:28,  2.65it/s]  0%|          | 4/5000 [00:01<32:47,  2.54it/s]  0%|          | 5/5000 [00:01<33:19,  2.50it/s]  0%|          | 6/5000 [00:02<33:35,  2.48it/s]  0%|          | 7/5000 [00:02<33:52,  2.46it/s]  0%|          | 8/5000 [00:03<34:12,  2.43it/s]  0%|          | 9/5000 [00:03<34:37,  2.40it/s]  0%|          | 10/5000 [00:04<34:37,  2.40it/s]  0%|          | 11/5000 [00:04<34:01,  2.44it/s]  0%|          | 12/5000 [00:04<33:45,  2.46it/s]  0%|          | 13/5000 [00:05<34:02,  2.44it/s]  0%|          | 14/5000 [00:05<34:08,  2.43it/s]  0%|          | 15/5000 [00:06<34:10,  2.43it/s]  0%|          | 16/5000 [00:06<34:09,  2.43it/s]  0%|          | 17/5000 [00:06<34:05,  2.44it/s]  0%|          | 18/5000 [00:07<34:01,  2.44it/s]  0%|          | 19/5000 [00:07<34:07,  2.43it/s]  0%|          | 20/5000 [00:08<34:07,  2.43it/s]  0%|          | 21/5000 [00:08<34:08,  2.43it/s]  0%|          | 22/5000 [00:08<34:18,  2.42it/s]  0%|          | 22/5000 [00:09<35:17,  2.35it/s]
[I 2024-07-03 14:01:47,078] Trial 57 finished with value: 0.7471819973375033 and parameters: {'lr': 1e-05, 'l2': 3e-05, 'bsize': 64, 'beta1': 0.9773428129860328}. Best is trial 57 with value: 0.7471819973375033.
AUC:  0.7471819973375033 LOGlOSS:  0.5574805541973734 test_AUC:  0.0 test_LOGlOSS:  10000.0
  0%|          | 0/5000 [00:00<?, ?it/s]  0%|          | 1/5000 [00:00<32:10,  2.59it/s]  0%|          | 2/5000 [00:00<34:22,  2.42it/s]  0%|          | 3/5000 [00:01<34:32,  2.41it/s]  0%|          | 4/5000 [00:01<34:08,  2.44it/s]  0%|          | 5/5000 [00:02<33:51,  2.46it/s]  0%|          | 6/5000 [00:02<34:24,  2.42it/s]  0%|          | 7/5000 [00:02<34:20,  2.42it/s]  0%|          | 8/5000 [00:03<34:23,  2.42it/s]  0%|          | 9/5000 [00:03<34:18,  2.42it/s]  0%|          | 10/5000 [00:04<34:13,  2.43it/s]  0%|          | 11/5000 [00:04<34:24,  2.42it/s]  0%|          | 12/5000 [00:04<34:29,  2.41it/s]  0%|          | 13/5000 [00:05<34:30,  2.41it/s]  0%|          | 14/5000 [00:05<34:27,  2.41it/s]  0%|          | 15/5000 [00:06<34:25,  2.41it/s]  0%|          | 16/5000 [00:06<34:20,  2.42it/s]  0%|          | 17/5000 [00:07<34:15,  2.42it/s]  0%|          | 18/5000 [00:07<34:23,  2.41it/s]  0%|          | 19/5000 [00:07<34:29,  2.41it/s]  0%|          | 20/5000 [00:08<34:25,  2.41it/s]  0%|          | 21/5000 [00:08<34:22,  2.41it/s]  0%|          | 22/5000 [00:09<34:21,  2.41it/s]  0%|          | 22/5000 [00:09<35:49,  2.32it/s]
[I 2024-07-03 14:01:56,876] Trial 58 finished with value: 0.7471819973375033 and parameters: {'lr': 1e-05, 'l2': 3e-05, 'bsize': 64, 'beta1': 0.9769971488871898}. Best is trial 57 with value: 0.7471819973375033.
AUC:  0.7471819973375033 LOGlOSS:  0.5574786274583367 test_AUC:  0.0 test_LOGlOSS:  10000.0
  0%|          | 0/5000 [00:00<?, ?it/s]  0%|          | 1/5000 [00:00<32:43,  2.55it/s]  0%|          | 2/5000 [00:00<33:31,  2.48it/s]  0%|          | 3/5000 [00:01<33:49,  2.46it/s]  0%|          | 4/5000 [00:01<33:56,  2.45it/s]  0%|          | 5/5000 [00:02<33:54,  2.46it/s]  0%|          | 6/5000 [00:02<33:58,  2.45it/s]  0%|          | 7/5000 [00:02<34:02,  2.45it/s]  0%|          | 8/5000 [00:03<34:23,  2.42it/s]  0%|          | 9/5000 [00:03<34:22,  2.42it/s]  0%|          | 10/5000 [00:04<34:12,  2.43it/s]  0%|          | 11/5000 [00:04<34:18,  2.42it/s]  0%|          | 12/5000 [00:04<34:17,  2.42it/s]  0%|          | 13/5000 [00:05<34:21,  2.42it/s]  0%|          | 14/5000 [00:05<34:21,  2.42it/s]  0%|          | 15/5000 [00:06<34:20,  2.42it/s]  0%|          | 16/5000 [00:06<34:14,  2.43it/s]  0%|          | 17/5000 [00:06<34:07,  2.43it/s]  0%|          | 18/5000 [00:07<34:02,  2.44it/s]  0%|          | 19/5000 [00:07<34:01,  2.44it/s]  0%|          | 20/5000 [00:08<34:29,  2.41it/s]  0%|          | 21/5000 [00:08<34:28,  2.41it/s]  0%|          | 22/5000 [00:09<34:17,  2.42it/s]  0%|          | 22/5000 [00:09<35:41,  2.32it/s]
[I 2024-07-03 14:02:06,642] Trial 59 finished with value: 0.7471819973375033 and parameters: {'lr': 1e-05, 'l2': 3e-05, 'bsize': 64, 'beta1': 0.9742359559387342}. Best is trial 57 with value: 0.7471819973375033.
AUC:  0.7471819973375033 LOGlOSS:  0.5574633664407098 test_AUC:  0.0 test_LOGlOSS:  10000.0
  0%|          | 0/5000 [00:00<?, ?it/s]  0%|          | 1/5000 [00:00<35:11,  2.37it/s]  0%|          | 2/5000 [00:00<36:11,  2.30it/s]  0%|          | 3/5000 [00:01<36:13,  2.30it/s]  0%|          | 4/5000 [00:01<36:31,  2.28it/s]  0%|          | 5/5000 [00:02<36:42,  2.27it/s]  0%|          | 6/5000 [00:02<36:56,  2.25it/s]  0%|          | 7/5000 [00:02<32:23,  2.57it/s]  0%|          | 8/5000 [00:03<26:44,  3.11it/s]  0%|          | 9/5000 [00:03<23:09,  3.59it/s]  0%|          | 10/5000 [00:03<25:01,  3.32it/s]  0%|          | 11/5000 [00:04<27:58,  2.97it/s]  0%|          | 12/5000 [00:04<29:57,  2.78it/s]  0%|          | 13/5000 [00:04<31:21,  2.65it/s]  0%|          | 14/5000 [00:05<32:12,  2.58it/s]  0%|          | 15/5000 [00:05<32:53,  2.53it/s]  0%|          | 16/5000 [00:06<33:14,  2.50it/s]  0%|          | 17/5000 [00:06<33:31,  2.48it/s]  0%|          | 18/5000 [00:06<33:44,  2.46it/s]  0%|          | 19/5000 [00:07<33:48,  2.46it/s]  0%|          | 20/5000 [00:07<33:52,  2.45it/s]  0%|          | 21/5000 [00:08<34:03,  2.44it/s]  0%|          | 22/5000 [00:08<34:12,  2.43it/s]  0%|          | 22/5000 [00:08<33:41,  2.46it/s]
[I 2024-07-03 14:02:15,867] Trial 60 finished with value: 0.7471790906818432 and parameters: {'lr': 1e-05, 'l2': 3e-05, 'bsize': 64, 'beta1': 0.9990285895656501}. Best is trial 57 with value: 0.7471819973375033.
AUC:  0.7471790906818432 LOGlOSS:  0.5575995347047961 test_AUC:  0.0 test_LOGlOSS:  10000.0
  0%|          | 0/5000 [00:00<?, ?it/s]  0%|          | 1/5000 [00:00<30:01,  2.77it/s]  0%|          | 2/5000 [00:00<31:28,  2.65it/s]  0%|          | 3/5000 [00:01<31:59,  2.60it/s]  0%|          | 4/5000 [00:01<29:24,  2.83it/s]  0%|          | 5/5000 [00:01<26:27,  3.15it/s]  0%|          | 6/5000 [00:02<28:12,  2.95it/s]  0%|          | 7/5000 [00:02<29:57,  2.78it/s]  0%|          | 8/5000 [00:02<30:18,  2.74it/s]  0%|          | 9/5000 [00:03<31:42,  2.62it/s]  0%|          | 10/5000 [00:03<32:00,  2.60it/s]  0%|          | 11/5000 [00:04<32:58,  2.52it/s]  0%|          | 12/5000 [00:04<33:39,  2.47it/s]  0%|          | 13/5000 [00:04<33:18,  2.50it/s]  0%|          | 14/5000 [00:05<33:10,  2.51it/s]  0%|          | 15/5000 [00:05<33:13,  2.50it/s]  0%|          | 16/5000 [00:06<34:11,  2.43it/s]  0%|          | 17/5000 [00:06<34:34,  2.40it/s]  0%|          | 18/5000 [00:07<34:58,  2.37it/s]  0%|          | 19/5000 [00:07<35:08,  2.36it/s]  0%|          | 20/5000 [00:07<36:26,  2.28it/s]  0%|          | 21/5000 [00:08<35:24,  2.34it/s]  0%|          | 22/5000 [00:08<34:27,  2.41it/s]  0%|          | 22/5000 [00:09<34:21,  2.41it/s]
[I 2024-07-03 14:02:25,264] Trial 61 finished with value: 0.7471819973375033 and parameters: {'lr': 1e-05, 'l2': 3e-05, 'bsize': 64, 'beta1': 0.9943336953648226}. Best is trial 57 with value: 0.7471819973375033.
AUC:  0.7471819973375033 LOGlOSS:  0.5575740071995167 test_AUC:  0.0 test_LOGlOSS:  10000.0
  0%|          | 0/5000 [00:00<?, ?it/s]  0%|          | 1/5000 [00:00<22:36,  3.69it/s]  0%|          | 2/5000 [00:00<29:03,  2.87it/s]  0%|          | 3/5000 [00:01<30:39,  2.72it/s]  0%|          | 4/5000 [00:01<31:28,  2.65it/s]  0%|          | 5/5000 [00:01<32:46,  2.54it/s]  0%|          | 6/5000 [00:02<33:04,  2.52it/s]  0%|          | 7/5000 [00:02<33:37,  2.47it/s]  0%|          | 8/5000 [00:03<33:47,  2.46it/s]  0%|          | 9/5000 [00:03<33:46,  2.46it/s]  0%|          | 10/5000 [00:03<34:33,  2.41it/s]  0%|          | 11/5000 [00:04<33:37,  2.47it/s]  0%|          | 12/5000 [00:04<33:59,  2.45it/s]  0%|          | 13/5000 [00:05<35:33,  2.34it/s]  0%|          | 14/5000 [00:05<35:09,  2.36it/s]  0%|          | 15/5000 [00:06<35:08,  2.36it/s]  0%|          | 16/5000 [00:06<35:02,  2.37it/s]  0%|          | 17/5000 [00:06<34:38,  2.40it/s]  0%|          | 18/5000 [00:07<34:51,  2.38it/s]  0%|          | 19/5000 [00:07<35:33,  2.33it/s]  0%|          | 20/5000 [00:08<35:33,  2.33it/s]  0%|          | 21/5000 [00:08<35:51,  2.31it/s]  0%|          | 22/5000 [00:09<35:07,  2.36it/s]  0%|          | 22/5000 [00:09<35:33,  2.33it/s]
