[I 2024-07-03 13:57:05,160] Trial 22 finished with value: 0.747013411309216 and parameters: {'lr': 0.0001, 'l2': 0.0001, 'bsize': 32, 'beta1': 0.7377054132661452}. Best is trial 21 with value: 0.747016317964876.
AUC:  0.747013411309216 LOGlOSS:  0.5574509078945671 test_AUC:  0.0 test_LOGlOSS:  10000.0
  0%|          | 0/5000 [00:00<?, ?it/s]  0%|          | 1/5000 [00:00<1:05:58,  1.26it/s]  0%|          | 2/5000 [00:01<1:09:30,  1.20it/s]  0%|          | 3/5000 [00:02<1:07:30,  1.23it/s]  0%|          | 4/5000 [00:03<1:07:23,  1.24it/s]  0%|          | 5/5000 [00:04<1:08:04,  1.22it/s]  0%|          | 5/5000 [00:04<1:21:24,  1.02it/s]
[I 2024-07-03 13:57:10,351] Trial 23 finished with value: 0.7469930647195949 and parameters: {'lr': 0.0001, 'l2': 0.0001, 'bsize': 32, 'beta1': 0.7872276643435616}. Best is trial 21 with value: 0.747016317964876.
AUC:  0.7469930647195949 LOGlOSS:  0.5577848168209216 test_AUC:  0.0 test_LOGlOSS:  10000.0
  0%|          | 0/5000 [00:00<?, ?it/s]  0%|          | 1/5000 [00:00<1:05:20,  1.27it/s]  0%|          | 2/5000 [00:01<1:07:32,  1.23it/s]  0%|          | 3/5000 [00:02<1:07:59,  1.22it/s]  0%|          | 4/5000 [00:03<1:08:42,  1.21it/s]  0%|          | 5/5000 [00:04<1:08:06,  1.22it/s]  0%|          | 5/5000 [00:04<1:21:20,  1.02it/s]
[I 2024-07-03 13:57:15,523] Trial 24 finished with value: 0.7453188310593597 and parameters: {'lr': 0.0003, 'l2': 0.0001, 'bsize': 32, 'beta1': 0.694215473105616}. Best is trial 21 with value: 0.747016317964876.
AUC:  0.7453188310593597 LOGlOSS:  0.7547224380959069 test_AUC:  0.0 test_LOGlOSS:  10000.0
  0%|          | 0/5000 [00:00<?, ?it/s]  0%|          | 1/5000 [00:00<1:07:15,  1.24it/s]  0%|          | 2/5000 [00:01<1:07:38,  1.23it/s]  0%|          | 3/5000 [00:02<1:07:58,  1.23it/s]  0%|          | 4/5000 [00:03<1:08:19,  1.22it/s]  0%|          | 5/5000 [00:04<1:10:12,  1.19it/s]  0%|          | 5/5000 [00:05<1:23:27,  1.00s/it]
[I 2024-07-03 13:57:20,820] Trial 25 finished with value: 0.7387526959231248 and parameters: {'lr': 0.001, 'l2': 0.0001, 'bsize': 32, 'beta1': 0.9331060341942836}. Best is trial 21 with value: 0.747016317964876.
AUC:  0.7387526959231248 LOGlOSS:  0.8101650482016297 test_AUC:  0.0 test_LOGlOSS:  10000.0
  0%|          | 0/5000 [00:00<?, ?it/s]  0%|          | 1/5000 [00:00<1:05:06,  1.28it/s]  0%|          | 2/5000 [00:01<1:06:59,  1.24it/s]  0%|          | 3/5000 [00:02<1:09:23,  1.20it/s]  0%|          | 4/5000 [00:03<1:10:29,  1.18it/s]  0%|          | 5/5000 [00:04<1:09:40,  1.19it/s]  0%|          | 5/5000 [00:04<1:22:42,  1.01it/s]
[I 2024-07-03 13:57:26,111] Trial 26 finished with value: 0.7469872514082747 and parameters: {'lr': 0.0001, 'l2': 0.0001, 'bsize': 32, 'beta1': 0.7915021290953284}. Best is trial 21 with value: 0.747016317964876.
AUC:  0.7469872514082747 LOGlOSS:  0.5578134151128843 test_AUC:  0.0 test_LOGlOSS:  10000.0
  0%|          | 0/5000 [00:00<?, ?it/s]  0%|          | 1/5000 [00:00<1:00:06,  1.39it/s]  0%|          | 2/5000 [00:01<1:06:26,  1.25it/s]  0%|          | 3/5000 [00:02<1:05:53,  1.26it/s]  0%|          | 4/5000 [00:03<1:06:37,  1.25it/s]  0%|          | 5/5000 [00:03<1:03:09,  1.32it/s]  0%|          | 5/5000 [00:04<1:17:48,  1.07it/s]
[I 2024-07-03 13:57:31,114] Trial 27 finished with value: 0.7469058650497911 and parameters: {'lr': 0.0001, 'l2': 0.0003, 'bsize': 32, 'beta1': 0.5500191365305909}. Best is trial 21 with value: 0.747016317964876.
AUC:  0.7469058650497911 LOGlOSS:  0.5559849187549699 test_AUC:  0.0 test_LOGlOSS:  10000.0
  0%|          | 0/5000 [00:00<?, ?it/s]  0%|          | 1/5000 [00:01<2:16:14,  1.64s/it]  0%|          | 2/5000 [00:03<2:16:01,  1.63s/it]  0%|          | 3/5000 [00:04<2:15:30,  1.63s/it]  0%|          | 4/5000 [00:06<2:15:15,  1.62s/it]  0%|          | 5/5000 [00:08<2:16:17,  1.64s/it]  0%|          | 5/5000 [00:09<2:42:46,  1.96s/it]
[I 2024-07-03 13:57:41,203] Trial 28 finished with value: 0.7458100558659218 and parameters: {'lr': 0.0001, 'l2': 1e-05, 'bsize': 16, 'beta1': 0.41533280918667986}. Best is trial 21 with value: 0.747016317964876.
AUC:  0.7458100558659218 LOGlOSS:  0.6313942698894284 test_AUC:  0.0 test_LOGlOSS:  10000.0
  0%|          | 0/5000 [00:00<?, ?it/s]  0%|          | 1/5000 [00:00<33:59,  2.45it/s]  0%|          | 2/5000 [00:00<34:26,  2.42it/s]  0%|          | 3/5000 [00:01<34:29,  2.41it/s]  0%|          | 4/5000 [00:01<34:30,  2.41it/s]  0%|          | 5/5000 [00:02<34:52,  2.39it/s]  0%|          | 5/5000 [00:02<41:42,  2.00it/s]
[I 2024-07-03 13:57:44,006] Trial 29 finished with value: 0.7463390671960655 and parameters: {'lr': 0.0003, 'l2': 0.001, 'bsize': 64, 'beta1': 0.7452711239828025}. Best is trial 21 with value: 0.747016317964876.
AUC:  0.7463390671960655 LOGlOSS:  0.6339093515834187 test_AUC:  0.0 test_LOGlOSS:  10000.0
  0%|          | 0/5000 [00:00<?, ?it/s]  0%|          | 1/5000 [00:00<1:09:12,  1.20it/s]  0%|          | 2/5000 [00:01<1:04:13,  1.30it/s]  0%|          | 3/5000 [00:02<1:02:48,  1.33it/s]  0%|          | 4/5000 [00:03<1:06:06,  1.26it/s]  0%|          | 5/5000 [00:03<1:07:30,  1.23it/s]  0%|          | 5/5000 [00:04<1:20:17,  1.04it/s]
[I 2024-07-03 13:57:49,091] Trial 30 finished with value: 0.7470017846865753 and parameters: {'lr': 0.0001, 'l2': 3e-06, 'bsize': 32, 'beta1': 0.8447590432313975}. Best is trial 21 with value: 0.747016317964876.
AUC:  0.7470017846865753 LOGlOSS:  0.5582075556648112 test_AUC:  0.0 test_LOGlOSS:  10000.0
  0%|          | 0/5000 [00:00<?, ?it/s]  0%|          | 1/5000 [00:00<1:00:52,  1.37it/s]  0%|          | 2/5000 [00:01<1:04:30,  1.29it/s]  0%|          | 3/5000 [00:02<1:06:14,  1.26it/s]  0%|          | 4/5000 [00:03<1:08:03,  1.22it/s]  0%|          | 5/5000 [00:03<1:07:05,  1.24it/s]  0%|          | 5/5000 [00:04<1:20:01,  1.04it/s]
[I 2024-07-03 13:57:54,197] Trial 31 finished with value: 0.7470163179648759 and parameters: {'lr': 0.0001, 'l2': 0.0001, 'bsize': 32, 'beta1': 0.6628220310242894}. Best is trial 21 with value: 0.747016317964876.
AUC:  0.7470163179648759 LOGlOSS:  0.5569174227506878 test_AUC:  0.0 test_LOGlOSS:  10000.0
  0%|          | 0/5000 [00:00<?, ?it/s]  0%|          | 1/5000 [00:00<1:03:30,  1.31it/s]  0%|          | 2/5000 [00:01<1:05:30,  1.27it/s]  0%|          | 3/5000 [00:02<1:06:21,  1.26it/s]  0%|          | 4/5000 [00:03<1:06:47,  1.25it/s]  0%|          | 5/5000 [00:04<1:07:25,  1.23it/s]  0%|          | 5/5000 [00:04<1:20:34,  1.03it/s]
[I 2024-07-03 13:57:59,337] Trial 32 finished with value: 0.7470511978327976 and parameters: {'lr': 0.0001, 'l2': 1e-06, 'bsize': 32, 'beta1': 0.6346946010088517}. Best is trial 32 with value: 0.7470511978327976.
AUC:  0.7470511978327976 LOGlOSS:  0.5567517862834341 test_AUC:  0.0 test_LOGlOSS:  10000.0
  0%|          | 0/5000 [00:00<?, ?it/s]  0%|          | 1/5000 [00:00<1:02:04,  1.34it/s]  0%|          | 2/5000 [00:01<1:04:17,  1.30it/s]  0%|          | 3/5000 [00:02<1:06:06,  1.26it/s]  0%|          | 4/5000 [00:03<1:04:17,  1.30it/s]  0%|          | 5/5000 [00:03<1:03:52,  1.30it/s]  0%|          | 5/5000 [00:04<1:17:43,  1.07it/s]
[I 2024-07-03 13:58:04,298] Trial 33 finished with value: 0.7470715444224184 and parameters: {'lr': 0.0001, 'l2': 1e-06, 'bsize': 32, 'beta1': 0.5849896775260889}. Best is trial 33 with value: 0.7470715444224184.
AUC:  0.7470715444224184 LOGlOSS:  0.5563754244113137 test_AUC:  0.0 test_LOGlOSS:  10000.0
  0%|          | 0/5000 [00:00<?, ?it/s]  0%|          | 1/5000 [00:00<56:49,  1.47it/s]  0%|          | 2/5000 [00:01<1:04:38,  1.29it/s]  0%|          | 3/5000 [00:02<1:07:10,  1.24it/s]  0%|          | 4/5000 [00:03<1:06:39,  1.25it/s]  0%|          | 5/5000 [00:03<1:07:50,  1.23it/s]  0%|          | 6/5000 [00:04<1:07:41,  1.23it/s]  0%|          | 7/5000 [00:05<1:07:41,  1.23it/s]  0%|          | 7/5000 [00:06<1:16:49,  1.08it/s]
[I 2024-07-03 13:58:11,022] Trial 34 finished with value: 0.7470250379318563 and parameters: {'lr': 3e-05, 'l2': 1e-06, 'bsize': 32, 'beta1': 0.5727455967054603}. Best is trial 33 with value: 0.7470715444224184.
AUC:  0.7470250379318563 LOGlOSS:  0.5472055842640882 test_AUC:  0.0 test_LOGlOSS:  10000.0
  0%|          | 0/5000 [00:00<?, ?it/s]  0%|          | 1/5000 [00:00<1:06:07,  1.26it/s]  0%|          | 2/5000 [00:01<1:07:47,  1.23it/s]  0%|          | 3/5000 [00:02<1:08:55,  1.21it/s]  0%|          | 4/5000 [00:03<1:07:59,  1.22it/s]  0%|          | 5/5000 [00:04<1:07:50,  1.23it/s]  0%|          | 6/5000 [00:04<1:08:17,  1.22it/s]  0%|          | 7/5000 [00:05<1:05:14,  1.28it/s]  0%|          | 8/5000 [00:06<1:06:08,  1.26it/s]  0%|          | 8/5000 [00:07<1:15:24,  1.10it/s]
[I 2024-07-03 13:58:18,571] Trial 35 finished with value: 0.7470221312761962 and parameters: {'lr': 3e-05, 'l2': 1e-06, 'bsize': 32, 'beta1': 0.5776655634828083}. Best is trial 33 with value: 0.7470715444224184.
AUC:  0.7470221312761962 LOGlOSS:  0.5750819095481063 test_AUC:  0.0 test_LOGlOSS:  10000.0
  0%|          | 0/5000 [00:00<?, ?it/s]  0%|          | 1/5000 [00:00<29:12,  2.85it/s]  0%|          | 2/5000 [00:00<28:59,  2.87it/s]  0%|          | 3/5000 [00:01<30:37,  2.72it/s]  0%|          | 4/5000 [00:01<31:49,  2.62it/s]  0%|          | 5/5000 [00:01<31:33,  2.64it/s]  0%|          | 6/5000 [00:02<40:34,  2.05it/s]  0%|          | 7/5000 [00:03<49:27,  1.68it/s]  0%|          | 8/5000 [00:04<55:07,  1.51it/s]  0%|          | 8/5000 [00:05<52:10,  1.59it/s]
[I 2024-07-03 13:58:23,877] Trial 36 finished with value: 0.7470221312761962 and parameters: {'lr': 3e-05, 'l2': 1e-06, 'bsize': 32, 'beta1': 0.5687528103798238}. Best is trial 33 with value: 0.7470715444224184.
AUC:  0.7470221312761962 LOGlOSS:  0.5749636090961243 test_AUC:  0.0 test_LOGlOSS:  10000.0
  0%|          | 0/5000 [00:00<?, ?it/s]  0%|          | 1/5000 [00:00<14:57,  5.57it/s]  0%|          | 2/5000 [00:00<14:52,  5.60it/s]  0%|          | 3/5000 [00:00<18:32,  4.49it/s]  0%|          | 4/5000 [00:01<25:36,  3.25it/s]  0%|          | 5/5000 [00:01<29:01,  2.87it/s]  0%|          | 6/5000 [00:01<30:57,  2.69it/s]  0%|          | 7/5000 [00:02<32:14,  2.58it/s]  0%|          | 8/5000 [00:02<29:57,  2.78it/s]  0%|          | 9/5000 [00:03<31:34,  2.63it/s]  0%|          | 10/5000 [00:03<32:54,  2.53it/s]  0%|          | 10/5000 [00:03<32:16,  2.58it/s]
[I 2024-07-03 13:58:28,049] Trial 37 finished with value: 0.7469203983280917 and parameters: {'lr': 3e-05, 'l2': 1e-06, 'bsize': 64, 'beta1': 0.34994338367727035}. Best is trial 33 with value: 0.7470715444224184.
AUC:  0.7469203983280917 LOGlOSS:  0.5526718876595631 test_AUC:  0.0 test_LOGlOSS:  10000.0
  0%|          | 0/5000 [00:00<?, ?it/s]  0%|          | 1/5000 [00:01<2:16:10,  1.63s/it]  0%|          | 2/5000 [00:03<2:15:41,  1.63s/it]  0%|          | 3/5000 [00:04<2:14:58,  1.62s/it]  0%|          | 4/5000 [00:06<2:16:48,  1.64s/it]  0%|          | 5/5000 [00:08<2:14:44,  1.62s/it]  0%|          | 6/5000 [00:09<2:13:44,  1.61s/it]  0%|          | 6/5000 [00:11<2:37:40,  1.89s/it]
[I 2024-07-03 13:58:39,639] Trial 38 finished with value: 0.7468971450828106 and parameters: {'lr': 3e-05, 'l2': 1e-06, 'bsize': 16, 'beta1': 0.4857187373349322}. Best is trial 33 with value: 0.7470715444224184.
AUC:  0.7468971450828106 LOGlOSS:  0.5623589396545106 test_AUC:  0.0 test_LOGlOSS:  10000.0
  0%|          | 0/5000 [00:00<?, ?it/s]  0%|          | 1/5000 [00:00<1:06:23,  1.25it/s]  0%|          | 2/5000 [00:01<1:09:09,  1.20it/s]  0%|          | 3/5000 [00:02<1:07:36,  1.23it/s]  0%|          | 4/5000 [00:03<1:07:53,  1.23it/s]  0%|          | 5/5000 [00:04<1:08:11,  1.22it/s]  0%|          | 6/5000 [00:04<1:07:57,  1.22it/s]  0%|          | 7/5000 [00:05<1:07:54,  1.23it/s]  0%|          | 7/5000 [00:06<1:17:51,  1.07it/s]
[I 2024-07-03 13:58:46,476] Trial 39 finished with value: 0.7469145850167715 and parameters: {'lr': 3e-05, 'l2': 1e-06, 'bsize': 32, 'beta1': 0.2630905169504133}. Best is trial 33 with value: 0.7470715444224184.
AUC:  0.7469145850167715 LOGlOSS:  0.5450572263506225 test_AUC:  0.0 test_LOGlOSS:  10000.0
  0%|          | 0/5000 [00:00<?, ?it/s]  0%|          | 1/5000 [00:00<1:05:56,  1.26it/s]  0%|          | 2/5000 [00:01<1:08:28,  1.22it/s]  0%|          | 3/5000 [00:02<1:07:56,  1.23it/s]  0%|          | 4/5000 [00:03<1:07:46,  1.23it/s]  0%|          | 5/5000 [00:04<1:07:41,  1.23it/s]  0%|          | 6/5000 [00:04<1:07:44,  1.23it/s]  0%|          | 7/5000 [00:05<1:07:45,  1.23it/s]  0%|          | 8/5000 [00:06<1:07:35,  1.23it/s]  0%|          | 8/5000 [00:07<1:16:15,  1.09it/s]
[I 2024-07-03 13:58:54,095] Trial 40 finished with value: 0.7470221312761963 and parameters: {'lr': 3e-05, 'l2': 1e-06, 'bsize': 32, 'beta1': 0.5596998514166112}. Best is trial 33 with value: 0.7470715444224184.
AUC:  0.7470221312761963 LOGlOSS:  0.5748425151445451 test_AUC:  0.0 test_LOGlOSS:  10000.0
  0%|          | 0/5000 [00:00<?, ?it/s]  0%|          | 1/5000 [00:00<57:50,  1.44it/s]  0%|          | 2/5000 [00:01<1:04:10,  1.30it/s]  0%|          | 3/5000 [00:02<1:05:14,  1.28it/s]  0%|          | 4/5000 [00:03<1:05:58,  1.26it/s]  0%|          | 5/5000 [00:03<1:04:12,  1.30it/s]  0%|          | 6/5000 [00:04<1:00:40,  1.37it/s]  0%|          | 7/5000 [00:05<58:24,  1.42it/s]    0%|          | 7/5000 [00:05<1:09:08,  1.20it/s]
[I 2024-07-03 13:59:00,199] Trial 41 finished with value: 0.7470134113092158 and parameters: {'lr': 3e-05, 'l2': 1e-06, 'bsize': 32, 'beta1': 0.5463577761054067}. Best is trial 33 with value: 0.7470715444224184.
AUC:  0.7470134113092158 LOGlOSS:  0.5470422836633062 test_AUC:  0.0 test_LOGlOSS:  10000.0
  0%|          | 0/5000 [00:00<?, ?it/s]  0%|          | 1/5000 [00:00<1:06:50,  1.25it/s]  0%|          | 2/5000 [00:01<1:07:43,  1.23it/s]  0%|          | 3/5000 [00:02<52:22,  1.59it/s]    0%|          | 4/5000 [00:02<44:00,  1.89it/s]  0%|          | 5/5000 [00:02<37:05,  2.24it/s]  0%|          | 6/5000 [00:03<33:06,  2.51it/s]  0%|          | 7/5000 [00:03<31:27,  2.65it/s]  0%|          | 7/5000 [00:03<43:53,  1.90it/s]
[I 2024-07-03 13:59:04,175] Trial 42 finished with value: 0.7470192246205362 and parameters: {'lr': 3e-05, 'l2': 1e-06, 'bsize': 32, 'beta1': 0.4479745122262122}. Best is trial 33 with value: 0.7470715444224184.
AUC:  0.7470192246205362 LOGlOSS:  0.546403624674407 test_AUC:  0.0 test_LOGlOSS:  10000.0
  0%|          | 0/5000 [00:00<?, ?it/s]  0%|          | 1/5000 [00:00<1:10:29,  1.18it/s]  0%|          | 2/5000 [00:01<1:08:56,  1.21it/s]  0%|          | 3/5000 [00:02<1:08:01,  1.22it/s]  0%|          | 4/5000 [00:03<1:07:55,  1.23it/s]  0%|          | 5/5000 [00:04<1:06:38,  1.25it/s]  0%|          | 6/5000 [00:04<1:05:19,  1.27it/s]  0%|          | 7/5000 [00:05<1:04:32,  1.29it/s]  0%|          | 8/5000 [00:06<1:02:05,  1.34it/s]  0%|          | 9/5000 [00:07<1:05:21,  1.27it/s]  0%|          | 10/5000 [00:07<1:07:10,  1.24it/s]  0%|          | 11/5000 [00:08<1:07:41,  1.23it/s]  0%|          | 12/5000 [00:09<1:09:03,  1.20it/s]  0%|          | 13/5000 [00:10<1:08:41,  1.21it/s]  0%|          | 14/5000 [00:11<1:08:29,  1.21it/s]  0%|          | 15/5000 [00:12<1:08:52,  1.21it/s]  0%|          | 15/5000 [00:12<1:11:55,  1.16it/s]
[I 2024-07-03 13:59:17,394] Trial 43 finished with value: 0.7471035176346799 and parameters: {'lr': 1e-05, 'l2': 1e-06, 'bsize': 32, 'beta1': 0.593640000573551}. Best is trial 43 with value: 0.7471035176346799.
AUC:  0.7471035176346799 LOGlOSS:  0.5665060307839508 test_AUC:  0.0 test_LOGlOSS:  10000.0
  0%|          | 0/5000 [00:00<?, ?it/s]  0%|          | 1/5000 [00:00<1:03:45,  1.31it/s]  0%|          | 2/5000 [00:01<1:06:38,  1.25it/s]  0%|          | 3/5000 [00:02<1:07:40,  1.23it/s]  0%|          | 4/5000 [00:03<1:07:17,  1.24it/s]  0%|          | 5/5000 [00:04<1:07:21,  1.24it/s]  0%|          | 6/5000 [00:04<1:08:11,  1.22it/s]  0%|          | 7/5000 [00:05<1:07:53,  1.23it/s]  0%|          | 8/5000 [00:06<1:08:28,  1.22it/s]  0%|          | 9/5000 [00:07<1:07:53,  1.23it/s]  0%|          | 10/5000 [00:08<1:07:51,  1.23it/s]  0%|          | 11/5000 [00:08<1:07:34,  1.23it/s]  0%|          | 12/5000 [00:09<1:07:32,  1.23it/s]  0%|          | 13/5000 [00:10<1:04:56,  1.28it/s]  0%|          | 14/5000 [00:11<1:05:51,  1.26it/s]  0%|          | 14/5000 [00:12<1:11:44,  1.16it/s]
[I 2024-07-03 13:59:29,774] Trial 44 finished with value: 0.7471093309460002 and parameters: {'lr': 1e-05, 'l2': 3e-05, 'bsize': 32, 'beta1': 0.6222679866342062}. Best is trial 44 with value: 0.7471093309460002.
AUC:  0.7471093309460002 LOGlOSS:  0.5570693173978746 test_AUC:  0.0 test_LOGlOSS:  10000.0
  0%|          | 0/5000 [00:00<?, ?it/s]  0%|          | 1/5000 [00:00<1:14:18,  1.12it/s]  0%|          | 2/5000 [00:01<1:11:39,  1.16it/s]  0%|          | 3/5000 [00:02<1:10:04,  1.19it/s]  0%|          | 4/5000 [00:03<1:08:54,  1.21it/s]  0%|          | 5/5000 [00:04<1:05:44,  1.27it/s]  0%|          | 6/5000 [00:04<1:07:11,  1.24it/s]  0%|          | 7/5000 [00:05<1:07:36,  1.23it/s]  0%|          | 8/5000 [00:06<1:07:25,  1.23it/s]  0%|          | 9/5000 [00:07<1:08:56,  1.21it/s]  0%|          | 10/5000 [00:08<1:10:43,  1.18it/s]  0%|          | 11/5000 [00:09<1:09:31,  1.20it/s]  0%|          | 12/5000 [00:09<1:08:48,  1.21it/s]  0%|          | 13/5000 [00:10<1:08:26,  1.21it/s]  0%|          | 13/5000 [00:11<1:13:53,  1.12it/s]
[I 2024-07-03 13:59:41,619] Trial 45 finished with value: 0.7467983187903662 and parameters: {'lr': 1e-05, 'l2': 3e-05, 'bsize': 32, 'beta1': 0.014396233277638892}. Best is trial 44 with value: 0.7471093309460002.
AUC:  0.7467983187903662 LOGlOSS:  0.543358769739022 test_AUC:  0.0 test_LOGlOSS:  10000.0
  0%|          | 0/5000 [00:00<?, ?it/s]  0%|          | 1/5000 [00:01<2:11:17,  1.58s/it]  0%|          | 2/5000 [00:03<2:09:30,  1.55s/it]  0%|          | 3/5000 [00:04<2:11:17,  1.58s/it]  0%|          | 4/5000 [00:06<2:12:37,  1.59s/it]  0%|          | 5/5000 [00:07<2:13:48,  1.61s/it]  0%|          | 6/5000 [00:09<2:14:43,  1.62s/it]  0%|          | 7/5000 [00:11<2:14:33,  1.62s/it]  0%|          | 8/5000 [00:12<2:14:29,  1.62s/it]  0%|          | 9/5000 [00:14<2:11:38,  1.58s/it]  0%|          | 10/5000 [00:15<2:12:12,  1.59s/it]  0%|          | 10/5000 [00:17<2:26:12,  1.76s/it]
[I 2024-07-03 13:59:59,492] Trial 46 finished with value: 0.7468884251158302 and parameters: {'lr': 1e-05, 'l2': 3e-05, 'bsize': 16, 'beta1': 0.6081113073647687}. Best is trial 44 with value: 0.7471093309460002.
AUC:  0.7468884251158302 LOGlOSS:  0.5649340073735236 test_AUC:  0.0 test_LOGlOSS:  10000.0
  0%|          | 0/5000 [00:00<?, ?it/s]  0%|          | 1/5000 [00:00<1:08:06,  1.22it/s]  0%|          | 2/5000 [00:01<1:10:23,  1.18it/s]  0%|          | 3/5000 [00:02<1:11:50,  1.16it/s]  0%|          | 4/5000 [00:03<1:06:33,  1.25it/s]  0%|          | 5/5000 [00:04<1:07:32,  1.23it/s]  0%|          | 6/5000 [00:04<1:07:29,  1.23it/s]  0%|          | 7/5000 [00:05<1:08:05,  1.22it/s]  0%|          | 8/5000 [00:06<1:08:03,  1.22it/s]  0%|          | 9/5000 [00:07<1:07:50,  1.23it/s]  0%|          | 10/5000 [00:08<1:07:43,  1.23it/s]  0%|          | 11/5000 [00:08<1:07:33,  1.23it/s]  0%|          | 12/5000 [00:09<1:07:41,  1.23it/s]  0%|          | 13/5000 [00:10<1:08:07,  1.22it/s]  0%|          | 14/5000 [00:11<1:07:48,  1.23it/s]  0%|          | 14/5000 [00:12<1:12:17,  1.15it/s]
[I 2024-07-03 14:00:11,961] Trial 47 finished with value: 0.7470889843563793 and parameters: {'lr': 1e-05, 'l2': 3e-05, 'bsize': 32, 'beta1': 0.6277144244180556}. Best is trial 44 with value: 0.7471093309460002.
AUC:  0.7470889843563793 LOGlOSS:  0.5571131873726917 test_AUC:  0.0 test_LOGlOSS:  10000.0
  0%|          | 0/5000 [00:00<?, ?it/s]  0%|          | 1/5000 [00:00<36:15,  2.30it/s]  0%|          | 2/5000 [00:00<35:35,  2.34it/s]  0%|          | 3/5000 [00:01<34:46,  2.39it/s]  0%|          | 4/5000 [00:01<34:21,  2.42it/s]  0%|          | 5/5000 [00:02<34:17,  2.43it/s]  0%|          | 6/5000 [00:02<34:13,  2.43it/s]  0%|          | 7/5000 [00:02<34:12,  2.43it/s]  0%|          | 8/5000 [00:03<34:14,  2.43it/s]  0%|          | 9/5000 [00:03<34:29,  2.41it/s]  0%|          | 10/5000 [00:04<34:25,  2.42it/s]  0%|          | 11/5000 [00:04<34:19,  2.42it/s]  0%|          | 12/5000 [00:04<31:46,  2.62it/s]  0%|          | 13/5000 [00:05<32:28,  2.56it/s]  0%|          | 14/5000 [00:05<33:00,  2.52it/s]  0%|          | 15/5000 [00:06<33:28,  2.48it/s]  0%|          | 16/5000 [00:06<33:51,  2.45it/s]  0%|          | 17/5000 [00:06<33:59,  2.44it/s]  0%|          | 18/5000 [00:07<34:17,  2.42it/s]  0%|          | 19/5000 [00:07<35:30,  2.34it/s]  0%|          | 20/5000 [00:08<34:33,  2.40it/s]  0%|          | 21/5000 [00:08<35:03,  2.37it/s]  0%|          | 21/5000 [00:09<35:55,  2.31it/s]
