[I 2024-07-03 14:07:35,382] Trial 94 finished with value: 0.7471209575686407 and parameters: {'lr': 1e-05, 'l2': 3e-05, 'bsize': 64, 'beta1': 0.75555670436986}. Best is trial 65 with value: 0.7471819973375036.
AUC:  0.7471209575686407 LOGlOSS:  0.5511022778245054 test_AUC:  0.0 test_LOGlOSS:  10000.0
  0%|          | 0/5000 [00:00<?, ?it/s]  0%|          | 1/5000 [00:00<31:55,  2.61it/s]  0%|          | 2/5000 [00:00<33:08,  2.51it/s]  0%|          | 3/5000 [00:01<33:39,  2.47it/s]  0%|          | 4/5000 [00:01<32:21,  2.57it/s]  0%|          | 5/5000 [00:01<30:35,  2.72it/s]  0%|          | 6/5000 [00:02<31:59,  2.60it/s]  0%|          | 7/5000 [00:02<32:45,  2.54it/s]  0%|          | 8/5000 [00:03<33:09,  2.51it/s]  0%|          | 9/5000 [00:03<33:33,  2.48it/s]  0%|          | 10/5000 [00:03<33:43,  2.47it/s]  0%|          | 11/5000 [00:04<33:48,  2.46it/s]  0%|          | 12/5000 [00:04<33:56,  2.45it/s]  0%|          | 13/5000 [00:05<34:00,  2.44it/s]  0%|          | 14/5000 [00:05<34:20,  2.42it/s]  0%|          | 15/5000 [00:06<34:45,  2.39it/s]  0%|          | 16/5000 [00:06<34:25,  2.41it/s]  0%|          | 17/5000 [00:06<33:55,  2.45it/s]  0%|          | 18/5000 [00:07<33:49,  2.45it/s]  0%|          | 19/5000 [00:07<33:54,  2.45it/s]  0%|          | 20/5000 [00:08<33:59,  2.44it/s]  0%|          | 21/5000 [00:08<34:10,  2.43it/s]  0%|          | 22/5000 [00:08<34:09,  2.43it/s]  0%|          | 22/5000 [00:09<35:07,  2.36it/s]
[I 2024-07-03 14:07:44,999] Trial 95 finished with value: 0.7471703707148628 and parameters: {'lr': 1e-05, 'l2': 3e-05, 'bsize': 64, 'beta1': 0.8946166614129384}. Best is trial 65 with value: 0.7471819973375036.
AUC:  0.7471703707148628 LOGlOSS:  0.55701051547229 test_AUC:  0.0 test_LOGlOSS:  10000.0
  0%|          | 0/5000 [00:00<?, ?it/s]  0%|          | 1/5000 [00:00<30:16,  2.75it/s]  0%|          | 2/5000 [00:00<32:32,  2.56it/s]  0%|          | 3/5000 [00:01<33:31,  2.48it/s]  0%|          | 4/5000 [00:01<33:54,  2.46it/s]  0%|          | 5/5000 [00:02<34:01,  2.45it/s]  0%|          | 6/5000 [00:02<34:07,  2.44it/s]  0%|          | 7/5000 [00:02<34:22,  2.42it/s]  0%|          | 8/5000 [00:03<34:41,  2.40it/s]  0%|          | 9/5000 [00:03<34:58,  2.38it/s]  0%|          | 10/5000 [00:04<33:42,  2.47it/s]  0%|          | 11/5000 [00:04<29:31,  2.82it/s]  0%|          | 12/5000 [00:04<31:49,  2.61it/s]  0%|          | 13/5000 [00:05<33:22,  2.49it/s]  0%|          | 14/5000 [00:05<34:31,  2.41it/s]  0%|          | 15/5000 [00:06<35:19,  2.35it/s]  0%|          | 16/5000 [00:06<35:48,  2.32it/s]  0%|          | 17/5000 [00:06<36:05,  2.30it/s]  0%|          | 18/5000 [00:07<36:14,  2.29it/s]  0%|          | 19/5000 [00:07<36:25,  2.28it/s]  0%|          | 20/5000 [00:08<36:42,  2.26it/s]  0%|          | 21/5000 [00:08<36:48,  2.25it/s]  0%|          | 22/5000 [00:09<36:52,  2.25it/s]  0%|          | 22/5000 [00:09<36:06,  2.30it/s]
[I 2024-07-03 14:07:54,867] Trial 96 finished with value: 0.7471819973375033 and parameters: {'lr': 1e-05, 'l2': 3e-05, 'bsize': 64, 'beta1': 0.9652319781405908}. Best is trial 65 with value: 0.7471819973375036.
AUC:  0.7471819973375033 LOGlOSS:  0.5574132267420148 test_AUC:  0.0 test_LOGlOSS:  10000.0
  0%|          | 0/5000 [00:00<?, ?it/s]  0%|          | 1/5000 [00:01<2:02:49,  1.47s/it]  0%|          | 2/5000 [00:02<2:03:16,  1.48s/it]  0%|          | 3/5000 [00:04<2:13:08,  1.60s/it]  0%|          | 4/5000 [00:06<2:14:08,  1.61s/it]  0%|          | 5/5000 [00:08<2:18:16,  1.66s/it]  0%|          | 6/5000 [00:09<2:19:09,  1.67s/it]  0%|          | 7/5000 [00:11<2:14:06,  1.61s/it]  0%|          | 8/5000 [00:12<2:13:54,  1.61s/it]  0%|          | 9/5000 [00:14<2:11:43,  1.58s/it]  0%|          | 9/5000 [00:15<2:27:27,  1.77s/it]
[I 2024-07-03 14:08:11,154] Trial 97 finished with value: 0.7469320249507322 and parameters: {'lr': 1e-05, 'l2': 3e-05, 'bsize': 16, 'beta1': 0.9796878502740587}. Best is trial 65 with value: 0.7471819973375036.
AUC:  0.7469320249507322 LOGlOSS:  0.5502361426926201 test_AUC:  0.0 test_LOGlOSS:  10000.0
  0%|          | 0/5000 [00:00<?, ?it/s]  0%|          | 1/5000 [00:00<31:23,  2.65it/s]  0%|          | 2/5000 [00:00<33:12,  2.51it/s]  0%|          | 3/5000 [00:01<33:52,  2.46it/s]  0%|          | 4/5000 [00:01<33:59,  2.45it/s]  0%|          | 5/5000 [00:02<34:14,  2.43it/s]  0%|          | 6/5000 [00:02<33:30,  2.48it/s]  0%|          | 7/5000 [00:02<31:40,  2.63it/s]  0%|          | 8/5000 [00:03<32:22,  2.57it/s]  0%|          | 9/5000 [00:03<32:52,  2.53it/s]  0%|          | 10/5000 [00:03<33:13,  2.50it/s]  0%|          | 11/5000 [00:04<33:27,  2.49it/s]  0%|          | 12/5000 [00:04<33:55,  2.45it/s]  0%|          | 13/5000 [00:05<34:38,  2.40it/s]  0%|          | 14/5000 [00:05<34:33,  2.40it/s]  0%|          | 15/5000 [00:05<31:20,  2.65it/s]  0%|          | 16/5000 [00:06<28:49,  2.88it/s]  0%|          | 17/5000 [00:06<29:25,  2.82it/s]  0%|          | 18/5000 [00:07<30:48,  2.70it/s]  0%|          | 19/5000 [00:07<31:47,  2.61it/s]  0%|          | 20/5000 [00:07<32:48,  2.53it/s]  0%|          | 21/5000 [00:08<33:16,  2.49it/s]  0%|          | 22/5000 [00:08<33:35,  2.47it/s]  0%|          | 22/5000 [00:09<34:14,  2.42it/s]
[I 2024-07-03 14:08:20,530] Trial 98 finished with value: 0.7471674640592028 and parameters: {'lr': 1e-05, 'l2': 1e-05, 'bsize': 64, 'beta1': 0.9233605532734367}. Best is trial 65 with value: 0.7471819973375036.
AUC:  0.7471674640592028 LOGlOSS:  0.5571881870229061 test_AUC:  0.0 test_LOGlOSS:  10000.0
  0%|          | 0/5000 [00:00<?, ?it/s]  0%|          | 1/5000 [00:00<28:24,  2.93it/s]  0%|          | 2/5000 [00:00<32:32,  2.56it/s]  0%|          | 3/5000 [00:01<34:18,  2.43it/s]  0%|          | 4/5000 [00:01<32:28,  2.56it/s]  0%|          | 5/5000 [00:01<31:44,  2.62it/s]  0%|          | 5/5000 [00:02<38:23,  2.17it/s]
[I 2024-07-03 14:08:23,126] Trial 99 finished with value: 0.7466675192856603 and parameters: {'lr': 0.0003, 'l2': 3e-05, 'bsize': 64, 'beta1': 0.998815491441669}. Best is trial 65 with value: 0.7471819973375036.
AUC:  0.7466675192856603 LOGlOSS:  0.641029858533372 test_AUC:  0.0 test_LOGlOSS:  10000.0
