nohup: ignoring input
2024-07-03 13:54:32.938400: I tensorflow/stream_executor/platform/default/dso_loader.cc:49] Successfully opened dynamic library libcudart.so.11.0
[I 2024-07-03 13:54:34,339] A new study created in memory with name: no-name-07ab9fee-3c2c-46ae-8a81-835542051b78
2024-07-03 13:54:36.589808: I tensorflow/compiler/jit/xla_cpu_device.cc:41] Not creating XLA devices, tf_xla_enable_xla_devices not set
2024-07-03 13:54:36.590262: I tensorflow/stream_executor/platform/default/dso_loader.cc:49] Successfully opened dynamic library libcuda.so.1
2024-07-03 13:54:36.590954: I tensorflow/core/common_runtime/gpu/gpu_device.cc:1720] Found device 0 with properties: 
pciBusID: 0000:24:00.0 name: Tesla V100-SXM2-32GB computeCapability: 7.0
coreClock: 1.53GHz coreCount: 80 deviceMemorySize: 31.74GiB deviceMemoryBandwidth: 836.37GiB/s
2024-07-03 13:54:36.590987: I tensorflow/stream_executor/platform/default/dso_loader.cc:49] Successfully opened dynamic library libcudart.so.11.0
2024-07-03 13:54:36.591231: I tensorflow/stream_executor/platform/default/dso_loader.cc:49] Successfully opened dynamic library libcublas.so.11
2024-07-03 13:54:36.591256: I tensorflow/stream_executor/platform/default/dso_loader.cc:49] Successfully opened dynamic library libcublasLt.so.11
2024-07-03 13:54:36.625350: I tensorflow/stream_executor/platform/default/dso_loader.cc:49] Successfully opened dynamic library libcufft.so.10
2024-07-03 13:54:36.625867: I tensorflow/stream_executor/platform/default/dso_loader.cc:49] Successfully opened dynamic library libcurand.so.10
2024-07-03 13:54:36.626127: W tensorflow/stream_executor/platform/default/dso_loader.cc:60] Could not load dynamic library 'libcusolver.so.10'; dlerror: libcusolver.so.10: cannot open shared object file: No such file or directory; LD_LIBRARY_PATH: /lib/x86_64-linux-gnu:/usr/lib/x86_64-linux-gnu::/usr/local/cuda-11.7/lib64
2024-07-03 13:54:36.626984: I tensorflow/stream_executor/platform/default/dso_loader.cc:49] Successfully opened dynamic library libcusparse.so.11
2024-07-03 13:54:36.627055: I tensorflow/stream_executor/platform/default/dso_loader.cc:49] Successfully opened dynamic library libcudnn.so.8
2024-07-03 13:54:36.627068: W tensorflow/core/common_runtime/gpu/gpu_device.cc:1757] Cannot dlopen some GPU libraries. Please make sure the missing libraries mentioned above are installed properly if you would like to use GPU. Follow the guide at https://www.tensorflow.org/install/gpu for how to download and setup the required libraries for your platform.
Skipping registering GPU devices...
2024-07-03 13:54:36.627462: I tensorflow/core/platform/cpu_feature_guard.cc:142] This TensorFlow binary is optimized with oneAPI Deep Neural Network Library (oneDNN) to use the following CPU instructions in performance-critical operations:  AVX512F
To enable them in other operations, rebuild TensorFlow with the appropriate compiler flags.
2024-07-03 13:54:36.633886: I tensorflow/compiler/jit/xla_gpu_device.cc:99] Not creating XLA devices, tf_xla_enable_xla_devices not set
2024-07-03 13:54:36.633970: I tensorflow/core/common_runtime/gpu/gpu_device.cc:1261] Device interconnect StreamExecutor with strength 1 edge matrix:
2024-07-03 13:54:36.633993: I tensorflow/core/common_runtime/gpu/gpu_device.cc:1267]      
2024-07-03 13:54:36.686820: I tensorflow/compiler/mlir/mlir_graph_optimization_pass.cc:116] None of the MLIR optimization passes are enabled (registered 2)
2024-07-03 13:54:36.703642: I tensorflow/core/platform/profile_utils/cpu_utils.cc:112] CPU Frequency: 2500000000 Hz
{'model_opt': {'latent_dim': 16, 'feat_num': 647, 'field_num': 10, 'mlp_dropout': 0.0, 'use_bn': False, 'mlp_dims': [1024, 512, 256], 'cross': 3}, 'dataset': 'coat', 'model': 'fm', 'data_dir': 'data/coat/tfrecord2', 'cuda': 7, 'source': None}
==================================================
|        Refine-CTR: Set the random seed         |
==================================================

==================================================
|              Refine-CTR: Training              |
==================================================

######### tuner ###########
  0%|          | 0/5000 [00:00<?, ?it/s]  0%|          | 1/5000 [00:01<1:24:08,  1.01s/it]  0%|          | 2/5000 [00:02<1:23:09,  1.00it/s]  0%|          | 3/5000 [00:03<1:23:23,  1.00s/it]  0%|          | 4/5000 [00:03<1:23:08,  1.00it/s]  0%|          | 5/5000 [00:04<1:22:52,  1.00it/s]  0%|          | 5/5000 [00:05<1:39:25,  1.19s/it]
[I 2024-07-03 13:54:42,919] Trial 0 finished with value: 0.7442840616443532 and parameters: {'lr': 0.0003, 'l2': 3e-05, 'bsize': 32, 'beta1': 0.09625800670452529}. Best is trial 0 with value: 0.7442840616443532.
AUC:  0.7442840616443532 LOGlOSS:  0.685666472267671 test_AUC:  0.0 test_LOGlOSS:  10000.0
  0%|          | 0/5000 [00:00<?, ?it/s]  0%|          | 1/5000 [00:01<2:44:27,  1.97s/it]  0%|          | 2/5000 [00:03<2:46:09,  1.99s/it]  0%|          | 3/5000 [00:05<2:46:07,  1.99s/it]  0%|          | 4/5000 [00:07<2:45:48,  1.99s/it]  0%|          | 5/5000 [00:09<2:46:00,  1.99s/it]  0%|          | 6/5000 [00:11<2:45:55,  1.99s/it]  0%|          | 7/5000 [00:13<2:45:19,  1.99s/it]  0%|          | 8/5000 [00:15<2:39:08,  1.91s/it]  0%|          | 9/5000 [00:17<2:27:36,  1.77s/it]  0%|          | 9/5000 [00:18<2:50:32,  2.05s/it]
[I 2024-07-03 13:55:01,646] Trial 1 finished with value: 0.7468884251158303 and parameters: {'lr': 1e-05, 'l2': 1e-06, 'bsize': 16, 'beta1': 0.7764913525398744}. Best is trial 1 with value: 0.7468884251158303.
AUC:  0.7468884251158303 LOGlOSS:  0.5491749740533691 test_AUC:  0.0 test_LOGlOSS:  10000.0
  0%|          | 0/5000 [00:00<?, ?it/s]  0%|          | 1/5000 [00:00<1:02:53,  1.32it/s]  0%|          | 2/5000 [00:01<48:10,  1.73it/s]    0%|          | 3/5000 [00:01<41:08,  2.02it/s]  0%|          | 4/5000 [00:01<37:54,  2.20it/s]  0%|          | 5/5000 [00:02<36:18,  2.29it/s]  0%|          | 6/5000 [00:02<35:14,  2.36it/s]  0%|          | 7/5000 [00:03<34:38,  2.40it/s]  0%|          | 7/5000 [00:03<42:48,  1.94it/s]
[I 2024-07-03 13:55:05,535] Trial 2 finished with value: 0.7467895988233858 and parameters: {'lr': 3e-05, 'l2': 0.0003, 'bsize': 32, 'beta1': 0.1376370346783048}. Best is trial 1 with value: 0.7468884251158303.
AUC:  0.7467895988233858 LOGlOSS:  0.543903628102869 test_AUC:  0.0 test_LOGlOSS:  10000.0
  0%|          | 0/5000 [00:00<?, ?it/s]  0%|          | 1/5000 [00:00<17:12,  4.84it/s]  0%|          | 2/5000 [00:00<17:09,  4.86it/s]  0%|          | 3/5000 [00:00<17:44,  4.69it/s]  0%|          | 4/5000 [00:00<18:47,  4.43it/s]  0%|          | 5/5000 [00:01<19:13,  4.33it/s]  0%|          | 6/5000 [00:01<19:35,  4.25it/s]  0%|          | 7/5000 [00:01<21:29,  3.87it/s]  0%|          | 8/5000 [00:01<20:28,  4.06it/s]  0%|          | 9/5000 [00:02<19:51,  4.19it/s]  0%|          | 10/5000 [00:02<20:32,  4.05it/s]  0%|          | 11/5000 [00:02<20:25,  4.07it/s]  0%|          | 12/5000 [00:02<19:52,  4.18it/s]  0%|          | 13/5000 [00:03<19:34,  4.24it/s]  0%|          | 14/5000 [00:03<19:22,  4.29it/s]  0%|          | 15/5000 [00:03<19:13,  4.32it/s]  0%|          | 16/5000 [00:03<18:59,  4.37it/s]  0%|          | 17/5000 [00:03<18:46,  4.42it/s]  0%|          | 18/5000 [00:04<18:21,  4.52it/s]  0%|          | 19/5000 [00:04<17:44,  4.68it/s]  0%|          | 20/5000 [00:04<17:23,  4.77it/s]  0%|          | 21/5000 [00:04<17:09,  4.84it/s]  0%|          | 21/5000 [00:04<19:38,  4.22it/s]
[I 2024-07-03 13:55:10,767] Trial 3 finished with value: 0.7468477319365884 and parameters: {'lr': 1e-05, 'l2': 3e-05, 'bsize': 64, 'beta1': 0.14680112183512767}. Best is trial 1 with value: 0.7468884251158303.
AUC:  0.7468477319365884 LOGlOSS:  0.5468982241318653 test_AUC:  0.0 test_LOGlOSS:  10000.0
  0%|          | 0/5000 [00:00<?, ?it/s]  0%|          | 1/5000 [00:00<28:33,  2.92it/s]  0%|          | 2/5000 [00:00<28:26,  2.93it/s]  0%|          | 3/5000 [00:00<27:22,  3.04it/s]  0%|          | 4/5000 [00:01<28:16,  2.94it/s]  0%|          | 5/5000 [00:01<24:56,  3.34it/s]  0%|          | 6/5000 [00:01<23:42,  3.51it/s]  0%|          | 7/5000 [00:02<20:50,  3.99it/s]  0%|          | 8/5000 [00:02<20:57,  3.97it/s]  0%|          | 9/5000 [00:02<21:24,  3.89it/s]  0%|          | 10/5000 [00:02<21:33,  3.86it/s]  0%|          | 11/5000 [00:03<21:23,  3.89it/s]  0%|          | 12/5000 [00:03<21:18,  3.90it/s]  0%|          | 13/5000 [00:03<24:13,  3.43it/s]  0%|          | 14/5000 [00:03<23:40,  3.51it/s]  0%|          | 15/5000 [00:04<21:58,  3.78it/s]  0%|          | 16/5000 [00:04<20:21,  4.08it/s]  0%|          | 17/5000 [00:04<19:12,  4.32it/s]  0%|          | 18/5000 [00:04<18:22,  4.52it/s]  0%|          | 19/5000 [00:04<17:51,  4.65it/s]  0%|          | 20/5000 [00:05<18:17,  4.54it/s]  0%|          | 21/5000 [00:05<19:52,  4.17it/s]  0%|          | 21/5000 [00:05<22:29,  3.69it/s]
[I 2024-07-03 13:55:16,732] Trial 4 finished with value: 0.7468680785262094 and parameters: {'lr': 1e-05, 'l2': 3e-05, 'bsize': 64, 'beta1': 0.1275404417647016}. Best is trial 1 with value: 0.7468884251158303.
AUC:  0.7468680785262094 LOGlOSS:  0.5467332330696892 test_AUC:  0.0 test_LOGlOSS:  10000.0
  0%|          | 0/5000 [00:00<?, ?it/s]  0%|          | 1/5000 [00:00<35:08,  2.37it/s]  0%|          | 2/5000 [00:01<49:05,  1.70it/s]  0%|          | 3/5000 [00:01<53:54,  1.54it/s]  0%|          | 4/5000 [00:02<58:49,  1.42it/s]  0%|          | 5/5000 [00:03<59:43,  1.39it/s]  0%|          | 6/5000 [00:04<1:02:08,  1.34it/s]  0%|          | 7/5000 [00:05<1:04:15,  1.29it/s]  0%|          | 7/5000 [00:05<1:09:03,  1.21it/s]
[I 2024-07-03 13:55:22,853] Trial 5 finished with value: 0.7468651718705492 and parameters: {'lr': 3e-05, 'l2': 1e-05, 'bsize': 32, 'beta1': 0.19135944838704566}. Best is trial 1 with value: 0.7468884251158303.
AUC:  0.7468651718705492 LOGlOSS:  0.5444657661535173 test_AUC:  0.0 test_LOGlOSS:  10000.0
  0%|          | 0/5000 [00:00<?, ?it/s]  0%|          | 1/5000 [00:00<1:05:22,  1.27it/s]  0%|          | 2/5000 [00:01<1:07:47,  1.23it/s]  0%|          | 3/5000 [00:02<1:06:09,  1.26it/s]  0%|          | 4/5000 [00:03<1:06:24,  1.25it/s]  0%|          | 5/5000 [00:04<1:07:08,  1.24it/s]  0%|          | 5/5000 [00:04<1:20:14,  1.04it/s]
[I 2024-07-03 13:55:27,961] Trial 6 finished with value: 0.7469959713752552 and parameters: {'lr': 0.0001, 'l2': 0.0001, 'bsize': 32, 'beta1': 0.8479445857464165}. Best is trial 6 with value: 0.7469959713752552.
AUC:  0.7469959713752552 LOGlOSS:  0.5581789951313758 test_AUC:  0.0 test_LOGlOSS:  10000.0
  0%|          | 0/5000 [00:00<?, ?it/s]  0%|          | 1/5000 [00:00<1:05:19,  1.28it/s]  0%|          | 2/5000 [00:01<1:03:50,  1.30it/s]  0%|          | 3/5000 [00:02<1:08:37,  1.21it/s]  0%|          | 4/5000 [00:03<1:10:22,  1.18it/s]  0%|          | 5/5000 [00:04<1:09:59,  1.19it/s]  0%|          | 6/5000 [00:04<1:08:51,  1.21it/s]  0%|          | 7/5000 [00:05<1:08:08,  1.22it/s]  0%|          | 8/5000 [00:06<1:05:42,  1.27it/s]  0%|          | 9/5000 [00:07<1:05:10,  1.28it/s]  0%|          | 10/5000 [00:08<1:04:59,  1.28it/s]  0%|          | 11/5000 [00:08<1:05:41,  1.27it/s]  0%|          | 12/5000 [00:09<1:06:17,  1.25it/s]  0%|          | 13/5000 [00:10<1:06:41,  1.25it/s]  0%|          | 14/5000 [00:11<1:06:00,  1.26it/s]  0%|          | 14/5000 [00:12<1:11:26,  1.16it/s]
[I 2024-07-03 13:55:40,279] Trial 7 finished with value: 0.7469436515733727 and parameters: {'lr': 1e-05, 'l2': 3e-06, 'bsize': 32, 'beta1': 0.30855906850780385}. Best is trial 6 with value: 0.7469959713752552.
AUC:  0.7469436515733727 LOGlOSS:  0.554289291827521 test_AUC:  0.0 test_LOGlOSS:  10000.0
  0%|          | 0/5000 [00:00<?, ?it/s]  0%|          | 1/5000 [00:01<2:11:10,  1.57s/it]  0%|          | 2/5000 [00:03<2:09:26,  1.55s/it]  0%|          | 3/5000 [00:04<2:11:14,  1.58s/it]  0%|          | 4/5000 [00:05<1:56:31,  1.40s/it]  0%|          | 5/5000 [00:07<1:50:44,  1.33s/it]  0%|          | 5/5000 [00:08<2:25:22,  1.75s/it]
[I 2024-07-03 13:55:49,310] Trial 8 finished with value: 0.7335788488480923 and parameters: {'lr': 0.001, 'l2': 1e-05, 'bsize': 16, 'beta1': 0.8930041214655153}. Best is trial 6 with value: 0.7469959713752552.
AUC:  0.7335788488480923 LOGlOSS:  0.8111503147473031 test_AUC:  0.0 test_LOGlOSS:  10000.0
  0%|          | 0/5000 [00:00<?, ?it/s]  0%|          | 1/5000 [00:01<2:17:44,  1.65s/it]  0%|          | 2/5000 [00:03<2:15:37,  1.63s/it]  0%|          | 3/5000 [00:04<2:16:31,  1.64s/it]  0%|          | 4/5000 [00:06<2:18:21,  1.66s/it]  0%|          | 5/5000 [00:08<2:16:31,  1.64s/it]  0%|          | 6/5000 [00:09<2:15:19,  1.63s/it]  0%|          | 6/5000 [00:11<2:38:07,  1.90s/it]
[I 2024-07-03 13:56:01,006] Trial 9 finished with value: 0.7464873066347322 and parameters: {'lr': 3e-05, 'l2': 0.001, 'bsize': 16, 'beta1': 0.07847532550058667}. Best is trial 6 with value: 0.7469959713752552.
AUC:  0.7464873066347322 LOGlOSS:  0.5562375778820958 test_AUC:  0.0 test_LOGlOSS:  10000.0
  0%|          | 0/5000 [00:00<?, ?it/s]  0%|          | 1/5000 [00:00<35:57,  2.32it/s]  0%|          | 2/5000 [00:00<31:51,  2.62it/s]  0%|          | 3/5000 [00:01<30:29,  2.73it/s]  0%|          | 4/5000 [00:01<29:53,  2.79it/s]  0%|          | 5/5000 [00:01<29:28,  2.82it/s]  0%|          | 5/5000 [00:02<36:01,  2.31it/s]
[I 2024-07-03 13:56:03,456] Trial 10 finished with value: 0.7470017846865754 and parameters: {'lr': 0.0001, 'l2': 0.0001, 'bsize': 32, 'beta1': 0.6206979103285922}. Best is trial 10 with value: 0.7470017846865754.
AUC:  0.7470017846865754 LOGlOSS:  0.5565952199702731 test_AUC:  0.0 test_LOGlOSS:  10000.0
  0%|          | 0/5000 [00:00<?, ?it/s]  0%|          | 1/5000 [00:00<1:07:20,  1.24it/s]  0%|          | 2/5000 [00:01<1:07:40,  1.23it/s]  0%|          | 3/5000 [00:02<1:07:48,  1.23it/s]  0%|          | 4/5000 [00:03<1:07:04,  1.24it/s]  0%|          | 5/5000 [00:04<1:07:01,  1.24it/s]  0%|          | 5/5000 [00:04<1:20:35,  1.03it/s]
[I 2024-07-03 13:56:08,530] Trial 11 finished with value: 0.7469988780309151 and parameters: {'lr': 0.0001, 'l2': 0.0001, 'bsize': 32, 'beta1': 0.6286499589206416}. Best is trial 10 with value: 0.7470017846865754.
AUC:  0.7469988780309151 LOGlOSS:  0.5566538134608935 test_AUC:  0.0 test_LOGlOSS:  10000.0
  0%|          | 0/5000 [00:00<?, ?it/s]  0%|          | 1/5000 [00:00<1:18:01,  1.07it/s]  0%|          | 2/5000 [00:01<1:18:17,  1.06it/s]  0%|          | 3/5000 [00:02<1:16:38,  1.09it/s]  0%|          | 4/5000 [00:03<1:15:21,  1.10it/s]  0%|          | 5/5000 [00:04<1:11:56,  1.16it/s]  0%|          | 5/5000 [00:05<1:24:16,  1.01s/it]
[I 2024-07-03 13:56:13,900] Trial 12 finished with value: 0.7469988780309152 and parameters: {'lr': 0.0001, 'l2': 0.0001, 'bsize': 32, 'beta1': 0.6049205024188592}. Best is trial 10 with value: 0.7470017846865754.
AUC:  0.7469988780309152 LOGlOSS:  0.5564777447573698 test_AUC:  0.0 test_LOGlOSS:  10000.0
  0%|          | 0/5000 [00:00<?, ?it/s]  0%|          | 1/5000 [00:00<1:05:57,  1.26it/s]  0%|          | 2/5000 [00:01<1:06:38,  1.25it/s]  0%|          | 3/5000 [00:02<1:07:21,  1.24it/s]  0%|          | 4/5000 [00:03<1:07:28,  1.23it/s]  0%|          | 5/5000 [00:04<1:07:26,  1.23it/s]  0%|          | 5/5000 [00:04<1:21:07,  1.03it/s]
[I 2024-07-03 13:56:19,101] Trial 13 finished with value: 0.7468680785262094 and parameters: {'lr': 0.0001, 'l2': 0.0001, 'bsize': 32, 'beta1': 0.5046289371329942}. Best is trial 10 with value: 0.7470017846865754.
AUC:  0.7468680785262094 LOGlOSS:  0.5557250154201941 test_AUC:  0.0 test_LOGlOSS:  10000.0
  0%|          | 0/5000 [00:00<?, ?it/s]  0%|          | 1/5000 [00:00<33:22,  2.50it/s]  0%|          | 2/5000 [00:00<31:41,  2.63it/s]  0%|          | 3/5000 [00:01<30:23,  2.74it/s]  0%|          | 4/5000 [00:01<31:04,  2.68it/s]  0%|          | 5/5000 [00:01<29:47,  2.79it/s]  0%|          | 6/5000 [00:02<31:15,  2.66it/s]  0%|          | 6/5000 [00:02<36:45,  2.26it/s]
[I 2024-07-03 13:56:22,041] Trial 14 finished with value: 0.7469029583941309 and parameters: {'lr': 0.0001, 'l2': 0.0001, 'bsize': 64, 'beta1': 0.5106543222981113}. Best is trial 10 with value: 0.7470017846865754.
AUC:  0.7469029583941309 LOGlOSS:  0.5647431405024352 test_AUC:  0.0 test_LOGlOSS:  10000.0
  0%|          | 0/5000 [00:00<?, ?it/s]  0%|          | 1/5000 [00:00<1:09:27,  1.20it/s]  0%|          | 2/5000 [00:01<1:09:26,  1.20it/s]  0%|          | 3/5000 [00:02<1:08:38,  1.21it/s]  0%|          | 4/5000 [00:03<1:08:36,  1.21it/s]  0%|          | 5/5000 [00:04<1:09:11,  1.20it/s]  0%|          | 5/5000 [00:04<1:22:35,  1.01it/s]
[I 2024-07-03 13:56:27,235] Trial 15 finished with value: 0.7470075979978955 and parameters: {'lr': 0.0001, 'l2': 0.0001, 'bsize': 32, 'beta1': 0.6805013148446564}. Best is trial 15 with value: 0.7470075979978955.
AUC:  0.7470075979978955 LOGlOSS:  0.5570448523044716 test_AUC:  0.0 test_LOGlOSS:  10000.0
  0%|          | 0/5000 [00:00<?, ?it/s]  0%|          | 1/5000 [00:00<1:06:56,  1.24it/s]  0%|          | 2/5000 [00:01<1:02:57,  1.32it/s]  0%|          | 3/5000 [00:02<1:05:09,  1.28it/s]  0%|          | 4/5000 [00:03<1:06:41,  1.25it/s]  0%|          | 5/5000 [00:03<1:07:08,  1.24it/s]  0%|          | 5/5000 [00:04<1:19:49,  1.04it/s]
[I 2024-07-03 13:56:32,322] Trial 16 finished with value: 0.7398746650079353 and parameters: {'lr': 0.001, 'l2': 1e-06, 'bsize': 32, 'beta1': 0.9811855949994077}. Best is trial 15 with value: 0.7470075979978955.
AUC:  0.7398746650079353 LOGlOSS:  0.8172752212952976 test_AUC:  0.0 test_LOGlOSS:  10000.0
  0%|          | 0/5000 [00:00<?, ?it/s]  0%|          | 1/5000 [00:00<1:08:12,  1.22it/s]  0%|          | 2/5000 [00:01<57:37,  1.45it/s]    0%|          | 3/5000 [00:02<56:10,  1.48it/s]  0%|          | 4/5000 [00:02<55:39,  1.50it/s]  0%|          | 5/5000 [00:03<54:39,  1.52it/s]  0%|          | 5/5000 [00:03<1:06:25,  1.25it/s]
[I 2024-07-03 13:56:36,591] Trial 17 finished with value: 0.7453333643376603 and parameters: {'lr': 0.0003, 'l2': 3e-06, 'bsize': 32, 'beta1': 0.7075266813848803}. Best is trial 15 with value: 0.7470075979978955.
AUC:  0.7453333643376603 LOGlOSS:  0.7564034083589053 test_AUC:  0.0 test_LOGlOSS:  10000.0
  0%|          | 0/5000 [00:00<?, ?it/s]  0%|          | 1/5000 [00:00<29:53,  2.79it/s]  0%|          | 2/5000 [00:00<32:47,  2.54it/s]  0%|          | 3/5000 [00:01<33:25,  2.49it/s]  0%|          | 4/5000 [00:01<33:49,  2.46it/s]  0%|          | 5/5000 [00:02<33:59,  2.45it/s]  0%|          | 6/5000 [00:02<34:16,  2.43it/s]  0%|          | 6/5000 [00:02<39:37,  2.10it/s]
[I 2024-07-03 13:56:39,698] Trial 18 finished with value: 0.7467779722007453 and parameters: {'lr': 0.0001, 'l2': 0.001, 'bsize': 64, 'beta1': 0.37655222254565635}. Best is trial 15 with value: 0.7470075979978955.
AUC:  0.7467779722007453 LOGlOSS:  0.5627561932651596 test_AUC:  0.0 test_LOGlOSS:  10000.0
  0%|          | 0/5000 [00:00<?, ?it/s]  0%|          | 1/5000 [00:01<2:12:51,  1.59s/it]  0%|          | 2/5000 [00:03<2:14:27,  1.61s/it]  0%|          | 3/5000 [00:04<2:13:56,  1.61s/it]  0%|          | 4/5000 [00:06<2:13:45,  1.61s/it]  0%|          | 5/5000 [00:08<2:14:34,  1.62s/it]  0%|          | 5/5000 [00:09<2:40:51,  1.93s/it]
[I 2024-07-03 13:56:49,589] Trial 19 finished with value: 0.7457635493753597 and parameters: {'lr': 0.0001, 'l2': 0.0003, 'bsize': 16, 'beta1': 0.459078163065468}. Best is trial 15 with value: 0.7470075979978955.
AUC:  0.7457635493753597 LOGlOSS:  0.6331412174427773 test_AUC:  0.0 test_LOGlOSS:  10000.0
  0%|          | 0/5000 [00:00<?, ?it/s]  0%|          | 1/5000 [00:00<1:05:59,  1.26it/s]  0%|          | 2/5000 [00:01<1:07:20,  1.24it/s]  0%|          | 3/5000 [00:02<1:07:20,  1.24it/s]  0%|          | 4/5000 [00:03<1:07:27,  1.23it/s]  0%|          | 5/5000 [00:04<1:09:09,  1.20it/s]  0%|          | 5/5000 [00:04<1:21:23,  1.02it/s]
[I 2024-07-03 13:56:54,789] Trial 20 finished with value: 0.7470046913422356 and parameters: {'lr': 0.0001, 'l2': 0.0001, 'bsize': 32, 'beta1': 0.6973776977699027}. Best is trial 15 with value: 0.7470075979978955.
AUC:  0.7470046913422356 LOGlOSS:  0.557167338212605 test_AUC:  0.0 test_LOGlOSS:  10000.0
  0%|          | 0/5000 [00:00<?, ?it/s]  0%|          | 1/5000 [00:00<1:06:29,  1.25it/s]  0%|          | 2/5000 [00:01<1:08:27,  1.22it/s]  0%|          | 3/5000 [00:02<1:08:43,  1.21it/s]  0%|          | 4/5000 [00:03<1:08:20,  1.22it/s]  0%|          | 5/5000 [00:04<1:08:22,  1.22it/s]  0%|          | 5/5000 [00:04<1:22:29,  1.01it/s]
[I 2024-07-03 13:57:00,028] Trial 21 finished with value: 0.747016317964876 and parameters: {'lr': 0.0001, 'l2': 0.0001, 'bsize': 32, 'beta1': 0.6686414886936536}. Best is trial 21 with value: 0.747016317964876.
AUC:  0.747016317964876 LOGlOSS:  0.5569597732004373 test_AUC:  0.0 test_LOGlOSS:  10000.0
  0%|          | 0/5000 [00:00<?, ?it/s]  0%|          | 1/5000 [00:00<1:09:41,  1.20it/s]  0%|          | 2/5000 [00:01<1:06:48,  1.25it/s]  0%|          | 3/5000 [00:02<1:07:36,  1.23it/s]  0%|          | 4/5000 [00:03<1:10:24,  1.18it/s]  0%|          | 5/5000 [00:04<1:11:39,  1.16it/s]  0%|          | 5/5000 [00:04<1:20:24,  1.04it/s]
