[I 2024-07-03 14:05:14,334] Trial 78 finished with value: 0.7471732773705231 and parameters: {'lr': 1e-05, 'l2': 1e-05, 'bsize': 64, 'beta1': 0.9605808894553237}. Best is trial 65 with value: 0.7471819973375036.
AUC:  0.7471732773705231 LOGlOSS:  0.5573991288944014 test_AUC:  0.0 test_LOGlOSS:  10000.0
  0%|          | 0/5000 [00:00<?, ?it/s]  0%|          | 1/5000 [00:00<42:13,  1.97it/s]  0%|          | 2/5000 [00:01<42:17,  1.97it/s]  0%|          | 3/5000 [00:01<42:09,  1.98it/s]  0%|          | 4/5000 [00:02<42:08,  1.98it/s]  0%|          | 5/5000 [00:02<42:00,  1.98it/s]  0%|          | 6/5000 [00:03<42:00,  1.98it/s]  0%|          | 7/5000 [00:03<42:03,  1.98it/s]  0%|          | 8/5000 [00:04<42:08,  1.97it/s]  0%|          | 9/5000 [00:04<42:07,  1.97it/s]  0%|          | 10/5000 [00:05<41:57,  1.98it/s]  0%|          | 11/5000 [00:05<42:09,  1.97it/s]  0%|          | 12/5000 [00:06<42:05,  1.98it/s]  0%|          | 13/5000 [00:06<42:04,  1.98it/s]  0%|          | 14/5000 [00:07<42:02,  1.98it/s]  0%|          | 15/5000 [00:07<41:04,  2.02it/s]  0%|          | 16/5000 [00:08<40:19,  2.06it/s]  0%|          | 17/5000 [00:08<40:35,  2.05it/s]  0%|          | 18/5000 [00:09<41:22,  2.01it/s]  0%|          | 19/5000 [00:09<41:26,  2.00it/s]  0%|          | 20/5000 [00:10<41:30,  2.00it/s]  0%|          | 21/5000 [00:10<41:31,  2.00it/s]  0%|          | 22/5000 [00:10<40:27,  2.05it/s]  0%|          | 22/5000 [00:11<43:20,  1.91it/s]
[I 2024-07-03 14:05:26,131] Trial 79 finished with value: 0.7471761840261831 and parameters: {'lr': 1e-05, 'l2': 3e-05, 'bsize': 64, 'beta1': 0.9279683304430963}. Best is trial 65 with value: 0.7471819973375036.
AUC:  0.7471761840261831 LOGlOSS:  0.5572030865709701 test_AUC:  0.0 test_LOGlOSS:  10000.0
  0%|          | 0/5000 [00:00<?, ?it/s]  0%|          | 1/5000 [00:00<41:30,  2.01it/s]  0%|          | 2/5000 [00:00<41:35,  2.00it/s]  0%|          | 3/5000 [00:01<41:32,  2.00it/s]  0%|          | 4/5000 [00:01<40:33,  2.05it/s]  0%|          | 5/5000 [00:02<40:59,  2.03it/s]  0%|          | 6/5000 [00:02<41:18,  2.01it/s]  0%|          | 7/5000 [00:03<41:33,  2.00it/s]  0%|          | 8/5000 [00:03<41:43,  1.99it/s]  0%|          | 9/5000 [00:04<42:03,  1.98it/s]  0%|          | 10/5000 [00:05<42:03,  1.98it/s]  0%|          | 11/5000 [00:05<41:41,  1.99it/s]  0%|          | 12/5000 [00:05<38:09,  2.18it/s]  0%|          | 13/5000 [00:06<35:27,  2.34it/s]  0%|          | 14/5000 [00:06<34:14,  2.43it/s]  0%|          | 15/5000 [00:06<32:32,  2.55it/s]  0%|          | 16/5000 [00:07<34:26,  2.41it/s]  0%|          | 17/5000 [00:07<35:55,  2.31it/s]  0%|          | 18/5000 [00:08<37:20,  2.22it/s]  0%|          | 19/5000 [00:08<38:48,  2.14it/s]  0%|          | 20/5000 [00:09<39:50,  2.08it/s]  0%|          | 21/5000 [00:09<40:13,  2.06it/s]  0%|          | 21/5000 [00:10<40:54,  2.03it/s]
[I 2024-07-03 14:05:36,775] Trial 80 finished with value: 0.7471442108139217 and parameters: {'lr': 1e-05, 'l2': 0.0003, 'bsize': 64, 'beta1': 0.977360728994205}. Best is trial 65 with value: 0.7471819973375036.
AUC:  0.7471442108139217 LOGlOSS:  0.5520899435927298 test_AUC:  0.0 test_LOGlOSS:  10000.0
  0%|          | 0/5000 [00:00<?, ?it/s]  0%|          | 1/5000 [00:00<43:20,  1.92it/s]  0%|          | 2/5000 [00:01<43:17,  1.92it/s]  0%|          | 3/5000 [00:01<42:34,  1.96it/s]  0%|          | 4/5000 [00:02<43:09,  1.93it/s]  0%|          | 5/5000 [00:02<42:16,  1.97it/s]  0%|          | 6/5000 [00:03<42:05,  1.98it/s]  0%|          | 7/5000 [00:03<41:56,  1.98it/s]  0%|          | 8/5000 [00:04<41:55,  1.98it/s]  0%|          | 9/5000 [00:04<40:49,  2.04it/s]  0%|          | 10/5000 [00:04<39:46,  2.09it/s]  0%|          | 11/5000 [00:05<40:22,  2.06it/s]  0%|          | 12/5000 [00:05<40:51,  2.03it/s]  0%|          | 13/5000 [00:06<41:01,  2.03it/s]  0%|          | 14/5000 [00:06<41:21,  2.01it/s]  0%|          | 15/5000 [00:07<41:31,  2.00it/s]  0%|          | 16/5000 [00:07<41:37,  2.00it/s]  0%|          | 17/5000 [00:08<41:26,  2.00it/s]  0%|          | 18/5000 [00:09<41:39,  1.99it/s]  0%|          | 19/5000 [00:09<41:37,  1.99it/s]  0%|          | 20/5000 [00:10<41:43,  1.99it/s]  0%|          | 21/5000 [00:10<41:48,  1.98it/s]  0%|          | 22/5000 [00:11<41:57,  1.98it/s]  0%|          | 22/5000 [00:11<43:28,  1.91it/s]
[I 2024-07-03 14:05:48,637] Trial 81 finished with value: 0.7471819973375033 and parameters: {'lr': 1e-05, 'l2': 3e-05, 'bsize': 64, 'beta1': 0.9929043328303244}. Best is trial 65 with value: 0.7471819973375036.
AUC:  0.7471819973375033 LOGlOSS:  0.557566129014945 test_AUC:  0.0 test_LOGlOSS:  10000.0
  0%|          | 0/5000 [00:00<?, ?it/s]  0%|          | 1/5000 [00:00<41:45,  1.99it/s]  0%|          | 2/5000 [00:01<42:02,  1.98it/s]  0%|          | 3/5000 [00:01<42:09,  1.98it/s]  0%|          | 4/5000 [00:02<42:14,  1.97it/s]  0%|          | 5/5000 [00:02<42:39,  1.95it/s]  0%|          | 6/5000 [00:02<40:51,  2.04it/s]  0%|          | 7/5000 [00:03<41:32,  2.00it/s]  0%|          | 8/5000 [00:04<42:08,  1.97it/s]  0%|          | 9/5000 [00:04<41:55,  1.98it/s]  0%|          | 10/5000 [00:05<41:53,  1.99it/s]  0%|          | 11/5000 [00:05<41:59,  1.98it/s]  0%|          | 12/5000 [00:06<41:59,  1.98it/s]  0%|          | 13/5000 [00:06<41:54,  1.98it/s]  0%|          | 14/5000 [00:07<42:04,  1.97it/s]  0%|          | 15/5000 [00:07<42:07,  1.97it/s]  0%|          | 16/5000 [00:08<41:58,  1.98it/s]  0%|          | 17/5000 [00:08<40:52,  2.03it/s]  0%|          | 18/5000 [00:09<41:07,  2.02it/s]  0%|          | 19/5000 [00:09<41:29,  2.00it/s]  0%|          | 20/5000 [00:10<41:45,  1.99it/s]  0%|          | 21/5000 [00:10<41:42,  1.99it/s]  0%|          | 22/5000 [00:11<41:48,  1.98it/s]  0%|          | 22/5000 [00:11<43:36,  1.90it/s]
[I 2024-07-03 14:06:00,515] Trial 82 finished with value: 0.7471674640592026 and parameters: {'lr': 1e-05, 'l2': 3e-05, 'bsize': 64, 'beta1': 0.9022003544325279}. Best is trial 65 with value: 0.7471819973375036.
AUC:  0.7471674640592026 LOGlOSS:  0.5570545061599196 test_AUC:  0.0 test_LOGlOSS:  10000.0
  0%|          | 0/5000 [00:00<?, ?it/s]  0%|          | 1/5000 [00:00<42:15,  1.97it/s]  0%|          | 2/5000 [00:01<43:00,  1.94it/s]  0%|          | 3/5000 [00:01<40:22,  2.06it/s]  0%|          | 4/5000 [00:01<38:52,  2.14it/s]  0%|          | 5/5000 [00:02<35:28,  2.35it/s]  0%|          | 5/5000 [00:02<42:58,  1.94it/s]
[I 2024-07-03 14:06:03,404] Trial 83 finished with value: 0.7466660659578302 and parameters: {'lr': 0.0003, 'l2': 3e-05, 'bsize': 64, 'beta1': 0.9844376181358779}. Best is trial 65 with value: 0.7471819973375036.
AUC:  0.7466660659578302 LOGlOSS:  0.6407179287491603 test_AUC:  0.0 test_LOGlOSS:  10000.0
  0%|          | 0/5000 [00:00<?, ?it/s]  0%|          | 1/5000 [00:00<32:53,  2.53it/s]  0%|          | 2/5000 [00:00<33:08,  2.51it/s]  0%|          | 3/5000 [00:01<31:47,  2.62it/s]  0%|          | 4/5000 [00:01<25:50,  3.22it/s]  0%|          | 5/5000 [00:01<22:27,  3.71it/s]  0%|          | 6/5000 [00:01<20:26,  4.07it/s]  0%|          | 7/5000 [00:01<19:11,  4.34it/s]  0%|          | 8/5000 [00:02<18:18,  4.54it/s]  0%|          | 9/5000 [00:02<17:44,  4.69it/s]  0%|          | 10/5000 [00:02<17:29,  4.76it/s]  0%|          | 11/5000 [00:02<17:17,  4.81it/s]  0%|          | 12/5000 [00:02<17:05,  4.86it/s]  0%|          | 13/5000 [00:03<16:57,  4.90it/s]  0%|          | 14/5000 [00:03<16:48,  4.94it/s]  0%|          | 15/5000 [00:03<17:24,  4.77it/s]  0%|          | 16/5000 [00:03<18:02,  4.60it/s]  0%|          | 17/5000 [00:04<18:51,  4.41it/s]  0%|          | 18/5000 [00:04<19:02,  4.36it/s]  0%|          | 19/5000 [00:04<19:14,  4.31it/s]  0%|          | 20/5000 [00:04<18:49,  4.41it/s]  0%|          | 21/5000 [00:04<18:31,  4.48it/s]  0%|          | 22/5000 [00:05<18:26,  4.50it/s]  0%|          | 22/5000 [00:05<20:37,  4.02it/s]
[I 2024-07-03 14:06:09,101] Trial 84 finished with value: 0.7471674640592029 and parameters: {'lr': 1e-05, 'l2': 3e-05, 'bsize': 64, 'beta1': 0.9481898849326464}. Best is trial 65 with value: 0.7471819973375036.
AUC:  0.7471674640592029 LOGlOSS:  0.5573179293849938 test_AUC:  0.0 test_LOGlOSS:  10000.0
  0%|          | 0/5000 [00:00<?, ?it/s]  0%|          | 1/5000 [00:00<23:13,  3.59it/s]  0%|          | 2/5000 [00:00<20:20,  4.10it/s]  0%|          | 3/5000 [00:00<19:29,  4.27it/s]  0%|          | 4/5000 [00:00<18:57,  4.39it/s]  0%|          | 5/5000 [00:01<18:58,  4.39it/s]  0%|          | 6/5000 [00:01<19:32,  4.26it/s]  0%|          | 7/5000 [00:01<18:23,  4.53it/s]  0%|          | 8/5000 [00:01<17:30,  4.75it/s]  0%|          | 9/5000 [00:01<16:59,  4.89it/s]  0%|          | 10/5000 [00:02<16:50,  4.94it/s]  0%|          | 11/5000 [00:02<16:37,  5.00it/s]  0%|          | 12/5000 [00:02<16:21,  5.08it/s]  0%|          | 13/5000 [00:02<16:13,  5.12it/s]  0%|          | 14/5000 [00:02<15:58,  5.20it/s]  0%|          | 15/5000 [00:03<15:51,  5.24it/s]  0%|          | 16/5000 [00:03<15:44,  5.28it/s]  0%|          | 17/5000 [00:03<16:33,  5.02it/s]  0%|          | 18/5000 [00:03<18:10,  4.57it/s]  0%|          | 19/5000 [00:04<17:45,  4.68it/s]  0%|          | 20/5000 [00:04<17:24,  4.77it/s]  0%|          | 21/5000 [00:04<17:09,  4.83it/s]  0%|          | 22/5000 [00:04<16:59,  4.88it/s]  0%|          | 22/5000 [00:04<18:08,  4.57it/s]
[I 2024-07-03 14:06:14,222] Trial 85 finished with value: 0.7471761840261832 and parameters: {'lr': 1e-05, 'l2': 3e-06, 'bsize': 64, 'beta1': 0.9121800146421738}. Best is trial 65 with value: 0.7471819973375036.
AUC:  0.7471761840261832 LOGlOSS:  0.5571279745883159 test_AUC:  0.0 test_LOGlOSS:  10000.0
  0%|          | 0/5000 [00:00<?, ?it/s]  0%|          | 1/5000 [00:01<1:24:41,  1.02s/it]  0%|          | 2/5000 [00:01<1:11:52,  1.16it/s]  0%|          | 3/5000 [00:02<1:13:08,  1.14it/s]  0%|          | 4/5000 [00:03<1:09:19,  1.20it/s]  0%|          | 5/5000 [00:04<1:07:08,  1.24it/s]  0%|          | 6/5000 [00:04<1:07:03,  1.24it/s]  0%|          | 7/5000 [00:06<1:20:54,  1.03it/s]  0%|          | 8/5000 [00:07<1:36:57,  1.17s/it]  0%|          | 9/5000 [00:09<1:48:21,  1.30s/it]  0%|          | 9/5000 [00:11<1:42:56,  1.24s/it]
[I 2024-07-03 14:06:25,698] Trial 86 finished with value: 0.7469785314412942 and parameters: {'lr': 1e-05, 'l2': 0.001, 'bsize': 16, 'beta1': 0.9763854499796812}. Best is trial 65 with value: 0.7471819973375036.
AUC:  0.7469785314412942 LOGlOSS:  0.5499132893746191 test_AUC:  0.0 test_LOGlOSS:  10000.0
  0%|          | 0/5000 [00:00<?, ?it/s]  0%|          | 1/5000 [00:00<35:13,  2.37it/s]  0%|          | 2/5000 [00:00<34:36,  2.41it/s]  0%|          | 3/5000 [00:01<34:12,  2.43it/s]  0%|          | 4/5000 [00:01<31:23,  2.65it/s]  0%|          | 5/5000 [00:01<31:26,  2.65it/s]  0%|          | 6/5000 [00:02<32:13,  2.58it/s]  0%|          | 7/5000 [00:02<32:46,  2.54it/s]  0%|          | 8/5000 [00:03<31:34,  2.64it/s]  0%|          | 9/5000 [00:03<31:28,  2.64it/s]  0%|          | 10/5000 [00:03<33:05,  2.51it/s]  0%|          | 11/5000 [00:04<34:08,  2.44it/s]  0%|          | 12/5000 [00:04<34:53,  2.38it/s]  0%|          | 13/5000 [00:05<35:55,  2.31it/s]  0%|          | 14/5000 [00:05<34:48,  2.39it/s]  0%|          | 15/5000 [00:06<33:10,  2.50it/s]  0%|          | 16/5000 [00:06<33:26,  2.48it/s]  0%|          | 17/5000 [00:06<33:39,  2.47it/s]  0%|          | 18/5000 [00:07<34:13,  2.43it/s]  0%|          | 19/5000 [00:07<34:38,  2.40it/s]  0%|          | 20/5000 [00:08<34:19,  2.42it/s]  0%|          | 21/5000 [00:08<33:50,  2.45it/s]  0%|          | 22/5000 [00:08<34:00,  2.44it/s]  0%|          | 22/5000 [00:09<35:05,  2.36it/s]
[I 2024-07-03 14:06:35,297] Trial 87 finished with value: 0.747150024125242 and parameters: {'lr': 1e-05, 'l2': 3e-05, 'bsize': 64, 'beta1': 0.8721420644058538}. Best is trial 65 with value: 0.7471819973375036.
AUC:  0.747150024125242 LOGlOSS:  0.556878193481893 test_AUC:  0.0 test_LOGlOSS:  10000.0
  0%|          | 0/5000 [00:00<?, ?it/s]  0%|          | 1/5000 [00:00<30:10,  2.76it/s]  0%|          | 2/5000 [00:00<32:53,  2.53it/s]  0%|          | 3/5000 [00:01<33:23,  2.49it/s]  0%|          | 4/5000 [00:01<34:00,  2.45it/s]  0%|          | 5/5000 [00:02<34:03,  2.44it/s]  0%|          | 6/5000 [00:02<34:08,  2.44it/s]  0%|          | 7/5000 [00:02<34:08,  2.44it/s]  0%|          | 8/5000 [00:03<34:09,  2.44it/s]  0%|          | 9/5000 [00:03<34:07,  2.44it/s]  0%|          | 10/5000 [00:04<34:19,  2.42it/s]  0%|          | 11/5000 [00:04<34:37,  2.40it/s]  0%|          | 12/5000 [00:04<35:01,  2.37it/s]  0%|          | 13/5000 [00:05<34:36,  2.40it/s]  0%|          | 14/5000 [00:05<34:06,  2.44it/s]  0%|          | 15/5000 [00:06<34:02,  2.44it/s]  0%|          | 16/5000 [00:06<34:05,  2.44it/s]  0%|          | 17/5000 [00:06<34:07,  2.43it/s]  0%|          | 18/5000 [00:07<34:14,  2.43it/s]  0%|          | 19/5000 [00:07<31:44,  2.62it/s]  0%|          | 20/5000 [00:08<32:30,  2.55it/s]  0%|          | 21/5000 [00:08<32:57,  2.52it/s]  0%|          | 22/5000 [00:08<33:20,  2.49it/s]  0%|          | 22/5000 [00:09<34:49,  2.38it/s]
[I 2024-07-03 14:06:44,817] Trial 88 finished with value: 0.7471703707148628 and parameters: {'lr': 1e-05, 'l2': 3e-05, 'bsize': 64, 'beta1': 0.939755814117024}. Best is trial 65 with value: 0.7471819973375036.
AUC:  0.7471703707148628 LOGlOSS:  0.5572701430447212 test_AUC:  0.0 test_LOGlOSS:  10000.0
  0%|          | 0/5000 [00:00<?, ?it/s]  0%|          | 1/5000 [00:00<32:40,  2.55it/s]  0%|          | 2/5000 [00:00<33:12,  2.51it/s]  0%|          | 3/5000 [00:01<33:39,  2.47it/s]  0%|          | 4/5000 [00:01<34:00,  2.45it/s]  0%|          | 5/5000 [00:02<34:36,  2.41it/s]  0%|          | 5/5000 [00:02<41:11,  2.02it/s]
[I 2024-07-03 14:06:47,582] Trial 89 finished with value: 0.7446953534202617 and parameters: {'lr': 0.001, 'l2': 3e-05, 'bsize': 64, 'beta1': 0.8070564494990055}. Best is trial 65 with value: 0.7471819973375036.
AUC:  0.7446953534202617 LOGlOSS:  0.7945238184477412 test_AUC:  0.0 test_LOGlOSS:  10000.0
  0%|          | 0/5000 [00:00<?, ?it/s]  0%|          | 1/5000 [00:00<33:07,  2.52it/s]  0%|          | 2/5000 [00:00<33:39,  2.47it/s]  0%|          | 3/5000 [00:01<29:28,  2.82it/s]  0%|          | 4/5000 [00:01<32:25,  2.57it/s]  0%|          | 5/5000 [00:01<34:07,  2.44it/s]  0%|          | 6/5000 [00:02<35:00,  2.38it/s]  0%|          | 7/5000 [00:02<35:33,  2.34it/s]  0%|          | 8/5000 [00:03<32:13,  2.58it/s]  0%|          | 9/5000 [00:03<34:03,  2.44it/s]  0%|          | 10/5000 [00:04<34:44,  2.39it/s]  0%|          | 11/5000 [00:04<35:35,  2.34it/s]  0%|          | 12/5000 [00:04<35:45,  2.32it/s]  0%|          | 13/5000 [00:05<35:47,  2.32it/s]  0%|          | 14/5000 [00:05<35:43,  2.33it/s]  0%|          | 15/5000 [00:06<35:21,  2.35it/s]  0%|          | 16/5000 [00:06<35:28,  2.34it/s]  0%|          | 17/5000 [00:07<35:10,  2.36it/s]  0%|          | 18/5000 [00:07<34:36,  2.40it/s]  0%|          | 19/5000 [00:07<34:18,  2.42it/s]  0%|          | 20/5000 [00:08<34:17,  2.42it/s]  0%|          | 21/5000 [00:08<34:10,  2.43it/s]  0%|          | 22/5000 [00:09<34:09,  2.43it/s]  0%|          | 22/5000 [00:09<35:55,  2.31it/s]
[I 2024-07-03 14:06:57,353] Trial 90 finished with value: 0.7471732773705231 and parameters: {'lr': 1e-05, 'l2': 3e-05, 'bsize': 64, 'beta1': 0.9557791104442265}. Best is trial 65 with value: 0.7471819973375036.
AUC:  0.7471732773705231 LOGlOSS:  0.5573604461490895 test_AUC:  0.0 test_LOGlOSS:  10000.0
  0%|          | 0/5000 [00:00<?, ?it/s]  0%|          | 1/5000 [00:00<31:41,  2.63it/s]  0%|          | 2/5000 [00:00<33:19,  2.50it/s]  0%|          | 3/5000 [00:01<33:43,  2.47it/s]  0%|          | 4/5000 [00:01<31:24,  2.65it/s]  0%|          | 5/5000 [00:01<31:30,  2.64it/s]  0%|          | 6/5000 [00:02<29:30,  2.82it/s]  0%|          | 7/5000 [00:02<30:44,  2.71it/s]  0%|          | 8/5000 [00:03<31:51,  2.61it/s]  0%|          | 9/5000 [00:03<32:54,  2.53it/s]  0%|          | 10/5000 [00:03<33:45,  2.46it/s]  0%|          | 11/5000 [00:04<34:04,  2.44it/s]  0%|          | 12/5000 [00:04<33:48,  2.46it/s]  0%|          | 13/5000 [00:05<33:54,  2.45it/s]  0%|          | 14/5000 [00:05<33:59,  2.44it/s]  0%|          | 15/5000 [00:05<34:41,  2.39it/s]  0%|          | 16/5000 [00:06<34:27,  2.41it/s]  0%|          | 17/5000 [00:06<34:27,  2.41it/s]  0%|          | 18/5000 [00:07<34:24,  2.41it/s]  0%|          | 19/5000 [00:07<34:22,  2.42it/s]  0%|          | 20/5000 [00:08<34:20,  2.42it/s]  0%|          | 21/5000 [00:08<34:18,  2.42it/s]  0%|          | 22/5000 [00:08<34:20,  2.42it/s]  0%|          | 22/5000 [00:09<34:51,  2.38it/s]
[I 2024-07-03 14:07:06,899] Trial 91 finished with value: 0.7471819973375033 and parameters: {'lr': 1e-05, 'l2': 3e-05, 'bsize': 64, 'beta1': 0.9953042994775159}. Best is trial 65 with value: 0.7471819973375036.
AUC:  0.7471819973375033 LOGlOSS:  0.557579281394025 test_AUC:  0.0 test_LOGlOSS:  10000.0
  0%|          | 0/5000 [00:00<?, ?it/s]  0%|          | 1/5000 [00:00<28:38,  2.91it/s]  0%|          | 2/5000 [00:00<32:25,  2.57it/s]  0%|          | 3/5000 [00:01<34:03,  2.45it/s]  0%|          | 4/5000 [00:01<30:35,  2.72it/s]  0%|          | 5/5000 [00:01<32:22,  2.57it/s]  0%|          | 6/5000 [00:02<33:07,  2.51it/s]  0%|          | 7/5000 [00:02<33:46,  2.46it/s]  0%|          | 8/5000 [00:03<33:57,  2.45it/s]  0%|          | 9/5000 [00:03<34:05,  2.44it/s]  0%|          | 10/5000 [00:04<34:23,  2.42it/s]  0%|          | 11/5000 [00:04<34:39,  2.40it/s]  0%|          | 12/5000 [00:04<34:41,  2.40it/s]  0%|          | 13/5000 [00:05<34:46,  2.39it/s]  0%|          | 14/5000 [00:05<34:38,  2.40it/s]  0%|          | 15/5000 [00:06<34:32,  2.40it/s]  0%|          | 16/5000 [00:06<34:36,  2.40it/s]  0%|          | 17/5000 [00:06<34:52,  2.38it/s]  0%|          | 18/5000 [00:07<35:05,  2.37it/s]  0%|          | 19/5000 [00:07<34:26,  2.41it/s]  0%|          | 20/5000 [00:08<34:04,  2.44it/s]  0%|          | 21/5000 [00:08<34:15,  2.42it/s]  0%|          | 22/5000 [00:09<34:18,  2.42it/s]  0%|          | 22/5000 [00:09<35:32,  2.33it/s]
[I 2024-07-03 14:07:16,617] Trial 92 finished with value: 0.7471819973375035 and parameters: {'lr': 1e-05, 'l2': 3e-05, 'bsize': 64, 'beta1': 0.9863221132804426}. Best is trial 65 with value: 0.7471819973375036.
AUC:  0.7471819973375035 LOGlOSS:  0.5575300167645544 test_AUC:  0.0 test_LOGlOSS:  10000.0
  0%|          | 0/5000 [00:00<?, ?it/s]  0%|          | 1/5000 [00:00<24:54,  3.35it/s]  0%|          | 2/5000 [00:00<26:15,  3.17it/s]  0%|          | 3/5000 [00:00<26:25,  3.15it/s]  0%|          | 4/5000 [00:01<26:06,  3.19it/s]  0%|          | 5/5000 [00:01<29:05,  2.86it/s]  0%|          | 6/5000 [00:02<30:55,  2.69it/s]  0%|          | 7/5000 [00:02<32:05,  2.59it/s]  0%|          | 8/5000 [00:02<32:42,  2.54it/s]  0%|          | 9/5000 [00:03<33:23,  2.49it/s]  0%|          | 10/5000 [00:03<33:49,  2.46it/s]  0%|          | 11/5000 [00:04<33:54,  2.45it/s]  0%|          | 12/5000 [00:04<33:35,  2.48it/s]  0%|          | 13/5000 [00:04<33:35,  2.47it/s]  0%|          | 14/5000 [00:05<33:48,  2.46it/s]  0%|          | 15/5000 [00:05<33:58,  2.45it/s]  0%|          | 16/5000 [00:06<34:06,  2.44it/s]  0%|          | 17/5000 [00:06<34:14,  2.43it/s]  0%|          | 18/5000 [00:07<34:14,  2.43it/s]  0%|          | 19/5000 [00:07<34:14,  2.42it/s]  0%|          | 20/5000 [00:07<34:15,  2.42it/s]  0%|          | 21/5000 [00:08<34:12,  2.43it/s]  0%|          | 22/5000 [00:08<34:12,  2.43it/s]  0%|          | 22/5000 [00:09<34:14,  2.42it/s]
[I 2024-07-03 14:07:25,999] Trial 93 finished with value: 0.7471790906818432 and parameters: {'lr': 1e-05, 'l2': 3e-05, 'bsize': 64, 'beta1': 0.9268084877165843}. Best is trial 65 with value: 0.7471819973375036.
AUC:  0.7471790906818432 LOGlOSS:  0.5571964326011 test_AUC:  0.0 test_LOGlOSS:  10000.0
  0%|          | 0/5000 [00:00<?, ?it/s]  0%|          | 1/5000 [00:00<32:44,  2.54it/s]  0%|          | 2/5000 [00:00<34:29,  2.42it/s]  0%|          | 3/5000 [00:01<34:49,  2.39it/s]  0%|          | 4/5000 [00:01<35:02,  2.38it/s]  0%|          | 5/5000 [00:02<34:36,  2.41it/s]  0%|          | 6/5000 [00:02<34:11,  2.43it/s]  0%|          | 7/5000 [00:02<34:09,  2.44it/s]  0%|          | 8/5000 [00:03<34:15,  2.43it/s]  0%|          | 9/5000 [00:03<34:10,  2.43it/s]  0%|          | 10/5000 [00:04<34:08,  2.44it/s]  0%|          | 11/5000 [00:04<34:10,  2.43it/s]  0%|          | 12/5000 [00:04<34:08,  2.44it/s]  0%|          | 13/5000 [00:05<34:11,  2.43it/s]  0%|          | 14/5000 [00:05<34:14,  2.43it/s]  0%|          | 15/5000 [00:06<34:06,  2.44it/s]  0%|          | 16/5000 [00:06<34:06,  2.44it/s]  0%|          | 17/5000 [00:06<34:05,  2.44it/s]  0%|          | 18/5000 [00:07<34:03,  2.44it/s]  0%|          | 19/5000 [00:07<34:21,  2.42it/s]  0%|          | 20/5000 [00:08<34:47,  2.39it/s]  0%|          | 21/5000 [00:08<34:46,  2.39it/s]  0%|          | 21/5000 [00:09<35:52,  2.31it/s]
