[I 2024-07-05 11:54:09,691] Trial 93 finished with value: 0.726478788724793 and parameters: {'lr': 0.0001, 'l2': 0.001, 'bsize': 512, 'alpha1': 0.01}. Best is trial 45 with value: 0.726478788724793.
AUC:  0.726478788724793 LOGlOSS:  0.6101627929497198 test_AUC:  0.0 test_LOGlOSS:  10000.0
  0%|          | 0/5000 [00:00<?, ?it/s]  0%|          | 1/5000 [00:08<11:58:36,  8.63s/it]  0%|          | 2/5000 [00:17<11:59:17,  8.63s/it]  0%|          | 3/5000 [00:25<11:41:50,  8.43s/it]  0%|          | 4/5000 [00:33<11:45:31,  8.47s/it]  0%|          | 5/5000 [00:41<11:12:07,  8.07s/it]  0%|          | 5/5000 [00:49<13:43:51,  9.90s/it]
[I 2024-07-05 11:55:03,282] Trial 94 finished with value: 0.726478788724793 and parameters: {'lr': 0.0001, 'l2': 0.001, 'bsize': 512, 'alpha1': 0.01}. Best is trial 45 with value: 0.726478788724793.
AUC:  0.726478788724793 LOGlOSS:  0.6101627929497198 test_AUC:  0.0 test_LOGlOSS:  10000.0
  0%|          | 0/5000 [00:00<?, ?it/s]  0%|          | 1/5000 [00:14<20:33:16, 14.80s/it]  0%|          | 2/5000 [00:28<19:59:14, 14.40s/it]  0%|          | 3/5000 [00:42<19:29:40, 14.04s/it]  0%|          | 4/5000 [00:56<19:40:18, 14.17s/it]  0%|          | 5/5000 [01:10<19:11:47, 13.84s/it]  0%|          | 5/5000 [01:24<23:22:58, 16.85s/it]
[I 2024-07-05 11:56:32,341] Trial 95 finished with value: 0.7257728290040846 and parameters: {'lr': 0.0001, 'l2': 0.001, 'bsize': 256, 'alpha1': 0.01}. Best is trial 45 with value: 0.726478788724793.
AUC:  0.7257728290040846 LOGlOSS:  0.6077610281075595 test_AUC:  0.0 test_LOGlOSS:  10000.0
  0%|          | 0/5000 [00:00<?, ?it/s]  0%|          | 1/5000 [00:08<11:14:22,  8.09s/it]  0%|          | 2/5000 [00:16<11:38:31,  8.39s/it]  0%|          | 3/5000 [00:25<11:40:34,  8.41s/it]  0%|          | 4/5000 [00:33<11:23:35,  8.21s/it]  0%|          | 5/5000 [00:40<11:15:10,  8.11s/it]  0%|          | 6/5000 [00:47<10:32:44,  7.60s/it]  0%|          | 6/5000 [00:54<12:36:35,  9.09s/it]
[I 2024-07-05 11:57:31,258] Trial 96 finished with value: 0.725550871384102 and parameters: {'lr': 3e-05, 'l2': 0.001, 'bsize': 512, 'alpha1': 0.01}. Best is trial 45 with value: 0.726478788724793.
AUC:  0.725550871384102 LOGlOSS:  0.6129432173151342 test_AUC:  0.0 test_LOGlOSS:  10000.0
  0%|          | 0/5000 [00:00<?, ?it/s]  0%|          | 1/5000 [00:08<11:57:09,  8.61s/it]  0%|          | 2/5000 [00:17<12:16:39,  8.84s/it]  0%|          | 3/5000 [00:26<12:00:41,  8.65s/it]  0%|          | 4/5000 [00:34<11:50:07,  8.53s/it]  0%|          | 5/5000 [00:42<11:52:32,  8.56s/it]  0%|          | 5/5000 [00:51<14:11:09, 10.22s/it]
[I 2024-07-05 11:58:26,999] Trial 97 finished with value: 0.7261998397974047 and parameters: {'lr': 0.0001, 'l2': 3e-05, 'bsize': 512, 'alpha1': 0.0001}. Best is trial 45 with value: 0.726478788724793.
AUC:  0.7261998397974047 LOGlOSS:  0.6120201422173376 test_AUC:  0.0 test_LOGlOSS:  10000.0
  0%|          | 0/5000 [00:00<?, ?it/s]  0%|          | 1/5000 [00:08<12:03:40,  8.69s/it]  0%|          | 2/5000 [00:16<11:32:39,  8.32s/it]  0%|          | 3/5000 [00:24<11:19:50,  8.16s/it]  0%|          | 4/5000 [00:33<11:55:13,  8.59s/it]  0%|          | 5/5000 [00:43<12:13:41,  8.81s/it]  0%|          | 5/5000 [00:50<14:08:05, 10.19s/it]
[I 2024-07-05 11:59:23,247] Trial 98 finished with value: 0.726478788724793 and parameters: {'lr': 0.0001, 'l2': 0.001, 'bsize': 512, 'alpha1': 0.01}. Best is trial 45 with value: 0.726478788724793.
AUC:  0.726478788724793 LOGlOSS:  0.6101627929497198 test_AUC:  0.0 test_LOGlOSS:  10000.0
  0%|          | 0/5000 [00:00<?, ?it/s]  0%|          | 1/5000 [00:07<10:21:38,  7.46s/it]  0%|          | 2/5000 [00:16<11:19:39,  8.16s/it]  0%|          | 3/5000 [00:24<11:37:11,  8.37s/it]  0%|          | 4/5000 [00:33<11:40:11,  8.41s/it]  0%|          | 5/5000 [00:41<11:46:23,  8.49s/it]  0%|          | 5/5000 [00:50<13:54:35, 10.03s/it]
[I 2024-07-05 12:00:17,828] Trial 99 finished with value: 0.7261408894734672 and parameters: {'lr': 0.0001, 'l2': 0.001, 'bsize': 512, 'alpha1': 0.001}. Best is trial 45 with value: 0.726478788724793.
AUC:  0.7261408894734672 LOGlOSS:  0.6109519400631249 test_AUC:  0.0 test_LOGlOSS:  10000.0
