[I 2024-07-05 11:22:29,327] Trial 60 finished with value: 0.7263112500098104 and parameters: {'lr': 0.0001, 'l2': 0.0003, 'bsize': 512, 'alpha1': 0.001}. Best is trial 45 with value: 0.726478788724793.
AUC:  0.7263112500098104 LOGlOSS:  0.6119939704354465 test_AUC:  0.0 test_LOGlOSS:  10000.0
  0%|          | 0/5000 [00:00<?, ?it/s]  0%|          | 1/5000 [00:08<11:41:38,  8.42s/it]  0%|          | 2/5000 [00:15<10:46:32,  7.76s/it]  0%|          | 3/5000 [00:24<11:11:14,  8.06s/it]  0%|          | 4/5000 [00:32<11:25:09,  8.23s/it]  0%|          | 5/5000 [00:41<11:32:47,  8.32s/it]  0%|          | 5/5000 [00:49<13:37:01,  9.81s/it]
[I 2024-07-05 11:23:22,811] Trial 61 finished with value: 0.726478788724793 and parameters: {'lr': 0.0001, 'l2': 0.001, 'bsize': 512, 'alpha1': 0.01}. Best is trial 45 with value: 0.726478788724793.
AUC:  0.726478788724793 LOGlOSS:  0.6101627929497198 test_AUC:  0.0 test_LOGlOSS:  10000.0
  0%|          | 0/5000 [00:00<?, ?it/s]  0%|          | 1/5000 [00:08<11:44:05,  8.45s/it]  0%|          | 2/5000 [00:16<11:26:15,  8.24s/it]  0%|          | 3/5000 [00:24<11:23:49,  8.21s/it]  0%|          | 4/5000 [00:33<11:29:59,  8.29s/it]  0%|          | 5/5000 [00:41<11:35:41,  8.36s/it]  0%|          | 5/5000 [00:49<13:44:11,  9.90s/it]
[I 2024-07-05 11:24:17,403] Trial 62 finished with value: 0.726478788724793 and parameters: {'lr': 0.0001, 'l2': 0.001, 'bsize': 512, 'alpha1': 0.01}. Best is trial 45 with value: 0.726478788724793.
AUC:  0.726478788724793 LOGlOSS:  0.6101627929497198 test_AUC:  0.0 test_LOGlOSS:  10000.0
  0%|          | 0/5000 [00:00<?, ?it/s]  0%|          | 1/5000 [00:08<11:47:55,  8.50s/it]  0%|          | 2/5000 [00:16<11:13:32,  8.09s/it]  0%|          | 3/5000 [00:24<11:25:04,  8.23s/it]  0%|          | 4/5000 [00:33<11:36:37,  8.37s/it]  0%|          | 5/5000 [00:41<11:26:16,  8.24s/it]  0%|          | 5/5000 [00:49<13:41:10,  9.86s/it]
[I 2024-07-05 11:25:10,815] Trial 63 finished with value: 0.726478788724793 and parameters: {'lr': 0.0001, 'l2': 0.001, 'bsize': 512, 'alpha1': 0.01}. Best is trial 45 with value: 0.726478788724793.
AUC:  0.726478788724793 LOGlOSS:  0.6101627929497198 test_AUC:  0.0 test_LOGlOSS:  10000.0
  0%|          | 0/5000 [00:00<?, ?it/s]  0%|          | 1/5000 [00:08<11:43:38,  8.45s/it]  0%|          | 2/5000 [00:16<11:43:19,  8.44s/it]  0%|          | 3/5000 [00:25<11:46:53,  8.49s/it]  0%|          | 4/5000 [00:33<11:47:17,  8.49s/it]  0%|          | 5/5000 [00:42<11:39:33,  8.40s/it]  0%|          | 5/5000 [00:49<13:45:25,  9.91s/it]
[I 2024-07-05 11:26:06,362] Trial 64 finished with value: 0.726478788724793 and parameters: {'lr': 0.0001, 'l2': 0.001, 'bsize': 512, 'alpha1': 0.01}. Best is trial 45 with value: 0.726478788724793.
AUC:  0.726478788724793 LOGlOSS:  0.6101627929497198 test_AUC:  0.0 test_LOGlOSS:  10000.0
  0%|          | 0/5000 [00:00<?, ?it/s]  0%|          | 1/5000 [00:08<11:43:34,  8.44s/it]  0%|          | 2/5000 [00:16<11:42:57,  8.44s/it]  0%|          | 3/5000 [00:24<11:21:57,  8.19s/it]  0%|          | 4/5000 [00:33<11:32:04,  8.31s/it]  0%|          | 5/5000 [00:41<11:39:56,  8.41s/it]  0%|          | 5/5000 [00:50<14:02:56, 10.13s/it]
[I 2024-07-05 11:27:03,972] Trial 65 finished with value: 0.7260774822483541 and parameters: {'lr': 0.0001, 'l2': 0.001, 'bsize': 512, 'alpha1': 0.0001}. Best is trial 45 with value: 0.726478788724793.
AUC:  0.7260774822483541 LOGlOSS:  0.6110666963806172 test_AUC:  0.0 test_LOGlOSS:  10000.0
  0%|          | 0/5000 [00:00<?, ?it/s]  0%|          | 1/5000 [00:08<11:48:35,  8.50s/it]  0%|          | 2/5000 [00:15<10:57:30,  7.89s/it]  0%|          | 3/5000 [00:23<10:48:42,  7.79s/it]  0%|          | 4/5000 [00:32<11:10:06,  8.05s/it]  0%|          | 5/5000 [00:40<11:22:04,  8.19s/it]  0%|          | 5/5000 [00:48<13:35:05,  9.79s/it]
[I 2024-07-05 11:27:58,413] Trial 66 finished with value: 0.7221136761879214 and parameters: {'lr': 0.0003, 'l2': 3e-06, 'bsize': 512, 'alpha1': 0.01}. Best is trial 45 with value: 0.726478788724793.
AUC:  0.7221136761879214 LOGlOSS:  0.612794661230056 test_AUC:  0.0 test_LOGlOSS:  10000.0
  0%|          | 0/5000 [00:00<?, ?it/s]  0%|          | 1/5000 [00:08<12:08:33,  8.74s/it]  0%|          | 2/5000 [00:16<11:44:20,  8.46s/it]  0%|          | 3/5000 [00:25<11:37:15,  8.37s/it]  0%|          | 4/5000 [00:33<11:38:36,  8.39s/it]  0%|          | 5/5000 [00:42<11:39:58,  8.41s/it]  0%|          | 5/5000 [00:51<14:10:30, 10.22s/it]
[I 2024-07-05 11:28:55,266] Trial 67 finished with value: 0.726478788724793 and parameters: {'lr': 0.0001, 'l2': 0.001, 'bsize': 512, 'alpha1': 0.01}. Best is trial 45 with value: 0.726478788724793.
AUC:  0.726478788724793 LOGlOSS:  0.6101627929497198 test_AUC:  0.0 test_LOGlOSS:  10000.0
  0%|          | 0/5000 [00:00<?, ?it/s]  0%|          | 1/5000 [00:07<10:52:59,  7.84s/it]  0%|          | 2/5000 [00:16<11:27:06,  8.25s/it]  0%|          | 3/5000 [00:23<11:02:28,  7.95s/it]  0%|          | 4/5000 [00:31<11:04:24,  7.98s/it]  0%|          | 5/5000 [00:40<11:18:51,  8.15s/it]  0%|          | 5/5000 [00:49<13:37:12,  9.82s/it]
[I 2024-07-05 11:29:48,460] Trial 68 finished with value: 0.7219670049096439 and parameters: {'lr': 0.001, 'l2': 0.0001, 'bsize': 512, 'alpha1': 0.01}. Best is trial 45 with value: 0.726478788724793.
AUC:  0.7219670049096439 LOGlOSS:  0.6096179862846189 test_AUC:  0.0 test_LOGlOSS:  10000.0
  0%|          | 0/5000 [00:00<?, ?it/s]  0%|          | 1/5000 [00:08<11:59:41,  8.64s/it]  0%|          | 2/5000 [00:18<12:48:21,  9.22s/it]  0%|          | 3/5000 [00:27<12:31:31,  9.02s/it]  0%|          | 4/5000 [00:35<12:15:23,  8.83s/it]  0%|          | 5/5000 [00:44<12:06:12,  8.72s/it]  0%|          | 5/5000 [00:52<14:35:57, 10.52s/it]
[I 2024-07-05 11:30:46,952] Trial 69 finished with value: 0.725467412722568 and parameters: {'lr': 1e-05, 'l2': 0.001, 'bsize': 512, 'alpha1': 0.01}. Best is trial 45 with value: 0.726478788724793.
AUC:  0.725467412722568 LOGlOSS:  0.6114950685805157 test_AUC:  0.0 test_LOGlOSS:  10000.0
  0%|          | 0/5000 [00:00<?, ?it/s]  0%|          | 1/5000 [00:07<10:22:30,  7.47s/it]  0%|          | 2/5000 [00:15<10:25:51,  7.51s/it]  0%|          | 3/5000 [00:23<11:00:54,  7.94s/it]  0%|          | 4/5000 [00:31<11:20:18,  8.17s/it]  0%|          | 5/5000 [00:40<11:34:44,  8.35s/it]  0%|          | 5/5000 [00:49<13:40:25,  9.86s/it]
[I 2024-07-05 11:31:41,260] Trial 70 finished with value: 0.7250054450929162 and parameters: {'lr': 0.0001, 'l2': 0.001, 'bsize': 512, 'alpha1': 0.1}. Best is trial 45 with value: 0.726478788724793.
AUC:  0.7250054450929162 LOGlOSS:  0.6085645313811533 test_AUC:  0.0 test_LOGlOSS:  10000.0
  0%|          | 0/5000 [00:00<?, ?it/s]  0%|          | 1/5000 [00:07<10:41:51,  7.70s/it]  0%|          | 2/5000 [00:15<11:08:22,  8.02s/it]  0%|          | 3/5000 [00:24<11:36:07,  8.36s/it]  0%|          | 4/5000 [00:33<11:50:06,  8.53s/it]  0%|          | 5/5000 [00:42<11:55:25,  8.59s/it]  0%|          | 5/5000 [00:50<14:07:02, 10.17s/it]
[I 2024-07-05 11:32:38,198] Trial 71 finished with value: 0.726478788724793 and parameters: {'lr': 0.0001, 'l2': 0.001, 'bsize': 512, 'alpha1': 0.01}. Best is trial 45 with value: 0.726478788724793.
AUC:  0.726478788724793 LOGlOSS:  0.6101627929497198 test_AUC:  0.0 test_LOGlOSS:  10000.0
  0%|          | 0/5000 [00:00<?, ?it/s]  0%|          | 1/5000 [00:08<11:44:53,  8.46s/it]  0%|          | 2/5000 [00:15<10:20:31,  7.45s/it]  0%|          | 3/5000 [00:23<10:40:58,  7.70s/it]  0%|          | 4/5000 [00:31<11:08:36,  8.03s/it]  0%|          | 5/5000 [00:40<11:24:08,  8.22s/it]  0%|          | 5/5000 [00:48<13:28:52,  9.72s/it]
[I 2024-07-05 11:33:32,649] Trial 72 finished with value: 0.726478788724793 and parameters: {'lr': 0.0001, 'l2': 0.001, 'bsize': 512, 'alpha1': 0.01}. Best is trial 45 with value: 0.726478788724793.
AUC:  0.726478788724793 LOGlOSS:  0.6101627929497198 test_AUC:  0.0 test_LOGlOSS:  10000.0
  0%|          | 0/5000 [00:00<?, ?it/s]  0%|          | 1/5000 [00:13<19:12:19, 13.83s/it]  0%|          | 2/5000 [00:27<19:25:03, 13.99s/it]  0%|          | 3/5000 [00:42<19:36:06, 14.12s/it]  0%|          | 4/5000 [00:55<19:24:03, 13.98s/it]  0%|          | 5/5000 [01:10<19:27:22, 14.02s/it]  0%|          | 5/5000 [01:24<23:32:45, 16.97s/it]
[I 2024-07-05 11:35:03,050] Trial 73 finished with value: 0.7257728290040846 and parameters: {'lr': 0.0001, 'l2': 0.001, 'bsize': 256, 'alpha1': 0.01}. Best is trial 45 with value: 0.726478788724793.
AUC:  0.7257728290040846 LOGlOSS:  0.6077610281075595 test_AUC:  0.0 test_LOGlOSS:  10000.0
  0%|          | 0/5000 [00:00<?, ?it/s]  0%|          | 1/5000 [00:08<11:42:17,  8.43s/it]  0%|          | 2/5000 [00:16<11:36:59,  8.37s/it]  0%|          | 3/5000 [00:25<11:43:52,  8.45s/it]  0%|          | 4/5000 [00:33<11:45:32,  8.47s/it]  0%|          | 5/5000 [00:41<11:24:46,  8.23s/it]  0%|          | 5/5000 [00:49<13:44:31,  9.90s/it]
[I 2024-07-05 11:35:58,144] Trial 74 finished with value: 0.726478788724793 and parameters: {'lr': 0.0001, 'l2': 0.001, 'bsize': 512, 'alpha1': 0.01}. Best is trial 45 with value: 0.726478788724793.
AUC:  0.726478788724793 LOGlOSS:  0.6101627929497198 test_AUC:  0.0 test_LOGlOSS:  10000.0
  0%|          | 0/5000 [00:00<?, ?it/s]  0%|          | 1/5000 [00:07<10:26:54,  7.52s/it]  0%|          | 2/5000 [00:15<10:58:32,  7.91s/it]  0%|          | 3/5000 [00:24<11:34:08,  8.33s/it]  0%|          | 4/5000 [00:32<11:27:26,  8.26s/it]  0%|          | 5/5000 [00:40<11:21:02,  8.18s/it]  0%|          | 5/5000 [00:48<13:27:50,  9.70s/it]
[I 2024-07-05 11:36:51,834] Trial 75 finished with value: 0.7149534245759519 and parameters: {'lr': 0.0001, 'l2': 0.001, 'bsize': 512, 'alpha1': 1}. Best is trial 45 with value: 0.726478788724793.
AUC:  0.7149534245759519 LOGlOSS:  0.6219155240347781 test_AUC:  0.0 test_LOGlOSS:  10000.0
  0%|          | 0/5000 [00:00<?, ?it/s]  0%|          | 1/5000 [00:07<10:46:28,  7.76s/it]  0%|          | 2/5000 [00:16<11:22:47,  8.20s/it]  0%|          | 3/5000 [00:24<11:26:35,  8.24s/it]  0%|          | 4/5000 [00:32<11:24:42,  8.22s/it]  0%|          | 5/5000 [00:41<11:32:39,  8.32s/it]  0%|          | 5/5000 [00:49<13:48:34,  9.95s/it]
[I 2024-07-05 11:37:45,427] Trial 76 finished with value: 0.7237816491283715 and parameters: {'lr': 3e-05, 'l2': 3e-05, 'bsize': 512, 'alpha1': 0.01}. Best is trial 45 with value: 0.726478788724793.
AUC:  0.7237816491283715 LOGlOSS:  0.6190089499436332 test_AUC:  0.0 test_LOGlOSS:  10000.0
  0%|          | 0/5000 [00:00<?, ?it/s]  0%|          | 1/5000 [00:07<10:59:04,  7.91s/it]  0%|          | 2/5000 [00:15<11:02:52,  7.96s/it]  0%|          | 3/5000 [00:24<11:09:52,  8.04s/it]  0%|          | 4/5000 [00:32<11:21:49,  8.19s/it]  0%|          | 5/5000 [00:40<11:24:48,  8.23s/it]  0%|          | 5/5000 [00:49<13:41:14,  9.86s/it]
[I 2024-07-05 11:38:40,681] Trial 77 finished with value: 0.7260774822483541 and parameters: {'lr': 0.0001, 'l2': 0.001, 'bsize': 512, 'alpha1': 0.0001}. Best is trial 45 with value: 0.726478788724793.
AUC:  0.7260774822483541 LOGlOSS:  0.6110666963806172 test_AUC:  0.0 test_LOGlOSS:  10000.0
  0%|          | 0/5000 [00:00<?, ?it/s]  0%|          | 1/5000 [00:08<11:55:26,  8.59s/it]  0%|          | 2/5000 [00:17<11:55:38,  8.59s/it]  0%|          | 3/5000 [00:24<11:13:22,  8.09s/it]  0%|          | 4/5000 [00:32<11:03:08,  7.96s/it]  0%|          | 5/5000 [00:39<10:43:25,  7.73s/it]  0%|          | 5/5000 [00:48<13:26:48,  9.69s/it]
[I 2024-07-05 11:39:34,502] Trial 78 finished with value: 0.7246356744101075 and parameters: {'lr': 0.0001, 'l2': 1e-05, 'bsize': 512, 'alpha1': 0.001}. Best is trial 45 with value: 0.726478788724793.
AUC:  0.7246356744101075 LOGlOSS:  0.61405692468803 test_AUC:  0.0 test_LOGlOSS:  10000.0
  0%|          | 0/5000 [00:00<?, ?it/s]  0%|          | 1/5000 [00:08<11:34:27,  8.34s/it]  0%|          | 2/5000 [00:16<11:47:45,  8.50s/it]  0%|          | 3/5000 [00:25<11:48:40,  8.51s/it]  0%|          | 4/5000 [00:31<10:37:38,  7.66s/it]  0%|          | 5/5000 [00:39<10:39:14,  7.68s/it]  0%|          | 5/5000 [00:48<13:22:57,  9.65s/it]
[I 2024-07-05 11:40:28,021] Trial 79 finished with value: 0.7258054634728146 and parameters: {'lr': 0.0001, 'l2': 0.0003, 'bsize': 512, 'alpha1': 0.01}. Best is trial 45 with value: 0.726478788724793.
AUC:  0.7258054634728146 LOGlOSS:  0.6123156805629507 test_AUC:  0.0 test_LOGlOSS:  10000.0
  0%|          | 0/5000 [00:00<?, ?it/s]  0%|          | 1/5000 [00:14<20:22:37, 14.67s/it]  0%|          | 2/5000 [00:28<19:20:21, 13.93s/it]  0%|          | 3/5000 [00:42<19:26:08, 14.00s/it]  0%|          | 4/5000 [00:56<19:44:05, 14.22s/it]  0%|          | 5/5000 [01:09<19:00:09, 13.70s/it]  0%|          | 5/5000 [01:23<23:11:47, 16.72s/it]
[I 2024-07-05 11:41:57,037] Trial 80 finished with value: 0.7257728290040846 and parameters: {'lr': 0.0001, 'l2': 0.001, 'bsize': 256, 'alpha1': 0.01}. Best is trial 45 with value: 0.726478788724793.
AUC:  0.7257728290040846 LOGlOSS:  0.6077610281075595 test_AUC:  0.0 test_LOGlOSS:  10000.0
  0%|          | 0/5000 [00:00<?, ?it/s]  0%|          | 1/5000 [00:07<10:40:16,  7.68s/it]  0%|          | 2/5000 [00:16<11:42:26,  8.43s/it]  0%|          | 3/5000 [00:24<11:22:13,  8.19s/it]  0%|          | 4/5000 [00:33<11:39:59,  8.41s/it]  0%|          | 5/5000 [00:42<12:02:22,  8.68s/it]  0%|          | 5/5000 [00:51<14:09:18, 10.20s/it]
[I 2024-07-05 11:42:55,242] Trial 81 finished with value: 0.726478788724793 and parameters: {'lr': 0.0001, 'l2': 0.001, 'bsize': 512, 'alpha1': 0.01}. Best is trial 45 with value: 0.726478788724793.
AUC:  0.726478788724793 LOGlOSS:  0.6101627929497198 test_AUC:  0.0 test_LOGlOSS:  10000.0
  0%|          | 0/5000 [00:00<?, ?it/s]  0%|          | 1/5000 [00:08<11:45:35,  8.47s/it]  0%|          | 2/5000 [00:17<11:51:29,  8.54s/it]  0%|          | 3/5000 [00:25<11:51:20,  8.54s/it]  0%|          | 4/5000 [00:33<11:15:39,  8.11s/it]  0%|          | 5/5000 [00:41<11:26:16,  8.24s/it]  0%|          | 5/5000 [00:50<13:54:03, 10.02s/it]
[I 2024-07-05 11:43:50,052] Trial 82 finished with value: 0.726478788724793 and parameters: {'lr': 0.0001, 'l2': 0.001, 'bsize': 512, 'alpha1': 0.01}. Best is trial 45 with value: 0.726478788724793.
AUC:  0.726478788724793 LOGlOSS:  0.6101627929497198 test_AUC:  0.0 test_LOGlOSS:  10000.0
  0%|          | 0/5000 [00:00<?, ?it/s]  0%|          | 1/5000 [00:08<12:02:37,  8.67s/it]  0%|          | 2/5000 [00:17<11:59:56,  8.64s/it]  0%|          | 3/5000 [00:25<11:54:53,  8.58s/it]  0%|          | 4/5000 [00:33<11:10:44,  8.06s/it]  0%|          | 5/5000 [00:41<11:10:25,  8.05s/it]  0%|          | 5/5000 [00:49<13:45:19,  9.91s/it]
[I 2024-07-05 11:44:44,893] Trial 83 finished with value: 0.726478788724793 and parameters: {'lr': 0.0001, 'l2': 0.001, 'bsize': 512, 'alpha1': 0.01}. Best is trial 45 with value: 0.726478788724793.
AUC:  0.726478788724793 LOGlOSS:  0.6101627929497198 test_AUC:  0.0 test_LOGlOSS:  10000.0
  0%|          | 0/5000 [00:00<?, ?it/s]  0%|          | 1/5000 [00:08<11:49:35,  8.52s/it]  0%|          | 2/5000 [00:16<11:47:38,  8.50s/it]  0%|          | 3/5000 [00:25<11:33:36,  8.33s/it]  0%|          | 4/5000 [00:33<11:39:33,  8.40s/it]  0%|          | 5/5000 [00:41<11:25:03,  8.23s/it]  0%|          | 5/5000 [00:49<13:39:23,  9.84s/it]
[I 2024-07-05 11:45:39,447] Trial 84 finished with value: 0.726478788724793 and parameters: {'lr': 0.0001, 'l2': 0.001, 'bsize': 512, 'alpha1': 0.01}. Best is trial 45 with value: 0.726478788724793.
AUC:  0.726478788724793 LOGlOSS:  0.6101627929497198 test_AUC:  0.0 test_LOGlOSS:  10000.0
  0%|          | 0/5000 [00:00<?, ?it/s]  0%|          | 1/5000 [00:08<11:50:01,  8.52s/it]  0%|          | 2/5000 [00:17<11:53:33,  8.57s/it]  0%|          | 3/5000 [00:25<11:52:39,  8.56s/it]  0%|          | 4/5000 [00:34<11:47:24,  8.50s/it]  0%|          | 5/5000 [00:41<11:17:16,  8.14s/it]  0%|          | 5/5000 [00:49<13:44:57,  9.91s/it]
[I 2024-07-05 11:46:32,838] Trial 85 finished with value: 0.7247926180542283 and parameters: {'lr': 1e-05, 'l2': 1e-06, 'bsize': 512, 'alpha1': 0.01}. Best is trial 45 with value: 0.726478788724793.
AUC:  0.7247926180542283 LOGlOSS:  0.6176391716488778 test_AUC:  0.0 test_LOGlOSS:  10000.0
  0%|          | 0/5000 [00:00<?, ?it/s]  0%|          | 1/5000 [00:08<11:56:31,  8.60s/it]  0%|          | 2/5000 [00:17<11:49:53,  8.52s/it]  0%|          | 3/5000 [00:24<11:12:40,  8.08s/it]  0%|          | 4/5000 [00:32<11:13:17,  8.09s/it]  0%|          | 5/5000 [00:41<11:21:21,  8.18s/it]  0%|          | 5/5000 [00:49<13:45:06,  9.91s/it]
[I 2024-07-05 11:47:28,203] Trial 86 finished with value: 0.726478788724793 and parameters: {'lr': 0.0001, 'l2': 0.001, 'bsize': 512, 'alpha1': 0.01}. Best is trial 45 with value: 0.726478788724793.
AUC:  0.726478788724793 LOGlOSS:  0.6101627929497198 test_AUC:  0.0 test_LOGlOSS:  10000.0
  0%|          | 0/5000 [00:00<?, ?it/s]  0%|          | 1/5000 [00:08<12:06:18,  8.72s/it]  0%|          | 2/5000 [00:17<11:57:14,  8.61s/it]  0%|          | 3/5000 [00:25<11:38:58,  8.39s/it]  0%|          | 4/5000 [00:32<10:48:40,  7.79s/it]  0%|          | 5/5000 [00:40<11:12:21,  8.08s/it]  0%|          | 5/5000 [00:49<13:40:10,  9.85s/it]
[I 2024-07-05 11:48:23,096] Trial 87 finished with value: 0.7221136761879214 and parameters: {'lr': 0.0003, 'l2': 3e-06, 'bsize': 512, 'alpha1': 0.01}. Best is trial 45 with value: 0.726478788724793.
AUC:  0.7221136761879214 LOGlOSS:  0.612794661230056 test_AUC:  0.0 test_LOGlOSS:  10000.0
  0%|          | 0/5000 [00:00<?, ?it/s]  0%|          | 1/5000 [00:08<11:34:10,  8.33s/it]  0%|          | 2/5000 [00:16<11:33:47,  8.33s/it]  0%|          | 3/5000 [00:25<11:35:54,  8.36s/it]  0%|          | 4/5000 [00:33<11:36:56,  8.37s/it]  0%|          | 5/5000 [00:41<11:13:35,  8.09s/it]  0%|          | 5/5000 [00:49<13:46:26,  9.93s/it]
[I 2024-07-05 11:49:17,377] Trial 88 finished with value: 0.7250054450929162 and parameters: {'lr': 0.0001, 'l2': 0.001, 'bsize': 512, 'alpha1': 0.1}. Best is trial 45 with value: 0.726478788724793.
AUC:  0.7250054450929162 LOGlOSS:  0.6085645313811533 test_AUC:  0.0 test_LOGlOSS:  10000.0
  0%|          | 0/5000 [00:00<?, ?it/s]  0%|          | 1/5000 [00:08<11:55:32,  8.59s/it]  0%|          | 2/5000 [00:16<11:44:04,  8.45s/it]  0%|          | 3/5000 [00:24<11:24:45,  8.22s/it]  0%|          | 4/5000 [00:32<11:04:15,  7.98s/it]  0%|          | 5/5000 [00:40<11:18:07,  8.15s/it]  0%|          | 6/5000 [00:49<11:23:21,  8.21s/it]  0%|          | 7/5000 [00:56<10:54:49,  7.87s/it]  0%|          | 7/5000 [01:04<12:49:44,  9.25s/it]
[I 2024-07-05 11:50:27,905] Trial 89 finished with value: 0.7129601779100848 and parameters: {'lr': 0.001, 'l2': 0.001, 'bsize': 512, 'alpha1': 0.01}. Best is trial 45 with value: 0.726478788724793.
AUC:  0.7129601779100848 LOGlOSS:  0.6195174157546887 test_AUC:  0.0 test_LOGlOSS:  10000.0
  0%|          | 0/5000 [00:00<?, ?it/s]  0%|          | 1/5000 [00:08<11:50:27,  8.53s/it]  0%|          | 2/5000 [00:17<11:49:39,  8.52s/it]  0%|          | 3/5000 [00:25<11:46:44,  8.49s/it]  0%|          | 4/5000 [00:33<11:38:40,  8.39s/it]  0%|          | 5/5000 [00:42<11:45:22,  8.47s/it]  0%|          | 5/5000 [00:49<13:47:04,  9.93s/it]
[I 2024-07-05 11:51:23,101] Trial 90 finished with value: 0.715993027413673 and parameters: {'lr': 0.0001, 'l2': 0.0001, 'bsize': 512, 'alpha1': 1}. Best is trial 45 with value: 0.726478788724793.
AUC:  0.715993027413673 LOGlOSS:  0.6209063406944577 test_AUC:  0.0 test_LOGlOSS:  10000.0
  0%|          | 0/5000 [00:00<?, ?it/s]  0%|          | 1/5000 [00:07<10:00:38,  7.21s/it]  0%|          | 2/5000 [00:14<10:28:47,  7.55s/it]  0%|          | 3/5000 [00:24<11:27:42,  8.26s/it]  0%|          | 4/5000 [00:33<11:58:34,  8.63s/it]  0%|          | 5/5000 [00:42<12:15:07,  8.83s/it]  0%|          | 5/5000 [00:51<14:09:21, 10.20s/it]
[I 2024-07-05 11:52:20,138] Trial 91 finished with value: 0.726478788724793 and parameters: {'lr': 0.0001, 'l2': 0.001, 'bsize': 512, 'alpha1': 0.01}. Best is trial 45 with value: 0.726478788724793.
AUC:  0.726478788724793 LOGlOSS:  0.6101627929497198 test_AUC:  0.0 test_LOGlOSS:  10000.0
  0%|          | 0/5000 [00:00<?, ?it/s]  0%|          | 1/5000 [00:08<11:51:24,  8.54s/it]  0%|          | 2/5000 [00:17<11:48:41,  8.51s/it]  0%|          | 3/5000 [00:24<11:12:25,  8.07s/it]  0%|          | 4/5000 [00:32<11:02:47,  7.96s/it]  0%|          | 5/5000 [00:40<11:21:42,  8.19s/it]  0%|          | 5/5000 [00:49<13:44:22,  9.90s/it]
[I 2024-07-05 11:53:14,257] Trial 92 finished with value: 0.726478788724793 and parameters: {'lr': 0.0001, 'l2': 0.001, 'bsize': 512, 'alpha1': 0.01}. Best is trial 45 with value: 0.726478788724793.
AUC:  0.726478788724793 LOGlOSS:  0.6101627929497198 test_AUC:  0.0 test_LOGlOSS:  10000.0
  0%|          | 0/5000 [00:00<?, ?it/s]  0%|          | 1/5000 [00:08<11:41:08,  8.42s/it]  0%|          | 2/5000 [00:16<11:47:10,  8.49s/it]  0%|          | 3/5000 [00:25<11:51:35,  8.54s/it]  0%|          | 4/5000 [00:33<11:19:27,  8.16s/it]  0%|          | 5/5000 [00:41<11:28:36,  8.27s/it]  0%|          | 5/5000 [00:50<13:54:39, 10.03s/it]
