[I 2024-07-04 10:31:11,512] Trial 24 finished with value: 0.7260058201796099 and parameters: {'lr': 0.0003, 'l2': 0.0001, 'bsize': 256}. Best is trial 2 with value: 0.7260186988195692.
AUC:  0.7260058201796099 LOGlOSS:  0.7591939193696043 test_AUC:  0.0 test_LOGlOSS:  10000.0
  0%|          | 0/5000 [00:00<?, ?it/s]  0%|          | 1/5000 [00:05<7:04:04,  5.09s/it]  0%|          | 2/5000 [00:10<7:03:26,  5.08s/it]  0%|          | 3/5000 [00:15<7:26:36,  5.36s/it]  0%|          | 4/5000 [00:21<7:50:43,  5.65s/it]  0%|          | 5/5000 [00:27<7:54:08,  5.70s/it]  0%|          | 6/5000 [00:34<8:31:04,  6.14s/it]  0%|          | 7/5000 [00:40<8:12:06,  5.91s/it]  0%|          | 8/5000 [00:45<7:58:23,  5.75s/it]  0%|          | 9/5000 [00:51<8:03:52,  5.82s/it]  0%|          | 10/5000 [00:58<8:21:19,  6.03s/it]  0%|          | 11/5000 [01:04<8:21:20,  6.03s/it]  0%|          | 12/5000 [01:10<8:19:10,  6.00s/it]  0%|          | 13/5000 [01:16<8:42:14,  6.28s/it]  0%|          | 13/5000 [01:23<8:54:00,  6.42s/it]
[I 2024-07-04 10:32:57,809] Trial 25 finished with value: 0.7230628113835531 and parameters: {'lr': 1e-05, 'l2': 0.0001, 'bsize': 256}. Best is trial 2 with value: 0.7260186988195692.
AUC:  0.7230628113835531 LOGlOSS:  0.7918483685777674 test_AUC:  0.0 test_LOGlOSS:  10000.0
  0%|          | 0/5000 [00:00<?, ?it/s]  0%|          | 1/5000 [00:08<11:36:07,  8.36s/it]  0%|          | 2/5000 [00:17<12:14:42,  8.82s/it]  0%|          | 3/5000 [00:26<12:34:27,  9.06s/it]  0%|          | 4/5000 [00:33<11:17:14,  8.13s/it]  0%|          | 5/5000 [00:40<10:29:44,  7.56s/it]  0%|          | 5/5000 [00:46<12:59:02,  9.36s/it]
[I 2024-07-04 10:34:05,897] Trial 26 finished with value: 0.7260186988195692 and parameters: {'lr': 0.0003, 'l2': 3e-05, 'bsize': 256}. Best is trial 2 with value: 0.7260186988195692.
AUC:  0.7260186988195692 LOGlOSS:  0.7598363365360638 test_AUC:  0.0 test_LOGlOSS:  10000.0
  0%|          | 0/5000 [00:00<?, ?it/s]  0%|          | 1/5000 [00:07<9:50:33,  7.09s/it]  0%|          | 2/5000 [00:13<9:02:32,  6.51s/it]  0%|          | 3/5000 [00:19<9:01:03,  6.50s/it]  0%|          | 4/5000 [00:25<8:47:31,  6.34s/it]  0%|          | 5/5000 [00:32<9:06:07,  6.56s/it]  0%|          | 5/5000 [00:39<11:04:27,  7.98s/it]
[I 2024-07-04 10:35:10,327] Trial 27 finished with value: 0.7260186988195692 and parameters: {'lr': 0.0003, 'l2': 3e-05, 'bsize': 256}. Best is trial 2 with value: 0.7260186988195692.
AUC:  0.7260186988195692 LOGlOSS:  0.7598363365360638 test_AUC:  0.0 test_LOGlOSS:  10000.0
  0%|          | 0/5000 [00:00<?, ?it/s]  0%|          | 1/5000 [00:03<4:21:47,  3.14s/it]  0%|          | 2/5000 [00:06<4:38:16,  3.34s/it]  0%|          | 3/5000 [00:10<4:57:00,  3.57s/it]  0%|          | 4/5000 [00:14<5:08:28,  3.70s/it]  0%|          | 5/5000 [00:18<5:08:52,  3.71s/it]  0%|          | 5/5000 [00:21<5:55:24,  4.27s/it]
[I 2024-07-04 10:35:54,110] Trial 28 finished with value: 0.7252465568569315 and parameters: {'lr': 0.0003, 'l2': 3e-05, 'bsize': 512}. Best is trial 2 with value: 0.7260186988195692.
AUC:  0.7252465568569315 LOGlOSS:  0.7993424385675717 test_AUC:  0.0 test_LOGlOSS:  10000.0
  0%|          | 0/5000 [00:00<?, ?it/s]  0%|          | 1/5000 [00:01<2:37:48,  1.89s/it]  0%|          | 2/5000 [00:03<2:41:20,  1.94s/it]  0%|          | 3/5000 [00:05<2:41:47,  1.94s/it]  0%|          | 4/5000 [00:07<2:43:59,  1.97s/it]  0%|          | 5/5000 [00:09<2:29:35,  1.80s/it]  0%|          | 6/5000 [00:11<2:37:29,  1.89s/it]  0%|          | 6/5000 [00:12<2:59:15,  2.15s/it]
[I 2024-07-04 10:36:27,141] Trial 29 finished with value: 0.7235055343393292 and parameters: {'lr': 0.0003, 'l2': 3e-05, 'bsize': 1024}. Best is trial 2 with value: 0.7260186988195692.
AUC:  0.7235055343393292 LOGlOSS:  0.8032091582924792 test_AUC:  0.0 test_LOGlOSS:  10000.0
  0%|          | 0/5000 [00:00<?, ?it/s]  0%|          | 1/5000 [00:03<4:30:49,  3.25s/it]  0%|          | 2/5000 [00:07<5:27:57,  3.94s/it]  0%|          | 3/5000 [00:12<6:02:04,  4.35s/it]  0%|          | 4/5000 [00:16<5:41:35,  4.10s/it]  0%|          | 5/5000 [00:19<5:20:41,  3.85s/it]  0%|          | 5/5000 [00:22<6:15:56,  4.52s/it]
[I 2024-07-04 10:37:15,662] Trial 30 finished with value: 0.7249617228739076 and parameters: {'lr': 0.001, 'l2': 3e-05, 'bsize': 512}. Best is trial 2 with value: 0.7260186988195692.
AUC:  0.7249617228739076 LOGlOSS:  0.7349512373648172 test_AUC:  0.0 test_LOGlOSS:  10000.0
  0%|          | 0/5000 [00:00<?, ?it/s]  0%|          | 1/5000 [00:04<6:54:30,  4.98s/it]  0%|          | 2/5000 [00:12<8:56:20,  6.44s/it]  0%|          | 3/5000 [00:19<9:02:12,  6.51s/it]  0%|          | 4/5000 [00:27<10:13:29,  7.37s/it]  0%|          | 5/5000 [00:34<9:41:40,  6.99s/it]   0%|          | 5/5000 [00:39<10:52:08,  7.83s/it]
[I 2024-07-04 10:38:15,864] Trial 31 finished with value: 0.7260186988195692 and parameters: {'lr': 0.0003, 'l2': 3e-05, 'bsize': 256}. Best is trial 2 with value: 0.7260186988195692.
AUC:  0.7260186988195692 LOGlOSS:  0.7598363365360638 test_AUC:  0.0 test_LOGlOSS:  10000.0
  0%|          | 0/5000 [00:00<?, ?it/s]  0%|          | 1/5000 [00:05<7:53:06,  5.68s/it]  0%|          | 2/5000 [00:10<7:31:54,  5.43s/it]  0%|          | 3/5000 [00:17<8:33:09,  6.16s/it]  0%|          | 4/5000 [00:26<9:46:02,  7.04s/it]  0%|          | 5/5000 [00:32<9:17:55,  6.70s/it]  0%|          | 5/5000 [00:38<10:34:15,  7.62s/it]
[I 2024-07-04 10:39:16,267] Trial 32 finished with value: 0.7260186988195692 and parameters: {'lr': 0.0003, 'l2': 3e-05, 'bsize': 256}. Best is trial 2 with value: 0.7260186988195692.
AUC:  0.7260186988195692 LOGlOSS:  0.7598363365360638 test_AUC:  0.0 test_LOGlOSS:  10000.0
  0%|          | 0/5000 [00:00<?, ?it/s]  0%|          | 1/5000 [00:05<7:33:18,  5.44s/it]  0%|          | 2/5000 [00:11<8:02:05,  5.79s/it]  0%|          | 3/5000 [00:17<8:24:22,  6.06s/it]  0%|          | 4/5000 [00:24<8:47:17,  6.33s/it]  0%|          | 5/5000 [00:29<8:16:44,  5.97s/it]  0%|          | 6/5000 [00:34<7:40:42,  5.54s/it]  0%|          | 7/5000 [00:40<7:59:27,  5.76s/it]  0%|          | 8/5000 [00:47<8:25:25,  6.07s/it]  0%|          | 9/5000 [00:54<8:48:21,  6.35s/it]  0%|          | 10/5000 [01:00<8:46:44,  6.33s/it]  0%|          | 11/5000 [01:06<8:35:27,  6.20s/it]  0%|          | 12/5000 [01:11<8:06:22,  5.85s/it]  0%|          | 13/5000 [01:17<8:14:21,  5.95s/it]  0%|          | 13/5000 [01:22<8:50:26,  6.38s/it]
[I 2024-07-04 10:41:02,383] Trial 33 finished with value: 0.7228197892550985 and parameters: {'lr': 1e-05, 'l2': 3e-05, 'bsize': 256}. Best is trial 2 with value: 0.7260186988195692.
AUC:  0.7228197892550985 LOGlOSS:  0.7926422959757938 test_AUC:  0.0 test_LOGlOSS:  10000.0
  0%|          | 0/5000 [00:00<?, ?it/s]  0%|          | 1/5000 [00:04<6:18:12,  4.54s/it]  0%|          | 2/5000 [00:10<7:45:05,  5.58s/it]  0%|          | 3/5000 [00:17<8:32:58,  6.16s/it]  0%|          | 4/5000 [00:22<8:04:29,  5.82s/it]  0%|          | 5/5000 [00:29<8:27:23,  6.09s/it]  0%|          | 5/5000 [00:37<10:23:04,  7.48s/it]
[I 2024-07-04 10:42:01,725] Trial 34 finished with value: 0.7260186988195692 and parameters: {'lr': 0.0003, 'l2': 3e-05, 'bsize': 256}. Best is trial 2 with value: 0.7260186988195692.
AUC:  0.7260186988195692 LOGlOSS:  0.7598363365360638 test_AUC:  0.0 test_LOGlOSS:  10000.0
  0%|          | 0/5000 [00:00<?, ?it/s]  0%|          | 1/5000 [00:07<10:12:53,  7.36s/it]  0%|          | 2/5000 [00:15<10:40:30,  7.69s/it]  0%|          | 3/5000 [00:23<10:58:17,  7.90s/it]  0%|          | 4/5000 [00:32<11:31:57,  8.31s/it]  0%|          | 5/5000 [00:38<10:16:31,  7.41s/it]  0%|          | 6/5000 [00:49<12:01:43,  8.67s/it]  0%|          | 6/5000 [00:57<13:18:58,  9.60s/it]
[I 2024-07-04 10:43:22,482] Trial 35 finished with value: 0.7245810110129467 and parameters: {'lr': 0.0001, 'l2': 3e-05, 'bsize': 256}. Best is trial 2 with value: 0.7260186988195692.
AUC:  0.7245810110129467 LOGlOSS:  0.7596553116617909 test_AUC:  0.0 test_LOGlOSS:  10000.0
  0%|          | 0/5000 [00:00<?, ?it/s]  0%|          | 1/5000 [00:05<8:17:38,  5.97s/it]  0%|          | 2/5000 [00:12<8:55:38,  6.43s/it]  0%|          | 3/5000 [00:20<9:36:39,  6.92s/it]  0%|          | 4/5000 [00:26<9:14:33,  6.66s/it]  0%|          | 5/5000 [00:32<9:01:31,  6.50s/it]  0%|          | 6/5000 [00:39<9:03:36,  6.53s/it]  0%|          | 7/5000 [00:45<8:51:39,  6.39s/it]  0%|          | 7/5000 [00:52<10:18:31,  7.43s/it]
[I 2024-07-04 10:44:35,943] Trial 36 finished with value: 0.7248445076662715 and parameters: {'lr': 3e-05, 'l2': 0.001, 'bsize': 256}. Best is trial 2 with value: 0.7260186988195692.
AUC:  0.7248445076662715 LOGlOSS:  0.7835502407256575 test_AUC:  0.0 test_LOGlOSS:  10000.0
  0%|          | 0/5000 [00:00<?, ?it/s]  0%|          | 1/5000 [00:02<3:44:09,  2.69s/it]  0%|          | 2/5000 [00:05<4:13:27,  3.04s/it]  0%|          | 3/5000 [00:09<4:15:11,  3.06s/it]  0%|          | 4/5000 [00:12<4:20:04,  3.12s/it]  0%|          | 5/5000 [00:15<4:24:55,  3.18s/it]  0%|          | 5/5000 [00:18<5:14:37,  3.78s/it]
[I 2024-07-04 10:45:16,039] Trial 37 finished with value: 0.7252465568569315 and parameters: {'lr': 0.0003, 'l2': 3e-05, 'bsize': 512}. Best is trial 2 with value: 0.7260186988195692.
AUC:  0.7252465568569315 LOGlOSS:  0.7993424385675717 test_AUC:  0.0 test_LOGlOSS:  10000.0
  0%|          | 0/5000 [00:00<?, ?it/s]  0%|          | 1/5000 [00:06<9:40:47,  6.97s/it]  0%|          | 2/5000 [00:14<9:54:33,  7.14s/it]  0%|          | 3/5000 [00:21<9:44:08,  7.01s/it]  0%|          | 4/5000 [00:26<8:40:09,  6.25s/it]  0%|          | 5/5000 [00:32<8:44:40,  6.30s/it]  0%|          | 6/5000 [00:37<8:17:24,  5.98s/it]  0%|          | 7/5000 [00:44<8:23:07,  6.05s/it]  0%|          | 8/5000 [00:50<8:38:15,  6.23s/it]  0%|          | 9/5000 [00:56<8:37:50,  6.23s/it]  0%|          | 10/5000 [01:02<8:22:04,  6.04s/it]  0%|          | 11/5000 [01:07<7:56:17,  5.73s/it]  0%|          | 12/5000 [01:12<7:47:59,  5.63s/it]  0%|          | 13/5000 [01:19<7:59:17,  5.77s/it]  0%|          | 13/5000 [01:24<9:02:02,  6.52s/it]
[I 2024-07-04 10:47:04,963] Trial 38 finished with value: 0.7226251513246353 and parameters: {'lr': 1e-05, 'l2': 3e-06, 'bsize': 256}. Best is trial 2 with value: 0.7260186988195692.
AUC:  0.7226251513246353 LOGlOSS:  0.7932227779375842 test_AUC:  0.0 test_LOGlOSS:  10000.0
  0%|          | 0/5000 [00:00<?, ?it/s]  0%|          | 1/5000 [00:01<2:33:30,  1.84s/it]  0%|          | 2/5000 [00:03<2:32:35,  1.83s/it]  0%|          | 3/5000 [00:05<2:31:17,  1.82s/it]  0%|          | 4/5000 [00:07<2:26:45,  1.76s/it]  0%|          | 5/5000 [00:08<2:27:05,  1.77s/it]  0%|          | 6/5000 [00:10<2:26:58,  1.77s/it]  0%|          | 7/5000 [00:12<2:16:18,  1.64s/it]  0%|          | 7/5000 [00:13<2:37:39,  1.89s/it]
[I 2024-07-04 10:47:42,947] Trial 39 finished with value: 0.7240445243897817 and parameters: {'lr': 0.0001, 'l2': 3e-05, 'bsize': 1024}. Best is trial 2 with value: 0.7260186988195692.
AUC:  0.7240445243897817 LOGlOSS:  0.7940800384657692 test_AUC:  0.0 test_LOGlOSS:  10000.0
  0%|          | 0/5000 [00:00<?, ?it/s]  0%|          | 1/5000 [00:02<3:11:26,  2.30s/it]  0%|          | 2/5000 [00:04<3:17:19,  2.37s/it]  0%|          | 3/5000 [00:07<3:24:03,  2.45s/it]  0%|          | 4/5000 [00:10<3:46:30,  2.72s/it]  0%|          | 5/5000 [00:12<3:36:58,  2.61s/it]  0%|          | 6/5000 [00:16<4:20:44,  3.13s/it]  0%|          | 7/5000 [00:20<4:43:33,  3.41s/it]  0%|          | 8/5000 [00:25<5:08:52,  3.71s/it]  0%|          | 8/5000 [00:28<4:52:40,  3.52s/it]
[I 2024-07-04 10:48:30,868] Trial 40 finished with value: 0.7244145063088905 and parameters: {'lr': 3e-05, 'l2': 3e-05, 'bsize': 512}. Best is trial 2 with value: 0.7260186988195692.
AUC:  0.7244145063088905 LOGlOSS:  0.7932059450044838 test_AUC:  0.0 test_LOGlOSS:  10000.0
  0%|          | 0/5000 [00:00<?, ?it/s]  0%|          | 1/5000 [00:04<6:21:01,  4.57s/it]  0%|          | 2/5000 [00:10<7:42:26,  5.55s/it]  0%|          | 3/5000 [00:16<7:55:31,  5.71s/it]  0%|          | 4/5000 [00:22<8:05:21,  5.83s/it]  0%|          | 5/5000 [00:29<8:25:32,  6.07s/it]  0%|          | 5/5000 [00:34<9:40:11,  6.97s/it]
[I 2024-07-04 10:49:29,416] Trial 41 finished with value: 0.7260186988195692 and parameters: {'lr': 0.0003, 'l2': 3e-05, 'bsize': 256}. Best is trial 2 with value: 0.7260186988195692.
AUC:  0.7260186988195692 LOGlOSS:  0.7598363365360638 test_AUC:  0.0 test_LOGlOSS:  10000.0
  0%|          | 0/5000 [00:00<?, ?it/s]  0%|          | 1/5000 [00:07<10:00:08,  7.20s/it]  0%|          | 2/5000 [00:13<8:52:44,  6.40s/it]   0%|          | 3/5000 [00:18<8:27:20,  6.09s/it]  0%|          | 4/5000 [00:25<8:46:04,  6.32s/it]  0%|          | 5/5000 [00:31<8:39:07,  6.24s/it]  0%|          | 5/5000 [00:38<10:32:51,  7.60s/it]
[I 2024-07-04 10:50:29,158] Trial 42 finished with value: 0.7260186988195692 and parameters: {'lr': 0.0003, 'l2': 3e-05, 'bsize': 256}. Best is trial 2 with value: 0.7260186988195692.
AUC:  0.7260186988195692 LOGlOSS:  0.7598363365360638 test_AUC:  0.0 test_LOGlOSS:  10000.0
  0%|          | 0/5000 [00:00<?, ?it/s]  0%|          | 1/5000 [00:04<6:08:37,  4.42s/it]  0%|          | 2/5000 [00:09<7:03:09,  5.08s/it]  0%|          | 3/5000 [00:16<7:45:52,  5.59s/it]  0%|          | 4/5000 [00:21<7:43:22,  5.57s/it]  0%|          | 5/5000 [00:27<7:36:45,  5.49s/it]  0%|          | 5/5000 [00:33<9:20:18,  6.73s/it]
[I 2024-07-04 10:51:24,920] Trial 43 finished with value: 0.7260186988195692 and parameters: {'lr': 0.0003, 'l2': 3e-05, 'bsize': 256}. Best is trial 2 with value: 0.7260186988195692.
AUC:  0.7260186988195692 LOGlOSS:  0.7598363365360638 test_AUC:  0.0 test_LOGlOSS:  10000.0
  0%|          | 0/5000 [00:00<?, ?it/s]  0%|          | 1/5000 [00:06<8:48:57,  6.35s/it]  0%|          | 2/5000 [00:12<8:27:12,  6.09s/it]  0%|          | 3/5000 [00:18<8:23:30,  6.05s/it]  0%|          | 4/5000 [00:24<8:20:57,  6.02s/it]  0%|          | 5/5000 [00:30<8:33:10,  6.16s/it]  0%|          | 5/5000 [00:37<10:19:29,  7.44s/it]
[I 2024-07-04 10:52:24,005] Trial 44 finished with value: 0.7258955104898517 and parameters: {'lr': 0.0003, 'l2': 1e-06, 'bsize': 256}. Best is trial 2 with value: 0.7260186988195692.
AUC:  0.7258955104898517 LOGlOSS:  0.75918188784341 test_AUC:  0.0 test_LOGlOSS:  10000.0
  0%|          | 0/5000 [00:00<?, ?it/s]  0%|          | 1/5000 [00:06<9:34:32,  6.90s/it]  0%|          | 2/5000 [00:12<8:41:07,  6.26s/it]  0%|          | 3/5000 [00:18<8:21:28,  6.02s/it]  0%|          | 4/5000 [00:23<8:03:24,  5.81s/it]  0%|          | 5/5000 [00:30<8:36:37,  6.21s/it]  0%|          | 5/5000 [00:37<10:30:30,  7.57s/it]
[I 2024-07-04 10:53:24,377] Trial 45 finished with value: 0.7260186988195692 and parameters: {'lr': 0.0003, 'l2': 3e-05, 'bsize': 256}. Best is trial 2 with value: 0.7260186988195692.
AUC:  0.7260186988195692 LOGlOSS:  0.7598363365360638 test_AUC:  0.0 test_LOGlOSS:  10000.0
  0%|          | 0/5000 [00:00<?, ?it/s]  0%|          | 1/5000 [00:04<6:02:54,  4.36s/it]  0%|          | 2/5000 [00:10<7:10:32,  5.17s/it]  0%|          | 3/5000 [00:18<9:08:16,  6.58s/it]  0%|          | 4/5000 [00:27<10:23:53,  7.49s/it]  0%|          | 5/5000 [00:35<10:46:32,  7.77s/it]  0%|          | 5/5000 [00:42<11:55:44,  8.60s/it]
[I 2024-07-04 10:54:27,215] Trial 46 finished with value: 0.7259889890190281 and parameters: {'lr': 0.0003, 'l2': 1e-05, 'bsize': 256}. Best is trial 2 with value: 0.7260186988195692.
AUC:  0.7259889890190281 LOGlOSS:  0.7597526783651383 test_AUC:  0.0 test_LOGlOSS:  10000.0
  0%|          | 0/5000 [00:00<?, ?it/s]  0%|          | 1/5000 [00:02<3:04:25,  2.21s/it]  0%|          | 2/5000 [00:03<2:41:22,  1.94s/it]  0%|          | 3/5000 [00:06<3:05:26,  2.23s/it]  0%|          | 4/5000 [00:09<3:25:07,  2.46s/it]  0%|          | 5/5000 [00:11<3:27:28,  2.49s/it]  0%|          | 5/5000 [00:14<3:57:19,  2.85s/it]
[I 2024-07-04 10:55:04,326] Trial 47 finished with value: 0.7252304856543504 and parameters: {'lr': 0.001, 'l2': 0.001, 'bsize': 1024}. Best is trial 2 with value: 0.7260186988195692.
AUC:  0.7252304856543504 LOGlOSS:  0.7984807527225165 test_AUC:  0.0 test_LOGlOSS:  10000.0
  0%|          | 0/5000 [00:00<?, ?it/s]  0%|          | 1/5000 [00:08<12:10:17,  8.77s/it]  0%|          | 2/5000 [00:16<11:34:38,  8.34s/it]  0%|          | 3/5000 [00:26<12:10:12,  8.77s/it]  0%|          | 4/5000 [00:33<11:17:50,  8.14s/it]  0%|          | 5/5000 [00:39<10:33:03,  7.60s/it]  0%|          | 5/5000 [00:47<13:03:45,  9.41s/it]
[I 2024-07-04 10:56:18,133] Trial 48 finished with value: 0.7260186988195692 and parameters: {'lr': 0.0003, 'l2': 3e-05, 'bsize': 256}. Best is trial 2 with value: 0.7260186988195692.
AUC:  0.7260186988195692 LOGlOSS:  0.7598363365360638 test_AUC:  0.0 test_LOGlOSS:  10000.0
  0%|          | 0/5000 [00:00<?, ?it/s]  0%|          | 1/5000 [00:06<9:30:53,  6.85s/it]  0%|          | 2/5000 [00:14<9:50:19,  7.09s/it]  0%|          | 3/5000 [00:21<10:10:42,  7.33s/it]  0%|          | 4/5000 [00:28<9:36:32,  6.92s/it]   0%|          | 5/5000 [00:34<9:18:42,  6.71s/it]  0%|          | 6/5000 [00:42<9:58:50,  7.19s/it]  0%|          | 6/5000 [00:50<11:47:20,  8.50s/it]
[I 2024-07-04 10:57:32,369] Trial 49 finished with value: 0.7245810110129467 and parameters: {'lr': 0.0001, 'l2': 3e-05, 'bsize': 256}. Best is trial 2 with value: 0.7260186988195692.
AUC:  0.7245810110129467 LOGlOSS:  0.7596553116617909 test_AUC:  0.0 test_LOGlOSS:  10000.0
