[I 2024-07-05 08:06:02,985] Trial 24 finished with value: 0.726210173132326 and parameters: {'lr': 0.0003, 'l2': 0.0003, 'bsize': 256}. Best is trial 2 with value: 0.7262364914509307.
AUC:  0.726210173132326 LOGlOSS:  0.7617620515404687 test_AUC:  0.0 test_LOGlOSS:  10000.0
  0%|          | 0/5000 [00:00<?, ?it/s]  0%|          | 1/5000 [00:09<13:04:57,  9.42s/it]  0%|          | 2/5000 [00:17<12:09:58,  8.76s/it]  0%|          | 3/5000 [00:27<13:06:39,  9.45s/it]  0%|          | 4/5000 [00:39<14:00:26, 10.09s/it]  0%|          | 5/5000 [00:51<14:58:50, 10.80s/it]  0%|          | 6/5000 [01:03<15:56:14, 11.49s/it]  0%|          | 7/5000 [01:15<15:53:17, 11.46s/it]  0%|          | 8/5000 [01:25<15:23:15, 11.10s/it]  0%|          | 9/5000 [01:36<15:07:13, 10.91s/it]  0%|          | 10/5000 [01:47<15:21:22, 11.08s/it]  0%|          | 11/5000 [01:58<15:19:56, 11.06s/it]  0%|          | 12/5000 [02:10<15:29:28, 11.18s/it]  0%|          | 12/5000 [02:21<16:22:58, 11.82s/it]
[I 2024-07-05 08:08:29,342] Trial 25 finished with value: 0.7219479178931818 and parameters: {'lr': 1e-05, 'l2': 0.0003, 'bsize': 256}. Best is trial 2 with value: 0.7262364914509307.
AUC:  0.7219479178931818 LOGlOSS:  0.7905078474979985 test_AUC:  0.0 test_LOGlOSS:  10000.0
  0%|          | 0/5000 [00:00<?, ?it/s]  0%|          | 1/5000 [00:09<13:07:16,  9.45s/it]  0%|          | 2/5000 [00:19<13:37:24,  9.81s/it]  0%|          | 3/5000 [00:30<14:05:26, 10.15s/it]  0%|          | 4/5000 [00:38<13:21:49,  9.63s/it]  0%|          | 5/5000 [00:49<13:36:06,  9.80s/it]  0%|          | 5/5000 [00:58<16:12:57, 11.69s/it]
[I 2024-07-05 08:09:32,313] Trial 26 finished with value: 0.7261711325994772 and parameters: {'lr': 0.0003, 'l2': 1e-05, 'bsize': 256}. Best is trial 2 with value: 0.7262364914509307.
AUC:  0.7261711325994772 LOGlOSS:  0.7620528808158615 test_AUC:  0.0 test_LOGlOSS:  10000.0
  0%|          | 0/5000 [00:00<?, ?it/s]  0%|          | 1/5000 [00:10<14:44:25, 10.62s/it]  0%|          | 2/5000 [00:18<12:47:15,  9.21s/it]  0%|          | 3/5000 [00:27<12:18:49,  8.87s/it]  0%|          | 4/5000 [00:36<12:27:32,  8.98s/it]  0%|          | 5/5000 [00:46<12:46:22,  9.21s/it]  0%|          | 5/5000 [00:55<15:26:52, 11.13s/it]
[I 2024-07-05 08:10:32,314] Trial 27 finished with value: 0.72612411373932 and parameters: {'lr': 0.0003, 'l2': 0.001, 'bsize': 256}. Best is trial 2 with value: 0.7262364914509307.
AUC:  0.72612411373932 LOGlOSS:  0.7620940408924323 test_AUC:  0.0 test_LOGlOSS:  10000.0
  0%|          | 0/5000 [00:00<?, ?it/s]  0%|          | 1/5000 [00:04<6:54:44,  4.98s/it]  0%|          | 2/5000 [00:10<7:09:56,  5.16s/it]  0%|          | 3/5000 [00:15<7:16:56,  5.25s/it]  0%|          | 4/5000 [00:20<7:12:36,  5.20s/it]  0%|          | 5/5000 [00:25<7:10:24,  5.17s/it]  0%|          | 5/5000 [00:30<8:21:23,  6.02s/it]
[I 2024-07-05 08:11:07,724] Trial 28 finished with value: 0.7256165049043304 and parameters: {'lr': 0.0003, 'l2': 0.0001, 'bsize': 512}. Best is trial 2 with value: 0.7262364914509307.
AUC:  0.7256165049043304 LOGlOSS:  0.7979516444249333 test_AUC:  0.0 test_LOGlOSS:  10000.0
  0%|          | 0/5000 [00:00<?, ?it/s]  0%|          | 1/5000 [00:02<3:56:34,  2.84s/it]  0%|          | 2/5000 [00:05<3:59:20,  2.87s/it]  0%|          | 3/5000 [00:08<4:00:27,  2.89s/it]  0%|          | 4/5000 [00:11<3:48:47,  2.75s/it]  0%|          | 5/5000 [00:13<3:48:42,  2.75s/it]  0%|          | 6/5000 [00:16<3:56:33,  2.84s/it]  0%|          | 6/5000 [00:20<4:38:31,  3.35s/it]
[I 2024-07-05 08:11:33,148] Trial 29 finished with value: 0.724798196416927 and parameters: {'lr': 0.0003, 'l2': 3e-05, 'bsize': 1024}. Best is trial 2 with value: 0.7262364914509307.
AUC:  0.724798196416927 LOGlOSS:  0.7848742742078412 test_AUC:  0.0 test_LOGlOSS:  10000.0
  0%|          | 0/5000 [00:00<?, ?it/s]  0%|          | 1/5000 [00:05<7:20:38,  5.29s/it]  0%|          | 2/5000 [00:09<6:38:08,  4.78s/it]  0%|          | 3/5000 [00:14<6:42:41,  4.84s/it]  0%|          | 4/5000 [00:20<7:01:45,  5.07s/it]  0%|          | 5/5000 [00:25<7:08:39,  5.15s/it]  0%|          | 5/5000 [00:30<8:30:51,  6.14s/it]
[I 2024-07-05 08:12:08,923] Trial 30 finished with value: 0.7250888563340563 and parameters: {'lr': 0.001, 'l2': 3e-06, 'bsize': 512}. Best is trial 2 with value: 0.7262364914509307.
AUC:  0.7250888563340563 LOGlOSS:  0.7706094805373829 test_AUC:  0.0 test_LOGlOSS:  10000.0
  0%|          | 0/5000 [00:00<?, ?it/s]  0%|          | 1/5000 [00:10<14:11:55, 10.23s/it]  0%|          | 2/5000 [00:20<13:50:54,  9.97s/it]  0%|          | 3/5000 [00:30<14:04:34, 10.14s/it]  0%|          | 4/5000 [00:40<14:14:52, 10.27s/it]  0%|          | 5/5000 [00:49<13:28:43,  9.71s/it]  0%|          | 5/5000 [00:56<15:46:01, 11.36s/it]
[I 2024-07-05 08:13:11,422] Trial 31 finished with value: 0.726210173132326 and parameters: {'lr': 0.0003, 'l2': 0.0003, 'bsize': 256}. Best is trial 2 with value: 0.7262364914509307.
AUC:  0.726210173132326 LOGlOSS:  0.7617620515404687 test_AUC:  0.0 test_LOGlOSS:  10000.0
  0%|          | 0/5000 [00:00<?, ?it/s]  0%|          | 1/5000 [00:10<14:02:21, 10.11s/it]  0%|          | 2/5000 [00:19<13:33:41,  9.77s/it]  0%|          | 3/5000 [00:29<13:27:12,  9.69s/it]  0%|          | 4/5000 [00:39<13:50:26,  9.97s/it]  0%|          | 5/5000 [00:47<12:56:36,  9.33s/it]  0%|          | 5/5000 [00:57<16:02:00, 11.56s/it]
[I 2024-07-05 08:14:14,590] Trial 32 finished with value: 0.726210173132326 and parameters: {'lr': 0.0003, 'l2': 0.0003, 'bsize': 256}. Best is trial 2 with value: 0.7262364914509307.
AUC:  0.726210173132326 LOGlOSS:  0.7617620515404687 test_AUC:  0.0 test_LOGlOSS:  10000.0
  0%|          | 0/5000 [00:00<?, ?it/s]  0%|          | 1/5000 [00:10<14:06:51, 10.16s/it]  0%|          | 2/5000 [00:18<12:55:11,  9.31s/it]  0%|          | 3/5000 [00:28<13:09:09,  9.48s/it]  0%|          | 4/5000 [00:37<12:45:47,  9.20s/it]  0%|          | 5/5000 [00:45<12:26:10,  8.96s/it]  0%|          | 6/5000 [00:55<12:38:06,  9.11s/it]  0%|          | 7/5000 [01:04<12:48:41,  9.24s/it]  0%|          | 8/5000 [01:14<13:07:58,  9.47s/it]  0%|          | 9/5000 [01:24<13:10:26,  9.50s/it]  0%|          | 10/5000 [01:33<12:51:01,  9.27s/it]  0%|          | 11/5000 [01:43<13:20:36,  9.63s/it]  0%|          | 12/5000 [01:53<13:19:03,  9.61s/it]  0%|          | 12/5000 [02:03<14:14:21, 10.28s/it]
[I 2024-07-05 08:16:23,074] Trial 33 finished with value: 0.7219479178931818 and parameters: {'lr': 1e-05, 'l2': 0.0003, 'bsize': 256}. Best is trial 2 with value: 0.7262364914509307.
AUC:  0.7219479178931818 LOGlOSS:  0.7905078474979985 test_AUC:  0.0 test_LOGlOSS:  10000.0
  0%|          | 0/5000 [00:00<?, ?it/s]  0%|          | 1/5000 [00:09<13:29:09,  9.71s/it]  0%|          | 2/5000 [00:19<13:48:20,  9.94s/it]  0%|          | 3/5000 [00:29<13:33:29,  9.77s/it]  0%|          | 4/5000 [00:39<13:45:38,  9.92s/it]  0%|          | 5/5000 [00:50<14:11:50, 10.23s/it]  0%|          | 5/5000 [01:00<16:40:18, 12.02s/it]
[I 2024-07-05 08:17:28,050] Trial 34 finished with value: 0.726210173132326 and parameters: {'lr': 0.0003, 'l2': 0.0003, 'bsize': 256}. Best is trial 2 with value: 0.7262364914509307.
AUC:  0.726210173132326 LOGlOSS:  0.7617620515404687 test_AUC:  0.0 test_LOGlOSS:  10000.0
  0%|          | 0/5000 [00:00<?, ?it/s]  0%|          | 1/5000 [00:11<15:41:04, 11.30s/it]  0%|          | 2/5000 [00:23<16:10:07, 11.65s/it]  0%|          | 3/5000 [00:34<16:01:10, 11.54s/it]  0%|          | 4/5000 [00:45<15:46:06, 11.36s/it]  0%|          | 5/5000 [00:56<15:43:19, 11.33s/it]  0%|          | 6/5000 [01:08<15:44:32, 11.35s/it]  0%|          | 6/5000 [01:19<18:21:19, 13.23s/it]
[I 2024-07-05 08:18:51,837] Trial 35 finished with value: 0.7251028219479793 and parameters: {'lr': 0.0001, 'l2': 1e-06, 'bsize': 256}. Best is trial 2 with value: 0.7262364914509307.
AUC:  0.7251028219479793 LOGlOSS:  0.7812550080075127 test_AUC:  0.0 test_LOGlOSS:  10000.0
  0%|          | 0/5000 [00:00<?, ?it/s]  0%|          | 1/5000 [00:11<15:46:18, 11.36s/it]  0%|          | 2/5000 [00:22<15:56:20, 11.48s/it]  0%|          | 3/5000 [00:33<15:35:18, 11.23s/it]  0%|          | 4/5000 [00:43<14:42:01, 10.59s/it]  0%|          | 5/5000 [00:52<14:02:57, 10.13s/it]  0%|          | 6/5000 [01:04<14:42:25, 10.60s/it]  0%|          | 7/5000 [01:15<15:08:41, 10.92s/it]  0%|          | 7/5000 [01:27<17:22:28, 12.53s/it]
[I 2024-07-05 08:20:25,312] Trial 36 finished with value: 0.7238246532671299 and parameters: {'lr': 3e-05, 'l2': 3e-05, 'bsize': 256}. Best is trial 2 with value: 0.7262364914509307.
AUC:  0.7238246532671299 LOGlOSS:  0.792415715618208 test_AUC:  0.0 test_LOGlOSS:  10000.0
  0%|          | 0/5000 [00:00<?, ?it/s]  0%|          | 1/5000 [00:05<8:13:42,  5.93s/it]  0%|          | 2/5000 [00:11<8:03:33,  5.81s/it]  0%|          | 3/5000 [00:17<8:07:22,  5.85s/it]  0%|          | 4/5000 [00:23<8:04:25,  5.82s/it]  0%|          | 5/5000 [00:29<8:02:37,  5.80s/it]  0%|          | 5/5000 [00:34<9:28:12,  6.83s/it]
[I 2024-07-05 08:21:05,148] Trial 37 finished with value: 0.7255798994394997 and parameters: {'lr': 0.0003, 'l2': 0.001, 'bsize': 512}. Best is trial 2 with value: 0.7262364914509307.
AUC:  0.7255798994394997 LOGlOSS:  0.7988045322523998 test_AUC:  0.0 test_LOGlOSS:  10000.0
  0%|          | 0/5000 [00:00<?, ?it/s]  0%|          | 1/5000 [00:11<15:18:16, 11.02s/it]  0%|          | 2/5000 [00:21<15:08:31, 10.91s/it]  0%|          | 3/5000 [00:32<15:11:18, 10.94s/it]  0%|          | 4/5000 [00:42<14:27:17, 10.42s/it]  0%|          | 5/5000 [00:54<15:05:11, 10.87s/it]  0%|          | 6/5000 [01:05<15:12:32, 10.96s/it]  0%|          | 7/5000 [01:14<14:23:56, 10.38s/it]  0%|          | 8/5000 [01:25<14:47:33, 10.67s/it]  0%|          | 9/5000 [01:35<14:36:45, 10.54s/it]  0%|          | 10/5000 [01:45<14:04:06, 10.15s/it]  0%|          | 11/5000 [01:57<14:48:58, 10.69s/it]  0%|          | 12/5000 [02:08<15:06:53, 10.91s/it]  0%|          | 12/5000 [02:20<16:10:32, 11.67s/it]
[I 2024-07-05 08:23:31,404] Trial 38 finished with value: 0.7217553806245828 and parameters: {'lr': 1e-05, 'l2': 3e-05, 'bsize': 256}. Best is trial 2 with value: 0.7262364914509307.
AUC:  0.7217553806245828 LOGlOSS:  0.7912978923601796 test_AUC:  0.0 test_LOGlOSS:  10000.0
  0%|          | 0/5000 [00:00<?, ?it/s]  0%|          | 1/5000 [00:03<4:11:35,  3.02s/it]  0%|          | 2/5000 [00:06<4:10:25,  3.01s/it]  0%|          | 3/5000 [00:09<4:11:34,  3.02s/it]  0%|          | 4/5000 [00:12<4:19:57,  3.12s/it]  0%|          | 5/5000 [00:15<4:22:30,  3.15s/it]  0%|          | 6/5000 [00:18<4:17:56,  3.10s/it]  0%|          | 6/5000 [00:21<4:59:29,  3.60s/it]
[I 2024-07-05 08:23:58,024] Trial 39 finished with value: 0.7247033322268903 and parameters: {'lr': 0.0001, 'l2': 0.0001, 'bsize': 1024}. Best is trial 2 with value: 0.7262364914509307.
AUC:  0.7247033322268903 LOGlOSS:  0.7971994707266865 test_AUC:  0.0 test_LOGlOSS:  10000.0
  0%|          | 0/5000 [00:00<?, ?it/s]  0%|          | 1/5000 [00:05<7:47:51,  5.62s/it]  0%|          | 2/5000 [00:11<8:00:41,  5.77s/it]  0%|          | 3/5000 [00:15<7:05:11,  5.11s/it]  0%|          | 4/5000 [00:21<7:27:40,  5.38s/it]  0%|          | 5/5000 [00:27<7:37:46,  5.50s/it]  0%|          | 6/5000 [00:32<7:38:38,  5.51s/it]  0%|          | 7/5000 [00:38<7:54:12,  5.70s/it]  0%|          | 8/5000 [00:44<7:47:12,  5.62s/it]  0%|          | 8/5000 [00:48<8:27:02,  6.09s/it]
[I 2024-07-05 08:24:52,448] Trial 40 finished with value: 0.7235496587079119 and parameters: {'lr': 3e-05, 'l2': 0.0003, 'bsize': 512}. Best is trial 2 with value: 0.7262364914509307.
AUC:  0.7235496587079119 LOGlOSS:  0.7901107946435835 test_AUC:  0.0 test_LOGlOSS:  10000.0
  0%|          | 0/5000 [00:00<?, ?it/s]  0%|          | 1/5000 [00:10<15:03:21, 10.84s/it]  0%|          | 2/5000 [00:22<15:29:38, 11.16s/it]  0%|          | 3/5000 [00:33<15:31:47, 11.19s/it]  0%|          | 4/5000 [00:44<15:32:56, 11.20s/it]  0%|          | 5/5000 [00:56<15:59:55, 11.53s/it]  0%|          | 5/5000 [01:07<18:38:35, 13.44s/it]
[I 2024-07-05 08:26:03,939] Trial 41 finished with value: 0.726210173132326 and parameters: {'lr': 0.0003, 'l2': 0.0003, 'bsize': 256}. Best is trial 2 with value: 0.7262364914509307.
AUC:  0.726210173132326 LOGlOSS:  0.7617620515404687 test_AUC:  0.0 test_LOGlOSS:  10000.0
  0%|          | 0/5000 [00:00<?, ?it/s]  0%|          | 1/5000 [00:11<16:01:53, 11.55s/it]  0%|          | 2/5000 [00:21<15:00:09, 10.81s/it]  0%|          | 3/5000 [00:32<14:47:07, 10.65s/it]  0%|          | 4/5000 [00:43<15:02:41, 10.84s/it]  0%|          | 5/5000 [00:54<15:10:35, 10.94s/it]  0%|          | 5/5000 [01:03<17:30:44, 12.62s/it]
[I 2024-07-05 08:27:12,329] Trial 42 finished with value: 0.726210173132326 and parameters: {'lr': 0.0003, 'l2': 0.0003, 'bsize': 256}. Best is trial 2 with value: 0.7262364914509307.
AUC:  0.726210173132326 LOGlOSS:  0.7617620515404687 test_AUC:  0.0 test_LOGlOSS:  10000.0
  0%|          | 0/5000 [00:00<?, ?it/s]  0%|          | 1/5000 [00:13<18:55:09, 13.62s/it]  0%|          | 2/5000 [00:25<17:37:51, 12.70s/it]  0%|          | 3/5000 [00:38<17:51:32, 12.87s/it]  0%|          | 4/5000 [00:55<19:45:03, 14.23s/it]  0%|          | 5/5000 [01:05<18:05:23, 13.04s/it]  0%|          | 5/5000 [01:19<21:58:31, 15.84s/it]
[I 2024-07-05 08:28:37,257] Trial 43 finished with value: 0.726210173132326 and parameters: {'lr': 0.0003, 'l2': 0.0003, 'bsize': 256}. Best is trial 2 with value: 0.7262364914509307.
AUC:  0.726210173132326 LOGlOSS:  0.7617620515404687 test_AUC:  0.0 test_LOGlOSS:  10000.0
  0%|          | 0/5000 [00:00<?, ?it/s]  0%|          | 1/5000 [00:11<15:18:36, 11.03s/it]  0%|          | 2/5000 [00:20<14:23:58, 10.37s/it]  0%|          | 3/5000 [00:32<15:02:35, 10.84s/it]  0%|          | 4/5000 [00:43<15:24:46, 11.11s/it]  0%|          | 5/5000 [00:55<15:30:30, 11.18s/it]  0%|          | 5/5000 [01:06<18:18:59, 13.20s/it]
[I 2024-07-05 08:29:48,342] Trial 44 finished with value: 0.7261403912514068 and parameters: {'lr': 0.0003, 'l2': 3e-06, 'bsize': 256}. Best is trial 2 with value: 0.7262364914509307.
AUC:  0.7261403912514068 LOGlOSS:  0.7619501481633466 test_AUC:  0.0 test_LOGlOSS:  10000.0
  0%|          | 0/5000 [00:00<?, ?it/s]  0%|          | 1/5000 [00:11<15:20:19, 11.05s/it]  0%|          | 2/5000 [00:19<13:10:33,  9.49s/it]  0%|          | 3/5000 [00:30<14:11:27, 10.22s/it]  0%|          | 4/5000 [00:41<14:35:10, 10.51s/it]  0%|          | 5/5000 [00:51<14:32:43, 10.48s/it]  0%|          | 5/5000 [01:03<17:32:27, 12.64s/it]
[I 2024-07-05 08:30:57,131] Trial 45 finished with value: 0.7248019931276838 and parameters: {'lr': 0.001, 'l2': 1e-06, 'bsize': 256}. Best is trial 2 with value: 0.7262364914509307.
AUC:  0.7248019931276838 LOGlOSS:  0.7799159001283203 test_AUC:  0.0 test_LOGlOSS:  10000.0
  0%|          | 0/5000 [00:00<?, ?it/s]  0%|          | 1/5000 [00:10<14:58:59, 10.79s/it]  0%|          | 2/5000 [00:21<14:42:39, 10.60s/it]  0%|          | 3/5000 [00:32<14:53:10, 10.72s/it]  0%|          | 4/5000 [00:41<13:56:59, 10.05s/it]  0%|          | 5/5000 [00:50<13:47:57,  9.95s/it]  0%|          | 5/5000 [01:01<17:07:55, 12.35s/it]
[I 2024-07-05 08:32:03,724] Trial 46 finished with value: 0.7261711325994772 and parameters: {'lr': 0.0003, 'l2': 1e-05, 'bsize': 256}. Best is trial 2 with value: 0.7262364914509307.
AUC:  0.7261711325994772 LOGlOSS:  0.7620528808158615 test_AUC:  0.0 test_LOGlOSS:  10000.0
  0%|          | 0/5000 [00:00<?, ?it/s]  0%|          | 1/5000 [00:03<4:16:56,  3.08s/it]  0%|          | 2/5000 [00:05<4:03:59,  2.93s/it]  0%|          | 3/5000 [00:08<4:09:31,  3.00s/it]  0%|          | 4/5000 [00:11<4:06:38,  2.96s/it]  0%|          | 5/5000 [00:14<4:09:52,  3.00s/it]  0%|          | 6/5000 [00:18<4:13:54,  3.05s/it]  0%|          | 6/5000 [00:20<4:50:58,  3.50s/it]
[I 2024-07-05 08:32:30,026] Trial 47 finished with value: 0.724798196416927 and parameters: {'lr': 0.0003, 'l2': 3e-05, 'bsize': 1024}. Best is trial 2 with value: 0.7262364914509307.
AUC:  0.724798196416927 LOGlOSS:  0.7848742742078412 test_AUC:  0.0 test_LOGlOSS:  10000.0
  0%|          | 0/5000 [00:00<?, ?it/s]  0%|          | 1/5000 [00:10<14:13:17, 10.24s/it]  0%|          | 2/5000 [00:21<14:39:47, 10.56s/it]  0%|          | 3/5000 [00:31<14:40:58, 10.58s/it]  0%|          | 4/5000 [00:42<14:48:13, 10.67s/it]  0%|          | 5/5000 [00:53<14:51:03, 10.70s/it]  0%|          | 6/5000 [01:03<14:53:03, 10.73s/it]  0%|          | 6/5000 [01:11<16:35:21, 11.96s/it]
[I 2024-07-05 08:33:48,201] Trial 48 finished with value: 0.7252471714745041 and parameters: {'lr': 0.0001, 'l2': 0.0003, 'bsize': 256}. Best is trial 2 with value: 0.7262364914509307.
AUC:  0.7252471714745041 LOGlOSS:  0.7796800595072317 test_AUC:  0.0 test_LOGlOSS:  10000.0
  0%|          | 0/5000 [00:00<?, ?it/s]  0%|          | 1/5000 [00:07<10:46:22,  7.76s/it]  0%|          | 2/5000 [00:21<15:45:40, 11.35s/it]  0%|          | 3/5000 [00:34<16:59:48, 12.24s/it]  0%|          | 4/5000 [00:48<17:47:18, 12.82s/it]  0%|          | 5/5000 [01:02<18:04:36, 13.03s/it]  0%|          | 5/5000 [01:15<20:53:45, 15.06s/it]
[I 2024-07-05 08:35:09,348] Trial 49 finished with value: 0.726210173132326 and parameters: {'lr': 0.0003, 'l2': 0.0003, 'bsize': 256}. Best is trial 2 with value: 0.7262364914509307.
AUC:  0.726210173132326 LOGlOSS:  0.7617620515404687 test_AUC:  0.0 test_LOGlOSS:  10000.0
