[I 2024-07-05 10:55:34,834] Trial 27 finished with value: 0.7259130868280517 and parameters: {'lr': 0.0001, 'l2': 0.0003, 'bsize': 1024, 'alpha1': 1e-05}. Best is trial 19 with value: 0.7262982808400084.
AUC:  0.7259130868280517 LOGlOSS:  0.6090566946761505 test_AUC:  0.0 test_LOGlOSS:  10000.0
  0%|          | 0/5000 [00:00<?, ?it/s]  0%|          | 1/5000 [00:06<8:57:29,  6.45s/it]  0%|          | 2/5000 [00:11<8:12:06,  5.91s/it]  0%|          | 3/5000 [00:17<8:00:05,  5.76s/it]  0%|          | 4/5000 [00:24<8:21:50,  6.03s/it]  0%|          | 5/5000 [00:30<8:34:25,  6.18s/it]  0%|          | 5/5000 [00:36<10:13:12,  7.37s/it]
[I 2024-07-05 10:56:17,710] Trial 28 finished with value: 0.7240439331744813 and parameters: {'lr': 0.0001, 'l2': 1e-05, 'bsize': 1024, 'alpha1': 0.01}. Best is trial 19 with value: 0.7262982808400084.
AUC:  0.7240439331744813 LOGlOSS:  0.6134347621097028 test_AUC:  0.0 test_LOGlOSS:  10000.0
  0%|          | 0/5000 [00:00<?, ?it/s]  0%|          | 1/5000 [00:06<8:51:28,  6.38s/it]  0%|          | 2/5000 [00:13<9:07:43,  6.58s/it]  0%|          | 3/5000 [00:18<8:10:16,  5.89s/it]  0%|          | 4/5000 [00:24<8:10:34,  5.89s/it]  0%|          | 5/5000 [00:29<7:49:28,  5.64s/it]  0%|          | 5/5000 [00:35<9:46:55,  7.05s/it]
[I 2024-07-05 10:56:58,678] Trial 29 finished with value: 0.7262931779129471 and parameters: {'lr': 0.0003, 'l2': 3e-05, 'bsize': 1024, 'alpha1': 1e-05}. Best is trial 19 with value: 0.7262982808400084.
AUC:  0.7262931779129471 LOGlOSS:  0.6068538023150358 test_AUC:  0.0 test_LOGlOSS:  10000.0
  0%|          | 0/5000 [00:00<?, ?it/s]  0%|          | 1/5000 [00:06<8:55:46,  6.43s/it]  0%|          | 2/5000 [00:11<7:55:08,  5.70s/it]  0%|          | 3/5000 [00:17<7:42:56,  5.56s/it]  0%|          | 4/5000 [00:22<7:54:36,  5.70s/it]  0%|          | 5/5000 [00:28<7:55:25,  5.71s/it]  0%|          | 5/5000 [00:34<9:33:10,  6.89s/it]
[I 2024-07-05 10:57:37,857] Trial 30 finished with value: 0.7257889587123465 and parameters: {'lr': 0.0001, 'l2': 3e-06, 'bsize': 1024, 'alpha1': 1e-05}. Best is trial 19 with value: 0.7262982808400084.
AUC:  0.7257889587123465 LOGlOSS:  0.6116529415204335 test_AUC:  0.0 test_LOGlOSS:  10000.0
  0%|          | 0/5000 [00:00<?, ?it/s]  0%|          | 1/5000 [00:05<7:57:43,  5.73s/it]  0%|          | 2/5000 [00:11<7:55:40,  5.71s/it]  0%|          | 3/5000 [00:17<7:54:54,  5.70s/it]  0%|          | 4/5000 [00:22<7:51:19,  5.66s/it]  0%|          | 5/5000 [00:27<7:37:00,  5.49s/it]  0%|          | 5/5000 [00:33<9:09:30,  6.60s/it]
[I 2024-07-05 10:58:15,553] Trial 31 finished with value: 0.7262982808400084 and parameters: {'lr': 0.0001, 'l2': 0.001, 'bsize': 1024, 'alpha1': 1e-05}. Best is trial 19 with value: 0.7262982808400084.
AUC:  0.7262982808400084 LOGlOSS:  0.6069952442678385 test_AUC:  0.0 test_LOGlOSS:  10000.0
  0%|          | 0/5000 [00:00<?, ?it/s]  0%|          | 1/5000 [00:05<7:59:27,  5.75s/it]  0%|          | 2/5000 [00:11<8:02:10,  5.79s/it]  0%|          | 3/5000 [00:17<8:01:34,  5.78s/it]  0%|          | 4/5000 [00:23<8:04:35,  5.82s/it]  0%|          | 5/5000 [00:28<8:00:26,  5.77s/it]  0%|          | 5/5000 [00:34<9:34:20,  6.90s/it]
[I 2024-07-05 10:58:55,659] Trial 32 finished with value: 0.7262982808400084 and parameters: {'lr': 0.0001, 'l2': 0.001, 'bsize': 1024, 'alpha1': 1e-05}. Best is trial 19 with value: 0.7262982808400084.
AUC:  0.7262982808400084 LOGlOSS:  0.6069952442678385 test_AUC:  0.0 test_LOGlOSS:  10000.0
  0%|          | 0/5000 [00:00<?, ?it/s]  0%|          | 1/5000 [00:06<8:43:52,  6.29s/it]  0%|          | 2/5000 [00:12<8:35:37,  6.19s/it]  0%|          | 3/5000 [00:18<8:40:08,  6.25s/it]  0%|          | 4/5000 [00:25<8:56:50,  6.45s/it]  0%|          | 5/5000 [00:31<8:49:38,  6.36s/it]  0%|          | 5/5000 [00:36<10:10:40,  7.34s/it]
[I 2024-07-05 10:59:38,066] Trial 33 finished with value: 0.7262982808400084 and parameters: {'lr': 0.0001, 'l2': 0.001, 'bsize': 1024, 'alpha1': 1e-05}. Best is trial 19 with value: 0.7262982808400084.
AUC:  0.7262982808400084 LOGlOSS:  0.6069952442678385 test_AUC:  0.0 test_LOGlOSS:  10000.0
  0%|          | 0/5000 [00:00<?, ?it/s]  0%|          | 1/5000 [00:06<8:35:49,  6.19s/it]  0%|          | 2/5000 [00:12<8:52:07,  6.39s/it]  0%|          | 3/5000 [00:19<8:48:46,  6.35s/it]  0%|          | 4/5000 [00:25<8:52:06,  6.39s/it]  0%|          | 5/5000 [00:31<8:27:55,  6.10s/it]  0%|          | 5/5000 [00:36<10:13:06,  7.36s/it]
[I 2024-07-05 11:00:20,243] Trial 34 finished with value: 0.7244139637456826 and parameters: {'lr': 3e-05, 'l2': 1e-06, 'bsize': 1024, 'alpha1': 1e-05}. Best is trial 19 with value: 0.7262982808400084.
AUC:  0.7244139637456826 LOGlOSS:  0.6188852471815836 test_AUC:  0.0 test_LOGlOSS:  10000.0
  0%|          | 0/5000 [00:00<?, ?it/s]  0%|          | 1/5000 [00:06<9:01:07,  6.49s/it]  0%|          | 2/5000 [00:13<9:03:20,  6.52s/it]  0%|          | 3/5000 [00:19<9:03:55,  6.53s/it]  0%|          | 4/5000 [00:25<8:38:27,  6.23s/it]  0%|          | 5/5000 [00:29<7:47:22,  5.61s/it]  0%|          | 5/5000 [00:35<9:50:45,  7.10s/it]
[I 2024-07-05 11:01:01,670] Trial 35 finished with value: 0.7177272140043651 and parameters: {'lr': 0.001, 'l2': 0.001, 'bsize': 1024, 'alpha1': 1e-05}. Best is trial 19 with value: 0.7262982808400084.
AUC:  0.7177272140043651 LOGlOSS:  0.6144220693522411 test_AUC:  0.0 test_LOGlOSS:  10000.0
  0%|          | 0/5000 [00:00<?, ?it/s]  0%|          | 1/5000 [00:08<11:59:17,  8.63s/it]  0%|          | 2/5000 [00:15<10:49:25,  7.80s/it]  0%|          | 3/5000 [00:23<10:48:25,  7.79s/it]  0%|          | 4/5000 [00:30<10:29:51,  7.56s/it]  0%|          | 5/5000 [00:38<10:19:06,  7.44s/it]  0%|          | 5/5000 [00:45<12:33:45,  9.05s/it]
[I 2024-07-05 11:01:51,676] Trial 36 finished with value: 0.7161444407313386 and parameters: {'lr': 0.0001, 'l2': 3e-05, 'bsize': 512, 'alpha1': 1}. Best is trial 19 with value: 0.7262982808400084.
AUC:  0.7161444407313386 LOGlOSS:  0.6207932753055778 test_AUC:  0.0 test_LOGlOSS:  10000.0
  0%|          | 0/5000 [00:00<?, ?it/s]  0%|          | 1/5000 [00:05<8:02:23,  5.79s/it]  0%|          | 2/5000 [00:11<7:41:07,  5.54s/it]  0%|          | 3/5000 [00:16<7:41:30,  5.54s/it]  0%|          | 4/5000 [00:22<7:47:23,  5.61s/it]  0%|          | 5/5000 [00:28<7:55:51,  5.72s/it]  0%|          | 5/5000 [00:34<9:29:59,  6.85s/it]
[I 2024-07-05 11:02:30,585] Trial 37 finished with value: 0.7262449907867223 and parameters: {'lr': 0.0003, 'l2': 0.0003, 'bsize': 1024, 'alpha1': 0.0001}. Best is trial 19 with value: 0.7262982808400084.
AUC:  0.7262449907867223 LOGlOSS:  0.6064558045731842 test_AUC:  0.0 test_LOGlOSS:  10000.0
  0%|          | 0/5000 [00:00<?, ?it/s]  0%|          | 1/5000 [00:06<8:22:51,  6.04s/it]  0%|          | 2/5000 [00:11<7:40:53,  5.53s/it]  0%|          | 3/5000 [00:15<7:06:52,  5.13s/it]  0%|          | 4/5000 [00:21<7:20:55,  5.30s/it]  0%|          | 5/5000 [00:27<7:33:45,  5.45s/it]  0%|          | 5/5000 [00:32<9:01:30,  6.50s/it]
[I 2024-07-05 11:03:07,992] Trial 38 finished with value: 0.7263829471819632 and parameters: {'lr': 0.0001, 'l2': 0.001, 'bsize': 1024, 'alpha1': 0.01}. Best is trial 38 with value: 0.7263829471819632.
AUC:  0.7263829471819632 LOGlOSS:  0.6069979581958633 test_AUC:  0.0 test_LOGlOSS:  10000.0
  0%|          | 0/5000 [00:00<?, ?it/s]  0%|          | 1/5000 [00:08<11:41:29,  8.42s/it]  0%|          | 2/5000 [00:17<11:49:41,  8.52s/it]  0%|          | 3/5000 [00:26<12:16:04,  8.84s/it]  0%|          | 4/5000 [00:35<12:28:03,  8.98s/it]  0%|          | 5/5000 [00:44<12:27:08,  8.97s/it]  0%|          | 5/5000 [00:52<14:28:20, 10.43s/it]
[I 2024-07-05 11:04:04,611] Trial 39 finished with value: 0.7195392581074697 and parameters: {'lr': 0.001, 'l2': 1e-06, 'bsize': 512, 'alpha1': 0.01}. Best is trial 38 with value: 0.7263829471819632.
AUC:  0.7195392581074697 LOGlOSS:  0.611809245215147 test_AUC:  0.0 test_LOGlOSS:  10000.0
  0%|          | 0/5000 [00:00<?, ?it/s]  0%|          | 1/5000 [00:05<7:46:13,  5.60s/it]  0%|          | 2/5000 [00:11<8:05:20,  5.83s/it]  0%|          | 3/5000 [00:16<7:39:23,  5.52s/it]  0%|          | 4/5000 [00:22<7:49:56,  5.64s/it]  0%|          | 5/5000 [00:28<7:55:19,  5.71s/it]  0%|          | 5/5000 [00:34<9:32:30,  6.88s/it]
[I 2024-07-05 11:04:44,105] Trial 40 finished with value: 0.7240439331744813 and parameters: {'lr': 0.0001, 'l2': 1e-05, 'bsize': 1024, 'alpha1': 0.01}. Best is trial 38 with value: 0.7263829471819632.
AUC:  0.7240439331744813 LOGlOSS:  0.6134347621097028 test_AUC:  0.0 test_LOGlOSS:  10000.0
  0%|          | 0/5000 [00:00<?, ?it/s]  0%|          | 1/5000 [00:05<7:31:10,  5.42s/it]  0%|          | 2/5000 [00:10<7:28:05,  5.38s/it]  0%|          | 3/5000 [00:16<7:28:58,  5.39s/it]  0%|          | 4/5000 [00:21<7:29:44,  5.40s/it]  0%|          | 5/5000 [00:27<7:39:52,  5.52s/it]  0%|          | 5/5000 [00:33<9:11:55,  6.63s/it]
[I 2024-07-05 11:05:21,887] Trial 41 finished with value: 0.7263829471819632 and parameters: {'lr': 0.0001, 'l2': 0.001, 'bsize': 1024, 'alpha1': 0.01}. Best is trial 38 with value: 0.7263829471819632.
AUC:  0.7263829471819632 LOGlOSS:  0.6069979581958633 test_AUC:  0.0 test_LOGlOSS:  10000.0
  0%|          | 0/5000 [00:00<?, ?it/s]  0%|          | 1/5000 [00:05<7:21:02,  5.29s/it]  0%|          | 2/5000 [00:10<7:09:59,  5.16s/it]  0%|          | 3/5000 [00:16<7:53:59,  5.69s/it]  0%|          | 4/5000 [00:23<8:24:16,  6.06s/it]  0%|          | 5/5000 [00:29<8:18:01,  5.98s/it]  0%|          | 5/5000 [00:35<9:52:10,  7.11s/it]
[I 2024-07-05 11:06:03,177] Trial 42 finished with value: 0.7263829471819632 and parameters: {'lr': 0.0001, 'l2': 0.001, 'bsize': 1024, 'alpha1': 0.01}. Best is trial 38 with value: 0.7263829471819632.
AUC:  0.7263829471819632 LOGlOSS:  0.6069979581958633 test_AUC:  0.0 test_LOGlOSS:  10000.0
  0%|          | 0/5000 [00:00<?, ?it/s]  0%|          | 1/5000 [00:05<7:43:10,  5.56s/it]  0%|          | 2/5000 [00:11<7:59:50,  5.76s/it]  0%|          | 3/5000 [00:17<8:02:02,  5.79s/it]  0%|          | 4/5000 [00:22<7:46:00,  5.60s/it]  0%|          | 5/5000 [00:28<7:54:30,  5.70s/it]  0%|          | 5/5000 [00:34<9:33:05,  6.88s/it]
[I 2024-07-05 11:06:43,443] Trial 43 finished with value: 0.7263829471819632 and parameters: {'lr': 0.0001, 'l2': 0.001, 'bsize': 1024, 'alpha1': 0.01}. Best is trial 38 with value: 0.7263829471819632.
AUC:  0.7263829471819632 LOGlOSS:  0.6069979581958633 test_AUC:  0.0 test_LOGlOSS:  10000.0
  0%|          | 0/5000 [00:00<?, ?it/s]  0%|          | 1/5000 [00:05<8:18:00,  5.98s/it]  0%|          | 2/5000 [00:11<7:33:36,  5.45s/it]  0%|          | 3/5000 [00:16<7:46:54,  5.61s/it]  0%|          | 4/5000 [00:22<7:55:38,  5.71s/it]  0%|          | 5/5000 [00:28<8:08:01,  5.86s/it]  0%|          | 5/5000 [00:34<9:39:11,  6.96s/it]
[I 2024-07-05 11:07:24,149] Trial 44 finished with value: 0.7253380000042666 and parameters: {'lr': 3e-05, 'l2': 0.001, 'bsize': 1024, 'alpha1': 0.01}. Best is trial 38 with value: 0.7263829471819632.
AUC:  0.7253380000042666 LOGlOSS:  0.6110909954306482 test_AUC:  0.0 test_LOGlOSS:  10000.0
  0%|          | 0/5000 [00:00<?, ?it/s]  0%|          | 1/5000 [00:07<10:47:11,  7.77s/it]  0%|          | 2/5000 [00:15<10:54:52,  7.86s/it]  0%|          | 3/5000 [00:22<10:11:50,  7.35s/it]  0%|          | 4/5000 [00:31<10:53:20,  7.85s/it]  0%|          | 5/5000 [00:39<11:11:15,  8.06s/it]  0%|          | 5/5000 [00:48<13:20:23,  9.61s/it]
[I 2024-07-05 11:08:17,126] Trial 45 finished with value: 0.726478788724793 and parameters: {'lr': 0.0001, 'l2': 0.001, 'bsize': 512, 'alpha1': 0.01}. Best is trial 45 with value: 0.726478788724793.
AUC:  0.726478788724793 LOGlOSS:  0.6101627929497198 test_AUC:  0.0 test_LOGlOSS:  10000.0
  0%|          | 0/5000 [00:00<?, ?it/s]  0%|          | 1/5000 [00:08<11:17:55,  8.14s/it]  0%|          | 2/5000 [00:16<11:13:54,  8.09s/it]  0%|          | 3/5000 [00:25<11:44:23,  8.46s/it]  0%|          | 4/5000 [00:33<11:49:37,  8.52s/it]  0%|          | 5/5000 [00:42<11:49:34,  8.52s/it]  0%|          | 5/5000 [00:50<14:03:12, 10.13s/it]
[I 2024-07-05 11:09:13,790] Trial 46 finished with value: 0.7238087360268666 and parameters: {'lr': 0.0001, 'l2': 3e-06, 'bsize': 512, 'alpha1': 0.01}. Best is trial 45 with value: 0.726478788724793.
AUC:  0.7238087360268666 LOGlOSS:  0.6147328871383622 test_AUC:  0.0 test_LOGlOSS:  10000.0
  0%|          | 0/5000 [00:00<?, ?it/s]  0%|          | 1/5000 [00:08<11:31:15,  8.30s/it]  0%|          | 2/5000 [00:16<11:36:05,  8.36s/it]  0%|          | 3/5000 [00:25<11:40:15,  8.41s/it]  0%|          | 4/5000 [00:33<11:39:46,  8.40s/it]  0%|          | 5/5000 [00:41<11:36:19,  8.36s/it]  0%|          | 5/5000 [00:49<13:52:20, 10.00s/it]
[I 2024-07-05 11:10:08,358] Trial 47 finished with value: 0.726478788724793 and parameters: {'lr': 0.0001, 'l2': 0.001, 'bsize': 512, 'alpha1': 0.01}. Best is trial 45 with value: 0.726478788724793.
AUC:  0.726478788724793 LOGlOSS:  0.6101627929497198 test_AUC:  0.0 test_LOGlOSS:  10000.0
  0%|          | 0/5000 [00:00<?, ?it/s]  0%|          | 1/5000 [00:08<11:24:03,  8.21s/it]  0%|          | 2/5000 [00:15<10:46:25,  7.76s/it]  0%|          | 3/5000 [00:23<10:45:57,  7.76s/it]  0%|          | 4/5000 [00:31<10:56:41,  7.89s/it]  0%|          | 5/5000 [00:39<11:04:45,  7.99s/it]  0%|          | 5/5000 [00:48<13:19:14,  9.60s/it]
[I 2024-07-05 11:11:00,820] Trial 48 finished with value: 0.7241076809642414 and parameters: {'lr': 0.0001, 'l2': 3e-05, 'bsize': 512, 'alpha1': 0.01}. Best is trial 45 with value: 0.726478788724793.
AUC:  0.7241076809642414 LOGlOSS:  0.6138465430403431 test_AUC:  0.0 test_LOGlOSS:  10000.0
  0%|          | 0/5000 [00:00<?, ?it/s]  0%|          | 1/5000 [00:08<11:15:05,  8.10s/it]  0%|          | 2/5000 [00:16<11:32:01,  8.31s/it]  0%|          | 3/5000 [00:24<11:36:34,  8.36s/it]  0%|          | 4/5000 [00:33<11:39:11,  8.40s/it]  0%|          | 5/5000 [00:40<11:13:45,  8.09s/it]  0%|          | 6/5000 [00:48<10:58:54,  7.92s/it]  0%|          | 7/5000 [00:56<11:10:43,  8.06s/it]  0%|          | 7/5000 [01:05<12:55:53,  9.32s/it]
[I 2024-07-05 11:12:11,409] Trial 49 finished with value: 0.7129601779100848 and parameters: {'lr': 0.001, 'l2': 0.001, 'bsize': 512, 'alpha1': 0.01}. Best is trial 45 with value: 0.726478788724793.
AUC:  0.7129601779100848 LOGlOSS:  0.6195174157546887 test_AUC:  0.0 test_LOGlOSS:  10000.0
  0%|          | 0/5000 [00:00<?, ?it/s]  0%|          | 1/5000 [00:07<11:03:00,  7.96s/it]  0%|          | 2/5000 [00:16<11:20:54,  8.17s/it]  0%|          | 3/5000 [00:24<11:21:53,  8.19s/it]  0%|          | 4/5000 [00:32<11:31:14,  8.30s/it]  0%|          | 5/5000 [00:40<11:08:49,  8.03s/it]  0%|          | 5/5000 [00:49<13:36:26,  9.81s/it]
[I 2024-07-05 11:13:06,599] Trial 50 finished with value: 0.7242552636994402 and parameters: {'lr': 0.0003, 'l2': 0.0001, 'bsize': 512, 'alpha1': 0.01}. Best is trial 45 with value: 0.726478788724793.
AUC:  0.7242552636994402 LOGlOSS:  0.612899488906065 test_AUC:  0.0 test_LOGlOSS:  10000.0
  0%|          | 0/5000 [00:00<?, ?it/s]  0%|          | 1/5000 [00:08<11:56:17,  8.60s/it]  0%|          | 2/5000 [00:17<11:50:54,  8.53s/it]  0%|          | 3/5000 [00:25<11:36:56,  8.37s/it]  0%|          | 4/5000 [00:33<11:43:17,  8.45s/it]  0%|          | 5/5000 [00:42<11:47:18,  8.50s/it]  0%|          | 5/5000 [00:50<14:00:21, 10.09s/it]
[I 2024-07-05 11:14:02,279] Trial 51 finished with value: 0.726478788724793 and parameters: {'lr': 0.0001, 'l2': 0.001, 'bsize': 512, 'alpha1': 0.01}. Best is trial 45 with value: 0.726478788724793.
AUC:  0.726478788724793 LOGlOSS:  0.6101627929497198 test_AUC:  0.0 test_LOGlOSS:  10000.0
  0%|          | 0/5000 [00:00<?, ?it/s]  0%|          | 1/5000 [00:08<11:36:28,  8.36s/it]  0%|          | 2/5000 [00:15<11:00:54,  7.93s/it]  0%|          | 3/5000 [00:24<11:23:40,  8.21s/it]  0%|          | 4/5000 [00:33<11:33:42,  8.33s/it]  0%|          | 5/5000 [00:41<11:41:11,  8.42s/it]  0%|          | 5/5000 [00:50<13:53:06, 10.01s/it]
[I 2024-07-05 11:14:56,932] Trial 52 finished with value: 0.726478788724793 and parameters: {'lr': 0.0001, 'l2': 0.001, 'bsize': 512, 'alpha1': 0.01}. Best is trial 45 with value: 0.726478788724793.
AUC:  0.726478788724793 LOGlOSS:  0.6101627929497198 test_AUC:  0.0 test_LOGlOSS:  10000.0
  0%|          | 0/5000 [00:00<?, ?it/s]  0%|          | 1/5000 [00:08<12:02:38,  8.67s/it]  0%|          | 2/5000 [00:17<11:51:49,  8.55s/it]  0%|          | 3/5000 [00:25<11:51:36,  8.54s/it]  0%|          | 4/5000 [00:34<11:50:11,  8.53s/it]  0%|          | 5/5000 [00:42<11:46:30,  8.49s/it]  0%|          | 5/5000 [00:50<14:07:29, 10.18s/it]
[I 2024-07-05 11:15:53,622] Trial 53 finished with value: 0.726478788724793 and parameters: {'lr': 0.0001, 'l2': 0.001, 'bsize': 512, 'alpha1': 0.01}. Best is trial 45 with value: 0.726478788724793.
AUC:  0.726478788724793 LOGlOSS:  0.6101627929497198 test_AUC:  0.0 test_LOGlOSS:  10000.0
  0%|          | 0/5000 [00:00<?, ?it/s]  0%|          | 1/5000 [00:08<11:24:24,  8.21s/it]  0%|          | 2/5000 [00:16<11:48:22,  8.50s/it]  0%|          | 3/5000 [00:25<11:55:08,  8.59s/it]  0%|          | 4/5000 [00:34<11:57:32,  8.62s/it]  0%|          | 5/5000 [00:42<11:59:52,  8.65s/it]  0%|          | 5/5000 [00:50<14:06:00, 10.16s/it]
[I 2024-07-05 11:16:52,370] Trial 54 finished with value: 0.7261408894734672 and parameters: {'lr': 0.0001, 'l2': 0.001, 'bsize': 512, 'alpha1': 0.001}. Best is trial 45 with value: 0.726478788724793.
AUC:  0.7261408894734672 LOGlOSS:  0.6109519400631249 test_AUC:  0.0 test_LOGlOSS:  10000.0
  0%|          | 0/5000 [00:00<?, ?it/s]  0%|          | 1/5000 [00:08<11:43:39,  8.45s/it]  0%|          | 2/5000 [00:16<11:41:18,  8.42s/it]  0%|          | 3/5000 [00:25<11:42:14,  8.43s/it]  0%|          | 4/5000 [00:33<11:42:00,  8.43s/it]  0%|          | 5/5000 [00:42<11:40:51,  8.42s/it]  0%|          | 6/5000 [00:50<11:41:32,  8.43s/it]  0%|          | 6/5000 [00:58<13:34:37,  9.79s/it]
[I 2024-07-05 11:17:55,755] Trial 55 finished with value: 0.725550871384102 and parameters: {'lr': 3e-05, 'l2': 0.001, 'bsize': 512, 'alpha1': 0.01}. Best is trial 45 with value: 0.726478788724793.
AUC:  0.725550871384102 LOGlOSS:  0.6129432173151342 test_AUC:  0.0 test_LOGlOSS:  10000.0
  0%|          | 0/5000 [00:00<?, ?it/s]  0%|          | 1/5000 [00:08<11:46:39,  8.48s/it]  0%|          | 2/5000 [00:17<11:55:24,  8.59s/it]  0%|          | 3/5000 [00:25<11:58:50,  8.63s/it]  0%|          | 4/5000 [00:34<11:49:46,  8.52s/it]  0%|          | 5/5000 [00:42<11:47:05,  8.49s/it]  0%|          | 5/5000 [00:51<14:10:14, 10.21s/it]
[I 2024-07-05 11:18:51,013] Trial 56 finished with value: 0.726478788724793 and parameters: {'lr': 0.0001, 'l2': 0.001, 'bsize': 512, 'alpha1': 0.01}. Best is trial 45 with value: 0.726478788724793.
AUC:  0.726478788724793 LOGlOSS:  0.6101627929497198 test_AUC:  0.0 test_LOGlOSS:  10000.0
  0%|          | 0/5000 [00:00<?, ?it/s]  0%|          | 1/5000 [00:08<11:32:30,  8.31s/it]  0%|          | 2/5000 [00:16<11:20:59,  8.18s/it]  0%|          | 3/5000 [00:24<11:27:32,  8.26s/it]  0%|          | 4/5000 [00:32<11:25:05,  8.23s/it]  0%|          | 5/5000 [00:41<11:33:36,  8.33s/it]  0%|          | 5/5000 [00:50<14:00:57, 10.10s/it]
[I 2024-07-05 11:19:46,438] Trial 57 finished with value: 0.7238799528365878 and parameters: {'lr': 0.0001, 'l2': 1e-05, 'bsize': 512, 'alpha1': 0.01}. Best is trial 45 with value: 0.726478788724793.
AUC:  0.7238799528365878 LOGlOSS:  0.6142180553604354 test_AUC:  0.0 test_LOGlOSS:  10000.0
  0%|          | 0/5000 [00:00<?, ?it/s]  0%|          | 1/5000 [00:08<11:19:03,  8.15s/it]  0%|          | 2/5000 [00:16<11:36:15,  8.36s/it]  0%|          | 3/5000 [00:25<11:39:38,  8.40s/it]  0%|          | 4/5000 [00:33<11:41:12,  8.42s/it]  0%|          | 5/5000 [00:42<11:42:18,  8.44s/it]  0%|          | 5/5000 [00:49<13:45:33,  9.92s/it]
[I 2024-07-05 11:20:41,299] Trial 58 finished with value: 0.7237330746329552 and parameters: {'lr': 0.0001, 'l2': 1e-06, 'bsize': 512, 'alpha1': 0.01}. Best is trial 45 with value: 0.726478788724793.
AUC:  0.7237330746329552 LOGlOSS:  0.6152591275286757 test_AUC:  0.0 test_LOGlOSS:  10000.0
  0%|          | 0/5000 [00:00<?, ?it/s]  0%|          | 1/5000 [00:08<11:51:26,  8.54s/it]  0%|          | 2/5000 [00:17<11:56:23,  8.60s/it]  0%|          | 3/5000 [00:25<11:33:08,  8.32s/it]  0%|          | 4/5000 [00:32<11:03:48,  7.97s/it]  0%|          | 5/5000 [00:40<11:08:10,  8.03s/it]  0%|          | 5/5000 [00:49<13:37:12,  9.82s/it]
[I 2024-07-05 11:21:35,499] Trial 59 finished with value: 0.7149534245759519 and parameters: {'lr': 0.0001, 'l2': 0.001, 'bsize': 512, 'alpha1': 1}. Best is trial 45 with value: 0.726478788724793.
AUC:  0.7149534245759519 LOGlOSS:  0.6219155240347781 test_AUC:  0.0 test_LOGlOSS:  10000.0
  0%|          | 0/5000 [00:00<?, ?it/s]  0%|          | 1/5000 [00:08<11:38:58,  8.39s/it]  0%|          | 2/5000 [00:16<11:39:08,  8.39s/it]  0%|          | 3/5000 [00:24<11:23:46,  8.21s/it]  0%|          | 4/5000 [00:33<11:32:09,  8.31s/it]  0%|          | 5/5000 [00:41<11:35:29,  8.35s/it]  0%|          | 5/5000 [00:49<13:48:10,  9.95s/it]
