nohup: ignoring input
2024-07-04 10:07:49.739824: I tensorflow/stream_executor/platform/default/dso_loader.cc:49] Successfully opened dynamic library libcudart.so.11.0
[I 2024-07-04 10:07:56,789] A new study created in memory with name: no-name-b3704150-89f8-4ddc-a29b-122430b77b2b
2024-07-04 10:07:56.862383: I tensorflow/compiler/jit/xla_cpu_device.cc:41] Not creating XLA devices, tf_xla_enable_xla_devices not set
2024-07-04 10:07:56.862792: I tensorflow/stream_executor/platform/default/dso_loader.cc:49] Successfully opened dynamic library libcuda.so.1
2024-07-04 10:07:56.863463: I tensorflow/core/common_runtime/gpu/gpu_device.cc:1720] Found device 0 with properties: 
pciBusID: 0000:1d:00.0 name: Tesla V100-SXM2-32GB computeCapability: 7.0
coreClock: 1.53GHz coreCount: 80 deviceMemorySize: 31.74GiB deviceMemoryBandwidth: 836.37GiB/s
2024-07-04 10:07:56.863502: I tensorflow/stream_executor/platform/default/dso_loader.cc:49] Successfully opened dynamic library libcudart.so.11.0
2024-07-04 10:07:56.863720: I tensorflow/stream_executor/platform/default/dso_loader.cc:49] Successfully opened dynamic library libcublas.so.11
2024-07-04 10:07:56.863746: I tensorflow/stream_executor/platform/default/dso_loader.cc:49] Successfully opened dynamic library libcublasLt.so.11
2024-07-04 10:07:56.897593: I tensorflow/stream_executor/platform/default/dso_loader.cc:49] Successfully opened dynamic library libcufft.so.10
2024-07-04 10:07:56.898058: I tensorflow/stream_executor/platform/default/dso_loader.cc:49] Successfully opened dynamic library libcurand.so.10
2024-07-04 10:07:56.898213: W tensorflow/stream_executor/platform/default/dso_loader.cc:60] Could not load dynamic library 'libcusolver.so.10'; dlerror: libcusolver.so.10: cannot open shared object file: No such file or directory; LD_LIBRARY_PATH: /lib/x86_64-linux-gnu:/usr/lib/x86_64-linux-gnu::/usr/local/cuda-11.7/lib64
2024-07-04 10:07:56.899047: I tensorflow/stream_executor/platform/default/dso_loader.cc:49] Successfully opened dynamic library libcusparse.so.11
2024-07-04 10:07:56.899117: I tensorflow/stream_executor/platform/default/dso_loader.cc:49] Successfully opened dynamic library libcudnn.so.8
2024-07-04 10:07:56.899128: W tensorflow/core/common_runtime/gpu/gpu_device.cc:1757] Cannot dlopen some GPU libraries. Please make sure the missing libraries mentioned above are installed properly if you would like to use GPU. Follow the guide at https://www.tensorflow.org/install/gpu for how to download and setup the required libraries for your platform.
Skipping registering GPU devices...
2024-07-04 10:07:56.899505: I tensorflow/core/platform/cpu_feature_guard.cc:142] This TensorFlow binary is optimized with oneAPI Deep Neural Network Library (oneDNN) to use the following CPU instructions in performance-critical operations:  AVX512F
To enable them in other operations, rebuild TensorFlow with the appropriate compiler flags.
2024-07-04 10:07:56.904278: I tensorflow/compiler/jit/xla_gpu_device.cc:99] Not creating XLA devices, tf_xla_enable_xla_devices not set
2024-07-04 10:07:56.904312: I tensorflow/core/common_runtime/gpu/gpu_device.cc:1261] Device interconnect StreamExecutor with strength 1 edge matrix:
2024-07-04 10:07:56.904320: I tensorflow/core/common_runtime/gpu/gpu_device.cc:1267]      
2024-07-04 10:07:56.961415: I tensorflow/compiler/mlir/mlir_graph_optimization_pass.cc:116] None of the MLIR optimization passes are enabled (registered 2)
2024-07-04 10:07:56.979662: I tensorflow/core/platform/profile_utils/cpu_utils.cc:112] CPU Frequency: 2500000000 Hz
{'model_opt': {'latent_dim': 16, 'feat_num': 41388, 'field_num': 88, 'mlp_dropout': 0.0, 'use_bn': False, 'mlp_dims': [1024, 512, 256], 'cross': 3}, 'dataset': 'kuairand', 'model': 'deepfm', 'data_dir': 'data/kuairand/threshold2_2', 'cuda': 0, 'source': None}
==================================================
|          IPS-CTR: Set the random seed          |
==================================================

==================================================
|            IPS-CTR: Estimate pscore            |
==================================================

==================================================
|               IPS-CTR: Training                |
==================================================

######### tuner ###########
  0%|          | 0/5000 [00:00<?, ?it/s]  0%|          | 1/5000 [00:03<5:18:30,  3.82s/it]  0%|          | 2/5000 [00:06<4:32:08,  3.27s/it]  0%|          | 3/5000 [00:09<4:03:43,  2.93s/it]  0%|          | 4/5000 [00:12<4:08:17,  2.98s/it]  0%|          | 5/5000 [00:15<4:11:37,  3.02s/it]  0%|          | 5/5000 [00:18<5:06:55,  3.69s/it]
[I 2024-07-04 10:08:20,221] Trial 0 finished with value: 0.7252465568569315 and parameters: {'lr': 0.0003, 'l2': 3e-05, 'bsize': 512}. Best is trial 0 with value: 0.7252465568569315.
AUC:  0.7252465568569315 LOGlOSS:  0.7993424385675717 test_AUC:  0.0 test_LOGlOSS:  10000.0
  0%|          | 0/5000 [00:00<?, ?it/s]  0%|          | 1/5000 [00:06<8:40:17,  6.24s/it]  0%|          | 2/5000 [00:12<9:00:14,  6.49s/it]  0%|          | 3/5000 [00:16<7:27:43,  5.38s/it]  0%|          | 4/5000 [00:20<6:43:14,  4.84s/it]  0%|          | 5/5000 [00:26<6:55:09,  4.99s/it]  0%|          | 6/5000 [00:30<6:34:29,  4.74s/it]  0%|          | 7/5000 [00:34<6:12:51,  4.48s/it]  0%|          | 8/5000 [00:38<5:57:50,  4.30s/it]  0%|          | 9/5000 [00:42<5:51:06,  4.22s/it]  0%|          | 10/5000 [00:46<5:45:01,  4.15s/it]  0%|          | 11/5000 [00:50<5:40:01,  4.09s/it]  0%|          | 12/5000 [00:54<5:45:59,  4.16s/it]  0%|          | 13/5000 [00:59<5:57:24,  4.30s/it]  0%|          | 13/5000 [01:03<6:47:50,  4.91s/it]
[I 2024-07-04 10:09:29,915] Trial 1 finished with value: 0.7231022325112515 and parameters: {'lr': 1e-05, 'l2': 0.001, 'bsize': 256}. Best is trial 0 with value: 0.7252465568569315.
AUC:  0.7231022325112515 LOGlOSS:  0.7924446359079304 test_AUC:  0.0 test_LOGlOSS:  10000.0
  0%|          | 0/5000 [00:00<?, ?it/s]  0%|          | 1/5000 [00:04<6:28:37,  4.66s/it]  0%|          | 2/5000 [00:08<6:07:34,  4.41s/it]  0%|          | 3/5000 [00:13<6:19:51,  4.56s/it]  0%|          | 4/5000 [00:18<6:45:34,  4.87s/it]  0%|          | 5/5000 [00:23<6:37:15,  4.77s/it]  0%|          | 5/5000 [00:31<8:38:45,  6.23s/it]
[I 2024-07-04 10:10:18,165] Trial 2 finished with value: 0.7260186988195692 and parameters: {'lr': 0.0003, 'l2': 3e-05, 'bsize': 256}. Best is trial 2 with value: 0.7260186988195692.
AUC:  0.7260186988195692 LOGlOSS:  0.7598363365360638 test_AUC:  0.0 test_LOGlOSS:  10000.0
  0%|          | 0/5000 [00:00<?, ?it/s]  0%|          | 1/5000 [00:04<6:53:16,  4.96s/it]  0%|          | 2/5000 [00:09<6:47:16,  4.89s/it]  0%|          | 3/5000 [00:14<6:38:18,  4.78s/it]  0%|          | 4/5000 [00:18<6:29:33,  4.68s/it]  0%|          | 5/5000 [00:22<6:02:56,  4.36s/it]  0%|          | 5/5000 [00:26<7:23:40,  5.33s/it]
[I 2024-07-04 10:11:07,627] Trial 3 finished with value: 0.7248856802692973 and parameters: {'lr': 0.001, 'l2': 0.0001, 'bsize': 512}. Best is trial 2 with value: 0.7260186988195692.
AUC:  0.7248856802692973 LOGlOSS:  0.7349603786728109 test_AUC:  0.0 test_LOGlOSS:  10000.0
  0%|          | 0/5000 [00:00<?, ?it/s]  0%|          | 1/5000 [00:06<9:17:06,  6.69s/it]  0%|          | 2/5000 [00:12<8:44:21,  6.29s/it]  0%|          | 3/5000 [00:18<8:36:11,  6.20s/it]  0%|          | 4/5000 [00:27<10:04:36,  7.26s/it]  0%|          | 5/5000 [00:35<10:15:36,  7.39s/it]  0%|          | 6/5000 [00:44<11:01:28,  7.95s/it]  0%|          | 6/5000 [00:53<12:18:46,  8.88s/it]
[I 2024-07-04 10:12:24,691] Trial 4 finished with value: 0.7245350581878779 and parameters: {'lr': 0.0001, 'l2': 3e-06, 'bsize': 256}. Best is trial 2 with value: 0.7260186988195692.
AUC:  0.7245350581878779 LOGlOSS:  0.7595544171926853 test_AUC:  0.0 test_LOGlOSS:  10000.0
  0%|          | 0/5000 [00:00<?, ?it/s]  0%|          | 1/5000 [00:02<2:53:57,  2.09s/it]  0%|          | 2/5000 [00:04<2:55:15,  2.10s/it]  0%|          | 3/5000 [00:05<2:36:52,  1.88s/it]  0%|          | 4/5000 [00:07<2:27:31,  1.77s/it]  0%|          | 5/5000 [00:09<2:26:21,  1.76s/it]  0%|          | 6/5000 [00:11<2:38:52,  1.91s/it]  0%|          | 7/5000 [00:13<2:53:25,  2.08s/it]  0%|          | 8/5000 [00:15<2:51:50,  2.07s/it]  0%|          | 9/5000 [00:18<2:56:51,  2.13s/it]  0%|          | 10/5000 [00:20<3:03:41,  2.21s/it]  0%|          | 10/5000 [00:23<3:11:37,  2.30s/it]
[I 2024-07-04 10:13:08,614] Trial 5 finished with value: 0.7243354614390832 and parameters: {'lr': 3e-05, 'l2': 3e-05, 'bsize': 1024}. Best is trial 2 with value: 0.7260186988195692.
AUC:  0.7243354614390832 LOGlOSS:  0.7728611278980374 test_AUC:  0.0 test_LOGlOSS:  10000.0
  0%|          | 0/5000 [00:00<?, ?it/s]  0%|          | 1/5000 [00:03<4:37:22,  3.33s/it]  0%|          | 2/5000 [00:08<5:46:48,  4.16s/it]  0%|          | 3/5000 [00:11<5:16:37,  3.80s/it]  0%|          | 4/5000 [00:15<5:16:40,  3.80s/it]  0%|          | 5/5000 [00:18<4:51:56,  3.51s/it]  0%|          | 6/5000 [00:21<4:41:14,  3.38s/it]  0%|          | 7/5000 [00:24<4:40:17,  3.37s/it]  0%|          | 8/5000 [00:27<4:19:18,  3.12s/it]  0%|          | 8/5000 [00:30<5:13:21,  3.77s/it]
[I 2024-07-04 10:14:02,387] Trial 6 finished with value: 0.7244145063088905 and parameters: {'lr': 3e-05, 'l2': 3e-05, 'bsize': 512}. Best is trial 2 with value: 0.7260186988195692.
AUC:  0.7244145063088905 LOGlOSS:  0.7932059450044838 test_AUC:  0.0 test_LOGlOSS:  10000.0
  0%|          | 0/5000 [00:00<?, ?it/s]  0%|          | 1/5000 [00:03<5:24:58,  3.90s/it]  0%|          | 2/5000 [00:07<5:20:36,  3.85s/it]  0%|          | 3/5000 [00:11<5:18:38,  3.83s/it]  0%|          | 4/5000 [00:14<5:00:48,  3.61s/it]  0%|          | 5/5000 [00:18<4:53:54,  3.53s/it]  0%|          | 6/5000 [00:21<4:59:32,  3.60s/it]  0%|          | 7/5000 [00:25<5:01:41,  3.63s/it]  0%|          | 8/5000 [00:28<4:49:40,  3.48s/it]  0%|          | 9/5000 [00:32<4:50:33,  3.49s/it]  0%|          | 10/5000 [00:35<4:37:09,  3.33s/it]  0%|          | 11/5000 [00:38<4:32:25,  3.28s/it]  0%|          | 12/5000 [00:42<4:41:46,  3.39s/it]  0%|          | 13/5000 [00:44<4:20:06,  3.13s/it]  0%|          | 14/5000 [00:47<4:12:42,  3.04s/it]  0%|          | 15/5000 [00:50<4:14:23,  3.06s/it]  0%|          | 16/5000 [00:53<4:06:05,  2.96s/it]  0%|          | 16/5000 [00:56<4:54:41,  3.55s/it]
[I 2024-07-04 10:15:21,017] Trial 7 finished with value: 0.7226104017345902 and parameters: {'lr': 1e-05, 'l2': 1e-06, 'bsize': 512}. Best is trial 2 with value: 0.7260186988195692.
AUC:  0.7226104017345902 LOGlOSS:  0.7757139368360975 test_AUC:  0.0 test_LOGlOSS:  10000.0
  0%|          | 0/5000 [00:00<?, ?it/s]  0%|          | 1/5000 [00:01<2:24:12,  1.73s/it]  0%|          | 2/5000 [00:03<2:23:43,  1.73s/it]  0%|          | 3/5000 [00:05<2:29:54,  1.80s/it]  0%|          | 4/5000 [00:06<2:24:59,  1.74s/it]  0%|          | 5/5000 [00:08<2:09:25,  1.55s/it]  0%|          | 6/5000 [00:10<2:17:00,  1.65s/it]  0%|          | 7/5000 [00:11<2:12:03,  1.59s/it]  0%|          | 7/5000 [00:13<2:38:03,  1.90s/it]
[I 2024-07-04 10:15:58,937] Trial 8 finished with value: 0.7240445243897817 and parameters: {'lr': 0.0001, 'l2': 3e-05, 'bsize': 1024}. Best is trial 2 with value: 0.7260186988195692.
AUC:  0.7240445243897817 LOGlOSS:  0.7940800384657692 test_AUC:  0.0 test_LOGlOSS:  10000.0
  0%|          | 0/5000 [00:00<?, ?it/s]  0%|          | 1/5000 [00:01<2:36:34,  1.88s/it]  0%|          | 2/5000 [00:03<2:41:11,  1.94s/it]  0%|          | 3/5000 [00:05<2:23:40,  1.73s/it]  0%|          | 4/5000 [00:07<2:23:42,  1.73s/it]  0%|          | 5/5000 [00:08<2:13:51,  1.61s/it]  0%|          | 6/5000 [00:10<2:15:50,  1.63s/it]  0%|          | 7/5000 [00:12<2:22:43,  1.72s/it]  0%|          | 7/5000 [00:13<2:44:20,  1.97s/it]
[I 2024-07-04 10:16:34,973] Trial 9 finished with value: 0.7240024963721181 and parameters: {'lr': 0.0001, 'l2': 0.001, 'bsize': 1024}. Best is trial 2 with value: 0.7260186988195692.
AUC:  0.7240024963721181 LOGlOSS:  0.7942049419929534 test_AUC:  0.0 test_LOGlOSS:  10000.0
  0%|          | 0/5000 [00:00<?, ?it/s]  0%|          | 1/5000 [00:05<7:56:04,  5.71s/it]  0%|          | 2/5000 [00:11<8:11:19,  5.90s/it]  0%|          | 3/5000 [00:17<8:02:11,  5.79s/it]  0%|          | 4/5000 [00:23<8:03:53,  5.81s/it]  0%|          | 5/5000 [00:28<7:51:10,  5.66s/it]  0%|          | 5/5000 [00:34<9:34:13,  6.90s/it]
[I 2024-07-04 10:17:35,394] Trial 10 finished with value: 0.7259893314312229 and parameters: {'lr': 0.0003, 'l2': 0.0003, 'bsize': 256}. Best is trial 2 with value: 0.7260186988195692.
AUC:  0.7259893314312229 LOGlOSS:  0.7591952505112084 test_AUC:  0.0 test_LOGlOSS:  10000.0
  0%|          | 0/5000 [00:00<?, ?it/s]  0%|          | 1/5000 [00:05<8:18:33,  5.98s/it]  0%|          | 2/5000 [00:12<8:24:49,  6.06s/it]  0%|          | 3/5000 [00:18<8:39:19,  6.24s/it]  0%|          | 4/5000 [00:23<8:09:27,  5.88s/it]  0%|          | 5/5000 [00:30<8:25:53,  6.08s/it]  0%|          | 5/5000 [00:34<9:37:41,  6.94s/it]
[I 2024-07-04 10:18:31,645] Trial 11 finished with value: 0.7259893314312229 and parameters: {'lr': 0.0003, 'l2': 0.0003, 'bsize': 256}. Best is trial 2 with value: 0.7260186988195692.
AUC:  0.7259893314312229 LOGlOSS:  0.7591952505112084 test_AUC:  0.0 test_LOGlOSS:  10000.0
  0%|          | 0/5000 [00:00<?, ?it/s]  0%|          | 1/5000 [00:05<6:57:18,  5.01s/it]  0%|          | 2/5000 [00:09<6:28:25,  4.66s/it]  0%|          | 3/5000 [00:13<6:22:54,  4.60s/it]  0%|          | 4/5000 [00:18<6:35:56,  4.76s/it]  0%|          | 5/5000 [00:23<6:35:57,  4.76s/it]  0%|          | 5/5000 [00:31<8:52:16,  6.39s/it]
[I 2024-07-04 10:19:23,349] Trial 12 finished with value: 0.7259893314312229 and parameters: {'lr': 0.0003, 'l2': 0.0003, 'bsize': 256}. Best is trial 2 with value: 0.7260186988195692.
AUC:  0.7259893314312229 LOGlOSS:  0.7591952505112084 test_AUC:  0.0 test_LOGlOSS:  10000.0
  0%|          | 0/5000 [00:00<?, ?it/s]  0%|          | 1/5000 [00:07<9:58:31,  7.18s/it]  0%|          | 2/5000 [00:12<8:15:28,  5.95s/it]  0%|          | 3/5000 [00:16<7:15:54,  5.23s/it]  0%|          | 4/5000 [00:22<7:29:34,  5.40s/it]  0%|          | 5/5000 [00:28<7:43:31,  5.57s/it]  0%|          | 5/5000 [00:32<9:04:21,  6.54s/it]
[I 2024-07-04 10:20:18,409] Trial 13 finished with value: 0.7259889890190281 and parameters: {'lr': 0.0003, 'l2': 1e-05, 'bsize': 256}. Best is trial 2 with value: 0.7260186988195692.
AUC:  0.7259889890190281 LOGlOSS:  0.7597526783651383 test_AUC:  0.0 test_LOGlOSS:  10000.0
  0%|          | 0/5000 [00:00<?, ?it/s]  0%|          | 1/5000 [00:05<7:52:43,  5.67s/it]  0%|          | 2/5000 [00:11<7:55:16,  5.71s/it]  0%|          | 3/5000 [00:15<7:05:51,  5.11s/it]  0%|          | 4/5000 [00:20<6:55:54,  4.99s/it]  0%|          | 5/5000 [00:26<7:18:17,  5.26s/it]  0%|          | 5/5000 [00:32<9:02:04,  6.51s/it]
[I 2024-07-04 10:21:14,048] Trial 14 finished with value: 0.7259893314312229 and parameters: {'lr': 0.0003, 'l2': 0.0003, 'bsize': 256}. Best is trial 2 with value: 0.7260186988195692.
AUC:  0.7259893314312229 LOGlOSS:  0.7591952505112084 test_AUC:  0.0 test_LOGlOSS:  10000.0
  0%|          | 0/5000 [00:00<?, ?it/s]  0%|          | 1/5000 [00:06<9:15:09,  6.66s/it]  0%|          | 2/5000 [00:12<8:39:55,  6.24s/it]  0%|          | 3/5000 [00:18<8:36:12,  6.20s/it]  0%|          | 4/5000 [00:25<8:51:21,  6.38s/it]  0%|          | 5/5000 [00:31<8:48:01,  6.34s/it]  0%|          | 5/5000 [00:37<10:18:04,  7.42s/it]
[I 2024-07-04 10:22:13,066] Trial 15 finished with value: 0.7227410732488019 and parameters: {'lr': 0.001, 'l2': 1e-05, 'bsize': 256}. Best is trial 2 with value: 0.7260186988195692.
AUC:  0.7227410732488019 LOGlOSS:  0.7555316347842108 test_AUC:  0.0 test_LOGlOSS:  10000.0
  0%|          | 0/5000 [00:00<?, ?it/s]  0%|          | 1/5000 [00:06<9:12:02,  6.63s/it]  0%|          | 2/5000 [00:13<9:27:45,  6.82s/it]  0%|          | 3/5000 [00:21<9:58:49,  7.19s/it]  0%|          | 4/5000 [00:28<9:59:24,  7.20s/it]  0%|          | 5/5000 [00:36<10:40:41,  7.70s/it]  0%|          | 5/5000 [00:43<12:00:28,  8.65s/it]
[I 2024-07-04 10:23:19,112] Trial 16 finished with value: 0.7260058201796099 and parameters: {'lr': 0.0003, 'l2': 0.0001, 'bsize': 256}. Best is trial 2 with value: 0.7260186988195692.
AUC:  0.7260058201796099 LOGlOSS:  0.7591939193696043 test_AUC:  0.0 test_LOGlOSS:  10000.0
  0%|          | 0/5000 [00:00<?, ?it/s]  0%|          | 1/5000 [00:06<8:30:17,  6.12s/it]  0%|          | 2/5000 [00:12<8:18:05,  5.98s/it]  0%|          | 3/5000 [00:18<8:44:22,  6.30s/it]  0%|          | 4/5000 [00:26<9:19:49,  6.72s/it]  0%|          | 5/5000 [00:33<9:46:41,  7.05s/it]  0%|          | 5/5000 [00:39<11:02:57,  7.96s/it]
[I 2024-07-04 10:24:20,608] Trial 17 finished with value: 0.7260058201796099 and parameters: {'lr': 0.0003, 'l2': 0.0001, 'bsize': 256}. Best is trial 2 with value: 0.7260186988195692.
AUC:  0.7260058201796099 LOGlOSS:  0.7591939193696043 test_AUC:  0.0 test_LOGlOSS:  10000.0
  0%|          | 0/5000 [00:00<?, ?it/s]  0%|          | 1/5000 [00:06<9:02:40,  6.51s/it]  0%|          | 2/5000 [00:13<9:06:33,  6.56s/it]  0%|          | 3/5000 [00:20<9:30:55,  6.86s/it]  0%|          | 4/5000 [00:27<9:41:41,  6.99s/it]  0%|          | 5/5000 [00:34<9:41:30,  6.99s/it]  0%|          | 5/5000 [00:40<11:21:22,  8.18s/it]
[I 2024-07-04 10:25:26,968] Trial 18 finished with value: 0.7260058201796099 and parameters: {'lr': 0.0003, 'l2': 0.0001, 'bsize': 256}. Best is trial 2 with value: 0.7260186988195692.
AUC:  0.7260058201796099 LOGlOSS:  0.7591939193696043 test_AUC:  0.0 test_LOGlOSS:  10000.0
  0%|          | 0/5000 [00:00<?, ?it/s]  0%|          | 1/5000 [00:02<3:15:30,  2.35s/it]  0%|          | 2/5000 [00:04<2:59:25,  2.15s/it]  0%|          | 3/5000 [00:06<2:52:36,  2.07s/it]  0%|          | 4/5000 [00:08<2:51:04,  2.05s/it]  0%|          | 5/5000 [00:10<2:42:04,  1.95s/it]  0%|          | 5/5000 [00:12<3:24:26,  2.46s/it]
[I 2024-07-04 10:26:03,166] Trial 19 finished with value: 0.7252440965390932 and parameters: {'lr': 0.001, 'l2': 3e-06, 'bsize': 1024}. Best is trial 2 with value: 0.7260186988195692.
AUC:  0.7252440965390932 LOGlOSS:  0.8053208334774449 test_AUC:  0.0 test_LOGlOSS:  10000.0
  0%|          | 0/5000 [00:00<?, ?it/s]  0%|          | 1/5000 [00:06<8:58:38,  6.47s/it]  0%|          | 2/5000 [00:12<8:47:00,  6.33s/it]  0%|          | 3/5000 [00:18<8:20:40,  6.01s/it]  0%|          | 4/5000 [00:24<8:20:00,  6.00s/it]  0%|          | 5/5000 [00:29<7:48:19,  5.63s/it]  0%|          | 6/5000 [00:33<7:18:06,  5.26s/it]  0%|          | 7/5000 [00:39<7:20:27,  5.29s/it]  0%|          | 7/5000 [00:45<8:57:41,  6.46s/it]
[I 2024-07-04 10:27:10,891] Trial 20 finished with value: 0.7244296020062261 and parameters: {'lr': 3e-05, 'l2': 1e-06, 'bsize': 256}. Best is trial 2 with value: 0.7260186988195692.
AUC:  0.7244296020062261 LOGlOSS:  0.7846896903395514 test_AUC:  0.0 test_LOGlOSS:  10000.0
  0%|          | 0/5000 [00:00<?, ?it/s]  0%|          | 1/5000 [00:06<8:48:40,  6.35s/it]  0%|          | 2/5000 [00:12<8:28:18,  6.10s/it]  0%|          | 3/5000 [00:18<8:47:27,  6.33s/it]  0%|          | 4/5000 [00:24<8:23:38,  6.05s/it]  0%|          | 5/5000 [00:30<8:33:27,  6.17s/it]  0%|          | 5/5000 [00:36<10:15:33,  7.39s/it]
[I 2024-07-04 10:28:10,401] Trial 21 finished with value: 0.7260058201796099 and parameters: {'lr': 0.0003, 'l2': 0.0001, 'bsize': 256}. Best is trial 2 with value: 0.7260186988195692.
AUC:  0.7260058201796099 LOGlOSS:  0.7591939193696043 test_AUC:  0.0 test_LOGlOSS:  10000.0
  0%|          | 0/5000 [00:00<?, ?it/s]  0%|          | 1/5000 [00:05<7:59:09,  5.75s/it]  0%|          | 2/5000 [00:12<8:24:01,  6.05s/it]  0%|          | 3/5000 [00:18<8:37:03,  6.21s/it]  0%|          | 4/5000 [00:23<8:13:17,  5.92s/it]  0%|          | 5/5000 [00:30<8:27:40,  6.10s/it]  0%|          | 5/5000 [00:37<10:27:49,  7.54s/it]
[I 2024-07-04 10:29:09,505] Trial 22 finished with value: 0.7260058201796099 and parameters: {'lr': 0.0003, 'l2': 0.0001, 'bsize': 256}. Best is trial 2 with value: 0.7260186988195692.
AUC:  0.7260058201796099 LOGlOSS:  0.7591939193696043 test_AUC:  0.0 test_LOGlOSS:  10000.0
  0%|          | 0/5000 [00:00<?, ?it/s]  0%|          | 1/5000 [00:06<8:52:44,  6.39s/it]  0%|          | 2/5000 [00:12<8:38:23,  6.22s/it]  0%|          | 3/5000 [00:18<8:18:22,  5.98s/it]  0%|          | 4/5000 [00:25<9:02:08,  6.51s/it]  0%|          | 5/5000 [00:35<10:40:20,  7.69s/it]  0%|          | 5/5000 [00:41<11:28:58,  8.28s/it]
[I 2024-07-04 10:30:13,497] Trial 23 finished with value: 0.7260058201796099 and parameters: {'lr': 0.0003, 'l2': 0.0001, 'bsize': 256}. Best is trial 2 with value: 0.7260186988195692.
AUC:  0.7260058201796099 LOGlOSS:  0.7591939193696043 test_AUC:  0.0 test_LOGlOSS:  10000.0
  0%|          | 0/5000 [00:00<?, ?it/s]  0%|          | 1/5000 [00:05<7:58:13,  5.74s/it]  0%|          | 2/5000 [00:11<8:19:21,  5.99s/it]  0%|          | 3/5000 [00:17<7:54:05,  5.69s/it]  0%|          | 4/5000 [00:22<7:54:47,  5.70s/it]  0%|          | 5/5000 [00:28<7:42:40,  5.56s/it]  0%|          | 5/5000 [00:34<9:26:10,  6.80s/it]
