nohup: ignoring input
2024-07-05 07:39:03.683526: I tensorflow/stream_executor/platform/default/dso_loader.cc:49] Successfully opened dynamic library libcudart.so.11.0
[I 2024-07-05 07:39:10,820] A new study created in memory with name: no-name-bc646fda-b411-4ea0-a854-3ab2000ff121
2024-07-05 07:39:10.891281: I tensorflow/compiler/jit/xla_cpu_device.cc:41] Not creating XLA devices, tf_xla_enable_xla_devices not set
2024-07-05 07:39:10.891720: I tensorflow/stream_executor/platform/default/dso_loader.cc:49] Successfully opened dynamic library libcuda.so.1
2024-07-05 07:39:10.892403: I tensorflow/core/common_runtime/gpu/gpu_device.cc:1720] Found device 0 with properties: 
pciBusID: 0000:1d:00.0 name: Tesla V100-SXM2-32GB computeCapability: 7.0
coreClock: 1.53GHz coreCount: 80 deviceMemorySize: 31.74GiB deviceMemoryBandwidth: 836.37GiB/s
2024-07-05 07:39:10.892441: I tensorflow/stream_executor/platform/default/dso_loader.cc:49] Successfully opened dynamic library libcudart.so.11.0
2024-07-05 07:39:10.892642: I tensorflow/stream_executor/platform/default/dso_loader.cc:49] Successfully opened dynamic library libcublas.so.11
2024-07-05 07:39:10.892668: I tensorflow/stream_executor/platform/default/dso_loader.cc:49] Successfully opened dynamic library libcublasLt.so.11
2024-07-05 07:39:10.926637: I tensorflow/stream_executor/platform/default/dso_loader.cc:49] Successfully opened dynamic library libcufft.so.10
2024-07-05 07:39:10.927103: I tensorflow/stream_executor/platform/default/dso_loader.cc:49] Successfully opened dynamic library libcurand.so.10
2024-07-05 07:39:10.927255: W tensorflow/stream_executor/platform/default/dso_loader.cc:60] Could not load dynamic library 'libcusolver.so.10'; dlerror: libcusolver.so.10: cannot open shared object file: No such file or directory; LD_LIBRARY_PATH: /lib/x86_64-linux-gnu:/usr/lib/x86_64-linux-gnu::/usr/local/cuda-11.7/lib64
2024-07-05 07:39:10.928161: I tensorflow/stream_executor/platform/default/dso_loader.cc:49] Successfully opened dynamic library libcusparse.so.11
2024-07-05 07:39:10.928227: I tensorflow/stream_executor/platform/default/dso_loader.cc:49] Successfully opened dynamic library libcudnn.so.8
2024-07-05 07:39:10.928238: W tensorflow/core/common_runtime/gpu/gpu_device.cc:1757] Cannot dlopen some GPU libraries. Please make sure the missing libraries mentioned above are installed properly if you would like to use GPU. Follow the guide at https://www.tensorflow.org/install/gpu for how to download and setup the required libraries for your platform.
Skipping registering GPU devices...
2024-07-05 07:39:10.928613: I tensorflow/core/platform/cpu_feature_guard.cc:142] This TensorFlow binary is optimized with oneAPI Deep Neural Network Library (oneDNN) to use the following CPU instructions in performance-critical operations:  AVX512F
To enable them in other operations, rebuild TensorFlow with the appropriate compiler flags.
2024-07-05 07:39:10.933533: I tensorflow/compiler/jit/xla_gpu_device.cc:99] Not creating XLA devices, tf_xla_enable_xla_devices not set
2024-07-05 07:39:10.933569: I tensorflow/core/common_runtime/gpu/gpu_device.cc:1261] Device interconnect StreamExecutor with strength 1 edge matrix:
2024-07-05 07:39:10.933577: I tensorflow/core/common_runtime/gpu/gpu_device.cc:1267]      
2024-07-05 07:39:10.973596: I tensorflow/compiler/mlir/mlir_graph_optimization_pass.cc:116] None of the MLIR optimization passes are enabled (registered 2)
2024-07-05 07:39:10.991700: I tensorflow/core/platform/profile_utils/cpu_utils.cc:112] CPU Frequency: 2500000000 Hz
{'model_opt': {'latent_dim': 16, 'feat_num': 41388, 'field_num': 88, 'mlp_dropout': 0.0, 'use_bn': False, 'mlp_dims': [1024, 512, 256], 'cross': 3}, 'dataset': 'kuairand', 'model': 'dcn', 'data_dir': 'data/kuairand/threshold2_2', 'cuda': 0, 'source': None}
==================================================
|          IPS-CTR: Set the random seed          |
==================================================

==================================================
|            IPS-CTR: Estimate pscore            |
==================================================

==================================================
|               IPS-CTR: Training                |
==================================================

######### tuner ###########
  0%|          | 0/5000 [00:00<?, ?it/s]  0%|          | 1/5000 [00:04<6:45:47,  4.87s/it]  0%|          | 2/5000 [00:09<6:36:27,  4.76s/it]  0%|          | 3/5000 [00:14<6:34:16,  4.73s/it]  0%|          | 4/5000 [00:19<6:39:16,  4.80s/it]  0%|          | 5/5000 [00:22<6:03:33,  4.37s/it]  0%|          | 5/5000 [00:27<7:30:52,  5.42s/it]
[I 2024-07-05 07:39:43,180] Trial 0 finished with value: 0.725561717105617 and parameters: {'lr': 0.0003, 'l2': 3e-05, 'bsize': 512}. Best is trial 0 with value: 0.725561717105617.
AUC:  0.725561717105617 LOGlOSS:  0.7979008291956365 test_AUC:  0.0 test_LOGlOSS:  10000.0
  0%|          | 0/5000 [00:00<?, ?it/s]  0%|          | 1/5000 [00:07<10:55:22,  7.87s/it]  0%|          | 2/5000 [00:15<10:30:46,  7.57s/it]  0%|          | 3/5000 [00:23<10:41:27,  7.70s/it]  0%|          | 4/5000 [00:29<9:44:00,  7.01s/it]   0%|          | 5/5000 [00:35<9:13:51,  6.65s/it]  0%|          | 6/5000 [00:41<9:09:02,  6.60s/it]  0%|          | 7/5000 [00:48<9:05:15,  6.55s/it]  0%|          | 8/5000 [00:54<9:13:32,  6.65s/it]  0%|          | 9/5000 [01:02<9:46:58,  7.06s/it]  0%|          | 10/5000 [01:08<9:22:17,  6.76s/it]  0%|          | 11/5000 [01:15<9:14:17,  6.67s/it]  0%|          | 12/5000 [01:21<8:48:28,  6.36s/it]  0%|          | 12/5000 [01:26<10:02:28,  7.25s/it]
[I 2024-07-05 07:41:15,291] Trial 1 finished with value: 0.7219031979983539 and parameters: {'lr': 1e-05, 'l2': 0.001, 'bsize': 256}. Best is trial 0 with value: 0.725561717105617.
AUC:  0.7219031979983539 LOGlOSS:  0.7908958710256294 test_AUC:  0.0 test_LOGlOSS:  10000.0
  0%|          | 0/5000 [00:00<?, ?it/s]  0%|          | 1/5000 [00:08<11:11:31,  8.06s/it]  0%|          | 2/5000 [00:16<11:10:07,  8.04s/it]  0%|          | 3/5000 [00:23<10:59:45,  7.92s/it]  0%|          | 4/5000 [00:32<11:11:45,  8.07s/it]  0%|          | 5/5000 [00:40<11:19:17,  8.16s/it]  0%|          | 5/5000 [00:48<13:29:51,  9.73s/it]
[I 2024-07-05 07:42:09,618] Trial 2 finished with value: 0.7262364914509307 and parameters: {'lr': 0.0003, 'l2': 3e-05, 'bsize': 256}. Best is trial 2 with value: 0.7262364914509307.
AUC:  0.7262364914509307 LOGlOSS:  0.7623597030622395 test_AUC:  0.0 test_LOGlOSS:  10000.0
  0%|          | 0/5000 [00:00<?, ?it/s]  0%|          | 1/5000 [00:04<6:11:11,  4.46s/it]  0%|          | 2/5000 [00:08<6:05:14,  4.38s/it]  0%|          | 3/5000 [00:13<6:00:26,  4.33s/it]  0%|          | 4/5000 [00:17<5:59:35,  4.32s/it]  0%|          | 5/5000 [00:21<6:05:21,  4.39s/it]  0%|          | 5/5000 [00:25<7:12:37,  5.20s/it]
[I 2024-07-05 07:42:40,284] Trial 3 finished with value: 0.725081052907941 and parameters: {'lr': 0.001, 'l2': 0.0001, 'bsize': 512}. Best is trial 2 with value: 0.7262364914509307.
AUC:  0.725081052907941 LOGlOSS:  0.7659100779401352 test_AUC:  0.0 test_LOGlOSS:  10000.0
  0%|          | 0/5000 [00:00<?, ?it/s]  0%|          | 1/5000 [00:06<9:35:34,  6.91s/it]  0%|          | 2/5000 [00:14<9:47:28,  7.05s/it]  0%|          | 3/5000 [00:20<9:41:27,  6.98s/it]  0%|          | 4/5000 [00:27<9:38:56,  6.95s/it]  0%|          | 5/5000 [00:35<9:46:50,  7.05s/it]  0%|          | 6/5000 [00:42<9:46:48,  7.05s/it]  0%|          | 6/5000 [00:49<11:24:06,  8.22s/it]
[I 2024-07-05 07:43:34,858] Trial 4 finished with value: 0.7251871686641622 and parameters: {'lr': 0.0001, 'l2': 3e-06, 'bsize': 256}. Best is trial 2 with value: 0.7262364914509307.
AUC:  0.7251871686641622 LOGlOSS:  0.7809542640292518 test_AUC:  0.0 test_LOGlOSS:  10000.0
  0%|          | 0/5000 [00:00<?, ?it/s]  0%|          | 1/5000 [00:02<3:08:59,  2.27s/it]  0%|          | 2/5000 [00:04<2:54:19,  2.09s/it]  0%|          | 3/5000 [00:06<2:46:11,  2.00s/it]  0%|          | 4/5000 [00:08<2:42:50,  1.96s/it]  0%|          | 5/5000 [00:09<2:42:54,  1.96s/it]  0%|          | 6/5000 [00:11<2:42:48,  1.96s/it]  0%|          | 7/5000 [00:13<2:45:46,  1.99s/it]  0%|          | 8/5000 [00:16<2:48:16,  2.02s/it]  0%|          | 9/5000 [00:18<2:45:39,  1.99s/it]  0%|          | 10/5000 [00:20<2:48:40,  2.03s/it]  0%|          | 10/5000 [00:22<3:04:29,  2.22s/it]
[I 2024-07-05 07:44:01,393] Trial 5 finished with value: 0.7234236910504336 and parameters: {'lr': 3e-05, 'l2': 3e-05, 'bsize': 1024}. Best is trial 2 with value: 0.7262364914509307.
AUC:  0.7234236910504336 LOGlOSS:  0.7735695426334127 test_AUC:  0.0 test_LOGlOSS:  10000.0
  0%|          | 0/5000 [00:00<?, ?it/s]  0%|          | 1/5000 [00:03<5:17:27,  3.81s/it]  0%|          | 2/5000 [00:07<5:15:20,  3.79s/it]  0%|          | 3/5000 [00:11<5:30:13,  3.97s/it]  0%|          | 4/5000 [00:17<6:22:08,  4.59s/it]  0%|          | 5/5000 [00:22<6:45:34,  4.87s/it]  0%|          | 6/5000 [00:28<7:05:03,  5.11s/it]  0%|          | 7/5000 [00:33<7:21:16,  5.30s/it]  0%|          | 8/5000 [00:39<7:23:02,  5.32s/it]  0%|          | 8/5000 [00:44<7:45:42,  5.60s/it]
[I 2024-07-05 07:44:53,910] Trial 6 finished with value: 0.7235444991227178 and parameters: {'lr': 3e-05, 'l2': 3e-05, 'bsize': 512}. Best is trial 2 with value: 0.7262364914509307.
AUC:  0.7235444991227178 LOGlOSS:  0.79016997373175 test_AUC:  0.0 test_LOGlOSS:  10000.0
  0%|          | 0/5000 [00:00<?, ?it/s]  0%|          | 1/5000 [00:05<7:40:36,  5.53s/it]  0%|          | 2/5000 [00:11<7:41:53,  5.54s/it]  0%|          | 3/5000 [00:16<7:39:50,  5.52s/it]  0%|          | 4/5000 [00:21<7:34:57,  5.46s/it]  0%|          | 5/5000 [00:27<7:33:53,  5.45s/it]  0%|          | 6/5000 [00:33<7:40:38,  5.53s/it]  0%|          | 7/5000 [00:36<6:54:18,  4.98s/it]  0%|          | 8/5000 [00:40<6:19:23,  4.56s/it]  0%|          | 9/5000 [00:45<6:17:02,  4.53s/it]  0%|          | 10/5000 [00:49<6:22:54,  4.60s/it]  0%|          | 11/5000 [00:54<6:34:46,  4.75s/it]  0%|          | 12/5000 [00:59<6:39:44,  4.81s/it]  0%|          | 13/5000 [01:04<6:39:18,  4.80s/it]  0%|          | 14/5000 [01:09<6:40:46,  4.82s/it]  0%|          | 15/5000 [01:14<6:42:09,  4.84s/it]  0%|          | 15/5000 [01:19<7:19:01,  5.28s/it]
[I 2024-07-05 07:46:18,229] Trial 7 finished with value: 0.7220780123566264 and parameters: {'lr': 1e-05, 'l2': 1e-06, 'bsize': 512}. Best is trial 2 with value: 0.7262364914509307.
AUC:  0.7220780123566264 LOGlOSS:  0.7777683751621846 test_AUC:  0.0 test_LOGlOSS:  10000.0
  0%|          | 0/5000 [00:00<?, ?it/s]  0%|          | 1/5000 [00:02<3:45:38,  2.71s/it]  0%|          | 2/5000 [00:04<3:24:21,  2.45s/it]  0%|          | 3/5000 [00:07<3:32:59,  2.56s/it]  0%|          | 4/5000 [00:10<3:34:36,  2.58s/it]  0%|          | 5/5000 [00:13<3:39:13,  2.63s/it]  0%|          | 6/5000 [00:15<3:40:51,  2.65s/it]  0%|          | 6/5000 [00:18<4:13:56,  3.05s/it]
[I 2024-07-05 07:46:42,957] Trial 8 finished with value: 0.724685697998859 and parameters: {'lr': 0.0001, 'l2': 3e-05, 'bsize': 1024}. Best is trial 2 with value: 0.7262364914509307.
AUC:  0.724685697998859 LOGlOSS:  0.7974922057375007 test_AUC:  0.0 test_LOGlOSS:  10000.0
  0%|          | 0/5000 [00:00<?, ?it/s]  0%|          | 1/5000 [00:02<3:30:28,  2.53s/it]  0%|          | 2/5000 [00:05<3:35:55,  2.59s/it]  0%|          | 3/5000 [00:07<3:40:07,  2.64s/it]  0%|          | 4/5000 [00:10<3:39:18,  2.63s/it]  0%|          | 5/5000 [00:13<3:41:06,  2.66s/it]  0%|          | 6/5000 [00:15<3:45:01,  2.70s/it]  0%|          | 6/5000 [00:18<4:18:48,  3.11s/it]
[I 2024-07-05 07:47:07,212] Trial 9 finished with value: 0.7247720376032836 and parameters: {'lr': 0.0001, 'l2': 0.001, 'bsize': 1024}. Best is trial 2 with value: 0.7262364914509307.
AUC:  0.7247720376032836 LOGlOSS:  0.7987248201312855 test_AUC:  0.0 test_LOGlOSS:  10000.0
  0%|          | 0/5000 [00:00<?, ?it/s]  0%|          | 1/5000 [00:09<13:52:22,  9.99s/it]  0%|          | 2/5000 [00:19<13:35:12,  9.79s/it]  0%|          | 3/5000 [00:29<13:55:26, 10.03s/it]  0%|          | 4/5000 [00:37<12:37:43,  9.10s/it]  0%|          | 5/5000 [00:46<12:44:29,  9.18s/it]  0%|          | 5/5000 [00:59<16:26:34, 11.85s/it]
[I 2024-07-05 07:48:11,237] Trial 10 finished with value: 0.726210173132326 and parameters: {'lr': 0.0003, 'l2': 0.0003, 'bsize': 256}. Best is trial 2 with value: 0.7262364914509307.
AUC:  0.726210173132326 LOGlOSS:  0.7617620515404687 test_AUC:  0.0 test_LOGlOSS:  10000.0
  0%|          | 0/5000 [00:00<?, ?it/s]  0%|          | 1/5000 [00:11<16:01:26, 11.54s/it]  0%|          | 2/5000 [00:18<12:14:30,  8.82s/it]  0%|          | 3/5000 [00:26<11:54:36,  8.58s/it]  0%|          | 4/5000 [00:39<14:10:23, 10.21s/it]  0%|          | 5/5000 [00:51<15:07:09, 10.90s/it]  0%|          | 5/5000 [01:03<17:40:37, 12.74s/it]
[I 2024-07-05 07:49:19,721] Trial 11 finished with value: 0.726210173132326 and parameters: {'lr': 0.0003, 'l2': 0.0003, 'bsize': 256}. Best is trial 2 with value: 0.7262364914509307.
AUC:  0.726210173132326 LOGlOSS:  0.7617620515404687 test_AUC:  0.0 test_LOGlOSS:  10000.0
  0%|          | 0/5000 [00:00<?, ?it/s]  0%|          | 1/5000 [00:12<17:10:23, 12.37s/it]  0%|          | 2/5000 [00:25<17:28:55, 12.59s/it]  0%|          | 3/5000 [00:37<17:29:08, 12.60s/it]  0%|          | 4/5000 [00:49<16:55:54, 12.20s/it]  0%|          | 5/5000 [00:57<15:01:49, 10.83s/it]  0%|          | 5/5000 [01:11<19:47:29, 14.26s/it]
[I 2024-07-05 07:50:36,699] Trial 12 finished with value: 0.726210173132326 and parameters: {'lr': 0.0003, 'l2': 0.0003, 'bsize': 256}. Best is trial 2 with value: 0.7262364914509307.
AUC:  0.726210173132326 LOGlOSS:  0.7617620515404687 test_AUC:  0.0 test_LOGlOSS:  10000.0
  0%|          | 0/5000 [00:00<?, ?it/s]  0%|          | 1/5000 [00:14<19:50:09, 14.28s/it]  0%|          | 2/5000 [00:26<18:03:08, 13.00s/it]  0%|          | 3/5000 [00:38<17:29:57, 12.61s/it]  0%|          | 4/5000 [00:54<19:34:19, 14.10s/it]  0%|          | 5/5000 [01:10<20:05:27, 14.48s/it]  0%|          | 5/5000 [01:26<24:06:26, 17.37s/it]
[I 2024-07-05 07:52:08,498] Trial 13 finished with value: 0.7261711325994772 and parameters: {'lr': 0.0003, 'l2': 1e-05, 'bsize': 256}. Best is trial 2 with value: 0.7262364914509307.
AUC:  0.7261711325994772 LOGlOSS:  0.7620528808158615 test_AUC:  0.0 test_LOGlOSS:  10000.0
  0%|          | 0/5000 [00:00<?, ?it/s]  0%|          | 1/5000 [00:16<22:46:17, 16.40s/it]  0%|          | 2/5000 [00:30<20:34:20, 14.82s/it]  0%|          | 3/5000 [00:42<19:10:11, 13.81s/it]  0%|          | 4/5000 [00:57<19:43:03, 14.21s/it]  0%|          | 5/5000 [01:13<20:28:52, 14.76s/it]  0%|          | 5/5000 [01:28<24:33:21, 17.70s/it]
[I 2024-07-05 07:53:43,083] Trial 14 finished with value: 0.726210173132326 and parameters: {'lr': 0.0003, 'l2': 0.0003, 'bsize': 256}. Best is trial 2 with value: 0.7262364914509307.
AUC:  0.726210173132326 LOGlOSS:  0.7617620515404687 test_AUC:  0.0 test_LOGlOSS:  10000.0
  0%|          | 0/5000 [00:00<?, ?it/s]  0%|          | 1/5000 [00:14<20:43:03, 14.92s/it]  0%|          | 2/5000 [00:26<18:22:37, 13.24s/it]  0%|          | 3/5000 [00:40<18:35:18, 13.39s/it]  0%|          | 4/5000 [00:55<19:29:17, 14.04s/it]  0%|          | 5/5000 [01:06<17:43:05, 12.77s/it]  0%|          | 5/5000 [01:19<22:11:09, 15.99s/it]
[I 2024-07-05 07:55:10,202] Trial 15 finished with value: 0.7243862117299746 and parameters: {'lr': 0.001, 'l2': 1e-05, 'bsize': 256}. Best is trial 2 with value: 0.7262364914509307.
AUC:  0.7243862117299746 LOGlOSS:  0.78038817659625 test_AUC:  0.0 test_LOGlOSS:  10000.0
  0%|          | 0/5000 [00:00<?, ?it/s]  0%|          | 1/5000 [00:14<19:56:51, 14.37s/it]  0%|          | 2/5000 [00:27<19:04:13, 13.74s/it]  0%|          | 3/5000 [00:40<18:10:58, 13.10s/it]  0%|          | 4/5000 [00:53<18:39:53, 13.45s/it]  0%|          | 5/5000 [01:07<18:55:06, 13.64s/it]  0%|          | 5/5000 [01:20<22:26:03, 16.17s/it]
[I 2024-07-05 07:56:36,353] Trial 16 finished with value: 0.7261989197185936 and parameters: {'lr': 0.0003, 'l2': 0.0001, 'bsize': 256}. Best is trial 2 with value: 0.7262364914509307.
AUC:  0.7261989197185936 LOGlOSS:  0.7619769181550837 test_AUC:  0.0 test_LOGlOSS:  10000.0
  0%|          | 0/5000 [00:00<?, ?it/s]  0%|          | 1/5000 [00:13<19:25:06, 13.98s/it]  0%|          | 2/5000 [00:28<20:08:40, 14.51s/it]  0%|          | 3/5000 [00:44<20:45:47, 14.96s/it]  0%|          | 4/5000 [00:55<18:42:59, 13.49s/it]  0%|          | 5/5000 [01:08<18:29:13, 13.32s/it]  0%|          | 5/5000 [01:22<23:00:25, 16.58s/it]
[I 2024-07-05 07:58:04,420] Trial 17 finished with value: 0.7261520326501802 and parameters: {'lr': 0.0003, 'l2': 1e-06, 'bsize': 256}. Best is trial 2 with value: 0.7262364914509307.
AUC:  0.7261520326501802 LOGlOSS:  0.7618977677462464 test_AUC:  0.0 test_LOGlOSS:  10000.0
  0%|          | 0/5000 [00:00<?, ?it/s]  0%|          | 1/5000 [00:13<19:02:53, 13.72s/it]  0%|          | 2/5000 [00:24<16:42:40, 12.04s/it]  0%|          | 3/5000 [00:35<16:14:40, 11.70s/it]  0%|          | 4/5000 [00:47<16:03:39, 11.57s/it]  0%|          | 5/5000 [00:57<15:35:57, 11.24s/it]  0%|          | 5/5000 [01:09<19:10:19, 13.82s/it]
[I 2024-07-05 07:59:18,038] Trial 18 finished with value: 0.7261403912514068 and parameters: {'lr': 0.0003, 'l2': 3e-06, 'bsize': 256}. Best is trial 2 with value: 0.7262364914509307.
AUC:  0.7261403912514068 LOGlOSS:  0.7619501481633466 test_AUC:  0.0 test_LOGlOSS:  10000.0
  0%|          | 0/5000 [00:00<?, ?it/s]  0%|          | 1/5000 [00:03<4:39:45,  3.36s/it]  0%|          | 2/5000 [00:06<4:23:07,  3.16s/it]  0%|          | 3/5000 [00:09<4:16:00,  3.07s/it]  0%|          | 4/5000 [00:12<4:12:13,  3.03s/it]  0%|          | 5/5000 [00:15<4:13:49,  3.05s/it]  0%|          | 5/5000 [00:18<5:09:42,  3.72s/it]
[I 2024-07-05 07:59:41,644] Trial 19 finished with value: 0.7255435347717343 and parameters: {'lr': 0.001, 'l2': 0.0003, 'bsize': 1024}. Best is trial 2 with value: 0.7262364914509307.
AUC:  0.7255435347717343 LOGlOSS:  0.8058564055626565 test_AUC:  0.0 test_LOGlOSS:  10000.0
  0%|          | 0/5000 [00:00<?, ?it/s]  0%|          | 1/5000 [00:11<15:32:55, 11.20s/it]  0%|          | 2/5000 [00:22<15:44:10, 11.33s/it]  0%|          | 3/5000 [00:33<15:27:19, 11.13s/it]  0%|          | 4/5000 [00:45<15:41:05, 11.30s/it]  0%|          | 5/5000 [00:54<14:59:11, 10.80s/it]  0%|          | 6/5000 [01:06<15:28:43, 11.16s/it]  0%|          | 7/5000 [01:17<15:09:37, 10.93s/it]  0%|          | 7/5000 [01:28<17:37:44, 12.71s/it]
[I 2024-07-05 08:01:16,525] Trial 20 finished with value: 0.7238246532671299 and parameters: {'lr': 3e-05, 'l2': 3e-05, 'bsize': 256}. Best is trial 2 with value: 0.7262364914509307.
AUC:  0.7238246532671299 LOGlOSS:  0.792415715618208 test_AUC:  0.0 test_LOGlOSS:  10000.0
  0%|          | 0/5000 [00:00<?, ?it/s]  0%|          | 1/5000 [00:12<17:07:01, 12.33s/it]  0%|          | 2/5000 [00:24<17:00:38, 12.25s/it]  0%|          | 3/5000 [00:33<15:13:36, 10.97s/it]  0%|          | 4/5000 [00:42<14:07:06, 10.17s/it]  0%|          | 5/5000 [00:52<13:53:07, 10.01s/it]  0%|          | 5/5000 [01:03<17:37:47, 12.71s/it]
[I 2024-07-05 08:02:25,146] Trial 21 finished with value: 0.726210173132326 and parameters: {'lr': 0.0003, 'l2': 0.0003, 'bsize': 256}. Best is trial 2 with value: 0.7262364914509307.
AUC:  0.726210173132326 LOGlOSS:  0.7617620515404687 test_AUC:  0.0 test_LOGlOSS:  10000.0
  0%|          | 0/5000 [00:00<?, ?it/s]  0%|          | 1/5000 [00:11<16:04:40, 11.58s/it]  0%|          | 2/5000 [00:23<15:57:12, 11.49s/it]  0%|          | 3/5000 [00:34<16:12:30, 11.68s/it]  0%|          | 4/5000 [00:45<15:41:35, 11.31s/it]  0%|          | 5/5000 [00:55<14:54:33, 10.75s/it]  0%|          | 5/5000 [01:06<18:33:14, 13.37s/it]
[I 2024-07-05 08:03:37,044] Trial 22 finished with value: 0.726210173132326 and parameters: {'lr': 0.0003, 'l2': 0.0003, 'bsize': 256}. Best is trial 2 with value: 0.7262364914509307.
AUC:  0.726210173132326 LOGlOSS:  0.7617620515404687 test_AUC:  0.0 test_LOGlOSS:  10000.0
  0%|          | 0/5000 [00:00<?, ?it/s]  0%|          | 1/5000 [00:11<16:00:24, 11.53s/it]  0%|          | 2/5000 [00:22<15:15:04, 10.99s/it]  0%|          | 3/5000 [00:34<15:58:55, 11.51s/it]  0%|          | 4/5000 [00:45<15:50:23, 11.41s/it]  0%|          | 5/5000 [00:58<16:28:54, 11.88s/it]  0%|          | 5/5000 [01:08<19:06:45, 13.77s/it]
[I 2024-07-05 08:04:50,645] Trial 23 finished with value: 0.726210173132326 and parameters: {'lr': 0.0003, 'l2': 0.0003, 'bsize': 256}. Best is trial 2 with value: 0.7262364914509307.
AUC:  0.726210173132326 LOGlOSS:  0.7617620515404687 test_AUC:  0.0 test_LOGlOSS:  10000.0
  0%|          | 0/5000 [00:00<?, ?it/s]  0%|          | 1/5000 [00:11<15:27:07, 11.13s/it]  0%|          | 2/5000 [00:23<16:27:15, 11.85s/it]  0%|          | 3/5000 [00:34<15:49:12, 11.40s/it]  0%|          | 4/5000 [00:44<14:57:05, 10.77s/it]  0%|          | 5/5000 [00:55<15:09:00, 10.92s/it]  0%|          | 5/5000 [01:06<18:34:22, 13.39s/it]
