[I 2024-07-04 07:46:26,849] Trial 22 finished with value: 0.7256428552470972 and parameters: {'lr': 3e-05, 'l2': 0.0003, 'bsize': 1024}. Best is trial 10 with value: 0.7256428552470972.
AUC:  0.7256428552470972 LOGlOSS:  0.6123481597741113 test_AUC:  0.0 test_LOGlOSS:  10000.0
  0%|          | 0/5000 [00:00<?, ?it/s]  0%|          | 1/5000 [00:01<2:04:51,  1.50s/it]  0%|          | 2/5000 [00:02<2:04:20,  1.49s/it]  0%|          | 3/5000 [00:04<2:05:54,  1.51s/it]  0%|          | 4/5000 [00:06<2:06:49,  1.52s/it]  0%|          | 5/5000 [00:07<2:04:44,  1.50s/it]  0%|          | 6/5000 [00:09<2:04:37,  1.50s/it]  0%|          | 7/5000 [00:10<2:02:15,  1.47s/it]  0%|          | 8/5000 [00:11<1:58:06,  1.42s/it]  0%|          | 9/5000 [00:13<1:59:33,  1.44s/it]  0%|          | 9/5000 [00:14<2:14:58,  1.62s/it]
[I 2024-07-04 07:46:46,498] Trial 23 finished with value: 0.7256428552470972 and parameters: {'lr': 3e-05, 'l2': 0.0003, 'bsize': 1024}. Best is trial 10 with value: 0.7256428552470972.
AUC:  0.7256428552470972 LOGlOSS:  0.6123481597741113 test_AUC:  0.0 test_LOGlOSS:  10000.0
  0%|          | 0/5000 [00:00<?, ?it/s]  0%|          | 1/5000 [00:01<2:02:33,  1.47s/it]  0%|          | 2/5000 [00:02<2:01:29,  1.46s/it]  0%|          | 3/5000 [00:04<2:03:17,  1.48s/it]  0%|          | 4/5000 [00:05<2:04:09,  1.49s/it]  0%|          | 5/5000 [00:07<2:04:47,  1.50s/it]  0%|          | 6/5000 [00:08<2:04:21,  1.49s/it]  0%|          | 7/5000 [00:10<2:04:27,  1.50s/it]  0%|          | 8/5000 [00:11<2:03:45,  1.49s/it]  0%|          | 8/5000 [00:13<2:19:26,  1.68s/it]
[I 2024-07-04 07:47:04,524] Trial 24 finished with value: 0.7258084472625335 and parameters: {'lr': 3e-05, 'l2': 0.0001, 'bsize': 1024}. Best is trial 24 with value: 0.7258084472625335.
AUC:  0.7258084472625335 LOGlOSS:  0.611457587955183 test_AUC:  0.0 test_LOGlOSS:  10000.0
  0%|          | 0/5000 [00:00<?, ?it/s]  0%|          | 1/5000 [00:01<2:02:44,  1.47s/it]  0%|          | 2/5000 [00:02<2:02:59,  1.48s/it]  0%|          | 3/5000 [00:04<2:05:47,  1.51s/it]  0%|          | 4/5000 [00:05<1:52:16,  1.35s/it]  0%|          | 5/5000 [00:06<1:45:09,  1.26s/it]  0%|          | 6/5000 [00:08<1:52:18,  1.35s/it]  0%|          | 6/5000 [00:09<2:14:52,  1.62s/it]
[I 2024-07-04 07:47:18,687] Trial 25 finished with value: 0.7217510555151512 and parameters: {'lr': 0.0003, 'l2': 0.0001, 'bsize': 1024}. Best is trial 24 with value: 0.7258084472625335.
AUC:  0.7217510555151512 LOGlOSS:  0.6168784372191783 test_AUC:  0.0 test_LOGlOSS:  10000.0
  0%|          | 0/5000 [00:00<?, ?it/s]  0%|          | 1/5000 [00:01<2:04:01,  1.49s/it]  0%|          | 2/5000 [00:02<2:00:39,  1.45s/it]  0%|          | 3/5000 [00:04<1:59:20,  1.43s/it]  0%|          | 4/5000 [00:05<2:00:31,  1.45s/it]  0%|          | 5/5000 [00:07<2:02:43,  1.47s/it]  0%|          | 6/5000 [00:08<2:03:56,  1.49s/it]  0%|          | 7/5000 [00:10<2:04:27,  1.50s/it]  0%|          | 8/5000 [00:11<2:04:18,  1.49s/it]  0%|          | 8/5000 [00:13<2:18:32,  1.67s/it]
[I 2024-07-04 07:47:37,492] Trial 26 finished with value: 0.7258084472625335 and parameters: {'lr': 3e-05, 'l2': 0.0001, 'bsize': 1024}. Best is trial 24 with value: 0.7258084472625335.
AUC:  0.7258084472625335 LOGlOSS:  0.611457587955183 test_AUC:  0.0 test_LOGlOSS:  10000.0
  0%|          | 0/5000 [00:00<?, ?it/s]  0%|          | 1/5000 [00:01<2:06:56,  1.52s/it]  0%|          | 2/5000 [00:02<1:57:36,  1.41s/it]  0%|          | 3/5000 [00:04<1:57:51,  1.42s/it]  0%|          | 4/5000 [00:05<2:04:21,  1.49s/it]  0%|          | 5/5000 [00:07<2:03:43,  1.49s/it]  0%|          | 6/5000 [00:08<2:04:37,  1.50s/it]  0%|          | 7/5000 [00:10<2:05:10,  1.50s/it]  0%|          | 8/5000 [00:11<2:04:33,  1.50s/it]  0%|          | 8/5000 [00:13<2:19:00,  1.67s/it]
[I 2024-07-04 07:47:56,397] Trial 27 finished with value: 0.7258084472625335 and parameters: {'lr': 3e-05, 'l2': 0.0001, 'bsize': 1024}. Best is trial 24 with value: 0.7258084472625335.
AUC:  0.7258084472625335 LOGlOSS:  0.611457587955183 test_AUC:  0.0 test_LOGlOSS:  10000.0
  0%|          | 0/5000 [00:00<?, ?it/s]  0%|          | 1/5000 [00:05<7:24:29,  5.33s/it]  0%|          | 2/5000 [00:10<6:57:18,  5.01s/it]  0%|          | 3/5000 [00:13<5:55:42,  4.27s/it]  0%|          | 4/5000 [00:18<6:24:21,  4.62s/it]  0%|          | 5/5000 [00:23<6:42:18,  4.83s/it]  0%|          | 6/5000 [00:29<6:59:14,  5.04s/it]  0%|          | 6/5000 [00:34<8:00:56,  5.78s/it]
[I 2024-07-04 07:48:36,807] Trial 28 finished with value: 0.7246832961867012 and parameters: {'lr': 3e-05, 'l2': 0.0001, 'bsize': 256}. Best is trial 24 with value: 0.7258084472625335.
AUC:  0.7246832961867012 LOGlOSS:  0.6126445424742402 test_AUC:  0.0 test_LOGlOSS:  10000.0
  0%|          | 0/5000 [00:00<?, ?it/s]  0%|          | 1/5000 [00:02<3:30:32,  2.53s/it]  0%|          | 2/5000 [00:05<3:29:10,  2.51s/it]  0%|          | 3/5000 [00:07<3:25:57,  2.47s/it]  0%|          | 4/5000 [00:09<3:26:28,  2.48s/it]  0%|          | 5/5000 [00:12<3:30:22,  2.53s/it]  0%|          | 5/5000 [00:15<4:12:31,  3.03s/it]
[I 2024-07-04 07:48:57,433] Trial 29 finished with value: 0.723148159470651 and parameters: {'lr': 0.0003, 'l2': 0.0001, 'bsize': 512}. Best is trial 24 with value: 0.7258084472625335.
AUC:  0.723148159470651 LOGlOSS:  0.6092143785208269 test_AUC:  0.0 test_LOGlOSS:  10000.0
  0%|          | 0/5000 [00:00<?, ?it/s]  0%|          | 1/5000 [00:02<3:36:04,  2.59s/it]  0%|          | 2/5000 [00:05<3:31:47,  2.54s/it]  0%|          | 3/5000 [00:07<3:33:15,  2.56s/it]  0%|          | 4/5000 [00:10<3:35:45,  2.59s/it]  0%|          | 5/5000 [00:13<3:45:06,  2.70s/it]  0%|          | 5/5000 [00:15<4:25:08,  3.18s/it]
[I 2024-07-04 07:49:18,949] Trial 30 finished with value: 0.7214807845198432 and parameters: {'lr': 0.001, 'l2': 0.0001, 'bsize': 512}. Best is trial 24 with value: 0.7258084472625335.
AUC:  0.7214807845198432 LOGlOSS:  0.6108514150782355 test_AUC:  0.0 test_LOGlOSS:  10000.0
  0%|          | 0/5000 [00:00<?, ?it/s]  0%|          | 1/5000 [00:01<2:03:47,  1.49s/it]  0%|          | 2/5000 [00:02<2:02:00,  1.46s/it]  0%|          | 3/5000 [00:04<2:00:27,  1.45s/it]  0%|          | 4/5000 [00:05<1:59:23,  1.43s/it]  0%|          | 5/5000 [00:07<1:59:21,  1.43s/it]  0%|          | 6/5000 [00:08<2:00:31,  1.45s/it]  0%|          | 7/5000 [00:10<2:00:03,  1.44s/it]  0%|          | 8/5000 [00:11<2:01:11,  1.46s/it]  0%|          | 8/5000 [00:13<2:16:03,  1.64s/it]
[I 2024-07-04 07:49:38,152] Trial 31 finished with value: 0.7258084472625335 and parameters: {'lr': 3e-05, 'l2': 0.0001, 'bsize': 1024}. Best is trial 24 with value: 0.7258084472625335.
AUC:  0.7258084472625335 LOGlOSS:  0.611457587955183 test_AUC:  0.0 test_LOGlOSS:  10000.0
  0%|          | 0/5000 [00:00<?, ?it/s]  0%|          | 1/5000 [00:01<1:58:19,  1.42s/it]  0%|          | 2/5000 [00:02<1:58:54,  1.43s/it]  0%|          | 3/5000 [00:04<2:01:18,  1.46s/it]  0%|          | 4/5000 [00:05<1:59:55,  1.44s/it]  0%|          | 5/5000 [00:07<2:05:26,  1.51s/it]  0%|          | 6/5000 [00:08<2:06:53,  1.52s/it]  0%|          | 7/5000 [00:10<2:07:50,  1.54s/it]  0%|          | 8/5000 [00:12<2:06:55,  1.53s/it]  0%|          | 8/5000 [00:13<2:20:07,  1.68s/it]
[I 2024-07-04 07:49:56,812] Trial 32 finished with value: 0.7258084472625335 and parameters: {'lr': 3e-05, 'l2': 0.0001, 'bsize': 1024}. Best is trial 24 with value: 0.7258084472625335.
AUC:  0.7258084472625335 LOGlOSS:  0.611457587955183 test_AUC:  0.0 test_LOGlOSS:  10000.0
  0%|          | 0/5000 [00:00<?, ?it/s]  0%|          | 1/5000 [00:01<2:07:57,  1.54s/it]  0%|          | 2/5000 [00:03<2:07:14,  1.53s/it]  0%|          | 3/5000 [00:04<2:06:31,  1.52s/it]  0%|          | 4/5000 [00:06<2:05:19,  1.51s/it]  0%|          | 5/5000 [00:07<2:03:32,  1.48s/it]  0%|          | 6/5000 [00:09<2:12:35,  1.59s/it]  0%|          | 7/5000 [00:10<2:12:20,  1.59s/it]  0%|          | 8/5000 [00:12<2:11:32,  1.58s/it]  0%|          | 9/5000 [00:13<2:09:55,  1.56s/it]  0%|          | 10/5000 [00:15<2:01:32,  1.46s/it]  0%|          | 11/5000 [00:16<1:51:37,  1.34s/it]  0%|          | 12/5000 [00:17<1:43:37,  1.25s/it]  0%|          | 13/5000 [00:18<1:37:47,  1.18s/it]  0%|          | 14/5000 [00:19<1:34:16,  1.13s/it]  0%|          | 15/5000 [00:20<1:31:11,  1.10s/it]  0%|          | 15/5000 [00:21<1:58:26,  1.43s/it]
[I 2024-07-04 07:50:23,568] Trial 33 finished with value: 0.7253766784177441 and parameters: {'lr': 1e-05, 'l2': 0.0001, 'bsize': 1024}. Best is trial 24 with value: 0.7258084472625335.
AUC:  0.7253766784177441 LOGlOSS:  0.6113389462074266 test_AUC:  0.0 test_LOGlOSS:  10000.0
  0%|          | 0/5000 [00:00<?, ?it/s]  0%|          | 1/5000 [00:04<6:53:26,  4.96s/it]  0%|          | 2/5000 [00:09<6:51:04,  4.93s/it]  0%|          | 3/5000 [00:14<6:52:49,  4.96s/it]  0%|          | 4/5000 [00:20<7:15:07,  5.23s/it]  0%|          | 5/5000 [00:25<7:16:25,  5.24s/it]  0%|          | 5/5000 [00:30<8:34:51,  6.18s/it]
[I 2024-07-04 07:51:00,408] Trial 34 finished with value: 0.7230427119108889 and parameters: {'lr': 0.0003, 'l2': 0.0001, 'bsize': 256}. Best is trial 24 with value: 0.7258084472625335.
AUC:  0.7230427119108889 LOGlOSS:  0.6099346626136237 test_AUC:  0.0 test_LOGlOSS:  10000.0
  0%|          | 0/5000 [00:00<?, ?it/s]  0%|          | 1/5000 [00:01<2:06:10,  1.51s/it]  0%|          | 2/5000 [00:02<2:03:52,  1.49s/it]  0%|          | 3/5000 [00:04<2:03:01,  1.48s/it]  0%|          | 4/5000 [00:05<2:00:24,  1.45s/it]  0%|          | 5/5000 [00:07<2:00:37,  1.45s/it]  0%|          | 6/5000 [00:08<2:00:51,  1.45s/it]  0%|          | 7/5000 [00:10<2:02:01,  1.47s/it]  0%|          | 8/5000 [00:11<2:03:00,  1.48s/it]  0%|          | 8/5000 [00:13<2:17:56,  1.66s/it]
[I 2024-07-04 07:51:19,303] Trial 35 finished with value: 0.7258084472625335 and parameters: {'lr': 3e-05, 'l2': 0.0001, 'bsize': 1024}. Best is trial 24 with value: 0.7258084472625335.
AUC:  0.7258084472625335 LOGlOSS:  0.611457587955183 test_AUC:  0.0 test_LOGlOSS:  10000.0
  0%|          | 0/5000 [00:00<?, ?it/s]  0%|          | 1/5000 [00:01<1:55:19,  1.38s/it]  0%|          | 2/5000 [00:02<2:01:18,  1.46s/it]  0%|          | 3/5000 [00:04<2:04:33,  1.50s/it]  0%|          | 4/5000 [00:06<2:07:21,  1.53s/it]  0%|          | 5/5000 [00:07<2:05:49,  1.51s/it]  0%|          | 6/5000 [00:08<2:05:23,  1.51s/it]  0%|          | 6/5000 [00:10<2:18:44,  1.67s/it]
[I 2024-07-04 07:51:34,979] Trial 36 finished with value: 0.7238940477788576 and parameters: {'lr': 0.0001, 'l2': 0.0001, 'bsize': 1024}. Best is trial 24 with value: 0.7258084472625335.
AUC:  0.7238940477788576 LOGlOSS:  0.6148318081321223 test_AUC:  0.0 test_LOGlOSS:  10000.0
  0%|          | 0/5000 [00:00<?, ?it/s]  0%|          | 1/5000 [00:01<2:00:48,  1.45s/it]  0%|          | 2/5000 [00:02<2:00:25,  1.45s/it]  0%|          | 3/5000 [00:04<1:57:01,  1.41s/it]  0%|          | 4/5000 [00:05<1:59:16,  1.43s/it]  0%|          | 5/5000 [00:07<2:00:52,  1.45s/it]  0%|          | 6/5000 [00:08<2:02:58,  1.48s/it]  0%|          | 7/5000 [00:10<2:04:24,  1.49s/it]  0%|          | 8/5000 [00:11<2:02:21,  1.47s/it]  0%|          | 9/5000 [00:13<2:01:21,  1.46s/it]  0%|          | 10/5000 [00:14<2:00:30,  1.45s/it]  0%|          | 11/5000 [00:16<2:03:54,  1.49s/it]  0%|          | 12/5000 [00:17<2:02:33,  1.47s/it]  0%|          | 13/5000 [00:19<2:04:40,  1.50s/it]  0%|          | 14/5000 [00:20<2:07:07,  1.53s/it]  0%|          | 14/5000 [00:22<2:12:10,  1.59s/it]
[I 2024-07-04 07:52:02,141] Trial 37 finished with value: 0.7246885025764399 and parameters: {'lr': 3e-05, 'l2': 0.001, 'bsize': 1024}. Best is trial 24 with value: 0.7258084472625335.
AUC:  0.7246885025764399 LOGlOSS:  0.6125522128310649 test_AUC:  0.0 test_LOGlOSS:  10000.0
  0%|          | 0/5000 [00:00<?, ?it/s]  0%|          | 1/5000 [00:04<6:48:57,  4.91s/it]  0%|          | 2/5000 [00:10<6:57:54,  5.02s/it]  0%|          | 3/5000 [00:15<7:02:37,  5.07s/it]  0%|          | 4/5000 [00:20<7:03:15,  5.08s/it]  0%|          | 5/5000 [00:25<7:00:08,  5.05s/it]  0%|          | 6/5000 [00:30<7:02:21,  5.07s/it]  0%|          | 6/5000 [00:35<8:12:14,  5.91s/it]
[I 2024-07-04 07:52:42,764] Trial 38 finished with value: 0.7246832961867012 and parameters: {'lr': 3e-05, 'l2': 0.0001, 'bsize': 256}. Best is trial 24 with value: 0.7258084472625335.
AUC:  0.7246832961867012 LOGlOSS:  0.6126445424742402 test_AUC:  0.0 test_LOGlOSS:  10000.0
  0%|          | 0/5000 [00:00<?, ?it/s]  0%|          | 1/5000 [00:02<3:30:27,  2.53s/it]  0%|          | 2/5000 [00:04<3:24:40,  2.46s/it]  0%|          | 3/5000 [00:07<3:23:16,  2.44s/it]  0%|          | 4/5000 [00:09<3:22:49,  2.44s/it]  0%|          | 5/5000 [00:12<3:22:13,  2.43s/it]  0%|          | 6/5000 [00:14<3:25:02,  2.46s/it]  0%|          | 7/5000 [00:17<3:31:08,  2.54s/it]  0%|          | 8/5000 [00:19<3:24:14,  2.45s/it]  0%|          | 9/5000 [00:22<3:29:06,  2.51s/it]  0%|          | 10/5000 [00:24<3:31:09,  2.54s/it]  0%|          | 11/5000 [00:27<3:23:39,  2.45s/it]  0%|          | 12/5000 [00:29<3:31:39,  2.55s/it]  0%|          | 12/5000 [00:32<3:47:51,  2.74s/it]
[I 2024-07-04 07:53:21,241] Trial 39 finished with value: 0.7223002298650014 and parameters: {'lr': 1e-05, 'l2': 3e-06, 'bsize': 512}. Best is trial 24 with value: 0.7258084472625335.
AUC:  0.7223002298650014 LOGlOSS:  0.6186087901485223 test_AUC:  0.0 test_LOGlOSS:  10000.0
  0%|          | 0/5000 [00:00<?, ?it/s]  0%|          | 1/5000 [00:01<2:17:13,  1.65s/it]  0%|          | 2/5000 [00:03<2:09:24,  1.55s/it]  0%|          | 3/5000 [00:04<2:06:17,  1.52s/it]  0%|          | 4/5000 [00:06<2:03:50,  1.49s/it]  0%|          | 5/5000 [00:07<2:03:05,  1.48s/it]  0%|          | 6/5000 [00:09<2:03:44,  1.49s/it]  0%|          | 6/5000 [00:10<2:25:58,  1.75s/it]
[I 2024-07-04 07:53:37,162] Trial 40 finished with value: 0.7238940477788576 and parameters: {'lr': 0.0001, 'l2': 0.0001, 'bsize': 1024}. Best is trial 24 with value: 0.7258084472625335.
AUC:  0.7238940477788576 LOGlOSS:  0.6148318081321223 test_AUC:  0.0 test_LOGlOSS:  10000.0
  0%|          | 0/5000 [00:00<?, ?it/s]  0%|          | 1/5000 [00:01<2:08:48,  1.55s/it]  0%|          | 2/5000 [00:03<2:04:58,  1.50s/it]  0%|          | 3/5000 [00:04<2:04:56,  1.50s/it]  0%|          | 4/5000 [00:06<2:05:30,  1.51s/it]  0%|          | 5/5000 [00:07<2:05:05,  1.50s/it]  0%|          | 6/5000 [00:08<2:03:20,  1.48s/it]  0%|          | 7/5000 [00:10<2:02:03,  1.47s/it]  0%|          | 8/5000 [00:11<2:00:22,  1.45s/it]  0%|          | 8/5000 [00:13<2:18:19,  1.66s/it]
[I 2024-07-04 07:53:56,242] Trial 41 finished with value: 0.7258084472625335 and parameters: {'lr': 3e-05, 'l2': 0.0001, 'bsize': 1024}. Best is trial 24 with value: 0.7258084472625335.
AUC:  0.7258084472625335 LOGlOSS:  0.611457587955183 test_AUC:  0.0 test_LOGlOSS:  10000.0
  0%|          | 0/5000 [00:00<?, ?it/s]  0%|          | 1/5000 [00:01<2:03:57,  1.49s/it]  0%|          | 2/5000 [00:02<2:01:21,  1.46s/it]  0%|          | 3/5000 [00:04<1:58:34,  1.42s/it]  0%|          | 4/5000 [00:05<2:01:47,  1.46s/it]  0%|          | 5/5000 [00:07<2:01:05,  1.45s/it]  0%|          | 6/5000 [00:08<2:00:59,  1.45s/it]  0%|          | 7/5000 [00:10<2:01:02,  1.45s/it]  0%|          | 8/5000 [00:11<2:02:33,  1.47s/it]  0%|          | 8/5000 [00:13<2:17:28,  1.65s/it]
[I 2024-07-04 07:54:15,125] Trial 42 finished with value: 0.7258084472625335 and parameters: {'lr': 3e-05, 'l2': 0.0001, 'bsize': 1024}. Best is trial 24 with value: 0.7258084472625335.
AUC:  0.7258084472625335 LOGlOSS:  0.611457587955183 test_AUC:  0.0 test_LOGlOSS:  10000.0
  0%|          | 0/5000 [00:00<?, ?it/s]  0%|          | 1/5000 [00:01<2:06:53,  1.52s/it]  0%|          | 2/5000 [00:02<2:03:50,  1.49s/it]  0%|          | 3/5000 [00:04<2:03:13,  1.48s/it]  0%|          | 4/5000 [00:05<2:01:01,  1.45s/it]  0%|          | 5/5000 [00:07<2:00:06,  1.44s/it]  0%|          | 6/5000 [00:08<1:59:26,  1.44s/it]  0%|          | 7/5000 [00:10<2:00:12,  1.44s/it]  0%|          | 8/5000 [00:11<1:59:59,  1.44s/it]  0%|          | 8/5000 [00:13<2:15:38,  1.63s/it]
[I 2024-07-04 07:54:33,900] Trial 43 finished with value: 0.7258084472625335 and parameters: {'lr': 3e-05, 'l2': 0.0001, 'bsize': 1024}. Best is trial 24 with value: 0.7258084472625335.
AUC:  0.7258084472625335 LOGlOSS:  0.611457587955183 test_AUC:  0.0 test_LOGlOSS:  10000.0
  0%|          | 0/5000 [00:00<?, ?it/s]  0%|          | 1/5000 [00:01<2:04:32,  1.49s/it]  0%|          | 2/5000 [00:02<2:03:08,  1.48s/it]  0%|          | 3/5000 [00:04<2:03:51,  1.49s/it]  0%|          | 4/5000 [00:05<2:03:45,  1.49s/it]  0%|          | 5/5000 [00:07<2:03:07,  1.48s/it]  0%|          | 6/5000 [00:08<2:03:31,  1.48s/it]  0%|          | 7/5000 [00:10<2:03:21,  1.48s/it]  0%|          | 8/5000 [00:11<2:04:25,  1.50s/it]  0%|          | 8/5000 [00:13<2:19:58,  1.68s/it]
[I 2024-07-04 07:54:52,228] Trial 44 finished with value: 0.7234611359178208 and parameters: {'lr': 3e-05, 'l2': 1e-06, 'bsize': 1024}. Best is trial 24 with value: 0.7258084472625335.
AUC:  0.7234611359178208 LOGlOSS:  0.6156566875310331 test_AUC:  0.0 test_LOGlOSS:  10000.0
  0%|          | 0/5000 [00:00<?, ?it/s]  0%|          | 1/5000 [00:01<2:05:40,  1.51s/it]  0%|          | 2/5000 [00:02<2:03:56,  1.49s/it]  0%|          | 3/5000 [00:04<1:58:38,  1.42s/it]  0%|          | 4/5000 [00:05<2:01:13,  1.46s/it]  0%|          | 5/5000 [00:07<2:06:33,  1.52s/it]  0%|          | 6/5000 [00:09<2:08:41,  1.55s/it]  0%|          | 7/5000 [00:10<2:05:04,  1.50s/it]  0%|          | 8/5000 [00:11<2:02:30,  1.47s/it]  0%|          | 8/5000 [00:13<2:18:27,  1.66s/it]
[I 2024-07-04 07:55:10,519] Trial 45 finished with value: 0.7253840045606743 and parameters: {'lr': 3e-05, 'l2': 3e-05, 'bsize': 1024}. Best is trial 24 with value: 0.7258084472625335.
AUC:  0.7253840045606743 LOGlOSS:  0.6139443147411775 test_AUC:  0.0 test_LOGlOSS:  10000.0
  0%|          | 0/5000 [00:00<?, ?it/s]  0%|          | 1/5000 [00:02<3:42:48,  2.67s/it]  0%|          | 2/5000 [00:05<3:33:51,  2.57s/it]  0%|          | 3/5000 [00:07<3:28:27,  2.50s/it]  0%|          | 4/5000 [00:10<3:31:11,  2.54s/it]  0%|          | 5/5000 [00:12<3:32:16,  2.55s/it]  0%|          | 6/5000 [00:15<3:31:24,  2.54s/it]  0%|          | 7/5000 [00:17<3:33:31,  2.57s/it]  0%|          | 7/5000 [00:20<4:03:16,  2.92s/it]
[I 2024-07-04 07:55:36,462] Trial 46 finished with value: 0.7256142940054469 and parameters: {'lr': 3e-05, 'l2': 0.0001, 'bsize': 512}. Best is trial 24 with value: 0.7258084472625335.
AUC:  0.7256142940054469 LOGlOSS:  0.6146096826869397 test_AUC:  0.0 test_LOGlOSS:  10000.0
  0%|          | 0/5000 [00:00<?, ?it/s]  0%|          | 1/5000 [00:01<2:00:55,  1.45s/it]  0%|          | 2/5000 [00:02<1:57:43,  1.41s/it]  0%|          | 3/5000 [00:04<1:57:32,  1.41s/it]  0%|          | 4/5000 [00:05<1:56:35,  1.40s/it]  0%|          | 5/5000 [00:07<1:57:17,  1.41s/it]  0%|          | 5/5000 [00:08<2:22:22,  1.71s/it]
[I 2024-07-04 07:55:50,092] Trial 47 finished with value: 0.5 and parameters: {'lr': 0.001, 'l2': 0.001, 'bsize': 1024}. Best is trial 24 with value: 0.7258084472625335.
AUC:  0.5 LOGlOSS:  0.688876111491553 test_AUC:  0.0 test_LOGlOSS:  10000.0
  0%|          | 0/5000 [00:00<?, ?it/s]  0%|          | 1/5000 [00:01<1:58:10,  1.42s/it]  0%|          | 2/5000 [00:02<1:58:00,  1.42s/it]  0%|          | 3/5000 [00:04<1:57:58,  1.42s/it]  0%|          | 4/5000 [00:05<1:57:03,  1.41s/it]  0%|          | 5/5000 [00:07<1:58:24,  1.42s/it]  0%|          | 6/5000 [00:08<2:00:25,  1.45s/it]  0%|          | 7/5000 [00:10<1:59:39,  1.44s/it]  0%|          | 8/5000 [00:11<2:00:01,  1.44s/it]  0%|          | 8/5000 [00:12<2:14:28,  1.62s/it]
[I 2024-07-04 07:56:08,719] Trial 48 finished with value: 0.72461295819389 and parameters: {'lr': 3e-05, 'l2': 1e-05, 'bsize': 1024}. Best is trial 24 with value: 0.7258084472625335.
AUC:  0.72461295819389 LOGlOSS:  0.6150849037930528 test_AUC:  0.0 test_LOGlOSS:  10000.0
  0%|          | 0/5000 [00:00<?, ?it/s]  0%|          | 1/5000 [00:01<2:05:13,  1.50s/it]  0%|          | 2/5000 [00:02<2:04:00,  1.49s/it]  0%|          | 3/5000 [00:04<1:57:13,  1.41s/it]  0%|          | 4/5000 [00:05<2:01:37,  1.46s/it]  0%|          | 5/5000 [00:07<2:00:07,  1.44s/it]  0%|          | 6/5000 [00:08<2:02:40,  1.47s/it]  0%|          | 6/5000 [00:10<2:23:24,  1.72s/it]
[I 2024-07-04 07:56:23,821] Trial 49 finished with value: 0.7217510555151512 and parameters: {'lr': 0.0003, 'l2': 0.0001, 'bsize': 1024}. Best is trial 24 with value: 0.7258084472625335.
AUC:  0.7217510555151512 LOGlOSS:  0.6168784372191783 test_AUC:  0.0 test_LOGlOSS:  10000.0
