nohup: ignoring input
2024-07-04 07:36:59.871510: I tensorflow/stream_executor/platform/default/dso_loader.cc:49] Successfully opened dynamic library libcudart.so.11.0
[I 2024-07-04 07:37:01,243] A new study created in memory with name: no-name-2044197c-dd41-41b7-9bd1-6ee9edc0cdb7
2024-07-04 07:37:03.130491: I tensorflow/compiler/jit/xla_cpu_device.cc:41] Not creating XLA devices, tf_xla_enable_xla_devices not set
2024-07-04 07:37:03.130591: I tensorflow/stream_executor/platform/default/dso_loader.cc:49] Successfully opened dynamic library libcuda.so.1
2024-07-04 07:37:03.131241: I tensorflow/core/common_runtime/gpu/gpu_device.cc:1720] Found device 0 with properties: 
pciBusID: 0000:1d:00.0 name: Tesla V100-SXM2-32GB computeCapability: 7.0
coreClock: 1.53GHz coreCount: 80 deviceMemorySize: 31.74GiB deviceMemoryBandwidth: 836.37GiB/s
2024-07-04 07:37:03.131276: I tensorflow/stream_executor/platform/default/dso_loader.cc:49] Successfully opened dynamic library libcudart.so.11.0
2024-07-04 07:37:03.131333: I tensorflow/stream_executor/platform/default/dso_loader.cc:49] Successfully opened dynamic library libcublas.so.11
2024-07-04 07:37:03.131358: I tensorflow/stream_executor/platform/default/dso_loader.cc:49] Successfully opened dynamic library libcublasLt.so.11
2024-07-04 07:37:03.164711: I tensorflow/stream_executor/platform/default/dso_loader.cc:49] Successfully opened dynamic library libcufft.so.10
2024-07-04 07:37:03.165144: I tensorflow/stream_executor/platform/default/dso_loader.cc:49] Successfully opened dynamic library libcurand.so.10
2024-07-04 07:37:03.165299: W tensorflow/stream_executor/platform/default/dso_loader.cc:60] Could not load dynamic library 'libcusolver.so.10'; dlerror: libcusolver.so.10: cannot open shared object file: No such file or directory; LD_LIBRARY_PATH: /lib/x86_64-linux-gnu:/usr/lib/x86_64-linux-gnu::/usr/local/cuda-11.7/lib64
2024-07-04 07:37:03.166121: I tensorflow/stream_executor/platform/default/dso_loader.cc:49] Successfully opened dynamic library libcusparse.so.11
2024-07-04 07:37:03.166182: I tensorflow/stream_executor/platform/default/dso_loader.cc:49] Successfully opened dynamic library libcudnn.so.8
2024-07-04 07:37:03.166193: W tensorflow/core/common_runtime/gpu/gpu_device.cc:1757] Cannot dlopen some GPU libraries. Please make sure the missing libraries mentioned above are installed properly if you would like to use GPU. Follow the guide at https://www.tensorflow.org/install/gpu for how to download and setup the required libraries for your platform.
Skipping registering GPU devices...
2024-07-04 07:37:03.166490: I tensorflow/core/platform/cpu_feature_guard.cc:142] This TensorFlow binary is optimized with oneAPI Deep Neural Network Library (oneDNN) to use the following CPU instructions in performance-critical operations:  AVX512F
To enable them in other operations, rebuild TensorFlow with the appropriate compiler flags.
2024-07-04 07:37:03.172722: I tensorflow/compiler/jit/xla_gpu_device.cc:99] Not creating XLA devices, tf_xla_enable_xla_devices not set
2024-07-04 07:37:03.172757: I tensorflow/core/common_runtime/gpu/gpu_device.cc:1261] Device interconnect StreamExecutor with strength 1 edge matrix:
2024-07-04 07:37:03.172766: I tensorflow/core/common_runtime/gpu/gpu_device.cc:1267]      
2024-07-04 07:37:03.211158: I tensorflow/compiler/mlir/mlir_graph_optimization_pass.cc:116] None of the MLIR optimization passes are enabled (registered 2)
2024-07-04 07:37:03.231650: I tensorflow/core/platform/profile_utils/cpu_utils.cc:112] CPU Frequency: 2500000000 Hz
{'model_opt': {'latent_dim': 16, 'feat_num': 41388, 'field_num': 88, 'mlp_dropout': 0.0, 'use_bn': False, 'mlp_dims': [1024, 512, 256], 'cross': 3}, 'dataset': 'kuairand', 'model': 'dnn', 'data_dir': 'data/kuairand/threshold2_2', 'cuda': 0, 'source': 'bias'}
==================================================
|         BASE-CTR: Set the random seed          |
==================================================

==================================================
|               BASE-CTR: Training               |
==================================================

######### tuner ###########
  0%|          | 0/5000 [00:00<?, ?it/s]  0%|          | 1/5000 [00:03<4:39:05,  3.35s/it]  0%|          | 2/5000 [00:05<4:01:09,  2.89s/it]  0%|          | 3/5000 [00:08<3:43:10,  2.68s/it]  0%|          | 4/5000 [00:10<3:40:07,  2.64s/it]  0%|          | 5/5000 [00:13<3:47:12,  2.73s/it]  0%|          | 5/5000 [00:16<4:39:29,  3.36s/it]
[I 2024-07-04 07:37:25,845] Trial 0 finished with value: 0.7249345054153671 and parameters: {'lr': 0.0003, 'l2': 3e-05, 'bsize': 512}. Best is trial 0 with value: 0.7249345054153671.
AUC:  0.7249345054153671 LOGlOSS:  0.6078156759411538 test_AUC:  0.0 test_LOGlOSS:  10000.0
  0%|          | 0/5000 [00:00<?, ?it/s]  0%|          | 1/5000 [00:05<7:19:29,  5.27s/it]  0%|          | 2/5000 [00:08<5:45:13,  4.14s/it]  0%|          | 3/5000 [00:13<6:25:07,  4.62s/it]  0%|          | 4/5000 [00:18<6:40:06,  4.81s/it]  0%|          | 5/5000 [00:24<6:50:26,  4.93s/it]  0%|          | 5/5000 [00:29<8:10:20,  5.89s/it]
[I 2024-07-04 07:38:01,550] Trial 1 finished with value: 0.5682158402709288 and parameters: {'lr': 1e-05, 'l2': 0.001, 'bsize': 256}. Best is trial 0 with value: 0.7249345054153671.
AUC:  0.5682158402709288 LOGlOSS:  0.6889725198015642 test_AUC:  0.0 test_LOGlOSS:  10000.0
  0%|          | 0/5000 [00:00<?, ?it/s]  0%|          | 1/5000 [00:05<7:36:14,  5.48s/it]  0%|          | 2/5000 [00:10<7:23:49,  5.33s/it]  0%|          | 3/5000 [00:16<7:38:46,  5.51s/it]  0%|          | 4/5000 [00:21<7:27:49,  5.38s/it]  0%|          | 5/5000 [00:26<7:25:59,  5.36s/it]  0%|          | 5/5000 [00:32<8:56:33,  6.45s/it]
[I 2024-07-04 07:38:39,414] Trial 2 finished with value: 0.7243185588399859 and parameters: {'lr': 0.0003, 'l2': 3e-05, 'bsize': 256}. Best is trial 0 with value: 0.7249345054153671.
AUC:  0.7243185588399859 LOGlOSS:  0.6085667974348745 test_AUC:  0.0 test_LOGlOSS:  10000.0
  0%|          | 0/5000 [00:00<?, ?it/s]  0%|          | 1/5000 [00:02<4:01:40,  2.90s/it]  0%|          | 2/5000 [00:05<3:47:23,  2.73s/it]  0%|          | 3/5000 [00:08<3:43:26,  2.68s/it]  0%|          | 4/5000 [00:10<3:42:35,  2.67s/it]  0%|          | 5/5000 [00:13<3:39:19,  2.63s/it]  0%|          | 5/5000 [00:16<4:27:14,  3.21s/it]
[I 2024-07-04 07:39:01,636] Trial 3 finished with value: 0.7214807845198432 and parameters: {'lr': 0.001, 'l2': 0.0001, 'bsize': 512}. Best is trial 0 with value: 0.7249345054153671.
AUC:  0.7214807845198432 LOGlOSS:  0.6108514150782355 test_AUC:  0.0 test_LOGlOSS:  10000.0
  0%|          | 0/5000 [00:00<?, ?it/s]  0%|          | 1/5000 [00:05<8:11:00,  5.89s/it]  0%|          | 2/5000 [00:11<7:39:54,  5.52s/it]  0%|          | 3/5000 [00:16<7:31:37,  5.42s/it]  0%|          | 4/5000 [00:21<7:26:50,  5.37s/it]  0%|          | 5/5000 [00:27<7:24:23,  5.34s/it]  0%|          | 5/5000 [00:32<8:59:17,  6.48s/it]
[I 2024-07-04 07:39:40,266] Trial 4 finished with value: 0.7252256469266266 and parameters: {'lr': 0.0001, 'l2': 3e-06, 'bsize': 256}. Best is trial 4 with value: 0.7252256469266266.
AUC:  0.7252256469266266 LOGlOSS:  0.6082432249444774 test_AUC:  0.0 test_LOGlOSS:  10000.0
  0%|          | 0/5000 [00:00<?, ?it/s]  0%|          | 1/5000 [00:01<2:14:28,  1.61s/it]  0%|          | 2/5000 [00:03<2:18:40,  1.66s/it]  0%|          | 3/5000 [00:04<2:18:30,  1.66s/it]  0%|          | 4/5000 [00:06<2:14:04,  1.61s/it]  0%|          | 5/5000 [00:08<2:15:40,  1.63s/it]  0%|          | 6/5000 [00:09<2:17:54,  1.66s/it]  0%|          | 7/5000 [00:11<2:15:54,  1.63s/it]  0%|          | 8/5000 [00:13<2:13:43,  1.61s/it]  0%|          | 8/5000 [00:14<2:31:48,  1.82s/it]
[I 2024-07-04 07:40:01,064] Trial 5 finished with value: 0.7253840045606743 and parameters: {'lr': 3e-05, 'l2': 3e-05, 'bsize': 1024}. Best is trial 5 with value: 0.7253840045606743.
AUC:  0.7253840045606743 LOGlOSS:  0.6139443147411775 test_AUC:  0.0 test_LOGlOSS:  10000.0
  0%|          | 0/5000 [00:00<?, ?it/s]  0%|          | 1/5000 [00:02<3:44:24,  2.69s/it]  0%|          | 2/5000 [00:05<3:48:58,  2.75s/it]  0%|          | 3/5000 [00:08<4:01:51,  2.90s/it]  0%|          | 4/5000 [00:11<4:10:16,  3.01s/it]  0%|          | 5/5000 [00:14<3:59:26,  2.88s/it]  0%|          | 6/5000 [00:17<3:54:00,  2.81s/it]  0%|          | 7/5000 [00:19<3:47:54,  2.74s/it]  0%|          | 7/5000 [00:22<4:24:52,  3.18s/it]
[I 2024-07-04 07:40:30,127] Trial 6 finished with value: 0.724800133878734 and parameters: {'lr': 3e-05, 'l2': 3e-05, 'bsize': 512}. Best is trial 5 with value: 0.7253840045606743.
AUC:  0.724800133878734 LOGlOSS:  0.6162780825065131 test_AUC:  0.0 test_LOGlOSS:  10000.0
  0%|          | 0/5000 [00:00<?, ?it/s]  0%|          | 1/5000 [00:02<3:35:01,  2.58s/it]  0%|          | 2/5000 [00:05<3:29:57,  2.52s/it]  0%|          | 3/5000 [00:07<3:38:07,  2.62s/it]  0%|          | 4/5000 [00:10<3:35:53,  2.59s/it]  0%|          | 5/5000 [00:12<3:33:28,  2.56s/it]  0%|          | 6/5000 [00:15<3:34:10,  2.57s/it]  0%|          | 7/5000 [00:18<3:34:45,  2.58s/it]  0%|          | 8/5000 [00:20<3:38:32,  2.63s/it]  0%|          | 9/5000 [00:23<3:41:04,  2.66s/it]  0%|          | 10/5000 [00:26<3:39:07,  2.63s/it]  0%|          | 11/5000 [00:28<3:37:41,  2.62s/it]  0%|          | 12/5000 [00:30<3:20:53,  2.42s/it]  0%|          | 12/5000 [00:33<3:52:14,  2.79s/it]
[I 2024-07-04 07:41:09,384] Trial 7 finished with value: 0.7217992370987325 and parameters: {'lr': 1e-05, 'l2': 1e-06, 'bsize': 512}. Best is trial 5 with value: 0.7253840045606743.
AUC:  0.7217992370987325 LOGlOSS:  0.6186913953905286 test_AUC:  0.0 test_LOGlOSS:  10000.0
  0%|          | 0/5000 [00:00<?, ?it/s]  0%|          | 1/5000 [00:01<2:17:32,  1.65s/it]  0%|          | 2/5000 [00:03<2:10:50,  1.57s/it]  0%|          | 3/5000 [00:04<2:07:35,  1.53s/it]  0%|          | 4/5000 [00:06<2:05:14,  1.50s/it]  0%|          | 5/5000 [00:07<2:03:32,  1.48s/it]  0%|          | 6/5000 [00:09<2:02:34,  1.47s/it]  0%|          | 6/5000 [00:10<2:26:54,  1.76s/it]
[I 2024-07-04 07:41:25,577] Trial 8 finished with value: 0.7246321394352907 and parameters: {'lr': 0.0001, 'l2': 3e-05, 'bsize': 1024}. Best is trial 5 with value: 0.7253840045606743.
AUC:  0.7246321394352907 LOGlOSS:  0.6146953459156884 test_AUC:  0.0 test_LOGlOSS:  10000.0
  0%|          | 0/5000 [00:00<?, ?it/s]  0%|          | 1/5000 [00:01<2:06:49,  1.52s/it]  0%|          | 2/5000 [00:03<2:05:57,  1.51s/it]  0%|          | 3/5000 [00:04<2:05:47,  1.51s/it]  0%|          | 4/5000 [00:05<2:02:58,  1.48s/it]  0%|          | 5/5000 [00:07<2:01:06,  1.45s/it]  0%|          | 6/5000 [00:08<2:01:29,  1.46s/it]  0%|          | 7/5000 [00:10<1:59:51,  1.44s/it]  0%|          | 8/5000 [00:11<2:05:36,  1.51s/it]  0%|          | 9/5000 [00:13<2:06:09,  1.52s/it]  0%|          | 9/5000 [00:15<2:19:09,  1.67s/it]
[I 2024-07-04 07:41:46,025] Trial 9 finished with value: 0.7239465175209142 and parameters: {'lr': 0.0001, 'l2': 0.001, 'bsize': 1024}. Best is trial 5 with value: 0.7253840045606743.
AUC:  0.7239465175209142 LOGlOSS:  0.6125875858278402 test_AUC:  0.0 test_LOGlOSS:  10000.0
  0%|          | 0/5000 [00:00<?, ?it/s]  0%|          | 1/5000 [00:01<2:01:53,  1.46s/it]  0%|          | 2/5000 [00:02<2:00:22,  1.44s/it]  0%|          | 3/5000 [00:04<1:55:59,  1.39s/it]  0%|          | 4/5000 [00:05<1:53:47,  1.37s/it]  0%|          | 5/5000 [00:06<1:56:11,  1.40s/it]  0%|          | 6/5000 [00:08<1:59:17,  1.43s/it]  0%|          | 7/5000 [00:09<2:00:14,  1.44s/it]  0%|          | 8/5000 [00:11<2:01:45,  1.46s/it]  0%|          | 9/5000 [00:13<2:05:31,  1.51s/it]  0%|          | 9/5000 [00:14<2:14:35,  1.62s/it]
[I 2024-07-04 07:42:06,545] Trial 10 finished with value: 0.7256428552470972 and parameters: {'lr': 3e-05, 'l2': 0.0003, 'bsize': 1024}. Best is trial 10 with value: 0.7256428552470972.
AUC:  0.7256428552470972 LOGlOSS:  0.6123481597741113 test_AUC:  0.0 test_LOGlOSS:  10000.0
  0%|          | 0/5000 [00:00<?, ?it/s]  0%|          | 1/5000 [00:01<2:10:12,  1.56s/it]  0%|          | 2/5000 [00:02<2:04:00,  1.49s/it]  0%|          | 3/5000 [00:04<2:11:42,  1.58s/it]  0%|          | 4/5000 [00:06<2:09:52,  1.56s/it]  0%|          | 5/5000 [00:07<2:10:31,  1.57s/it]  0%|          | 6/5000 [00:09<2:09:46,  1.56s/it]  0%|          | 7/5000 [00:10<2:06:45,  1.52s/it]  0%|          | 8/5000 [00:12<2:05:32,  1.51s/it]  0%|          | 9/5000 [00:13<2:05:04,  1.50s/it]  0%|          | 9/5000 [00:15<2:20:40,  1.69s/it]
[I 2024-07-04 07:42:27,412] Trial 11 finished with value: 0.7256428552470972 and parameters: {'lr': 3e-05, 'l2': 0.0003, 'bsize': 1024}. Best is trial 10 with value: 0.7256428552470972.
AUC:  0.7256428552470972 LOGlOSS:  0.6123481597741113 test_AUC:  0.0 test_LOGlOSS:  10000.0
  0%|          | 0/5000 [00:00<?, ?it/s]  0%|          | 1/5000 [00:01<2:01:12,  1.45s/it]  0%|          | 2/5000 [00:02<1:58:49,  1.43s/it]  0%|          | 3/5000 [00:04<2:03:26,  1.48s/it]  0%|          | 4/5000 [00:06<2:07:16,  1.53s/it]  0%|          | 5/5000 [00:07<2:11:57,  1.58s/it]  0%|          | 6/5000 [00:09<2:12:41,  1.59s/it]  0%|          | 7/5000 [00:10<2:07:54,  1.54s/it]  0%|          | 8/5000 [00:12<2:02:56,  1.48s/it]  0%|          | 9/5000 [00:13<1:50:45,  1.33s/it]  0%|          | 9/5000 [00:14<2:10:17,  1.57s/it]
[I 2024-07-04 07:42:46,928] Trial 12 finished with value: 0.7256428552470972 and parameters: {'lr': 3e-05, 'l2': 0.0003, 'bsize': 1024}. Best is trial 10 with value: 0.7256428552470972.
AUC:  0.7256428552470972 LOGlOSS:  0.6123481597741113 test_AUC:  0.0 test_LOGlOSS:  10000.0
  0%|          | 0/5000 [00:00<?, ?it/s]  0%|          | 1/5000 [00:01<2:08:26,  1.54s/it]  0%|          | 2/5000 [00:03<2:05:20,  1.50s/it]  0%|          | 3/5000 [00:04<2:03:19,  1.48s/it]  0%|          | 4/5000 [00:05<2:04:04,  1.49s/it]  0%|          | 5/5000 [00:07<2:10:40,  1.57s/it]  0%|          | 6/5000 [00:09<2:12:01,  1.59s/it]  0%|          | 7/5000 [00:10<2:08:12,  1.54s/it]  0%|          | 8/5000 [00:12<2:10:55,  1.57s/it]  0%|          | 9/5000 [00:14<2:12:01,  1.59s/it]  0%|          | 9/5000 [00:15<2:23:11,  1.72s/it]
[I 2024-07-04 07:43:08,270] Trial 13 finished with value: 0.7256428552470972 and parameters: {'lr': 3e-05, 'l2': 0.0003, 'bsize': 1024}. Best is trial 10 with value: 0.7256428552470972.
AUC:  0.7256428552470972 LOGlOSS:  0.6123481597741113 test_AUC:  0.0 test_LOGlOSS:  10000.0
  0%|          | 0/5000 [00:00<?, ?it/s]  0%|          | 1/5000 [00:01<2:06:18,  1.52s/it]  0%|          | 2/5000 [00:03<2:09:02,  1.55s/it]  0%|          | 3/5000 [00:04<2:09:30,  1.55s/it]  0%|          | 4/5000 [00:06<2:17:04,  1.65s/it]  0%|          | 5/5000 [00:08<2:18:14,  1.66s/it]  0%|          | 6/5000 [00:09<2:13:12,  1.60s/it]  0%|          | 7/5000 [00:11<2:08:08,  1.54s/it]  0%|          | 8/5000 [00:12<2:05:21,  1.51s/it]  0%|          | 8/5000 [00:13<2:24:58,  1.74s/it]
[I 2024-07-04 07:43:27,004] Trial 14 finished with value: 0.72461295819389 and parameters: {'lr': 3e-05, 'l2': 1e-05, 'bsize': 1024}. Best is trial 10 with value: 0.7256428552470972.
AUC:  0.72461295819389 LOGlOSS:  0.6150849037930528 test_AUC:  0.0 test_LOGlOSS:  10000.0
  0%|          | 0/5000 [00:00<?, ?it/s]  0%|          | 1/5000 [00:01<1:57:23,  1.41s/it]  0%|          | 2/5000 [00:02<1:58:14,  1.42s/it]  0%|          | 3/5000 [00:04<1:58:35,  1.42s/it]  0%|          | 4/5000 [00:05<1:57:59,  1.42s/it]  0%|          | 5/5000 [00:07<2:00:19,  1.45s/it]  0%|          | 6/5000 [00:08<1:59:43,  1.44s/it]  0%|          | 6/5000 [00:10<2:19:08,  1.67s/it]
[I 2024-07-04 07:43:42,240] Trial 15 finished with value: 0.7182118510456896 and parameters: {'lr': 0.001, 'l2': 0.0003, 'bsize': 1024}. Best is trial 10 with value: 0.7256428552470972.
AUC:  0.7182118510456896 LOGlOSS:  0.6136360763748736 test_AUC:  0.0 test_LOGlOSS:  10000.0
  0%|          | 0/5000 [00:00<?, ?it/s]  0%|          | 1/5000 [00:01<1:56:48,  1.40s/it]  0%|          | 2/5000 [00:02<1:58:46,  1.43s/it]  0%|          | 3/5000 [00:04<1:58:49,  1.43s/it]  0%|          | 4/5000 [00:05<1:58:42,  1.43s/it]  0%|          | 5/5000 [00:07<1:58:36,  1.42s/it]  0%|          | 6/5000 [00:08<1:56:38,  1.40s/it]  0%|          | 7/5000 [00:09<1:56:40,  1.40s/it]  0%|          | 8/5000 [00:11<2:01:25,  1.46s/it]  0%|          | 9/5000 [00:13<2:10:51,  1.57s/it]  0%|          | 9/5000 [00:14<2:18:15,  1.66s/it]
[I 2024-07-04 07:44:02,211] Trial 16 finished with value: 0.7256428552470972 and parameters: {'lr': 3e-05, 'l2': 0.0003, 'bsize': 1024}. Best is trial 10 with value: 0.7256428552470972.
AUC:  0.7256428552470972 LOGlOSS:  0.6123481597741113 test_AUC:  0.0 test_LOGlOSS:  10000.0
  0%|          | 0/5000 [00:00<?, ?it/s]  0%|          | 1/5000 [00:01<2:02:36,  1.47s/it]  0%|          | 2/5000 [00:02<2:01:02,  1.45s/it]  0%|          | 3/5000 [00:04<2:01:21,  1.46s/it]  0%|          | 4/5000 [00:05<2:00:50,  1.45s/it]  0%|          | 5/5000 [00:07<2:00:46,  1.45s/it]  0%|          | 6/5000 [00:08<2:02:23,  1.47s/it]  0%|          | 7/5000 [00:10<2:01:50,  1.46s/it]  0%|          | 8/5000 [00:11<2:00:46,  1.45s/it]  0%|          | 9/5000 [00:13<2:00:59,  1.45s/it]  0%|          | 9/5000 [00:14<2:11:43,  1.58s/it]
[I 2024-07-04 07:44:21,945] Trial 17 finished with value: 0.7256428552470972 and parameters: {'lr': 3e-05, 'l2': 0.0003, 'bsize': 1024}. Best is trial 10 with value: 0.7256428552470972.
AUC:  0.7256428552470972 LOGlOSS:  0.6123481597741113 test_AUC:  0.0 test_LOGlOSS:  10000.0
  0%|          | 0/5000 [00:00<?, ?it/s]  0%|          | 1/5000 [00:01<2:01:57,  1.46s/it]  0%|          | 2/5000 [00:02<2:00:19,  1.44s/it]  0%|          | 3/5000 [00:04<1:59:53,  1.44s/it]  0%|          | 4/5000 [00:05<1:59:23,  1.43s/it]  0%|          | 5/5000 [00:07<2:04:00,  1.49s/it]  0%|          | 6/5000 [00:08<2:05:44,  1.51s/it]  0%|          | 7/5000 [00:10<2:06:45,  1.52s/it]  0%|          | 8/5000 [00:11<2:04:10,  1.49s/it]  0%|          | 8/5000 [00:13<2:18:32,  1.67s/it]
[I 2024-07-04 07:44:40,983] Trial 18 finished with value: 0.7234611359178208 and parameters: {'lr': 3e-05, 'l2': 1e-06, 'bsize': 1024}. Best is trial 10 with value: 0.7256428552470972.
AUC:  0.7234611359178208 LOGlOSS:  0.6156566875310331 test_AUC:  0.0 test_LOGlOSS:  10000.0
  0%|          | 0/5000 [00:00<?, ?it/s]  0%|          | 1/5000 [00:05<7:04:00,  5.09s/it]  0%|          | 2/5000 [00:10<7:37:06,  5.49s/it]  0%|          | 3/5000 [00:15<7:15:28,  5.23s/it]  0%|          | 4/5000 [00:20<7:07:00,  5.13s/it]  0%|          | 5/5000 [00:26<7:22:42,  5.32s/it]  0%|          | 5/5000 [00:31<8:47:38,  6.34s/it]
[I 2024-07-04 07:45:17,088] Trial 19 finished with value: 0.7240074564221484 and parameters: {'lr': 0.001, 'l2': 3e-06, 'bsize': 256}. Best is trial 10 with value: 0.7256428552470972.
AUC:  0.7240074564221484 LOGlOSS:  0.6106675511944721 test_AUC:  0.0 test_LOGlOSS:  10000.0
  0%|          | 0/5000 [00:00<?, ?it/s]  0%|          | 1/5000 [00:01<2:04:25,  1.49s/it]  0%|          | 2/5000 [00:02<2:03:29,  1.48s/it]  0%|          | 3/5000 [00:04<2:03:40,  1.48s/it]  0%|          | 4/5000 [00:05<2:04:05,  1.49s/it]  0%|          | 5/5000 [00:07<2:03:56,  1.49s/it]  0%|          | 6/5000 [00:08<2:03:12,  1.48s/it]  0%|          | 7/5000 [00:10<2:00:00,  1.44s/it]  0%|          | 8/5000 [00:11<1:59:17,  1.43s/it]  0%|          | 9/5000 [00:13<2:00:00,  1.44s/it]  0%|          | 10/5000 [00:14<2:00:33,  1.45s/it]  0%|          | 11/5000 [00:16<1:59:58,  1.44s/it]  0%|          | 12/5000 [00:17<1:59:29,  1.44s/it]  0%|          | 13/5000 [00:18<2:01:08,  1.46s/it]  0%|          | 14/5000 [00:20<2:03:05,  1.48s/it]  0%|          | 15/5000 [00:22<2:03:41,  1.49s/it]  0%|          | 15/5000 [00:23<2:10:09,  1.57s/it]
[I 2024-07-04 07:45:45,375] Trial 20 finished with value: 0.7237081918590018 and parameters: {'lr': 1e-05, 'l2': 1e-05, 'bsize': 1024}. Best is trial 10 with value: 0.7256428552470972.
AUC:  0.7237081918590018 LOGlOSS:  0.6163634207046679 test_AUC:  0.0 test_LOGlOSS:  10000.0
  0%|          | 0/5000 [00:00<?, ?it/s]  0%|          | 1/5000 [00:01<2:10:43,  1.57s/it]  0%|          | 2/5000 [00:03<2:08:14,  1.54s/it]  0%|          | 3/5000 [00:04<2:06:52,  1.52s/it]  0%|          | 4/5000 [00:06<2:06:26,  1.52s/it]  0%|          | 5/5000 [00:07<2:02:32,  1.47s/it]  0%|          | 6/5000 [00:08<2:00:56,  1.45s/it]  0%|          | 7/5000 [00:10<2:07:02,  1.53s/it]  0%|          | 8/5000 [00:12<2:13:07,  1.60s/it]  0%|          | 9/5000 [00:13<2:11:15,  1.58s/it]  0%|          | 9/5000 [00:15<2:22:59,  1.72s/it]
[I 2024-07-04 07:46:06,526] Trial 21 finished with value: 0.7256428552470972 and parameters: {'lr': 3e-05, 'l2': 0.0003, 'bsize': 1024}. Best is trial 10 with value: 0.7256428552470972.
AUC:  0.7256428552470972 LOGlOSS:  0.6123481597741113 test_AUC:  0.0 test_LOGlOSS:  10000.0
  0%|          | 0/5000 [00:00<?, ?it/s]  0%|          | 1/5000 [00:01<2:02:19,  1.47s/it]  0%|          | 2/5000 [00:02<2:01:36,  1.46s/it]  0%|          | 3/5000 [00:04<2:02:12,  1.47s/it]  0%|          | 4/5000 [00:05<2:03:24,  1.48s/it]  0%|          | 5/5000 [00:07<2:04:02,  1.49s/it]  0%|          | 6/5000 [00:08<2:06:44,  1.52s/it]  0%|          | 7/5000 [00:10<2:05:35,  1.51s/it]  0%|          | 8/5000 [00:11<2:03:40,  1.49s/it]  0%|          | 9/5000 [00:13<2:04:28,  1.50s/it]  0%|          | 9/5000 [00:14<2:18:34,  1.67s/it]
