nohup: ignoring input
2024-07-05 10:27:49.802626: I tensorflow/stream_executor/platform/default/dso_loader.cc:49] Successfully opened dynamic library libcudart.so.11.0
[I 2024-07-05 10:27:54,126] A new study created in memory with name: no-name-a8a51dc4-488c-4391-a4f8-d7cee30b42e2
2024-07-05 10:27:54.338943: I tensorflow/compiler/jit/xla_cpu_device.cc:41] Not creating XLA devices, tf_xla_enable_xla_devices not set
2024-07-05 10:27:54.339473: I tensorflow/stream_executor/platform/default/dso_loader.cc:49] Successfully opened dynamic library libcuda.so.1
2024-07-05 10:27:54.340268: I tensorflow/core/common_runtime/gpu/gpu_device.cc:1720] Found device 0 with properties: 
pciBusID: 0000:1e:00.0 name: Tesla V100-SXM2-32GB computeCapability: 7.0
coreClock: 1.53GHz coreCount: 80 deviceMemorySize: 31.74GiB deviceMemoryBandwidth: 836.37GiB/s
2024-07-05 10:27:54.340312: I tensorflow/stream_executor/platform/default/dso_loader.cc:49] Successfully opened dynamic library libcudart.so.11.0
2024-07-05 10:27:54.340599: I tensorflow/stream_executor/platform/default/dso_loader.cc:49] Successfully opened dynamic library libcublas.so.11
2024-07-05 10:27:54.340635: I tensorflow/stream_executor/platform/default/dso_loader.cc:49] Successfully opened dynamic library libcublasLt.so.11
2024-07-05 10:27:54.413378: I tensorflow/stream_executor/platform/default/dso_loader.cc:49] Successfully opened dynamic library libcufft.so.10
2024-07-05 10:27:54.414039: I tensorflow/stream_executor/platform/default/dso_loader.cc:49] Successfully opened dynamic library libcurand.so.10
2024-07-05 10:27:54.414241: W tensorflow/stream_executor/platform/default/dso_loader.cc:60] Could not load dynamic library 'libcusolver.so.10'; dlerror: libcusolver.so.10: cannot open shared object file: No such file or directory; LD_LIBRARY_PATH: /lib/x86_64-linux-gnu:/usr/lib/x86_64-linux-gnu::/usr/local/cuda-11.7/lib64
2024-07-05 10:27:54.415472: I tensorflow/stream_executor/platform/default/dso_loader.cc:49] Successfully opened dynamic library libcusparse.so.11
2024-07-05 10:27:54.415652: I tensorflow/stream_executor/platform/default/dso_loader.cc:49] Successfully opened dynamic library libcudnn.so.8
2024-07-05 10:27:54.415691: W tensorflow/core/common_runtime/gpu/gpu_device.cc:1757] Cannot dlopen some GPU libraries. Please make sure the missing libraries mentioned above are installed properly if you would like to use GPU. Follow the guide at https://www.tensorflow.org/install/gpu for how to download and setup the required libraries for your platform.
Skipping registering GPU devices...
2024-07-05 10:27:54.416454: I tensorflow/core/platform/cpu_feature_guard.cc:142] This TensorFlow binary is optimized with oneAPI Deep Neural Network Library (oneDNN) to use the following CPU instructions in performance-critical operations:  AVX512F
To enable them in other operations, rebuild TensorFlow with the appropriate compiler flags.
2024-07-05 10:27:54.421468: I tensorflow/compiler/jit/xla_gpu_device.cc:99] Not creating XLA devices, tf_xla_enable_xla_devices not set
2024-07-05 10:27:54.421515: I tensorflow/core/common_runtime/gpu/gpu_device.cc:1261] Device interconnect StreamExecutor with strength 1 edge matrix:
2024-07-05 10:27:54.421529: I tensorflow/core/common_runtime/gpu/gpu_device.cc:1267]      
2024-07-05 10:27:54.477990: I tensorflow/compiler/mlir/mlir_graph_optimization_pass.cc:116] None of the MLIR optimization passes are enabled (registered 2)
2024-07-05 10:27:54.495582: I tensorflow/core/platform/profile_utils/cpu_utils.cc:112] CPU Frequency: 2500000000 Hz
{'model_opt': {'latent_dim': 16, 'feat_num': 41388, 'field_num': 88, 'mlp_dropout': 0.0, 'use_bn': False, 'mlp_dims': [1024, 512, 256], 'cross': 3}, 'dataset': 'kuairand', 'model': 'dnn', 'data_dir': 'data/kuairand/threshold2_2', 'cuda': 1, 'source': None}
==================================================
|        Bridge-CTR: Set the random seed         |
==================================================

==================================================
|              Bridge-CTR: Training              |
==================================================

######### tuner ###########
  0%|          | 0/5000 [00:00<?, ?it/s]  0%|          | 1/5000 [00:07<10:10:03,  7.32s/it]  0%|          | 2/5000 [00:14<10:26:45,  7.52s/it]  0%|          | 3/5000 [00:23<11:22:14,  8.19s/it]  0%|          | 4/5000 [00:32<11:36:11,  8.36s/it]  0%|          | 5/5000 [00:41<11:54:39,  8.58s/it]  0%|          | 6/5000 [00:50<12:13:19,  8.81s/it]  0%|          | 6/5000 [00:59<13:48:33,  9.95s/it]
[I 2024-07-05 10:28:58,674] Trial 0 finished with value: 0.7110849402815642 and parameters: {'lr': 0.0003, 'l2': 3e-05, 'bsize': 512, 'alpha1': 1}. Best is trial 0 with value: 0.7110849402815642.
AUC:  0.7110849402815642 LOGlOSS:  0.6302173905151432 test_AUC:  0.0 test_LOGlOSS:  10000.0
  0%|          | 0/5000 [00:00<?, ?it/s]  0%|          | 1/5000 [00:06<9:15:24,  6.67s/it]  0%|          | 2/5000 [00:11<7:55:02,  5.70s/it]  0%|          | 3/5000 [00:17<7:55:10,  5.71s/it]  0%|          | 4/5000 [00:24<8:27:47,  6.10s/it]  0%|          | 5/5000 [00:29<8:18:17,  5.99s/it]  0%|          | 5/5000 [00:36<10:06:15,  7.28s/it]
[I 2024-07-05 10:29:40,223] Trial 1 finished with value: 0.7220375707666854 and parameters: {'lr': 0.001, 'l2': 0.0003, 'bsize': 1024, 'alpha1': 0.001}. Best is trial 1 with value: 0.7220375707666854.
AUC:  0.7220375707666854 LOGlOSS:  0.6105225913509 test_AUC:  0.0 test_LOGlOSS:  10000.0
  0%|          | 0/5000 [00:00<?, ?it/s]  0%|          | 1/5000 [00:06<9:08:50,  6.59s/it]  0%|          | 2/5000 [00:13<9:08:23,  6.58s/it]  0%|          | 3/5000 [00:19<8:57:07,  6.45s/it]  0%|          | 4/5000 [00:24<8:11:34,  5.90s/it]  0%|          | 5/5000 [00:29<7:54:44,  5.70s/it]  0%|          | 6/5000 [00:35<7:53:28,  5.69s/it]  0%|          | 6/5000 [00:41<9:42:08,  6.99s/it]
[I 2024-07-05 10:30:28,032] Trial 2 finished with value: 0.7092528582907228 and parameters: {'lr': 0.001, 'l2': 3e-06, 'bsize': 1024, 'alpha1': 1}. Best is trial 1 with value: 0.7220375707666854.
AUC:  0.7092528582907228 LOGlOSS:  0.6350418097739707 test_AUC:  0.0 test_LOGlOSS:  10000.0
  0%|          | 0/5000 [00:00<?, ?it/s]  0%|          | 1/5000 [00:09<12:58:35,  9.35s/it]  0%|          | 2/5000 [00:18<12:50:46,  9.25s/it]  0%|          | 3/5000 [00:27<12:49:00,  9.23s/it]  0%|          | 4/5000 [00:36<12:28:08,  8.98s/it]  0%|          | 5/5000 [00:45<12:30:43,  9.02s/it]  0%|          | 5/5000 [00:54<15:07:18, 10.90s/it]
[I 2024-07-05 10:31:26,637] Trial 3 finished with value: 0.7228358906342938 and parameters: {'lr': 3e-05, 'l2': 1e-05, 'bsize': 512, 'alpha1': 1}. Best is trial 3 with value: 0.7228358906342938.
AUC:  0.7228358906342938 LOGlOSS:  0.6374794458576039 test_AUC:  0.0 test_LOGlOSS:  10000.0
  0%|          | 0/5000 [00:00<?, ?it/s]  0%|          | 1/5000 [00:07<10:11:25,  7.34s/it]  0%|          | 2/5000 [00:14<10:07:05,  7.29s/it]  0%|          | 3/5000 [00:22<10:15:20,  7.39s/it]  0%|          | 4/5000 [00:29<10:18:18,  7.43s/it]  0%|          | 5/5000 [00:37<10:20:23,  7.45s/it]  0%|          | 5/5000 [00:43<12:10:39,  8.78s/it]
[I 2024-07-05 10:32:15,141] Trial 4 finished with value: 0.725810108208018 and parameters: {'lr': 1e-05, 'l2': 0.001, 'bsize': 1024, 'alpha1': 0.1}. Best is trial 4 with value: 0.725810108208018.
AUC:  0.725810108208018 LOGlOSS:  0.6114327886648941 test_AUC:  0.0 test_LOGlOSS:  10000.0
  0%|          | 0/5000 [00:00<?, ?it/s]  0%|          | 1/5000 [00:09<12:49:13,  9.23s/it]  0%|          | 2/5000 [00:18<12:45:11,  9.19s/it]  0%|          | 3/5000 [00:28<13:11:24,  9.50s/it]  0%|          | 4/5000 [00:38<13:28:22,  9.71s/it]  0%|          | 5/5000 [00:46<12:33:27,  9.05s/it]  0%|          | 5/5000 [00:55<15:23:23, 11.09s/it]
[I 2024-07-05 10:33:15,834] Trial 5 finished with value: 0.7247542604982212 and parameters: {'lr': 1e-05, 'l2': 1e-06, 'bsize': 512, 'alpha1': 0.001}. Best is trial 4 with value: 0.725810108208018.
AUC:  0.7247542604982212 LOGlOSS:  0.617818902683982 test_AUC:  0.0 test_LOGlOSS:  10000.0
  0%|          | 0/5000 [00:00<?, ?it/s]  0%|          | 1/5000 [00:06<8:53:17,  6.40s/it]  0%|          | 2/5000 [00:12<8:53:39,  6.41s/it]  0%|          | 3/5000 [00:19<8:55:38,  6.43s/it]  0%|          | 4/5000 [00:25<8:53:58,  6.41s/it]  0%|          | 5/5000 [00:30<8:15:10,  5.95s/it]  0%|          | 5/5000 [00:36<10:13:38,  7.37s/it]
[I 2024-07-05 10:33:57,617] Trial 6 finished with value: 0.7238679345380603 and parameters: {'lr': 0.0001, 'l2': 1e-06, 'bsize': 1024, 'alpha1': 0.001}. Best is trial 4 with value: 0.725810108208018.
AUC:  0.7238679345380603 LOGlOSS:  0.6144014189568613 test_AUC:  0.0 test_LOGlOSS:  10000.0
  0%|          | 0/5000 [00:00<?, ?it/s]  0%|          | 1/5000 [00:09<12:58:20,  9.34s/it]  0%|          | 2/5000 [00:18<12:57:27,  9.33s/it]  0%|          | 3/5000 [00:27<12:30:51,  9.02s/it]  0%|          | 4/5000 [00:36<12:21:25,  8.90s/it]  0%|          | 5/5000 [00:44<12:12:23,  8.80s/it]  0%|          | 5/5000 [00:53<14:55:46, 10.76s/it]
[I 2024-07-05 10:34:57,022] Trial 7 finished with value: 0.7254960909755798 and parameters: {'lr': 0.0001, 'l2': 3e-05, 'bsize': 512, 'alpha1': 0.001}. Best is trial 4 with value: 0.725810108208018.
AUC:  0.7254960909755798 LOGlOSS:  0.6130896447366989 test_AUC:  0.0 test_LOGlOSS:  10000.0
  0%|          | 0/5000 [00:00<?, ?it/s]  0%|          | 1/5000 [00:09<12:33:13,  9.04s/it]  0%|          | 2/5000 [00:18<12:41:12,  9.14s/it]  0%|          | 3/5000 [00:26<12:23:07,  8.92s/it]  0%|          | 4/5000 [00:34<11:39:55,  8.41s/it]  0%|          | 5/5000 [00:42<11:28:22,  8.27s/it]  0%|          | 5/5000 [00:51<14:21:45, 10.35s/it]
[I 2024-07-05 10:35:53,696] Trial 8 finished with value: 0.722663623428607 and parameters: {'lr': 0.001, 'l2': 1e-05, 'bsize': 512, 'alpha1': 0.0001}. Best is trial 4 with value: 0.725810108208018.
AUC:  0.722663623428607 LOGlOSS:  0.6090763292522906 test_AUC:  0.0 test_LOGlOSS:  10000.0
  0%|          | 0/5000 [00:00<?, ?it/s]  0%|          | 1/5000 [00:16<23:09:11, 16.67s/it]  0%|          | 2/5000 [00:34<23:45:53, 17.12s/it]  0%|          | 3/5000 [00:50<23:21:29, 16.83s/it]  0%|          | 4/5000 [01:04<21:49:35, 15.73s/it]  0%|          | 5/5000 [01:20<21:48:42, 15.72s/it]  0%|          | 5/5000 [01:35<26:37:48, 19.19s/it]
[I 2024-07-05 10:37:34,188] Trial 9 finished with value: 0.7244853862490602 and parameters: {'lr': 1e-05, 'l2': 0.001, 'bsize': 256, 'alpha1': 1}. Best is trial 4 with value: 0.725810108208018.
AUC:  0.7244853862490602 LOGlOSS:  0.641092261586169 test_AUC:  0.0 test_LOGlOSS:  10000.0
  0%|          | 0/5000 [00:00<?, ?it/s]  0%|          | 1/5000 [00:13<19:21:04, 13.94s/it]  0%|          | 2/5000 [00:29<20:18:54, 14.63s/it]  0%|          | 3/5000 [00:43<20:27:42, 14.74s/it]  0%|          | 4/5000 [00:58<20:21:13, 14.67s/it]  0%|          | 5/5000 [01:15<21:39:49, 15.61s/it]  0%|          | 5/5000 [01:31<25:27:17, 18.35s/it]
[I 2024-07-05 10:39:10,966] Trial 10 finished with value: 0.725738937586992 and parameters: {'lr': 1e-05, 'l2': 0.001, 'bsize': 256, 'alpha1': 0.1}. Best is trial 4 with value: 0.725810108208018.
AUC:  0.725738937586992 LOGlOSS:  0.6130606098991614 test_AUC:  0.0 test_LOGlOSS:  10000.0
  0%|          | 0/5000 [00:00<?, ?it/s]  0%|          | 1/5000 [00:16<23:31:04, 16.94s/it]  0%|          | 2/5000 [00:33<23:00:11, 16.57s/it]  0%|          | 3/5000 [00:48<21:51:32, 15.75s/it]  0%|          | 4/5000 [01:04<22:08:40, 15.96s/it]  0%|          | 5/5000 [01:20<22:13:34, 16.02s/it]  0%|          | 5/5000 [01:37<26:59:37, 19.45s/it]
[I 2024-07-05 10:40:53,259] Trial 11 finished with value: 0.725738937586992 and parameters: {'lr': 1e-05, 'l2': 0.001, 'bsize': 256, 'alpha1': 0.1}. Best is trial 4 with value: 0.725810108208018.
AUC:  0.725738937586992 LOGlOSS:  0.6130606098991614 test_AUC:  0.0 test_LOGlOSS:  10000.0
  0%|          | 0/5000 [00:00<?, ?it/s]  0%|          | 1/5000 [00:14<20:04:34, 14.46s/it]  0%|          | 2/5000 [00:31<22:24:15, 16.14s/it]  0%|          | 3/5000 [00:46<21:35:15, 15.55s/it]  0%|          | 4/5000 [01:00<20:39:06, 14.88s/it]  0%|          | 5/5000 [01:17<21:53:15, 15.77s/it]  0%|          | 5/5000 [01:33<25:51:38, 18.64s/it]
[I 2024-07-05 10:42:32,283] Trial 12 finished with value: 0.725738937586992 and parameters: {'lr': 1e-05, 'l2': 0.001, 'bsize': 256, 'alpha1': 0.1}. Best is trial 4 with value: 0.725810108208018.
AUC:  0.725738937586992 LOGlOSS:  0.6130606098991614 test_AUC:  0.0 test_LOGlOSS:  10000.0
  0%|          | 0/5000 [00:00<?, ?it/s]  0%|          | 1/5000 [00:16<23:32:19, 16.95s/it]  0%|          | 2/5000 [00:33<22:54:33, 16.50s/it]  0%|          | 3/5000 [00:49<22:46:56, 16.41s/it]  0%|          | 4/5000 [01:05<22:28:13, 16.19s/it]  0%|          | 5/5000 [01:20<22:05:35, 15.92s/it]  0%|          | 5/5000 [01:37<26:55:08, 19.40s/it]
[I 2024-07-05 10:44:13,714] Trial 13 finished with value: 0.7245292248635811 and parameters: {'lr': 1e-05, 'l2': 0.0001, 'bsize': 256, 'alpha1': 0.01}. Best is trial 4 with value: 0.725810108208018.
AUC:  0.7245292248635811 LOGlOSS:  0.6181753038835915 test_AUC:  0.0 test_LOGlOSS:  10000.0
  0%|          | 0/5000 [00:00<?, ?it/s]  0%|          | 1/5000 [00:06<9:00:27,  6.49s/it]  0%|          | 2/5000 [00:13<9:04:09,  6.53s/it]  0%|          | 3/5000 [00:19<9:04:06,  6.53s/it]  0%|          | 4/5000 [00:24<8:16:10,  5.96s/it]  0%|          | 5/5000 [00:29<7:52:33,  5.68s/it]  0%|          | 5/5000 [00:35<9:53:14,  7.13s/it]
[I 2024-07-05 10:44:54,076] Trial 14 finished with value: 0.7257005886528747 and parameters: {'lr': 3e-05, 'l2': 0.001, 'bsize': 1024, 'alpha1': 0.1}. Best is trial 4 with value: 0.725810108208018.
AUC:  0.7257005886528747 LOGlOSS:  0.6115499097380266 test_AUC:  0.0 test_LOGlOSS:  10000.0
  0%|          | 0/5000 [00:00<?, ?it/s]  0%|          | 1/5000 [00:15<21:43:09, 15.64s/it]  0%|          | 2/5000 [00:30<21:06:24, 15.20s/it]  0%|          | 3/5000 [00:45<21:10:47, 15.26s/it]  0%|          | 4/5000 [01:00<20:38:39, 14.88s/it]  0%|          | 5/5000 [01:15<21:07:05, 15.22s/it]  0%|          | 5/5000 [01:31<25:20:04, 18.26s/it]
[I 2024-07-05 10:46:29,796] Trial 15 finished with value: 0.7224762925497468 and parameters: {'lr': 0.0003, 'l2': 0.001, 'bsize': 256, 'alpha1': 1e-05}. Best is trial 4 with value: 0.725810108208018.
AUC:  0.7224762925497468 LOGlOSS:  0.610862975022702 test_AUC:  0.0 test_LOGlOSS:  10000.0
  0%|          | 0/5000 [00:00<?, ?it/s]  0%|          | 1/5000 [00:05<8:19:52,  6.00s/it]  0%|          | 2/5000 [00:12<8:21:53,  6.03s/it]  0%|          | 3/5000 [00:17<8:19:01,  5.99s/it]  0%|          | 4/5000 [00:23<8:07:18,  5.85s/it]  0%|          | 5/5000 [00:28<7:36:54,  5.49s/it]  0%|          | 5/5000 [00:34<9:26:38,  6.81s/it]
[I 2024-07-05 10:47:08,829] Trial 16 finished with value: 0.7256092896142691 and parameters: {'lr': 1e-05, 'l2': 0.0003, 'bsize': 1024, 'alpha1': 0.1}. Best is trial 4 with value: 0.725810108208018.
AUC:  0.7256092896142691 LOGlOSS:  0.6137001221909986 test_AUC:  0.0 test_LOGlOSS:  10000.0
  0%|          | 0/5000 [00:00<?, ?it/s]  0%|          | 1/5000 [00:06<8:43:13,  6.28s/it]  0%|          | 2/5000 [00:12<8:31:50,  6.14s/it]  0%|          | 3/5000 [00:18<8:28:00,  6.10s/it]  0%|          | 4/5000 [00:24<8:13:55,  5.93s/it]  0%|          | 5/5000 [00:29<8:03:39,  5.81s/it]  0%|          | 5/5000 [00:35<9:56:16,  7.16s/it]
[I 2024-07-05 10:47:49,285] Trial 17 finished with value: 0.7255648567052015 and parameters: {'lr': 1e-05, 'l2': 0.0001, 'bsize': 1024, 'alpha1': 0.1}. Best is trial 4 with value: 0.725810108208018.
AUC:  0.7255648567052015 LOGlOSS:  0.614420689458427 test_AUC:  0.0 test_LOGlOSS:  10000.0
  0%|          | 0/5000 [00:00<?, ?it/s]  0%|          | 1/5000 [00:13<19:11:13, 13.82s/it]  0%|          | 2/5000 [00:29<20:54:42, 15.06s/it]  0%|          | 3/5000 [00:45<21:36:47, 15.57s/it]  0%|          | 4/5000 [01:01<21:35:08, 15.55s/it]  0%|          | 5/5000 [01:17<21:52:49, 15.77s/it]  0%|          | 5/5000 [01:32<25:43:12, 18.54s/it]
[I 2024-07-05 10:49:26,429] Trial 18 finished with value: 0.7243571559613596 and parameters: {'lr': 1e-05, 'l2': 3e-06, 'bsize': 256, 'alpha1': 0.0001}. Best is trial 4 with value: 0.725810108208018.
AUC:  0.7243571559613596 LOGlOSS:  0.6191746766431848 test_AUC:  0.0 test_LOGlOSS:  10000.0
  0%|          | 0/5000 [00:00<?, ?it/s]  0%|          | 1/5000 [00:05<8:16:07,  5.95s/it]  0%|          | 2/5000 [00:11<8:19:24,  6.00s/it]  0%|          | 3/5000 [00:17<7:52:55,  5.68s/it]  0%|          | 4/5000 [00:22<7:44:22,  5.58s/it]  0%|          | 5/5000 [00:28<7:54:31,  5.70s/it]  0%|          | 5/5000 [00:34<9:39:57,  6.97s/it]
[I 2024-07-05 10:50:06,252] Trial 19 finished with value: 0.7262982808400084 and parameters: {'lr': 0.0001, 'l2': 0.001, 'bsize': 1024, 'alpha1': 1e-05}. Best is trial 19 with value: 0.7262982808400084.
AUC:  0.7262982808400084 LOGlOSS:  0.6069952442678385 test_AUC:  0.0 test_LOGlOSS:  10000.0
  0%|          | 0/5000 [00:00<?, ?it/s]  0%|          | 1/5000 [00:06<8:44:13,  6.29s/it]  0%|          | 2/5000 [00:12<8:16:44,  5.96s/it]  0%|          | 3/5000 [00:16<7:38:01,  5.50s/it]  0%|          | 4/5000 [00:22<7:47:26,  5.61s/it]  0%|          | 5/5000 [00:29<8:06:18,  5.84s/it]  0%|          | 5/5000 [00:35<9:51:20,  7.10s/it]
[I 2024-07-05 10:50:47,568] Trial 20 finished with value: 0.7262982808400084 and parameters: {'lr': 0.0001, 'l2': 0.001, 'bsize': 1024, 'alpha1': 1e-05}. Best is trial 19 with value: 0.7262982808400084.
AUC:  0.7262982808400084 LOGlOSS:  0.6069952442678385 test_AUC:  0.0 test_LOGlOSS:  10000.0
  0%|          | 0/5000 [00:00<?, ?it/s]  0%|          | 1/5000 [00:05<8:13:58,  5.93s/it]  0%|          | 2/5000 [00:12<8:27:58,  6.10s/it]  0%|          | 3/5000 [00:16<7:39:10,  5.51s/it]  0%|          | 4/5000 [00:22<7:40:47,  5.53s/it]  0%|          | 5/5000 [00:28<8:07:22,  5.85s/it]  0%|          | 5/5000 [00:35<9:48:25,  7.07s/it]
[I 2024-07-05 10:51:27,522] Trial 21 finished with value: 0.7262982808400084 and parameters: {'lr': 0.0001, 'l2': 0.001, 'bsize': 1024, 'alpha1': 1e-05}. Best is trial 19 with value: 0.7262982808400084.
AUC:  0.7262982808400084 LOGlOSS:  0.6069952442678385 test_AUC:  0.0 test_LOGlOSS:  10000.0
  0%|          | 0/5000 [00:00<?, ?it/s]  0%|          | 1/5000 [00:05<7:05:18,  5.10s/it]  0%|          | 2/5000 [00:11<8:04:56,  5.82s/it]  0%|          | 3/5000 [00:17<8:29:08,  6.11s/it]  0%|          | 4/5000 [00:24<8:29:26,  6.12s/it]  0%|          | 5/5000 [00:30<8:42:03,  6.27s/it]  0%|          | 5/5000 [00:36<10:14:08,  7.38s/it]
[I 2024-07-05 10:52:10,437] Trial 22 finished with value: 0.7262982808400084 and parameters: {'lr': 0.0001, 'l2': 0.001, 'bsize': 1024, 'alpha1': 1e-05}. Best is trial 19 with value: 0.7262982808400084.
AUC:  0.7262982808400084 LOGlOSS:  0.6069952442678385 test_AUC:  0.0 test_LOGlOSS:  10000.0
  0%|          | 0/5000 [00:00<?, ?it/s]  0%|          | 1/5000 [00:05<7:10:36,  5.17s/it]  0%|          | 2/5000 [00:10<7:22:13,  5.31s/it]  0%|          | 3/5000 [00:16<7:37:28,  5.49s/it]  0%|          | 4/5000 [00:22<8:02:56,  5.80s/it]  0%|          | 5/5000 [00:28<8:09:52,  5.88s/it]  0%|          | 5/5000 [00:34<9:40:11,  6.97s/it]
[I 2024-07-05 10:52:51,016] Trial 23 finished with value: 0.7262982808400084 and parameters: {'lr': 0.0001, 'l2': 0.001, 'bsize': 1024, 'alpha1': 1e-05}. Best is trial 19 with value: 0.7262982808400084.
AUC:  0.7262982808400084 LOGlOSS:  0.6069952442678385 test_AUC:  0.0 test_LOGlOSS:  10000.0
  0%|          | 0/5000 [00:00<?, ?it/s]  0%|          | 1/5000 [00:05<7:00:44,  5.05s/it]  0%|          | 2/5000 [00:10<7:36:01,  5.47s/it]  0%|          | 3/5000 [00:17<8:25:31,  6.07s/it]  0%|          | 4/5000 [00:24<8:46:18,  6.32s/it]  0%|          | 5/5000 [00:30<8:55:06,  6.43s/it]  0%|          | 5/5000 [00:37<10:23:30,  7.49s/it]
[I 2024-07-05 10:53:34,772] Trial 24 finished with value: 0.7262982808400084 and parameters: {'lr': 0.0001, 'l2': 0.001, 'bsize': 1024, 'alpha1': 1e-05}. Best is trial 19 with value: 0.7262982808400084.
AUC:  0.7262982808400084 LOGlOSS:  0.6069952442678385 test_AUC:  0.0 test_LOGlOSS:  10000.0
  0%|          | 0/5000 [00:00<?, ?it/s]  0%|          | 1/5000 [00:05<8:19:02,  5.99s/it]  0%|          | 2/5000 [00:10<7:08:21,  5.14s/it]  0%|          | 3/5000 [00:15<7:05:33,  5.11s/it]  0%|          | 4/5000 [00:21<7:28:58,  5.39s/it]  0%|          | 5/5000 [00:27<7:41:18,  5.54s/it]  0%|          | 5/5000 [00:33<9:17:13,  6.69s/it]
[I 2024-07-05 10:54:14,074] Trial 25 finished with value: 0.7262982808400084 and parameters: {'lr': 0.0001, 'l2': 0.001, 'bsize': 1024, 'alpha1': 1e-05}. Best is trial 19 with value: 0.7262982808400084.
AUC:  0.7262982808400084 LOGlOSS:  0.6069952442678385 test_AUC:  0.0 test_LOGlOSS:  10000.0
  0%|          | 0/5000 [00:00<?, ?it/s]  0%|          | 1/5000 [00:06<8:56:05,  6.43s/it]  0%|          | 2/5000 [00:11<7:52:46,  5.68s/it]  0%|          | 3/5000 [00:17<8:09:06,  5.87s/it]  0%|          | 4/5000 [00:24<8:27:46,  6.10s/it]  0%|          | 5/5000 [00:30<8:23:17,  6.05s/it]  0%|          | 5/5000 [00:36<10:07:28,  7.30s/it]
[I 2024-07-05 10:54:55,684] Trial 26 finished with value: 0.7257355171601398 and parameters: {'lr': 0.0001, 'l2': 0.0001, 'bsize': 1024, 'alpha1': 1e-05}. Best is trial 19 with value: 0.7262982808400084.
AUC:  0.7257355171601398 LOGlOSS:  0.6100472525200319 test_AUC:  0.0 test_LOGlOSS:  10000.0
  0%|          | 0/5000 [00:00<?, ?it/s]  0%|          | 1/5000 [00:06<8:59:37,  6.48s/it]  0%|          | 2/5000 [00:12<9:00:30,  6.49s/it]  0%|          | 3/5000 [00:18<8:11:21,  5.90s/it]  0%|          | 4/5000 [00:23<7:45:05,  5.59s/it]  0%|          | 5/5000 [00:28<7:33:47,  5.45s/it]  0%|          | 5/5000 [00:34<9:31:42,  6.87s/it]
