,number,value,datetime_start,datetime_complete,duration,params_batch_size,params_l2_norm,params_learning_rate,state
0,0,0.7425432853193656,2024-05-10 00:19:33.185316,2024-05-10 00:19:50.051945,0 days 00:00:16.866629,64,1e-05,0.0003,COMPLETE
1,1,0.7434162665502692,2024-05-10 00:19:50.053400,2024-05-10 00:20:03.353858,0 days 00:00:13.300458,16,1e-05,0.001,COMPLETE
2,2,0.7347955768950969,2024-05-10 00:20:03.355263,2024-05-10 00:25:47.506860,0 days 00:05:44.151597,16,1e-05,1e-05,COMPLETE
3,3,0.735523061254183,2024-05-10 00:25:47.508045,2024-05-10 00:27:10.472840,0 days 00:01:22.964795,64,1e-05,3e-05,COMPLETE
4,4,0.7398879674087008,2024-05-10 00:27:10.473762,2024-05-10 00:29:30.955817,0 days 00:02:20.482055,32,1e-05,3e-05,COMPLETE
5,5,0.7439982540375382,2024-05-10 00:29:30.957435,2024-05-10 00:30:12.840415,0 days 00:00:41.882980,16,1e-05,0.0001,COMPLETE
6,6,0.7318856394587516,2024-05-10 00:30:12.841913,2024-05-10 00:34:52.287740,0 days 00:04:39.445827,32,1e-05,1e-05,COMPLETE
7,7,0.7430161501527718,2024-05-10 00:34:52.289425,2024-05-10 00:35:00.713341,0 days 00:00:08.423916,32,1e-05,0.001,COMPLETE
8,8,0.7318856394587516,2024-05-10 00:35:00.714600,2024-05-10 00:40:06.555126,0 days 00:05:05.840526,32,1e-05,1e-05,COMPLETE
9,9,0.7430161501527718,2024-05-10 00:40:06.556702,2024-05-10 00:40:14.777705,0 days 00:00:08.221003,32,1e-05,0.001,COMPLETE
10,10,0.7439982540375382,2024-05-10 00:40:14.779309,2024-05-10 00:41:20.435845,0 days 00:01:05.656536,16,1e-05,0.0001,COMPLETE
11,11,0.7439982540375382,2024-05-10 00:41:20.437107,2024-05-10 00:42:31.611546,0 days 00:01:11.174439,16,1e-05,0.0001,COMPLETE
12,12,0.7439982540375382,2024-05-10 00:42:31.614355,2024-05-10 00:43:39.364716,0 days 00:01:07.750361,16,1e-05,0.0001,COMPLETE
13,13,0.7439982540375382,2024-05-10 00:43:39.367010,2024-05-10 00:44:50.250090,0 days 00:01:10.883080,16,1e-05,0.0001,COMPLETE
14,14,0.7439982540375382,2024-05-10 00:44:50.251826,2024-05-10 00:45:59.470711,0 days 00:01:09.218885,16,1e-05,0.0001,COMPLETE
15,15,0.7439982540375382,2024-05-10 00:45:59.471954,2024-05-10 00:47:13.218385,0 days 00:01:13.746431,16,1e-05,0.0001,COMPLETE
16,16,0.7425432853193656,2024-05-10 00:47:13.219447,2024-05-10 00:47:26.265334,0 days 00:00:13.045887,64,1e-05,0.0003,COMPLETE
17,17,0.7439982540375382,2024-05-10 00:47:26.267099,2024-05-10 00:48:11.127382,0 days 00:00:44.860283,16,1e-05,0.0001,COMPLETE
18,18,0.7439982540375382,2024-05-10 00:48:11.129420,2024-05-10 00:48:55.080915,0 days 00:00:43.951495,16,1e-05,0.0001,COMPLETE
19,19,0.7439982540375382,2024-05-10 00:48:55.085263,2024-05-10 00:50:04.042519,0 days 00:01:08.957256,16,1e-05,0.0001,COMPLETE
20,20,0.735523061254183,2024-05-10 00:50:04.044166,2024-05-10 00:51:24.995333,0 days 00:01:20.951167,64,1e-05,3e-05,COMPLETE
21,21,0.7439982540375382,2024-05-10 00:51:24.997008,2024-05-10 00:52:34.723143,0 days 00:01:09.726135,16,1e-05,0.0001,COMPLETE
22,22,0.7439982540375382,2024-05-10 00:52:34.725056,2024-05-10 00:53:44.021090,0 days 00:01:09.296034,16,1e-05,0.0001,COMPLETE
23,23,0.7439982540375382,2024-05-10 00:53:44.023177,2024-05-10 00:54:55.187790,0 days 00:01:11.164613,16,1e-05,0.0001,COMPLETE
24,24,0.7439982540375382,2024-05-10 00:54:55.189555,2024-05-10 00:56:04.385199,0 days 00:01:09.195644,16,1e-05,0.0001,COMPLETE
25,25,0.7435617634220865,2024-05-10 00:56:04.386801,2024-05-10 00:56:28.380146,0 days 00:00:23.993345,16,1e-05,0.0003,COMPLETE
26,26,0.7439982540375382,2024-05-10 00:56:28.381433,2024-05-10 00:57:38.825912,0 days 00:01:10.444479,16,1e-05,0.0001,COMPLETE
27,27,0.7439982540375382,2024-05-10 00:57:38.828356,2024-05-10 00:58:50.256378,0 days 00:01:11.428022,16,1e-05,0.0001,COMPLETE
28,28,0.741779426742325,2024-05-10 00:58:50.258020,2024-05-10 00:59:26.312832,0 days 00:00:36.054812,64,1e-05,0.0001,COMPLETE
29,29,0.7435617634220865,2024-05-10 00:59:26.313931,2024-05-10 00:59:59.118940,0 days 00:00:32.805009,16,1e-05,0.0003,COMPLETE
30,30,0.7434162665502692,2024-05-10 00:59:59.120616,2024-05-10 01:00:11.129803,0 days 00:00:12.009187,16,1e-05,0.001,COMPLETE
31,31,0.7439982540375382,2024-05-10 01:00:11.131378,2024-05-10 01:01:16.794590,0 days 00:01:05.663212,16,1e-05,0.0001,COMPLETE
32,32,0.7439982540375382,2024-05-10 01:01:16.796446,2024-05-10 01:02:23.588024,0 days 00:01:06.791578,16,1e-05,0.0001,COMPLETE
33,33,0.7439982540375382,2024-05-10 01:02:23.589740,2024-05-10 01:03:36.894594,0 days 00:01:13.304854,16,1e-05,0.0001,COMPLETE
34,34,0.7347955768950969,2024-05-10 01:03:36.896466,2024-05-10 01:09:15.606379,0 days 00:05:38.709913,16,1e-05,1e-05,COMPLETE
35,35,0.735523061254183,2024-05-10 01:09:15.607666,2024-05-10 01:10:32.777609,0 days 00:01:17.169943,64,1e-05,3e-05,COMPLETE
36,36,0.7439982540375382,2024-05-10 01:10:32.779326,2024-05-10 01:11:45.051344,0 days 00:01:12.272018,16,1e-05,0.0001,COMPLETE
37,37,0.7430161501527718,2024-05-10 01:11:45.053282,2024-05-10 01:11:52.914681,0 days 00:00:07.861399,32,1e-05,0.001,COMPLETE
38,38,0.7347955768950969,2024-05-10 01:11:52.916522,2024-05-10 01:18:23.071576,0 days 00:06:30.155054,16,1e-05,1e-05,COMPLETE
39,39,0.735523061254183,2024-05-10 01:18:23.073440,2024-05-10 01:19:42.258761,0 days 00:01:19.185321,64,1e-05,3e-05,COMPLETE
40,40,0.7425432853193658,2024-05-10 01:19:42.260412,2024-05-10 01:20:02.737679,0 days 00:00:20.477267,32,1e-05,0.0003,COMPLETE
41,41,0.7439982540375382,2024-05-10 01:20:02.739418,2024-05-10 01:21:07.429478,0 days 00:01:04.690060,16,1e-05,0.0001,COMPLETE
42,42,0.7439982540375382,2024-05-10 01:21:07.430773,2024-05-10 01:22:17.986956,0 days 00:01:10.556183,16,1e-05,0.0001,COMPLETE
43,43,0.7439982540375382,2024-05-10 01:22:17.988845,2024-05-10 01:23:25.800332,0 days 00:01:07.811487,16,1e-05,0.0001,COMPLETE
44,44,0.7439982540375382,2024-05-10 01:23:25.801847,2024-05-10 01:24:28.363816,0 days 00:01:02.561969,16,1e-05,0.0001,COMPLETE
45,45,0.7439982540375382,2024-05-10 01:24:28.365571,2024-05-10 01:25:33.901834,0 days 00:01:05.536263,16,1e-05,0.0001,COMPLETE
46,46,0.7318856394587516,2024-05-10 01:25:33.903913,2024-05-10 01:29:53.115747,0 days 00:04:19.211834,32,1e-05,1e-05,COMPLETE
47,47,0.7434162665502692,2024-05-10 01:29:53.116891,2024-05-10 01:30:06.837913,0 days 00:00:13.721022,16,1e-05,0.001,COMPLETE
48,48,0.7439982540375382,2024-05-10 01:30:06.839677,2024-05-10 01:31:17.060906,0 days 00:01:10.221229,16,1e-05,0.0001,COMPLETE
49,49,0.7439982540375382,2024-05-10 01:31:17.062831,2024-05-10 01:32:21.498502,0 days 00:01:04.435671,16,1e-05,0.0001,COMPLETE
