,number,value,datetime_start,datetime_complete,duration,params_bsize,params_l2,params_lr,state
0,0,0.7252465568569315,2024-07-04 10:07:56.790178,2024-07-04 10:08:20.220800,0 days 00:00:23.430622,512,3e-05,0.0003,COMPLETE
1,1,0.7231022325112515,2024-07-04 10:08:20.221741,2024-07-04 10:09:29.915277,0 days 00:01:09.693536,256,0.001,1e-05,COMPLETE
2,2,0.7260186988195692,2024-07-04 10:09:29.916350,2024-07-04 10:10:18.164914,0 days 00:00:48.248564,256,3e-05,0.0003,COMPLETE
3,3,0.7248856802692973,2024-07-04 10:10:18.165971,2024-07-04 10:11:07.627166,0 days 00:00:49.461195,512,0.0001,0.001,COMPLETE
4,4,0.7245350581878779,2024-07-04 10:11:07.628223,2024-07-04 10:12:24.691319,0 days 00:01:17.063096,256,3e-06,0.0001,COMPLETE
5,5,0.7243354614390832,2024-07-04 10:12:24.692432,2024-07-04 10:13:08.614224,0 days 00:00:43.921792,1024,3e-05,3e-05,COMPLETE
6,6,0.7244145063088905,2024-07-04 10:13:08.615260,2024-07-04 10:14:02.387244,0 days 00:00:53.771984,512,3e-05,3e-05,COMPLETE
7,7,0.7226104017345902,2024-07-04 10:14:02.388279,2024-07-04 10:15:21.016580,0 days 00:01:18.628301,512,1e-06,1e-05,COMPLETE
8,8,0.7240445243897817,2024-07-04 10:15:21.017938,2024-07-04 10:15:58.937126,0 days 00:00:37.919188,1024,3e-05,0.0001,COMPLETE
9,9,0.7240024963721181,2024-07-04 10:15:58.938131,2024-07-04 10:16:34.972949,0 days 00:00:36.034818,1024,0.001,0.0001,COMPLETE
10,10,0.7259893314312229,2024-07-04 10:16:34.973952,2024-07-04 10:17:35.394401,0 days 00:01:00.420449,256,0.0003,0.0003,COMPLETE
11,11,0.7259893314312229,2024-07-04 10:17:35.395465,2024-07-04 10:18:31.644350,0 days 00:00:56.248885,256,0.0003,0.0003,COMPLETE
12,12,0.7259893314312229,2024-07-04 10:18:31.645749,2024-07-04 10:19:23.347922,0 days 00:00:51.702173,256,0.0003,0.0003,COMPLETE
13,13,0.7259889890190281,2024-07-04 10:19:23.349769,2024-07-04 10:20:18.408483,0 days 00:00:55.058714,256,1e-05,0.0003,COMPLETE
14,14,0.7259893314312229,2024-07-04 10:20:18.409606,2024-07-04 10:21:14.047713,0 days 00:00:55.638107,256,0.0003,0.0003,COMPLETE
15,15,0.7227410732488019,2024-07-04 10:21:14.048720,2024-07-04 10:22:13.066314,0 days 00:00:59.017594,256,1e-05,0.001,COMPLETE
16,16,0.7260058201796099,2024-07-04 10:22:13.067372,2024-07-04 10:23:19.111970,0 days 00:01:06.044598,256,0.0001,0.0003,COMPLETE
17,17,0.7260058201796099,2024-07-04 10:23:19.112713,2024-07-04 10:24:20.607549,0 days 00:01:01.494836,256,0.0001,0.0003,COMPLETE
18,18,0.7260058201796099,2024-07-04 10:24:20.608555,2024-07-04 10:25:26.968048,0 days 00:01:06.359493,256,0.0001,0.0003,COMPLETE
19,19,0.7252440965390932,2024-07-04 10:25:26.969538,2024-07-04 10:26:03.166235,0 days 00:00:36.196697,1024,3e-06,0.001,COMPLETE
20,20,0.7244296020062261,2024-07-04 10:26:03.167471,2024-07-04 10:27:10.890985,0 days 00:01:07.723514,256,1e-06,3e-05,COMPLETE
21,21,0.7260058201796099,2024-07-04 10:27:10.892069,2024-07-04 10:28:10.401367,0 days 00:00:59.509298,256,0.0001,0.0003,COMPLETE
22,22,0.7260058201796099,2024-07-04 10:28:10.402460,2024-07-04 10:29:09.505182,0 days 00:00:59.102722,256,0.0001,0.0003,COMPLETE
23,23,0.7260058201796099,2024-07-04 10:29:09.506220,2024-07-04 10:30:13.496857,0 days 00:01:03.990637,256,0.0001,0.0003,COMPLETE
24,24,0.7260058201796099,2024-07-04 10:30:13.497891,2024-07-04 10:31:11.512259,0 days 00:00:58.014368,256,0.0001,0.0003,COMPLETE
25,25,0.7230628113835531,2024-07-04 10:31:11.513339,2024-07-04 10:32:57.809381,0 days 00:01:46.296042,256,0.0001,1e-05,COMPLETE
26,26,0.7260186988195692,2024-07-04 10:32:57.810453,2024-07-04 10:34:05.896462,0 days 00:01:08.086009,256,3e-05,0.0003,COMPLETE
27,27,0.7260186988195692,2024-07-04 10:34:05.897502,2024-07-04 10:35:10.327209,0 days 00:01:04.429707,256,3e-05,0.0003,COMPLETE
28,28,0.7252465568569315,2024-07-04 10:35:10.328501,2024-07-04 10:35:54.109688,0 days 00:00:43.781187,512,3e-05,0.0003,COMPLETE
29,29,0.7235055343393292,2024-07-04 10:35:54.110737,2024-07-04 10:36:27.141520,0 days 00:00:33.030783,1024,3e-05,0.0003,COMPLETE
30,30,0.7249617228739076,2024-07-04 10:36:27.142366,2024-07-04 10:37:15.661851,0 days 00:00:48.519485,512,3e-05,0.001,COMPLETE
31,31,0.7260186988195692,2024-07-04 10:37:15.662765,2024-07-04 10:38:15.864350,0 days 00:01:00.201585,256,3e-05,0.0003,COMPLETE
32,32,0.7260186988195692,2024-07-04 10:38:15.865189,2024-07-04 10:39:16.266625,0 days 00:01:00.401436,256,3e-05,0.0003,COMPLETE
33,33,0.7228197892550985,2024-07-04 10:39:16.267719,2024-07-04 10:41:02.382528,0 days 00:01:46.114809,256,3e-05,1e-05,COMPLETE
34,34,0.7260186988195692,2024-07-04 10:41:02.383599,2024-07-04 10:42:01.725107,0 days 00:00:59.341508,256,3e-05,0.0003,COMPLETE
35,35,0.7245810110129467,2024-07-04 10:42:01.726193,2024-07-04 10:43:22.481916,0 days 00:01:20.755723,256,3e-05,0.0001,COMPLETE
36,36,0.7248445076662715,2024-07-04 10:43:22.482909,2024-07-04 10:44:35.943147,0 days 00:01:13.460238,256,0.001,3e-05,COMPLETE
37,37,0.7252465568569315,2024-07-04 10:44:35.944090,2024-07-04 10:45:16.038924,0 days 00:00:40.094834,512,3e-05,0.0003,COMPLETE
38,38,0.7226251513246353,2024-07-04 10:45:16.039770,2024-07-04 10:47:04.946898,0 days 00:01:48.907128,256,3e-06,1e-05,COMPLETE
39,39,0.7240445243897817,2024-07-04 10:47:04.964055,2024-07-04 10:47:42.947110,0 days 00:00:37.983055,1024,3e-05,0.0001,COMPLETE
40,40,0.7244145063088905,2024-07-04 10:47:42.948030,2024-07-04 10:48:30.868345,0 days 00:00:47.920315,512,3e-05,3e-05,COMPLETE
41,41,0.7260186988195692,2024-07-04 10:48:30.869548,2024-07-04 10:49:29.415718,0 days 00:00:58.546170,256,3e-05,0.0003,COMPLETE
42,42,0.7260186988195692,2024-07-04 10:49:29.416945,2024-07-04 10:50:29.158116,0 days 00:00:59.741171,256,3e-05,0.0003,COMPLETE
43,43,0.7260186988195692,2024-07-04 10:50:29.159607,2024-07-04 10:51:24.919519,0 days 00:00:55.759912,256,3e-05,0.0003,COMPLETE
44,44,0.7258955104898517,2024-07-04 10:51:24.920673,2024-07-04 10:52:24.005050,0 days 00:00:59.084377,256,1e-06,0.0003,COMPLETE
45,45,0.7260186988195692,2024-07-04 10:52:24.006533,2024-07-04 10:53:24.376590,0 days 00:01:00.370057,256,3e-05,0.0003,COMPLETE
46,46,0.7259889890190281,2024-07-04 10:53:24.377756,2024-07-04 10:54:27.214626,0 days 00:01:02.836870,256,1e-05,0.0003,COMPLETE
47,47,0.7252304856543504,2024-07-04 10:54:27.215838,2024-07-04 10:55:04.325777,0 days 00:00:37.109939,1024,0.001,0.001,COMPLETE
48,48,0.7260186988195692,2024-07-04 10:55:04.327029,2024-07-04 10:56:18.133146,0 days 00:01:13.806117,256,3e-05,0.0003,COMPLETE
49,49,0.7245810110129467,2024-07-04 10:56:18.138197,2024-07-04 10:57:32.368992,0 days 00:01:14.230795,256,3e-05,0.0001,COMPLETE
