[I 2025-02-18 23:54:20,292] Trial 23 finished with value: 0.7345811816461695 and parameters: {'learning_rate': 1e-05, 'l2_norm': 0.001, 'batch_size': 256}. Best is trial 1 with value: 0.7345811816461695.
AUC:  0.7345811816461695 LOGlOSS:  0.6007103607032447 test_AUC:  0.6469795357923321 test_LOGlOSS:  0.6285793179744301
#############mlp_bn:  False
  0%|          | 0/500 [00:00<?, ?it/s]  0%|          | 1/500 [00:11<1:32:34, 11.13s/it]  0%|          | 2/500 [00:22<1:31:16, 11.00s/it]  1%|          | 3/500 [00:31<1:25:18, 10.30s/it]  1%|          | 4/500 [00:40<1:22:09,  9.94s/it]  1%|          | 5/500 [00:50<1:22:28, 10.00s/it]  1%|          | 6/500 [00:59<1:18:40,  9.56s/it]  1%|▏         | 7/500 [01:08<1:15:53,  9.24s/it]  2%|▏         | 8/500 [01:16<1:14:23,  9.07s/it]  2%|▏         | 9/500 [01:25<1:12:59,  8.92s/it]  2%|▏         | 9/500 [01:33<1:25:19, 10.43s/it]
[I 2025-02-18 23:56:18,834] Trial 24 finished with value: 0.7335050451641576 and parameters: {'learning_rate': 1e-05, 'l2_norm': 0.0001, 'batch_size': 256}. Best is trial 1 with value: 0.7345811816461695.
AUC:  0.7335050451641576 LOGlOSS:  0.604589290481158 test_AUC:  0.6453422886975339 test_LOGlOSS:  0.6417539741573195
#############mlp_bn:  False
  0%|          | 0/500 [00:00<?, ?it/s]  0%|          | 1/500 [00:11<1:31:59, 11.06s/it]  0%|          | 2/500 [00:22<1:32:02, 11.09s/it]  1%|          | 3/500 [00:30<1:23:01, 10.02s/it]  1%|          | 4/500 [00:39<1:18:26,  9.49s/it]  1%|          | 5/500 [00:48<1:15:12,  9.12s/it]  1%|          | 6/500 [00:56<1:13:10,  8.89s/it]  1%|          | 6/500 [01:05<1:29:30, 10.87s/it]
[I 2025-02-18 23:57:48,358] Trial 25 finished with value: 0.7286802842997452 and parameters: {'learning_rate': 0.0003, 'l2_norm': 0.001, 'batch_size': 256}. Best is trial 1 with value: 0.7345811816461695.
AUC:  0.7286802842997452 LOGlOSS:  0.6054119130765092 test_AUC:  0.6410578711193459 test_LOGlOSS:  0.6326216951789393
#############mlp_bn:  False
  0%|          | 0/500 [00:00<?, ?it/s]  0%|          | 1/500 [00:11<1:32:28, 11.12s/it]  0%|          | 2/500 [00:20<1:24:24, 10.17s/it]  1%|          | 3/500 [00:30<1:21:16,  9.81s/it]  1%|          | 4/500 [00:40<1:22:35,  9.99s/it]  1%|          | 5/500 [00:51<1:25:47, 10.40s/it]  1%|          | 6/500 [01:02<1:26:28, 10.50s/it]  1%|▏         | 7/500 [01:12<1:27:05, 10.60s/it]  2%|▏         | 8/500 [01:23<1:27:06, 10.62s/it]  2%|▏         | 9/500 [01:34<1:27:39, 10.71s/it]  2%|▏         | 10/500 [01:43<1:22:12, 10.07s/it]  2%|▏         | 11/500 [01:51<1:19:02,  9.70s/it]  2%|▏         | 12/500 [02:00<1:15:49,  9.32s/it]  3%|▎         | 13/500 [02:09<1:13:58,  9.11s/it]  3%|▎         | 13/500 [02:17<1:25:56, 10.59s/it]
[I 2025-02-19 00:00:29,482] Trial 26 finished with value: 0.7345811816461695 and parameters: {'learning_rate': 1e-05, 'l2_norm': 0.001, 'batch_size': 256}. Best is trial 1 with value: 0.7345811816461695.
AUC:  0.7345811816461695 LOGlOSS:  0.6007103607032447 test_AUC:  0.6469795357923321 test_LOGlOSS:  0.6285793179744301
#############mlp_bn:  False
  0%|          | 0/500 [00:00<?, ?it/s]  0%|          | 1/500 [00:10<1:31:24, 10.99s/it]  0%|          | 2/500 [00:22<1:31:41, 11.05s/it]  1%|          | 3/500 [00:32<1:30:12, 10.89s/it]  1%|          | 4/500 [00:43<1:29:04, 10.78s/it]  1%|          | 5/500 [00:53<1:26:32, 10.49s/it]  1%|          | 6/500 [01:02<1:23:02, 10.09s/it]  1%|▏         | 7/500 [01:12<1:21:07,  9.87s/it]  2%|▏         | 8/500 [01:22<1:22:57, 10.12s/it]  2%|▏         | 9/500 [01:33<1:24:31, 10.33s/it]  2%|▏         | 10/500 [01:42<1:19:54,  9.78s/it]  2%|▏         | 11/500 [01:50<1:16:22,  9.37s/it]  2%|▏         | 12/500 [01:59<1:14:09,  9.12s/it]  3%|▎         | 13/500 [02:07<1:12:48,  8.97s/it]  3%|▎         | 13/500 [02:16<1:25:11, 10.50s/it]
[I 2025-02-19 00:03:08,422] Trial 27 finished with value: 0.7345811816461695 and parameters: {'learning_rate': 1e-05, 'l2_norm': 0.001, 'batch_size': 256}. Best is trial 1 with value: 0.7345811816461695.
AUC:  0.7345811816461695 LOGlOSS:  0.6007103607032447 test_AUC:  0.6469795357923321 test_LOGlOSS:  0.6285793179744301
#############mlp_bn:  False
  0%|          | 0/500 [00:00<?, ?it/s]  0%|          | 1/500 [00:06<51:51,  6.24s/it]  0%|          | 2/500 [00:12<52:23,  6.31s/it]  1%|          | 3/500 [00:18<51:10,  6.18s/it]  1%|          | 4/500 [00:23<45:20,  5.48s/it]  1%|          | 5/500 [00:27<42:19,  5.13s/it]  1%|          | 6/500 [00:33<44:33,  5.41s/it]  1%|▏         | 7/500 [00:39<47:08,  5.74s/it]  2%|▏         | 8/500 [00:46<48:17,  5.89s/it]  2%|▏         | 9/500 [00:52<49:25,  6.04s/it]  2%|▏         | 10/500 [00:58<50:19,  6.16s/it]  2%|▏         | 11/500 [01:05<51:09,  6.28s/it]  2%|▏         | 12/500 [01:11<50:56,  6.26s/it]  3%|▎         | 13/500 [01:17<50:02,  6.16s/it]  3%|▎         | 14/500 [01:23<50:10,  6.19s/it]  3%|▎         | 15/500 [01:28<45:40,  5.65s/it]  3%|▎         | 16/500 [01:32<42:24,  5.26s/it]  3%|▎         | 17/500 [01:37<40:16,  5.00s/it]  4%|▎         | 18/500 [01:40<36:55,  4.60s/it]  4%|▎         | 18/500 [01:44<46:32,  5.79s/it]
[I 2025-02-19 00:05:13,142] Trial 28 finished with value: 0.7342344122083737 and parameters: {'learning_rate': 1e-05, 'l2_norm': 0.001, 'batch_size': 512}. Best is trial 1 with value: 0.7345811816461695.
AUC:  0.7342344122083737 LOGlOSS:  0.6020079405159691 test_AUC:  0.6476951325000391 test_LOGlOSS:  0.6336437369637936
#############mlp_bn:  False
  0%|          | 0/500 [00:00<?, ?it/s]  0%|          | 1/500 [00:04<36:32,  4.39s/it]  0%|          | 2/500 [00:07<27:52,  3.36s/it]  1%|          | 3/500 [00:09<24:07,  2.91s/it]  1%|          | 4/500 [00:11<22:29,  2.72s/it]  1%|          | 5/500 [00:14<21:06,  2.56s/it]  1%|          | 5/500 [00:16<27:14,  3.30s/it]
[I 2025-02-19 00:05:49,479] Trial 29 finished with value: 0.7314367812818435 and parameters: {'learning_rate': 0.0003, 'l2_norm': 1e-06, 'batch_size': 1024}. Best is trial 1 with value: 0.7345811816461695.
AUC:  0.7314367812818435 LOGlOSS:  0.6018796673591613 test_AUC:  0.6384279217407228 test_LOGlOSS:  0.6321328372891536
#############mlp_bn:  False
  0%|          | 0/500 [00:00<?, ?it/s]  0%|          | 1/500 [00:06<53:29,  6.43s/it]  0%|          | 2/500 [00:12<53:13,  6.41s/it]  1%|          | 3/500 [00:17<45:13,  5.46s/it]  1%|          | 4/500 [00:21<42:15,  5.11s/it]  1%|          | 5/500 [00:26<39:46,  4.82s/it]  1%|          | 6/500 [00:30<38:22,  4.66s/it]  1%|          | 6/500 [00:34<47:41,  5.79s/it]
[I 2025-02-19 00:06:45,402] Trial 30 finished with value: 0.727499784492654 and parameters: {'learning_rate': 0.001, 'l2_norm': 0.0003, 'batch_size': 512}. Best is trial 1 with value: 0.7345811816461695.
AUC:  0.727499784492654 LOGlOSS:  0.6058248504487345 test_AUC:  0.6364199058145397 test_LOGlOSS:  0.6425630429501008
#############mlp_bn:  False
  0%|          | 0/500 [00:00<?, ?it/s]  0%|          | 1/500 [00:11<1:31:43, 11.03s/it]  0%|          | 2/500 [00:21<1:30:02, 10.85s/it]  1%|          | 3/500 [00:33<1:31:37, 11.06s/it]  1%|          | 4/500 [00:42<1:27:18, 10.56s/it]  1%|          | 5/500 [00:52<1:24:33, 10.25s/it]  1%|          | 6/500 [01:02<1:23:35, 10.15s/it]  1%|▏         | 7/500 [01:13<1:25:35, 10.42s/it]  2%|▏         | 8/500 [01:24<1:26:31, 10.55s/it]  2%|▏         | 9/500 [01:35<1:27:32, 10.70s/it]  2%|▏         | 10/500 [01:44<1:22:52, 10.15s/it]  2%|▏         | 11/500 [01:52<1:18:42,  9.66s/it]  2%|▏         | 12/500 [02:01<1:15:18,  9.26s/it]  3%|▎         | 13/500 [02:09<1:13:32,  9.06s/it]  3%|▎         | 13/500 [02:18<1:26:30, 10.66s/it]
[I 2025-02-19 00:09:27,168] Trial 31 finished with value: 0.7345811816461695 and parameters: {'learning_rate': 1e-05, 'l2_norm': 0.001, 'batch_size': 256}. Best is trial 1 with value: 0.7345811816461695.
AUC:  0.7345811816461695 LOGlOSS:  0.6007103607032447 test_AUC:  0.6469795357923321 test_LOGlOSS:  0.6285793179744301
#############mlp_bn:  False
  0%|          | 0/500 [00:00<?, ?it/s]  0%|          | 1/500 [00:09<1:20:13,  9.65s/it]  0%|          | 2/500 [00:20<1:26:58, 10.48s/it]  1%|          | 3/500 [00:31<1:26:17, 10.42s/it]  1%|          | 4/500 [00:42<1:27:53, 10.63s/it]  1%|          | 5/500 [00:52<1:28:45, 10.76s/it]  1%|          | 6/500 [01:04<1:29:48, 10.91s/it]  1%|▏         | 7/500 [01:14<1:29:18, 10.87s/it]  2%|▏         | 8/500 [01:26<1:30:03, 10.98s/it]  2%|▏         | 9/500 [01:37<1:30:54, 11.11s/it]  2%|▏         | 10/500 [01:46<1:24:43, 10.37s/it]  2%|▏         | 11/500 [01:54<1:20:02,  9.82s/it]  2%|▏         | 12/500 [02:04<1:18:19,  9.63s/it]  3%|▎         | 13/500 [02:12<1:16:01,  9.37s/it]  3%|▎         | 13/500 [02:21<1:28:23, 10.89s/it]
[I 2025-02-19 00:12:13,863] Trial 32 finished with value: 0.7345811816461695 and parameters: {'learning_rate': 1e-05, 'l2_norm': 0.001, 'batch_size': 256}. Best is trial 1 with value: 0.7345811816461695.
AUC:  0.7345811816461695 LOGlOSS:  0.6007103607032447 test_AUC:  0.6469795357923321 test_LOGlOSS:  0.6285793179744301
#############mlp_bn:  False
  0%|          | 0/500 [00:00<?, ?it/s]  0%|          | 1/500 [00:11<1:31:35, 11.01s/it]  0%|          | 2/500 [00:19<1:20:24,  9.69s/it]  1%|          | 3/500 [00:27<1:13:51,  8.92s/it]  1%|          | 4/500 [00:35<1:08:30,  8.29s/it]  1%|          | 5/500 [00:42<1:05:18,  7.92s/it]  1%|          | 5/500 [00:50<1:23:06, 10.07s/it]
[I 2025-02-19 00:13:25,139] Trial 33 finished with value: 0.7326144551236834 and parameters: {'learning_rate': 0.0003, 'l2_norm': 0.0001, 'batch_size': 256}. Best is trial 1 with value: 0.7345811816461695.
AUC:  0.7326144551236834 LOGlOSS:  0.6012950769550307 test_AUC:  0.6369095712789757 test_LOGlOSS:  0.6384399453664416
#############mlp_bn:  False
  0%|          | 0/500 [00:00<?, ?it/s]  0%|          | 1/500 [00:11<1:34:30, 11.36s/it]  0%|          | 2/500 [00:22<1:33:15, 11.24s/it]  1%|          | 3/500 [00:33<1:32:07, 11.12s/it]  1%|          | 4/500 [00:44<1:30:44, 10.98s/it]  1%|          | 5/500 [00:55<1:30:42, 10.99s/it]  1%|          | 6/500 [01:06<1:30:25, 10.98s/it]  1%|▏         | 7/500 [01:14<1:23:47, 10.20s/it]  2%|▏         | 8/500 [01:23<1:19:34,  9.70s/it]  2%|▏         | 9/500 [01:31<1:16:16,  9.32s/it]  2%|▏         | 10/500 [01:39<1:12:17,  8.85s/it]  2%|▏         | 10/500 [01:47<1:27:27, 10.71s/it]
[I 2025-02-19 00:15:37,425] Trial 34 finished with value: 0.7296558009055267 and parameters: {'learning_rate': 1e-05, 'l2_norm': 3e-06, 'batch_size': 256}. Best is trial 1 with value: 0.7345811816461695.
AUC:  0.7296558009055267 LOGlOSS:  0.6106959859526557 test_AUC:  0.6410597413445402 test_LOGlOSS:  0.6527215350831536
#############mlp_bn:  False
  0%|          | 0/500 [00:00<?, ?it/s]  0%|          | 1/500 [00:11<1:31:43, 11.03s/it]  0%|          | 2/500 [00:20<1:23:00, 10.00s/it]  1%|          | 3/500 [00:29<1:18:07,  9.43s/it]  1%|          | 4/500 [00:37<1:13:13,  8.86s/it]  1%|          | 5/500 [00:45<1:10:57,  8.60s/it]  1%|          | 6/500 [00:53<1:09:25,  8.43s/it]  1%|▏         | 7/500 [01:01<1:08:33,  8.34s/it]  1%|▏         | 7/500 [01:09<1:21:54,  9.97s/it]
[I 2025-02-19 00:17:10,357] Trial 35 finished with value: 0.7285589588157647 and parameters: {'learning_rate': 0.0001, 'l2_norm': 0.001, 'batch_size': 256}. Best is trial 1 with value: 0.7345811816461695.
AUC:  0.7285589588157647 LOGlOSS:  0.6174635983486539 test_AUC:  0.646669995495555 test_LOGlOSS:  0.6687574712180813
#############mlp_bn:  False
  0%|          | 0/500 [00:00<?, ?it/s]  0%|          | 1/500 [00:10<1:28:37, 10.66s/it]  0%|          | 2/500 [00:21<1:28:08, 10.62s/it]  1%|          | 3/500 [00:29<1:20:01,  9.66s/it]  1%|          | 4/500 [00:37<1:14:05,  8.96s/it]  1%|          | 5/500 [00:45<1:11:52,  8.71s/it]  1%|          | 6/500 [00:54<1:10:33,  8.57s/it]  1%|          | 6/500 [01:01<1:24:08, 10.22s/it]
[I 2025-02-19 00:18:32,087] Trial 36 finished with value: 0.7324022240913804 and parameters: {'learning_rate': 3e-05, 'l2_norm': 1e-05, 'batch_size': 256}. Best is trial 1 with value: 0.7345811816461695.
AUC:  0.7324022240913804 LOGlOSS:  0.6042840428077061 test_AUC:  0.6432873936725049 test_LOGlOSS:  0.6561787454943382
#############mlp_bn:  False
  0%|          | 0/500 [00:00<?, ?it/s]  0%|          | 1/500 [00:06<51:19,  6.17s/it]  0%|          | 2/500 [00:11<49:23,  5.95s/it]  1%|          | 3/500 [00:17<49:07,  5.93s/it]  1%|          | 4/500 [00:22<43:09,  5.22s/it]  1%|          | 5/500 [00:26<39:47,  4.82s/it]  1%|          | 6/500 [00:32<42:46,  5.20s/it]  1%|▏         | 7/500 [00:37<42:49,  5.21s/it]  2%|▏         | 8/500 [00:42<43:06,  5.26s/it]  2%|▏         | 9/500 [00:48<43:53,  5.36s/it]  2%|▏         | 10/500 [00:53<43:49,  5.37s/it]  2%|▏         | 11/500 [00:59<45:06,  5.53s/it]  2%|▏         | 12/500 [01:05<47:10,  5.80s/it]  3%|▎         | 13/500 [01:11<47:05,  5.80s/it]  3%|▎         | 14/500 [01:17<47:55,  5.92s/it]  3%|▎         | 15/500 [01:22<43:28,  5.38s/it]  3%|▎         | 16/500 [01:26<40:05,  4.97s/it]  3%|▎         | 17/500 [01:30<37:30,  4.66s/it]  4%|▎         | 18/500 [01:34<35:58,  4.48s/it]  4%|▎         | 18/500 [01:38<43:52,  5.46s/it]
[I 2025-02-19 00:20:32,854] Trial 37 finished with value: 0.7342344122083737 and parameters: {'learning_rate': 1e-05, 'l2_norm': 0.001, 'batch_size': 512}. Best is trial 1 with value: 0.7345811816461695.
AUC:  0.7342344122083737 LOGlOSS:  0.6020079405159691 test_AUC:  0.6476951325000391 test_LOGlOSS:  0.6336437369637936
#############mlp_bn:  False
  0%|          | 0/500 [00:00<?, ?it/s]  0%|          | 1/500 [00:10<1:27:41, 10.54s/it]  0%|          | 2/500 [00:21<1:28:23, 10.65s/it]  1%|          | 3/500 [00:31<1:25:48, 10.36s/it]  1%|          | 4/500 [00:41<1:25:35, 10.35s/it]  1%|          | 5/500 [00:52<1:26:29, 10.48s/it]  1%|          | 6/500 [01:00<1:20:52,  9.82s/it]  1%|▏         | 7/500 [01:08<1:16:05,  9.26s/it]  2%|▏         | 8/500 [01:17<1:13:31,  8.97s/it]  2%|▏         | 9/500 [01:25<1:10:52,  8.66s/it]  2%|▏         | 9/500 [01:33<1:25:06, 10.40s/it]
[I 2025-02-19 00:22:29,530] Trial 38 finished with value: 0.7325403079776525 and parameters: {'learning_rate': 1e-05, 'l2_norm': 3e-05, 'batch_size': 256}. Best is trial 1 with value: 0.7345811816461695.
AUC:  0.7325403079776525 LOGlOSS:  0.605863429849784 test_AUC:  0.6434915096617956 test_LOGlOSS:  0.6436339267299174
#############mlp_bn:  False
  0%|          | 0/500 [00:00<?, ?it/s]  0%|          | 1/500 [00:03<32:29,  3.91s/it]  0%|          | 2/500 [00:07<33:08,  3.99s/it]  1%|          | 3/500 [00:09<25:16,  3.05s/it]  1%|          | 4/500 [00:11<21:27,  2.60s/it]  1%|          | 5/500 [00:13<19:17,  2.34s/it]  1%|          | 6/500 [00:15<17:58,  2.18s/it]  1%|          | 6/500 [00:17<23:53,  2.90s/it]
[I 2025-02-19 00:23:11,404] Trial 39 finished with value: 0.731584678480058 and parameters: {'learning_rate': 0.0001, 'l2_norm': 0.0001, 'batch_size': 1024}. Best is trial 1 with value: 0.7345811816461695.
AUC:  0.731584678480058 LOGlOSS:  0.6078692299058036 test_AUC:  0.6453061691859349 test_LOGlOSS:  0.6283292750642919
#############mlp_bn:  False
  0%|          | 0/500 [00:00<?, ?it/s]  0%|          | 1/500 [00:05<49:16,  5.92s/it]  0%|          | 2/500 [00:11<49:54,  6.01s/it]  1%|          | 3/500 [00:18<50:52,  6.14s/it]  1%|          | 4/500 [00:24<51:03,  6.18s/it]  1%|          | 5/500 [00:30<50:34,  6.13s/it]  1%|          | 6/500 [00:35<45:43,  5.55s/it]  1%|▏         | 7/500 [00:39<41:51,  5.09s/it]  2%|▏         | 8/500 [00:43<39:57,  4.87s/it]  2%|▏         | 9/500 [00:47<38:06,  4.66s/it]  2%|▏         | 9/500 [00:52<47:21,  5.79s/it]
[I 2025-02-19 00:24:26,706] Trial 40 finished with value: 0.7344023719075391 and parameters: {'learning_rate': 3e-05, 'l2_norm': 0.001, 'batch_size': 512}. Best is trial 1 with value: 0.7345811816461695.
AUC:  0.7344023719075391 LOGlOSS:  0.6005141062349159 test_AUC:  0.6453854172516509 test_LOGlOSS:  0.6143837536819005
#############mlp_bn:  False
  0%|          | 0/500 [00:00<?, ?it/s]  0%|          | 1/500 [00:09<1:22:42,  9.95s/it]  0%|          | 2/500 [00:19<1:22:03,  9.89s/it]  1%|          | 3/500 [00:28<1:17:56,  9.41s/it]  1%|          | 4/500 [00:37<1:15:49,  9.17s/it]  1%|          | 5/500 [00:47<1:18:29,  9.51s/it]  1%|          | 6/500 [00:57<1:19:04,  9.61s/it]  1%|▏         | 7/500 [01:07<1:20:30,  9.80s/it]  2%|▏         | 8/500 [01:18<1:22:18, 10.04s/it]  2%|▏         | 9/500 [01:27<1:20:31,  9.84s/it]  2%|▏         | 10/500 [01:34<1:12:45,  8.91s/it]  2%|▏         | 11/500 [01:40<1:07:00,  8.22s/it]  2%|▏         | 12/500 [01:47<1:03:49,  7.85s/it]  3%|▎         | 13/500 [01:56<1:04:12,  7.91s/it]  3%|▎         | 13/500 [02:04<1:17:49,  9.59s/it]
[I 2025-02-19 00:26:54,729] Trial 41 finished with value: 0.7345811816461695 and parameters: {'learning_rate': 1e-05, 'l2_norm': 0.001, 'batch_size': 256}. Best is trial 1 with value: 0.7345811816461695.
AUC:  0.7345811816461695 LOGlOSS:  0.6007103607032447 test_AUC:  0.6469795357923321 test_LOGlOSS:  0.6285793179744301
#############mlp_bn:  False
  0%|          | 0/500 [00:00<?, ?it/s]  0%|          | 1/500 [00:10<1:25:58, 10.34s/it]  0%|          | 2/500 [00:20<1:24:31, 10.18s/it]  1%|          | 3/500 [00:30<1:25:24, 10.31s/it]  1%|          | 4/500 [00:41<1:25:18, 10.32s/it]  1%|          | 5/500 [00:51<1:25:31, 10.37s/it]  1%|          | 6/500 [01:02<1:25:43, 10.41s/it]  1%|▏         | 7/500 [01:12<1:25:18, 10.38s/it]  2%|▏         | 8/500 [01:21<1:21:33,  9.95s/it]  2%|▏         | 9/500 [01:30<1:17:44,  9.50s/it]  2%|▏         | 10/500 [01:36<1:10:10,  8.59s/it]  2%|▏         | 11/500 [01:44<1:08:15,  8.38s/it]  2%|▏         | 12/500 [01:52<1:07:01,  8.24s/it]  3%|▎         | 13/500 [02:00<1:06:51,  8.24s/it]  3%|▎         | 13/500 [02:08<1:20:25,  9.91s/it]
[I 2025-02-19 00:29:28,709] Trial 42 finished with value: 0.7345811816461695 and parameters: {'learning_rate': 1e-05, 'l2_norm': 0.001, 'batch_size': 256}. Best is trial 1 with value: 0.7345811816461695.
AUC:  0.7345811816461695 LOGlOSS:  0.6007103607032447 test_AUC:  0.6469795357923321 test_LOGlOSS:  0.6285793179744301
#############mlp_bn:  False
  0%|          | 0/500 [00:00<?, ?it/s]  0%|          | 1/500 [00:09<1:21:26,  9.79s/it]  0%|          | 2/500 [00:18<1:17:09,  9.30s/it]  1%|          | 3/500 [00:27<1:13:55,  8.93s/it]  1%|          | 4/500 [00:37<1:17:05,  9.33s/it]  1%|          | 5/500 [00:47<1:19:50,  9.68s/it]  1%|          | 6/500 [00:57<1:21:09,  9.86s/it]  1%|▏         | 7/500 [01:06<1:18:06,  9.51s/it]  2%|▏         | 8/500 [01:14<1:15:10,  9.17s/it]  2%|▏         | 9/500 [01:24<1:15:52,  9.27s/it]  2%|▏         | 10/500 [01:32<1:13:41,  9.02s/it]  2%|▏         | 11/500 [01:41<1:11:28,  8.77s/it]  2%|▏         | 12/500 [01:48<1:09:06,  8.50s/it]  3%|▎         | 13/500 [01:57<1:08:12,  8.40s/it]  3%|▎         | 13/500 [02:04<1:17:27,  9.54s/it]
[I 2025-02-19 00:31:54,535] Trial 43 finished with value: 0.7345811816461695 and parameters: {'learning_rate': 1e-05, 'l2_norm': 0.001, 'batch_size': 256}. Best is trial 1 with value: 0.7345811816461695.
AUC:  0.7345811816461695 LOGlOSS:  0.6007103607032447 test_AUC:  0.6469795357923321 test_LOGlOSS:  0.6285793179744301
#############mlp_bn:  False
  0%|          | 0/500 [00:00<?, ?it/s]  0%|          | 1/500 [00:10<1:27:04, 10.47s/it]  0%|          | 2/500 [00:20<1:26:50, 10.46s/it]  1%|          | 3/500 [00:31<1:26:08, 10.40s/it]  1%|          | 4/500 [00:41<1:24:47, 10.26s/it]  1%|          | 5/500 [00:52<1:26:36, 10.50s/it]  1%|          | 6/500 [01:01<1:22:06,  9.97s/it]  1%|▏         | 7/500 [01:07<1:12:54,  8.87s/it]  2%|▏         | 8/500 [01:15<1:09:21,  8.46s/it]  2%|▏         | 9/500 [01:23<1:09:07,  8.45s/it]  2%|▏         | 10/500 [01:31<1:07:58,  8.32s/it]  2%|▏         | 10/500 [01:39<1:21:25,  9.97s/it]
[I 2025-02-19 00:33:53,851] Trial 44 finished with value: 0.7296558009055267 and parameters: {'learning_rate': 1e-05, 'l2_norm': 3e-06, 'batch_size': 256}. Best is trial 1 with value: 0.7345811816461695.
AUC:  0.7296558009055267 LOGlOSS:  0.6106959859526557 test_AUC:  0.6410597413445402 test_LOGlOSS:  0.6527215350831536
#############mlp_bn:  False
  0%|          | 0/500 [00:00<?, ?it/s]  0%|          | 1/500 [00:10<1:25:10, 10.24s/it]  0%|          | 2/500 [00:18<1:15:04,  9.05s/it]  1%|          | 3/500 [00:26<1:11:58,  8.69s/it]  1%|          | 4/500 [00:35<1:11:10,  8.61s/it]  1%|          | 5/500 [00:43<1:09:29,  8.42s/it]  1%|          | 5/500 [00:51<1:24:43, 10.27s/it]
[I 2025-02-19 00:35:08,639] Trial 45 finished with value: 0.5 and parameters: {'learning_rate': 0.001, 'l2_norm': 0.001, 'batch_size': 256}. Best is trial 1 with value: 0.7345811816461695.
AUC:  0.5 LOGlOSS:  0.6877840604977566 test_AUC:  0.5 test_LOGlOSS:  0.6270875473587956
#############mlp_bn:  False
  0%|          | 0/500 [00:00<?, ?it/s]  0%|          | 1/500 [00:08<1:12:25,  8.71s/it]  0%|          | 2/500 [00:18<1:18:43,  9.49s/it]  1%|          | 3/500 [00:29<1:22:11,  9.92s/it]  1%|          | 4/500 [00:39<1:24:06, 10.17s/it]  1%|          | 5/500 [00:50<1:24:43, 10.27s/it]  1%|          | 6/500 [01:00<1:25:12, 10.35s/it]  1%|▏         | 7/500 [01:10<1:24:31, 10.29s/it]  2%|▏         | 8/500 [01:18<1:18:17,  9.55s/it]  2%|▏         | 9/500 [01:26<1:14:01,  9.05s/it]  2%|▏         | 10/500 [01:34<1:11:48,  8.79s/it]  2%|▏         | 11/500 [01:41<1:07:15,  8.25s/it]  2%|▏         | 11/500 [01:48<1:20:27,  9.87s/it]
