nohup: ignoring input
[I 2025-02-18 23:11:26,878] A new study created in memory with name: no-name-30f66cf3-6b42-43c0-b377-b1222e357eeb
{'model_opt': {'latent_dim': 16, 'feat_num': 41396, 'field_num': 90, 'mlp_dropout': 0.0, 'use_bn': False, 'mlp_dims': [1024, 512, 256], 'cross': 3}, 'dataset': 'kuairand', 'model': 'dnn', 'data_dir': 'data/kuairand/threshold2_2', 'save_dir': 'pretrain/', 'cuda': 1, 'source': 'bias'}
==================================================
|         BASE-CTR: Set the random seed          |
==================================================

==================================================
|               BASE-CTR: Training               |
==================================================

######### tuner ###########
#############mlp_bn:  False
  0%|          | 0/500 [00:00<?, ?it/s]  0%|          | 1/500 [00:08<1:12:58,  8.78s/it]  0%|          | 2/500 [00:12<50:18,  6.06s/it]    1%|          | 3/500 [00:17<43:54,  5.30s/it]  1%|          | 4/500 [00:21<40:51,  4.94s/it]  1%|          | 5/500 [00:26<39:17,  4.76s/it]  1%|          | 5/500 [00:30<50:26,  6.11s/it]
[I 2025-02-18 23:12:38,583] Trial 0 finished with value: 0.7329634896171999 and parameters: {'learning_rate': 0.0003, 'l2_norm': 3e-05, 'batch_size': 512}. Best is trial 0 with value: 0.7329634896171999.
AUC:  0.7329634896171999 LOGlOSS:  0.6006247632118974 test_AUC:  0.6382831624071759 test_LOGlOSS:  0.6372278262318471
#############mlp_bn:  False
  0%|          | 0/500 [00:00<?, ?it/s]  0%|          | 1/500 [00:11<1:35:26, 11.48s/it]  0%|          | 2/500 [00:23<1:35:35, 11.52s/it]  1%|          | 3/500 [00:34<1:33:41, 11.31s/it]  1%|          | 4/500 [00:45<1:32:13, 11.16s/it]  1%|          | 5/500 [00:56<1:31:49, 11.13s/it]  1%|          | 6/500 [01:07<1:31:22, 11.10s/it]  1%|▏         | 7/500 [01:18<1:31:11, 11.10s/it]  2%|▏         | 8/500 [01:29<1:30:41, 11.06s/it]  2%|▏         | 9/500 [01:39<1:27:35, 10.70s/it]  2%|▏         | 10/500 [01:46<1:19:03,  9.68s/it]  2%|▏         | 11/500 [01:54<1:13:58,  9.08s/it]  2%|▏         | 12/500 [02:02<1:12:45,  8.95s/it]  3%|▎         | 13/500 [02:11<1:12:02,  8.88s/it]  3%|▎         | 13/500 [02:20<1:27:30, 10.78s/it]
[I 2025-02-18 23:15:20,976] Trial 1 finished with value: 0.7345811816461695 and parameters: {'learning_rate': 1e-05, 'l2_norm': 0.001, 'batch_size': 256}. Best is trial 1 with value: 0.7345811816461695.
AUC:  0.7345811816461695 LOGlOSS:  0.6007103607032447 test_AUC:  0.6469795357923321 test_LOGlOSS:  0.6285793179744301
#############mlp_bn:  False
  0%|          | 0/500 [00:00<?, ?it/s]  0%|          | 1/500 [00:11<1:32:58, 11.18s/it]  0%|          | 2/500 [00:19<1:19:39,  9.60s/it]  1%|          | 3/500 [00:27<1:13:44,  8.90s/it]  1%|          | 4/500 [00:34<1:07:56,  8.22s/it]  1%|          | 5/500 [00:42<1:05:31,  7.94s/it]  1%|          | 5/500 [00:50<1:23:47, 10.16s/it]
[I 2025-02-18 23:16:32,678] Trial 2 finished with value: 0.733252326188492 and parameters: {'learning_rate': 0.0003, 'l2_norm': 3e-05, 'batch_size': 256}. Best is trial 1 with value: 0.7345811816461695.
AUC:  0.733252326188492 LOGlOSS:  0.600492287172735 test_AUC:  0.6380335386316912 test_LOGlOSS:  0.6355890415566383
#############mlp_bn:  False
  0%|          | 0/500 [00:00<?, ?it/s]  0%|          | 1/500 [00:06<58:06,  6.99s/it]  0%|          | 2/500 [00:11<47:17,  5.70s/it]  1%|          | 3/500 [00:15<40:53,  4.94s/it]  1%|          | 4/500 [00:19<36:53,  4.46s/it]  1%|          | 5/500 [00:23<34:30,  4.18s/it]  1%|          | 5/500 [00:26<44:13,  5.36s/it]
[I 2025-02-18 23:17:20,038] Trial 3 finished with value: 0.7304591593840465 and parameters: {'learning_rate': 0.001, 'l2_norm': 0.0001, 'batch_size': 512}. Best is trial 1 with value: 0.7345811816461695.
AUC:  0.7304591593840465 LOGlOSS:  0.6027964190633311 test_AUC:  0.6331771105833774 test_LOGlOSS:  0.6269905575501123
#############mlp_bn:  False
  0%|          | 0/500 [00:00<?, ?it/s]  0%|          | 1/500 [00:10<1:29:18, 10.74s/it]  0%|          | 2/500 [00:19<1:19:24,  9.57s/it]  1%|          | 3/500 [00:28<1:17:14,  9.32s/it]  1%|          | 4/500 [00:37<1:14:40,  9.03s/it]  1%|          | 5/500 [00:45<1:13:13,  8.88s/it]  1%|          | 5/500 [00:54<1:29:21, 10.83s/it]
[I 2025-02-18 23:18:41,652] Trial 4 finished with value: 0.7328214816796297 and parameters: {'learning_rate': 0.0001, 'l2_norm': 3e-06, 'batch_size': 256}. Best is trial 1 with value: 0.7345811816461695.
AUC:  0.7328214816796297 LOGlOSS:  0.601324041136788 test_AUC:  0.640034596011243 test_LOGlOSS:  0.6477623882667263
#############mlp_bn:  False
  0%|          | 0/500 [00:00<?, ?it/s]  0%|          | 1/500 [00:04<36:43,  4.42s/it]  0%|          | 2/500 [00:08<36:24,  4.39s/it]  1%|          | 3/500 [00:13<37:24,  4.52s/it]  1%|          | 4/500 [00:18<38:11,  4.62s/it]  1%|          | 5/500 [00:20<32:13,  3.91s/it]  1%|          | 6/500 [00:23<28:15,  3.43s/it]  1%|▏         | 7/500 [00:26<26:13,  3.19s/it]  2%|▏         | 8/500 [00:28<24:20,  2.97s/it]  2%|▏         | 8/500 [00:31<31:55,  3.89s/it]
[I 2025-02-18 23:19:33,984] Trial 5 finished with value: 0.7331568390107218 and parameters: {'learning_rate': 3e-05, 'l2_norm': 3e-05, 'batch_size': 1024}. Best is trial 1 with value: 0.7345811816461695.
AUC:  0.7331568390107218 LOGlOSS:  0.6060421307071725 test_AUC:  0.6452659330366955 test_LOGlOSS:  0.6586913683293293
#############mlp_bn:  False
  0%|          | 0/500 [00:00<?, ?it/s]  0%|          | 1/500 [00:05<47:55,  5.76s/it]  0%|          | 2/500 [00:11<48:38,  5.86s/it]  1%|          | 3/500 [00:18<51:16,  6.19s/it]  1%|          | 4/500 [00:22<45:47,  5.54s/it]  1%|          | 5/500 [00:27<43:15,  5.24s/it]  1%|          | 6/500 [00:32<42:06,  5.11s/it]  1%|▏         | 7/500 [00:36<40:00,  4.87s/it]  1%|▏         | 7/500 [00:41<48:17,  5.88s/it]
[I 2025-02-18 23:20:36,211] Trial 6 finished with value: 0.732449535565751 and parameters: {'learning_rate': 3e-05, 'l2_norm': 3e-05, 'batch_size': 512}. Best is trial 1 with value: 0.7345811816461695.
AUC:  0.732449535565751 LOGlOSS:  0.6082889839619164 test_AUC:  0.646111642555988 test_LOGlOSS:  0.6661680633408869
#############mlp_bn:  False
  0%|          | 0/500 [00:00<?, ?it/s]  0%|          | 1/500 [00:05<48:59,  5.89s/it]  0%|          | 2/500 [00:11<48:59,  5.90s/it]  1%|          | 3/500 [00:17<48:12,  5.82s/it]  1%|          | 4/500 [00:23<48:01,  5.81s/it]  1%|          | 5/500 [00:29<49:41,  6.02s/it]  1%|          | 6/500 [00:36<51:09,  6.21s/it]  1%|▏         | 7/500 [00:42<52:05,  6.34s/it]  2%|▏         | 8/500 [00:49<52:14,  6.37s/it]  2%|▏         | 9/500 [00:53<47:01,  5.75s/it]  2%|▏         | 10/500 [00:58<44:57,  5.50s/it]  2%|▏         | 11/500 [01:03<42:05,  5.16s/it]  2%|▏         | 12/500 [01:07<40:32,  4.99s/it]  2%|▏         | 12/500 [01:12<48:55,  6.01s/it]
[I 2025-02-18 23:22:10,402] Trial 7 finished with value: 0.7294283124393665 and parameters: {'learning_rate': 1e-05, 'l2_norm': 1e-06, 'batch_size': 512}. Best is trial 1 with value: 0.7345811816461695.
AUC:  0.7294283124393665 LOGlOSS:  0.6106112242461224 test_AUC:  0.639666584815165 test_LOGlOSS:  0.6513210278570252
#############mlp_bn:  False
  0%|          | 0/500 [00:00<?, ?it/s]  0%|          | 1/500 [00:04<38:49,  4.67s/it]  0%|          | 2/500 [00:09<37:23,  4.51s/it]  1%|          | 3/500 [00:11<29:36,  3.57s/it]  1%|          | 4/500 [00:14<26:10,  3.17s/it]  1%|          | 5/500 [00:16<23:53,  2.90s/it]  1%|          | 6/500 [00:19<23:04,  2.80s/it]  1%|          | 6/500 [00:21<29:29,  3.58s/it]
[I 2025-02-18 23:22:53,544] Trial 8 finished with value: 0.7325458510836019 and parameters: {'learning_rate': 0.0001, 'l2_norm': 3e-05, 'batch_size': 1024}. Best is trial 1 with value: 0.7345811816461695.
AUC:  0.7325458510836019 LOGlOSS:  0.6067708747418713 test_AUC:  0.6463913973930762 test_LOGlOSS:  0.6766169538780369
#############mlp_bn:  False
  0%|          | 0/500 [00:00<?, ?it/s]  0%|          | 1/500 [00:04<35:49,  4.31s/it]  0%|          | 2/500 [00:08<35:44,  4.31s/it]  1%|          | 3/500 [00:13<37:36,  4.54s/it]  1%|          | 4/500 [00:17<37:14,  4.51s/it]  1%|          | 5/500 [00:19<29:56,  3.63s/it]  1%|          | 6/500 [00:21<25:18,  3.07s/it]  1%|▏         | 7/500 [00:24<22:35,  2.75s/it]  2%|▏         | 8/500 [00:26<20:34,  2.51s/it]  2%|▏         | 8/500 [00:28<28:45,  3.51s/it]
[I 2025-02-18 23:23:44,597] Trial 9 finished with value: 0.7345756159649138 and parameters: {'learning_rate': 0.0001, 'l2_norm': 0.001, 'batch_size': 1024}. Best is trial 1 with value: 0.7345811816461695.
AUC:  0.7345756159649138 LOGlOSS:  0.6017081287591686 test_AUC:  0.6450250695795632 test_LOGlOSS:  0.6308381158792769
#############mlp_bn:  False
  0%|          | 0/500 [00:00<?, ?it/s]  0%|          | 1/500 [00:11<1:38:49, 11.88s/it]  0%|          | 2/500 [00:23<1:35:25, 11.50s/it]  1%|          | 3/500 [00:32<1:27:10, 10.52s/it]  1%|          | 4/500 [00:42<1:23:55, 10.15s/it]  1%|          | 5/500 [00:53<1:28:40, 10.75s/it]  1%|          | 6/500 [01:05<1:31:17, 11.09s/it]  1%|▏         | 7/500 [01:17<1:32:21, 11.24s/it]  2%|▏         | 8/500 [01:28<1:31:45, 11.19s/it]  2%|▏         | 9/500 [01:37<1:27:19, 10.67s/it]  2%|▏         | 10/500 [01:45<1:19:10,  9.69s/it]  2%|▏         | 11/500 [01:53<1:15:14,  9.23s/it]  2%|▏         | 12/500 [02:02<1:13:50,  9.08s/it]  3%|▎         | 13/500 [02:11<1:13:02,  9.00s/it]  3%|▎         | 13/500 [02:19<1:27:11, 10.74s/it]
[I 2025-02-18 23:26:24,881] Trial 10 finished with value: 0.7345811816461695 and parameters: {'learning_rate': 1e-05, 'l2_norm': 0.001, 'batch_size': 256}. Best is trial 1 with value: 0.7345811816461695.
AUC:  0.7345811816461695 LOGlOSS:  0.6007103607032447 test_AUC:  0.6469795357923321 test_LOGlOSS:  0.6285793179744301
#############mlp_bn:  False
  0%|          | 0/500 [00:00<?, ?it/s]  0%|          | 1/500 [00:11<1:34:44, 11.39s/it]  0%|          | 2/500 [00:22<1:33:04, 11.21s/it]  1%|          | 3/500 [00:33<1:30:59, 10.98s/it]  1%|          | 4/500 [00:43<1:30:09, 10.91s/it]  1%|          | 5/500 [00:54<1:30:17, 10.94s/it]  1%|          | 6/500 [01:06<1:30:37, 11.01s/it]  1%|▏         | 7/500 [01:16<1:29:45, 10.92s/it]  2%|▏         | 8/500 [01:27<1:29:51, 10.96s/it]  2%|▏         | 9/500 [01:38<1:29:36, 10.95s/it]  2%|▏         | 10/500 [01:47<1:23:22, 10.21s/it]  2%|▏         | 11/500 [01:56<1:19:18,  9.73s/it]  2%|▏         | 12/500 [02:04<1:16:26,  9.40s/it]  3%|▎         | 13/500 [02:12<1:12:27,  8.93s/it]  3%|▎         | 13/500 [02:19<1:27:24, 10.77s/it]
[I 2025-02-18 23:29:05,703] Trial 11 finished with value: 0.7345811816461695 and parameters: {'learning_rate': 1e-05, 'l2_norm': 0.001, 'batch_size': 256}. Best is trial 1 with value: 0.7345811816461695.
AUC:  0.7345811816461695 LOGlOSS:  0.6007103607032447 test_AUC:  0.6469795357923321 test_LOGlOSS:  0.6285793179744301
#############mlp_bn:  False
  0%|          | 0/500 [00:00<?, ?it/s]  0%|          | 1/500 [00:10<1:31:09, 10.96s/it]  0%|          | 2/500 [00:21<1:30:11, 10.87s/it]  1%|          | 3/500 [00:32<1:30:14, 10.89s/it]  1%|          | 4/500 [00:43<1:30:16, 10.92s/it]  1%|          | 5/500 [00:54<1:30:21, 10.95s/it]  1%|          | 6/500 [01:05<1:28:54, 10.80s/it]  1%|▏         | 7/500 [01:16<1:29:19, 10.87s/it]  2%|▏         | 8/500 [01:27<1:29:39, 10.93s/it]  2%|▏         | 9/500 [01:38<1:29:16, 10.91s/it]  2%|▏         | 10/500 [01:46<1:22:32, 10.11s/it]  2%|▏         | 11/500 [01:55<1:18:49,  9.67s/it]  2%|▏         | 12/500 [02:03<1:15:58,  9.34s/it]  3%|▎         | 13/500 [02:12<1:13:46,  9.09s/it]  3%|▎         | 13/500 [02:20<1:27:55, 10.83s/it]
[I 2025-02-18 23:31:48,045] Trial 12 finished with value: 0.7345811816461695 and parameters: {'learning_rate': 1e-05, 'l2_norm': 0.001, 'batch_size': 256}. Best is trial 1 with value: 0.7345811816461695.
AUC:  0.7345811816461695 LOGlOSS:  0.6007103607032447 test_AUC:  0.6469795357923321 test_LOGlOSS:  0.6285793179744301
#############mlp_bn:  False
  0%|          | 0/500 [00:00<?, ?it/s]  0%|          | 1/500 [00:09<1:17:32,  9.32s/it]  0%|          | 2/500 [00:18<1:16:50,  9.26s/it]  1%|          | 3/500 [00:28<1:17:52,  9.40s/it]  1%|          | 4/500 [00:38<1:22:29,  9.98s/it]  1%|          | 5/500 [00:50<1:26:33, 10.49s/it]  1%|          | 6/500 [01:01<1:27:18, 10.60s/it]  1%|▏         | 7/500 [01:09<1:22:08, 10.00s/it]  2%|▏         | 8/500 [01:18<1:18:44,  9.60s/it]  2%|▏         | 9/500 [01:27<1:16:24,  9.34s/it]  2%|▏         | 10/500 [01:35<1:14:03,  9.07s/it]  2%|▏         | 10/500 [01:44<1:25:30, 10.47s/it]
[I 2025-02-18 23:33:55,652] Trial 13 finished with value: 0.7338883524455875 and parameters: {'learning_rate': 1e-05, 'l2_norm': 0.0003, 'batch_size': 256}. Best is trial 1 with value: 0.7345811816461695.
AUC:  0.7338883524455875 LOGlOSS:  0.6046522541888019 test_AUC:  0.6472984088372744 test_LOGlOSS:  0.642882290998527
#############mlp_bn:  False
  0%|          | 0/500 [00:00<?, ?it/s]  0%|          | 1/500 [00:10<1:27:36, 10.53s/it]  0%|          | 2/500 [00:21<1:29:21, 10.77s/it]  1%|          | 3/500 [00:32<1:29:19, 10.78s/it]  1%|          | 4/500 [00:43<1:29:18, 10.80s/it]  1%|          | 5/500 [00:53<1:28:38, 10.74s/it]  1%|          | 6/500 [01:04<1:28:40, 10.77s/it]  1%|▏         | 7/500 [01:13<1:23:23, 10.15s/it]  2%|▏         | 8/500 [01:21<1:16:59,  9.39s/it]  2%|▏         | 9/500 [01:28<1:11:22,  8.72s/it]  2%|▏         | 10/500 [01:35<1:07:46,  8.30s/it]  2%|▏         | 10/500 [01:43<1:24:52, 10.39s/it]
[I 2025-02-18 23:36:02,988] Trial 14 finished with value: 0.731421493747578 and parameters: {'learning_rate': 1e-05, 'l2_norm': 1e-05, 'batch_size': 256}. Best is trial 1 with value: 0.7345811816461695.
AUC:  0.731421493747578 LOGlOSS:  0.6098545849691324 test_AUC:  0.6435864961916591 test_LOGlOSS:  0.6556112637960808
#############mlp_bn:  False
  0%|          | 0/500 [00:00<?, ?it/s]  0%|          | 1/500 [00:10<1:31:28, 11.00s/it]  0%|          | 2/500 [00:19<1:18:33,  9.46s/it]  1%|          | 3/500 [00:27<1:14:51,  9.04s/it]  1%|          | 4/500 [00:36<1:13:01,  8.83s/it]  1%|          | 5/500 [00:45<1:12:44,  8.82s/it]  1%|          | 5/500 [00:53<1:29:04, 10.80s/it]
[I 2025-02-18 23:37:23,412] Trial 15 finished with value: 0.5 and parameters: {'learning_rate': 0.001, 'l2_norm': 0.001, 'batch_size': 256}. Best is trial 1 with value: 0.7345811816461695.
AUC:  0.5 LOGlOSS:  0.6877840604977566 test_AUC:  0.5 test_LOGlOSS:  0.6270875473587956
#############mlp_bn:  False
  0%|          | 0/500 [00:00<?, ?it/s]  0%|          | 1/500 [00:10<1:30:05, 10.83s/it]  0%|          | 2/500 [00:21<1:28:30, 10.66s/it]  1%|          | 3/500 [00:32<1:29:03, 10.75s/it]  1%|          | 4/500 [00:41<1:24:17, 10.20s/it]  1%|          | 5/500 [00:51<1:22:42, 10.03s/it]  1%|          | 6/500 [01:01<1:23:01, 10.08s/it]  1%|▏         | 7/500 [01:12<1:24:04, 10.23s/it]  2%|▏         | 8/500 [01:23<1:26:47, 10.58s/it]  2%|▏         | 9/500 [01:34<1:28:30, 10.82s/it]  2%|▏         | 10/500 [01:43<1:23:06, 10.18s/it]  2%|▏         | 11/500 [01:51<1:18:37,  9.65s/it]  2%|▏         | 12/500 [02:00<1:16:32,  9.41s/it]  3%|▎         | 13/500 [02:09<1:14:49,  9.22s/it]  3%|▎         | 13/500 [02:18<1:26:15, 10.63s/it]
[I 2025-02-18 23:40:01,646] Trial 16 finished with value: 0.7345811816461695 and parameters: {'learning_rate': 1e-05, 'l2_norm': 0.001, 'batch_size': 256}. Best is trial 1 with value: 0.7345811816461695.
AUC:  0.7345811816461695 LOGlOSS:  0.6007103607032447 test_AUC:  0.6469795357923321 test_LOGlOSS:  0.6285793179744301
#############mlp_bn:  False
  0%|          | 0/500 [00:00<?, ?it/s]  0%|          | 1/500 [00:10<1:30:02, 10.83s/it]  0%|          | 2/500 [00:21<1:30:40, 10.92s/it]  1%|          | 3/500 [00:32<1:31:00, 10.99s/it]  1%|          | 4/500 [00:43<1:30:29, 10.95s/it]  1%|          | 5/500 [00:54<1:29:43, 10.88s/it]  1%|          | 6/500 [01:05<1:29:55, 10.92s/it]  1%|▏         | 7/500 [01:15<1:26:11, 10.49s/it]  2%|▏         | 8/500 [01:22<1:17:22,  9.44s/it]  2%|▏         | 9/500 [01:29<1:12:11,  8.82s/it]  2%|▏         | 10/500 [01:38<1:11:08,  8.71s/it]  2%|▏         | 11/500 [01:46<1:11:01,  8.71s/it]  2%|▏         | 11/500 [01:55<1:25:33, 10.50s/it]
[I 2025-02-18 23:42:16,057] Trial 17 finished with value: 0.7294795757500274 and parameters: {'learning_rate': 1e-05, 'l2_norm': 1e-06, 'batch_size': 256}. Best is trial 1 with value: 0.7345811816461695.
AUC:  0.7294795757500274 LOGlOSS:  0.6133029790505531 test_AUC:  0.64146038949877 test_LOGlOSS:  0.6616314155782546
#############mlp_bn:  False
  0%|          | 0/500 [00:00<?, ?it/s]  0%|          | 1/500 [00:11<1:31:41, 11.03s/it]  0%|          | 2/500 [00:21<1:28:34, 10.67s/it]  1%|          | 3/500 [00:30<1:23:30, 10.08s/it]  1%|          | 4/500 [00:40<1:20:55,  9.79s/it]  1%|          | 5/500 [00:51<1:23:52, 10.17s/it]  1%|          | 6/500 [01:02<1:26:09, 10.46s/it]  1%|▏         | 7/500 [01:10<1:21:26,  9.91s/it]  2%|▏         | 8/500 [01:19<1:18:39,  9.59s/it]  2%|▏         | 9/500 [01:28<1:15:35,  9.24s/it]  2%|▏         | 10/500 [01:36<1:13:28,  9.00s/it]  2%|▏         | 10/500 [01:45<1:26:07, 10.55s/it]
[I 2025-02-18 23:44:22,448] Trial 18 finished with value: 0.7338883524455875 and parameters: {'learning_rate': 1e-05, 'l2_norm': 0.0003, 'batch_size': 256}. Best is trial 1 with value: 0.7345811816461695.
AUC:  0.7338883524455875 LOGlOSS:  0.6046522541888019 test_AUC:  0.6472984088372744 test_LOGlOSS:  0.642882290998527
#############mlp_bn:  False
  0%|          | 0/500 [00:00<?, ?it/s]  0%|          | 1/500 [00:04<36:04,  4.34s/it]  0%|          | 2/500 [00:06<26:13,  3.16s/it]  1%|          | 3/500 [00:09<23:04,  2.79s/it]  1%|          | 4/500 [00:11<22:08,  2.68s/it]  1%|          | 5/500 [00:13<20:59,  2.55s/it]  1%|          | 5/500 [00:16<26:42,  3.24s/it]
[I 2025-02-18 23:45:00,675] Trial 19 finished with value: 0.732598098446071 and parameters: {'learning_rate': 0.001, 'l2_norm': 3e-06, 'batch_size': 1024}. Best is trial 1 with value: 0.7345811816461695.
AUC:  0.732598098446071 LOGlOSS:  0.6008692088869937 test_AUC:  0.6367165461248702 test_LOGlOSS:  0.6313876190385858
#############mlp_bn:  False
  0%|          | 0/500 [00:00<?, ?it/s]  0%|          | 1/500 [00:10<1:31:02, 10.95s/it]  0%|          | 2/500 [00:21<1:30:14, 10.87s/it]  1%|          | 3/500 [00:30<1:21:11,  9.80s/it]  1%|          | 4/500 [00:38<1:16:18,  9.23s/it]  1%|          | 5/500 [00:46<1:12:52,  8.83s/it]  1%|          | 6/500 [00:54<1:09:00,  8.38s/it]  1%|          | 6/500 [01:01<1:24:36, 10.28s/it]
[I 2025-02-18 23:46:29,579] Trial 20 finished with value: 0.7324022240913804 and parameters: {'learning_rate': 3e-05, 'l2_norm': 1e-05, 'batch_size': 256}. Best is trial 1 with value: 0.7345811816461695.
AUC:  0.7324022240913804 LOGlOSS:  0.6042840428077061 test_AUC:  0.6432873936725049 test_LOGlOSS:  0.6561787454943382
#############mlp_bn:  False
  0%|          | 0/500 [00:00<?, ?it/s]  0%|          | 1/500 [00:10<1:27:28, 10.52s/it]  0%|          | 2/500 [00:21<1:30:05, 10.86s/it]  1%|          | 3/500 [00:32<1:29:10, 10.77s/it]  1%|          | 4/500 [00:43<1:28:58, 10.76s/it]  1%|          | 5/500 [00:53<1:28:38, 10.74s/it]  1%|          | 6/500 [01:04<1:28:32, 10.75s/it]  1%|▏         | 7/500 [01:15<1:28:27, 10.77s/it]  2%|▏         | 8/500 [01:26<1:28:19, 10.77s/it]  2%|▏         | 9/500 [01:37<1:28:58, 10.87s/it]  2%|▏         | 10/500 [01:45<1:22:49, 10.14s/it]  2%|▏         | 11/500 [01:54<1:18:34,  9.64s/it]  2%|▏         | 12/500 [02:02<1:16:00,  9.35s/it]  3%|▎         | 13/500 [02:11<1:14:09,  9.14s/it]  3%|▎         | 13/500 [02:20<1:27:28, 10.78s/it]
[I 2025-02-18 23:49:10,029] Trial 21 finished with value: 0.7345811816461695 and parameters: {'learning_rate': 1e-05, 'l2_norm': 0.001, 'batch_size': 256}. Best is trial 1 with value: 0.7345811816461695.
AUC:  0.7345811816461695 LOGlOSS:  0.6007103607032447 test_AUC:  0.6469795357923321 test_LOGlOSS:  0.6285793179744301
#############mlp_bn:  False
  0%|          | 0/500 [00:00<?, ?it/s]  0%|          | 1/500 [00:10<1:30:04, 10.83s/it]  0%|          | 2/500 [00:21<1:29:58, 10.84s/it]  1%|          | 3/500 [00:30<1:23:01, 10.02s/it]  1%|          | 4/500 [00:40<1:20:58,  9.80s/it]  1%|          | 5/500 [00:51<1:24:13, 10.21s/it]  1%|          | 6/500 [01:01<1:24:51, 10.31s/it]  1%|▏         | 7/500 [01:12<1:26:33, 10.53s/it]  2%|▏         | 8/500 [01:23<1:26:57, 10.61s/it]  2%|▏         | 9/500 [01:34<1:27:10, 10.65s/it]  2%|▏         | 10/500 [01:42<1:21:31,  9.98s/it]  2%|▏         | 11/500 [01:51<1:17:31,  9.51s/it]  2%|▏         | 12/500 [01:59<1:15:37,  9.30s/it]  3%|▎         | 13/500 [02:08<1:14:04,  9.13s/it]  3%|▎         | 13/500 [02:17<1:25:37, 10.55s/it]
[I 2025-02-18 23:51:46,959] Trial 22 finished with value: 0.7345811816461695 and parameters: {'learning_rate': 1e-05, 'l2_norm': 0.001, 'batch_size': 256}. Best is trial 1 with value: 0.7345811816461695.
AUC:  0.7345811816461695 LOGlOSS:  0.6007103607032447 test_AUC:  0.6469795357923321 test_LOGlOSS:  0.6285793179744301
#############mlp_bn:  False
  0%|          | 0/500 [00:00<?, ?it/s]  0%|          | 1/500 [00:09<1:21:44,  9.83s/it]  0%|          | 2/500 [00:19<1:21:02,  9.76s/it]  1%|          | 3/500 [00:28<1:18:44,  9.51s/it]  1%|          | 4/500 [00:37<1:17:42,  9.40s/it]  1%|          | 5/500 [00:47<1:19:09,  9.60s/it]  1%|          | 6/500 [00:59<1:23:36, 10.16s/it]  1%|▏         | 7/500 [01:10<1:27:06, 10.60s/it]  2%|▏         | 8/500 [01:20<1:24:38, 10.32s/it]  2%|▏         | 9/500 [01:29<1:22:26, 10.08s/it]  2%|▏         | 10/500 [01:38<1:17:26,  9.48s/it]  2%|▏         | 11/500 [01:46<1:14:50,  9.18s/it]  2%|▏         | 12/500 [01:55<1:14:22,  9.14s/it]  3%|▎         | 13/500 [02:04<1:13:12,  9.02s/it]  3%|▎         | 13/500 [02:13<1:23:05, 10.24s/it]
