[I 2025-02-19 00:37:17,147] Trial 46 finished with value: 0.7294795757500274 and parameters: {'learning_rate': 1e-05, 'l2_norm': 1e-06, 'batch_size': 256}. Best is trial 1 with value: 0.7345811816461695.
AUC:  0.7294795757500274 LOGlOSS:  0.6133029790505531 test_AUC:  0.64146038949877 test_LOGlOSS:  0.6616314155782546
#############mlp_bn:  False
  0%|          | 0/500 [00:00<?, ?it/s]  0%|          | 1/500 [00:04<33:33,  4.04s/it]  0%|          | 2/500 [00:08<33:50,  4.08s/it]  1%|          | 3/500 [00:12<34:49,  4.20s/it]  1%|          | 4/500 [00:16<35:35,  4.31s/it]  1%|          | 5/500 [00:21<35:29,  4.30s/it]  1%|          | 6/500 [00:25<35:55,  4.36s/it]  1%|▏         | 7/500 [00:29<35:26,  4.31s/it]  2%|▏         | 8/500 [00:34<35:32,  4.33s/it]  2%|▏         | 9/500 [00:38<35:26,  4.33s/it]  2%|▏         | 10/500 [00:42<34:59,  4.29s/it]  2%|▏         | 11/500 [00:47<34:45,  4.27s/it]  2%|▏         | 12/500 [00:48<28:45,  3.54s/it]  3%|▎         | 13/500 [00:50<24:33,  3.03s/it]  3%|▎         | 14/500 [00:52<21:38,  2.67s/it]  3%|▎         | 15/500 [00:54<19:57,  2.47s/it]  3%|▎         | 15/500 [00:56<30:28,  3.77s/it]
[I 2025-02-19 00:38:33,287] Trial 47 finished with value: 0.732706821699514 and parameters: {'learning_rate': 1e-05, 'l2_norm': 3e-05, 'batch_size': 1024}. Best is trial 1 with value: 0.7345811816461695.
AUC:  0.732706821699514 LOGlOSS:  0.6077234351346 test_AUC:  0.6439968144548275 test_LOGlOSS:  0.6140968875148564
#############mlp_bn:  False
  0%|          | 0/500 [00:00<?, ?it/s]  0%|          | 1/500 [00:10<1:28:25, 10.63s/it]  0%|          | 2/500 [00:18<1:15:47,  9.13s/it]  1%|          | 3/500 [00:27<1:13:11,  8.84s/it]  1%|          | 4/500 [00:35<1:10:58,  8.59s/it]  1%|          | 5/500 [00:43<1:10:06,  8.50s/it]  1%|          | 5/500 [00:51<1:25:45, 10.40s/it]
[I 2025-02-19 00:39:49,943] Trial 48 finished with value: 0.7311920771187278 and parameters: {'learning_rate': 0.0003, 'l2_norm': 0.0003, 'batch_size': 256}. Best is trial 1 with value: 0.7345811816461695.
AUC:  0.7311920771187278 LOGlOSS:  0.602566128311753 test_AUC:  0.6352804536107962 test_LOGlOSS:  0.6392777205035685
#############mlp_bn:  False
  0%|          | 0/500 [00:00<?, ?it/s]  0%|          | 1/500 [00:10<1:26:18, 10.38s/it]  0%|          | 2/500 [00:20<1:25:03, 10.25s/it]  1%|          | 3/500 [00:29<1:21:51,  9.88s/it]  1%|          | 4/500 [00:36<1:11:03,  8.60s/it]  1%|          | 5/500 [00:43<1:05:36,  7.95s/it]  1%|          | 6/500 [00:50<1:02:15,  7.56s/it]  1%|▏         | 7/500 [00:58<1:03:03,  7.67s/it]  1%|▏         | 7/500 [01:06<1:18:21,  9.54s/it]
[I 2025-02-19 00:41:16,513] Trial 49 finished with value: 0.7285589588157647 and parameters: {'learning_rate': 0.0001, 'l2_norm': 0.001, 'batch_size': 256}. Best is trial 1 with value: 0.7345811816461695.
AUC:  0.7285589588157647 LOGlOSS:  0.6174635983486539 test_AUC:  0.646669995495555 test_LOGlOSS:  0.6687574712180813
