[I 2024-07-25 14:58:24,817] Trial 18 finished with value: 0.6931628806489611 and parameters: {'lr': 3e-05, 'l2': 3e-06, 'bsize': 1024, 'alpha1': 0.0001}. Best is trial 14 with value: 0.707629020600957.
AUC:  0.6931628806489611 LOGlOSS:  0.5829320371198403 test_AUC:  0.0 test_LOGlOSS:  10000.0
  0%|          | 0/5000 [00:00<?, ?it/s]  0%|          | 1/5000 [00:02<3:19:44,  2.40s/it]  0%|          | 2/5000 [00:04<3:20:12,  2.40s/it]  0%|          | 3/5000 [00:07<3:18:19,  2.38s/it]  0%|          | 4/5000 [00:09<3:20:55,  2.41s/it]  0%|          | 5/5000 [00:12<3:29:44,  2.52s/it]  0%|          | 6/5000 [00:14<3:32:50,  2.56s/it]  0%|          | 7/5000 [00:17<3:31:58,  2.55s/it]  0%|          | 8/5000 [00:20<3:32:30,  2.55s/it]  0%|          | 9/5000 [00:22<3:38:03,  2.62s/it]  0%|          | 9/5000 [00:25<3:53:50,  2.81s/it]
[I 2024-07-25 14:59:00,597] Trial 19 finished with value: 0.690281921953196 and parameters: {'lr': 3e-05, 'l2': 0.001, 'bsize': 1024, 'alpha1': 1e-05}. Best is trial 14 with value: 0.707629020600957.
AUC:  0.690281921953196 LOGlOSS:  0.5680173518257887 test_AUC:  0.0 test_LOGlOSS:  10000.0
  0%|          | 0/5000 [00:00<?, ?it/s]  0%|          | 1/5000 [00:02<3:38:01,  2.62s/it]  0%|          | 2/5000 [00:05<3:31:15,  2.54s/it]  0%|          | 3/5000 [00:07<3:22:05,  2.43s/it]  0%|          | 4/5000 [00:09<3:21:37,  2.42s/it]  0%|          | 5/5000 [00:12<3:15:26,  2.35s/it]  0%|          | 6/5000 [00:14<3:14:24,  2.34s/it]  0%|          | 7/5000 [00:16<3:14:19,  2.34s/it]  0%|          | 7/5000 [00:19<3:47:50,  2.74s/it]
[I 2024-07-25 14:59:29,829] Trial 20 finished with value: 0.7046496779456151 and parameters: {'lr': 0.0003, 'l2': 0.001, 'bsize': 1024, 'alpha1': 0.01}. Best is trial 14 with value: 0.707629020600957.
AUC:  0.7046496779456151 LOGlOSS:  0.623471107063079 test_AUC:  0.0 test_LOGlOSS:  10000.0
  0%|          | 0/5000 [00:00<?, ?it/s]  0%|          | 1/5000 [00:02<3:21:02,  2.41s/it]  0%|          | 2/5000 [00:04<3:26:23,  2.48s/it]  0%|          | 3/5000 [00:07<3:21:17,  2.42s/it]  0%|          | 4/5000 [00:09<3:21:01,  2.41s/it]  0%|          | 5/5000 [00:12<3:19:23,  2.40s/it]  0%|          | 6/5000 [00:14<3:15:57,  2.35s/it]  0%|          | 7/5000 [00:16<3:14:25,  2.34s/it]  0%|          | 7/5000 [00:19<3:46:19,  2.72s/it]
[I 2024-07-25 14:59:58,650] Trial 21 finished with value: 0.7046496779456151 and parameters: {'lr': 0.0003, 'l2': 0.001, 'bsize': 1024, 'alpha1': 0.01}. Best is trial 14 with value: 0.707629020600957.
AUC:  0.7046496779456151 LOGlOSS:  0.623471107063079 test_AUC:  0.0 test_LOGlOSS:  10000.0
  0%|          | 0/5000 [00:00<?, ?it/s]  0%|          | 1/5000 [00:02<3:29:05,  2.51s/it]  0%|          | 2/5000 [00:05<3:29:44,  2.52s/it]  0%|          | 3/5000 [00:07<3:31:31,  2.54s/it]  0%|          | 4/5000 [00:10<3:29:52,  2.52s/it]  0%|          | 5/5000 [00:12<3:29:20,  2.51s/it]  0%|          | 6/5000 [00:15<3:31:04,  2.54s/it]  0%|          | 7/5000 [00:17<3:32:06,  2.55s/it]  0%|          | 7/5000 [00:20<4:01:03,  2.90s/it]
[I 2024-07-25 15:00:29,281] Trial 22 finished with value: 0.7046496779456151 and parameters: {'lr': 0.0003, 'l2': 0.001, 'bsize': 1024, 'alpha1': 0.01}. Best is trial 14 with value: 0.707629020600957.
AUC:  0.7046496779456151 LOGlOSS:  0.623471107063079 test_AUC:  0.0 test_LOGlOSS:  10000.0
  0%|          | 0/5000 [00:00<?, ?it/s]  0%|          | 1/5000 [00:02<3:25:51,  2.47s/it]  0%|          | 2/5000 [00:05<3:38:58,  2.63s/it]  0%|          | 3/5000 [00:07<3:31:24,  2.54s/it]  0%|          | 4/5000 [00:09<3:24:18,  2.45s/it]  0%|          | 5/5000 [00:12<3:20:16,  2.41s/it]  0%|          | 6/5000 [00:14<3:21:58,  2.43s/it]  0%|          | 7/5000 [00:17<3:19:15,  2.39s/it]  0%|          | 7/5000 [00:19<3:52:53,  2.80s/it]
[I 2024-07-25 15:00:59,078] Trial 23 finished with value: 0.7046496779456151 and parameters: {'lr': 0.0003, 'l2': 0.001, 'bsize': 1024, 'alpha1': 0.01}. Best is trial 14 with value: 0.707629020600957.
AUC:  0.7046496779456151 LOGlOSS:  0.623471107063079 test_AUC:  0.0 test_LOGlOSS:  10000.0
  0%|          | 0/5000 [00:00<?, ?it/s]  0%|          | 1/5000 [00:02<3:40:32,  2.65s/it]  0%|          | 2/5000 [00:05<3:41:06,  2.65s/it]  0%|          | 3/5000 [00:07<3:35:55,  2.59s/it]  0%|          | 4/5000 [00:10<3:31:35,  2.54s/it]  0%|          | 5/5000 [00:12<3:28:24,  2.50s/it]  0%|          | 6/5000 [00:15<3:29:22,  2.52s/it]  0%|          | 7/5000 [00:17<3:27:41,  2.50s/it]  0%|          | 8/5000 [00:20<3:23:36,  2.45s/it]  0%|          | 9/5000 [00:22<3:25:45,  2.47s/it]  0%|          | 9/5000 [00:24<3:49:42,  2.76s/it]
[I 2024-07-25 15:01:33,612] Trial 24 finished with value: 0.7065149582085709 and parameters: {'lr': 0.0001, 'l2': 0.001, 'bsize': 1024, 'alpha1': 0.1}. Best is trial 14 with value: 0.707629020600957.
AUC:  0.7065149582085709 LOGlOSS:  0.5535147078839837 test_AUC:  0.0 test_LOGlOSS:  10000.0
  0%|          | 0/5000 [00:00<?, ?it/s]  0%|          | 1/5000 [00:02<3:29:48,  2.52s/it]  0%|          | 2/5000 [00:04<3:25:52,  2.47s/it]  0%|          | 3/5000 [00:07<3:27:25,  2.49s/it]  0%|          | 4/5000 [00:09<3:20:05,  2.40s/it]  0%|          | 5/5000 [00:11<3:14:31,  2.34s/it]  0%|          | 6/5000 [00:14<3:16:06,  2.36s/it]  0%|          | 7/5000 [00:16<3:20:23,  2.41s/it]  0%|          | 8/5000 [00:19<3:19:36,  2.40s/it]  0%|          | 9/5000 [00:21<3:18:13,  2.38s/it]  0%|          | 9/5000 [00:24<3:42:34,  2.68s/it]
[I 2024-07-25 15:02:08,150] Trial 25 finished with value: 0.7065149582085709 and parameters: {'lr': 0.0001, 'l2': 0.001, 'bsize': 1024, 'alpha1': 0.1}. Best is trial 14 with value: 0.707629020600957.
AUC:  0.7065149582085709 LOGlOSS:  0.5535147078839837 test_AUC:  0.0 test_LOGlOSS:  10000.0
  0%|          | 0/5000 [00:00<?, ?it/s]  0%|          | 1/5000 [00:02<3:35:25,  2.59s/it]  0%|          | 2/5000 [00:05<3:35:18,  2.58s/it]  0%|          | 3/5000 [00:07<3:29:08,  2.51s/it]  0%|          | 4/5000 [00:10<3:26:35,  2.48s/it]  0%|          | 5/5000 [00:12<3:26:34,  2.48s/it]  0%|          | 6/5000 [00:14<3:26:31,  2.48s/it]  0%|          | 7/5000 [00:17<3:30:08,  2.53s/it]  0%|          | 8/5000 [00:20<3:31:26,  2.54s/it]  0%|          | 9/5000 [00:22<3:28:45,  2.51s/it]  0%|          | 10/5000 [00:25<3:26:03,  2.48s/it]  0%|          | 10/5000 [00:27<3:49:32,  2.76s/it]
[I 2024-07-25 15:02:44,353] Trial 26 finished with value: 0.6965712493826598 and parameters: {'lr': 0.0001, 'l2': 3e-06, 'bsize': 1024, 'alpha1': 0.1}. Best is trial 14 with value: 0.707629020600957.
AUC:  0.6965712493826598 LOGlOSS:  0.5674456710988356 test_AUC:  0.0 test_LOGlOSS:  10000.0
  0%|          | 0/5000 [00:00<?, ?it/s]  0%|          | 1/5000 [00:02<3:34:27,  2.57s/it]  0%|          | 2/5000 [00:05<3:34:45,  2.58s/it]  0%|          | 3/5000 [00:07<3:41:13,  2.66s/it]  0%|          | 4/5000 [00:10<3:38:10,  2.62s/it]  0%|          | 5/5000 [00:12<3:34:16,  2.57s/it]  0%|          | 6/5000 [00:15<3:28:46,  2.51s/it]  0%|          | 7/5000 [00:17<3:31:03,  2.54s/it]  0%|          | 7/5000 [00:20<4:03:50,  2.93s/it]
[I 2024-07-25 15:03:14,333] Trial 27 finished with value: 0.6996988785053642 and parameters: {'lr': 0.0001, 'l2': 0.0001, 'bsize': 1024, 'alpha1': 0.1}. Best is trial 14 with value: 0.707629020600957.
AUC:  0.6996988785053642 LOGlOSS:  0.6231482624104238 test_AUC:  0.0 test_LOGlOSS:  10000.0
  0%|          | 0/5000 [00:00<?, ?it/s]  0%|          | 1/5000 [00:03<4:24:58,  3.18s/it]  0%|          | 2/5000 [00:06<4:13:05,  3.04s/it]  0%|          | 3/5000 [00:08<3:50:40,  2.77s/it]  0%|          | 4/5000 [00:11<3:41:00,  2.65s/it]  0%|          | 5/5000 [00:13<3:35:43,  2.59s/it]  0%|          | 6/5000 [00:15<3:27:35,  2.49s/it]  0%|          | 7/5000 [00:18<3:24:21,  2.46s/it]  0%|          | 8/5000 [00:20<3:18:04,  2.38s/it]  0%|          | 9/5000 [00:22<3:15:00,  2.34s/it]  0%|          | 10/5000 [00:25<3:15:57,  2.36s/it]  0%|          | 10/5000 [00:27<3:48:49,  2.75s/it]
[I 2024-07-25 15:03:52,287] Trial 28 finished with value: 0.7044540004784646 and parameters: {'lr': 3e-05, 'l2': 0.0003, 'bsize': 1024, 'alpha1': 0.1}. Best is trial 14 with value: 0.707629020600957.
AUC:  0.7044540004784646 LOGlOSS:  0.6074677555001551 test_AUC:  0.0 test_LOGlOSS:  10000.0
  0%|          | 0/5000 [00:00<?, ?it/s]  0%|          | 1/5000 [00:02<3:23:54,  2.45s/it]  0%|          | 2/5000 [00:04<3:21:41,  2.42s/it]  0%|          | 3/5000 [00:07<3:27:44,  2.49s/it]  0%|          | 4/5000 [00:09<3:19:36,  2.40s/it]  0%|          | 5/5000 [00:11<3:16:20,  2.36s/it]  0%|          | 6/5000 [00:14<3:19:30,  2.40s/it]  0%|          | 7/5000 [00:16<3:21:34,  2.42s/it]  0%|          | 7/5000 [00:19<3:50:49,  2.77s/it]
[I 2024-07-25 15:04:21,359] Trial 29 finished with value: 0.6990141833726856 and parameters: {'lr': 0.0001, 'l2': 3e-05, 'bsize': 1024, 'alpha1': 0.1}. Best is trial 14 with value: 0.707629020600957.
AUC:  0.6990141833726856 LOGlOSS:  0.6266185933006225 test_AUC:  0.0 test_LOGlOSS:  10000.0
  0%|          | 0/5000 [00:00<?, ?it/s]  0%|          | 1/5000 [00:04<6:06:15,  4.40s/it]  0%|          | 2/5000 [00:08<6:02:37,  4.35s/it]  0%|          | 3/5000 [00:12<5:56:12,  4.28s/it]  0%|          | 4/5000 [00:17<6:08:09,  4.42s/it]  0%|          | 5/5000 [00:22<6:11:23,  4.46s/it]  0%|          | 6/5000 [00:26<6:19:43,  4.56s/it]  0%|          | 7/5000 [00:32<6:37:37,  4.78s/it]  0%|          | 8/5000 [00:37<6:42:19,  4.84s/it]  0%|          | 8/5000 [00:41<7:15:05,  5.23s/it]
[I 2024-07-25 15:05:13,384] Trial 30 finished with value: 0.696571197479801 and parameters: {'lr': 0.0001, 'l2': 1e-05, 'bsize': 512, 'alpha1': 0.1}. Best is trial 14 with value: 0.707629020600957.
AUC:  0.696571197479801 LOGlOSS:  0.5492709093462348 test_AUC:  0.0 test_LOGlOSS:  10000.0
  0%|          | 0/5000 [00:00<?, ?it/s]  0%|          | 1/5000 [00:02<3:40:07,  2.64s/it]  0%|          | 2/5000 [00:05<3:49:35,  2.76s/it]  0%|          | 3/5000 [00:08<3:50:07,  2.76s/it]  0%|          | 4/5000 [00:10<3:45:05,  2.70s/it]  0%|          | 5/5000 [00:13<3:42:43,  2.68s/it]  0%|          | 6/5000 [00:16<3:45:47,  2.71s/it]  0%|          | 7/5000 [00:18<3:44:47,  2.70s/it]  0%|          | 8/5000 [00:21<3:44:53,  2.70s/it]  0%|          | 9/5000 [00:24<3:41:55,  2.67s/it]  0%|          | 9/5000 [00:26<4:08:16,  2.98s/it]
[I 2024-07-25 15:05:49,073] Trial 31 finished with value: 0.7065149582085709 and parameters: {'lr': 0.0001, 'l2': 0.001, 'bsize': 1024, 'alpha1': 0.1}. Best is trial 14 with value: 0.707629020600957.
AUC:  0.7065149582085709 LOGlOSS:  0.5535147078839837 test_AUC:  0.0 test_LOGlOSS:  10000.0
  0%|          | 0/5000 [00:00<?, ?it/s]  0%|          | 1/5000 [00:02<3:36:14,  2.60s/it]  0%|          | 2/5000 [00:05<3:37:02,  2.61s/it]  0%|          | 3/5000 [00:07<3:30:15,  2.52s/it]  0%|          | 4/5000 [00:10<3:36:00,  2.59s/it]  0%|          | 5/5000 [00:12<3:35:56,  2.59s/it]  0%|          | 6/5000 [00:15<3:36:19,  2.60s/it]  0%|          | 7/5000 [00:18<3:32:45,  2.56s/it]  0%|          | 8/5000 [00:20<3:33:43,  2.57s/it]  0%|          | 9/5000 [00:23<3:32:34,  2.56s/it]  0%|          | 9/5000 [00:25<3:55:52,  2.84s/it]
[I 2024-07-25 15:06:23,682] Trial 32 finished with value: 0.7065149582085709 and parameters: {'lr': 0.0001, 'l2': 0.001, 'bsize': 1024, 'alpha1': 0.1}. Best is trial 14 with value: 0.707629020600957.
AUC:  0.7065149582085709 LOGlOSS:  0.5535147078839837 test_AUC:  0.0 test_LOGlOSS:  10000.0
  0%|          | 0/5000 [00:00<?, ?it/s]  0%|          | 1/5000 [00:02<3:32:28,  2.55s/it]  0%|          | 2/5000 [00:04<3:20:44,  2.41s/it]  0%|          | 3/5000 [00:07<3:24:24,  2.45s/it]  0%|          | 4/5000 [00:09<3:22:26,  2.43s/it]  0%|          | 5/5000 [00:12<3:24:47,  2.46s/it]  0%|          | 6/5000 [00:14<3:30:40,  2.53s/it]  0%|          | 7/5000 [00:17<3:31:10,  2.54s/it]  0%|          | 8/5000 [00:20<3:33:48,  2.57s/it]  0%|          | 9/5000 [00:23<3:41:33,  2.66s/it]  0%|          | 9/5000 [00:25<3:57:57,  2.86s/it]
[I 2024-07-25 15:06:58,277] Trial 33 finished with value: 0.7007181768550877 and parameters: {'lr': 0.001, 'l2': 0.001, 'bsize': 1024, 'alpha1': 0.1}. Best is trial 14 with value: 0.707629020600957.
AUC:  0.7007181768550877 LOGlOSS:  0.4549034486251302 test_AUC:  0.0 test_LOGlOSS:  10000.0
  0%|          | 0/5000 [00:00<?, ?it/s]  0%|          | 1/5000 [00:02<3:36:34,  2.60s/it]  0%|          | 2/5000 [00:04<3:20:25,  2.41s/it]  0%|          | 3/5000 [00:07<3:23:11,  2.44s/it]  0%|          | 4/5000 [00:09<3:22:31,  2.43s/it]  0%|          | 5/5000 [00:12<3:22:14,  2.43s/it]  0%|          | 6/5000 [00:14<3:25:58,  2.47s/it]  0%|          | 6/5000 [00:17<4:00:48,  2.89s/it]
[I 2024-07-25 15:07:23,780] Trial 34 finished with value: 0.683716460246013 and parameters: {'lr': 0.0001, 'l2': 1e-06, 'bsize': 1024, 'alpha1': 1e-05}. Best is trial 14 with value: 0.707629020600957.
AUC:  0.683716460246013 LOGlOSS:  0.5867437602179633 test_AUC:  0.0 test_LOGlOSS:  10000.0
  0%|          | 0/5000 [00:00<?, ?it/s]  0%|          | 1/5000 [00:02<3:47:15,  2.73s/it]  0%|          | 2/5000 [00:05<3:38:56,  2.63s/it]  0%|          | 3/5000 [00:08<3:51:18,  2.78s/it]  0%|          | 4/5000 [00:10<3:49:49,  2.76s/it]  0%|          | 5/5000 [00:13<3:46:49,  2.72s/it]  0%|          | 6/5000 [00:16<3:50:07,  2.76s/it]  0%|          | 7/5000 [00:19<3:50:38,  2.77s/it]  0%|          | 8/5000 [00:21<3:45:18,  2.71s/it]  0%|          | 8/5000 [00:24<4:12:38,  3.04s/it]
[I 2024-07-25 15:07:57,130] Trial 35 finished with value: 0.6944731835684201 and parameters: {'lr': 3e-05, 'l2': 3e-05, 'bsize': 1024, 'alpha1': 0.0001}. Best is trial 14 with value: 0.707629020600957.
AUC:  0.6944731835684201 LOGlOSS:  0.5902778482821645 test_AUC:  0.0 test_LOGlOSS:  10000.0
  0%|          | 0/5000 [00:00<?, ?it/s]  0%|          | 1/5000 [00:02<3:28:21,  2.50s/it]  0%|          | 2/5000 [00:04<3:25:29,  2.47s/it]  0%|          | 3/5000 [00:07<3:32:44,  2.55s/it]  0%|          | 4/5000 [00:10<3:29:35,  2.52s/it]  0%|          | 5/5000 [00:12<3:25:27,  2.47s/it]  0%|          | 6/5000 [00:14<3:26:04,  2.48s/it]  0%|          | 7/5000 [00:17<3:24:08,  2.45s/it]  0%|          | 8/5000 [00:19<3:21:34,  2.42s/it]  0%|          | 9/5000 [00:22<3:19:53,  2.40s/it]  0%|          | 9/5000 [00:24<3:46:22,  2.72s/it]
[I 2024-07-25 15:08:30,508] Trial 36 finished with value: 0.700574104112701 and parameters: {'lr': 0.001, 'l2': 0.001, 'bsize': 1024, 'alpha1': 1}. Best is trial 14 with value: 0.707629020600957.
AUC:  0.700574104112701 LOGlOSS:  0.44437852596926253 test_AUC:  0.0 test_LOGlOSS:  10000.0
  0%|          | 0/5000 [00:00<?, ?it/s]  0%|          | 1/5000 [00:04<6:02:24,  4.35s/it]  0%|          | 2/5000 [00:09<6:22:29,  4.59s/it]  0%|          | 3/5000 [00:13<6:31:51,  4.71s/it]  0%|          | 4/5000 [00:18<6:29:47,  4.68s/it]  0%|          | 5/5000 [00:22<6:19:50,  4.56s/it]  0%|          | 6/5000 [00:27<6:21:04,  4.58s/it]  0%|          | 7/5000 [00:31<6:12:41,  4.48s/it]  0%|          | 8/5000 [00:36<6:06:09,  4.40s/it]  0%|          | 9/5000 [00:40<6:06:55,  4.41s/it]  0%|          | 10/5000 [00:45<6:16:56,  4.53s/it]  0%|          | 11/5000 [00:49<6:19:25,  4.56s/it]  0%|          | 11/5000 [00:54<6:50:29,  4.94s/it]
[I 2024-07-25 15:09:33,971] Trial 37 finished with value: 0.7006281891053531 and parameters: {'lr': 0.0001, 'l2': 0.0003, 'bsize': 512, 'alpha1': 0.1}. Best is trial 14 with value: 0.707629020600957.
AUC:  0.7006281891053531 LOGlOSS:  0.5521795531653989 test_AUC:  0.0 test_LOGlOSS:  10000.0
  0%|          | 0/5000 [00:00<?, ?it/s]  0%|          | 1/5000 [00:02<3:25:41,  2.47s/it]  0%|          | 2/5000 [00:04<3:24:21,  2.45s/it]  0%|          | 3/5000 [00:07<3:27:15,  2.49s/it]  0%|          | 4/5000 [00:09<3:28:21,  2.50s/it]  0%|          | 5/5000 [00:12<3:23:45,  2.45s/it]  0%|          | 6/5000 [00:14<3:24:22,  2.46s/it]  0%|          | 7/5000 [00:17<3:27:12,  2.49s/it]  0%|          | 8/5000 [00:19<3:28:34,  2.51s/it]  0%|          | 9/5000 [00:22<3:28:33,  2.51s/it]  0%|          | 10/5000 [00:24<3:26:41,  2.49s/it]  0%|          | 11/5000 [00:27<3:26:05,  2.48s/it]  0%|          | 12/5000 [00:29<3:23:52,  2.45s/it]  0%|          | 13/5000 [00:32<3:23:46,  2.45s/it]  0%|          | 14/5000 [00:34<3:21:13,  2.42s/it]  0%|          | 15/5000 [00:36<3:17:21,  2.38s/it]  0%|          | 16/5000 [00:39<3:23:50,  2.45s/it]  0%|          | 17/5000 [00:41<3:24:29,  2.46s/it]  0%|          | 18/5000 [00:44<3:21:20,  2.42s/it]  0%|          | 19/5000 [00:46<3:19:49,  2.41s/it]  0%|          | 20/5000 [00:49<3:20:33,  2.42s/it]  0%|          | 21/5000 [00:51<3:23:35,  2.45s/it]  0%|          | 21/5000 [00:53<3:33:11,  2.57s/it]
[I 2024-07-25 15:10:37,709] Trial 38 finished with value: 0.7002733098274617 and parameters: {'lr': 1e-05, 'l2': 1e-06, 'bsize': 1024, 'alpha1': 0.001}. Best is trial 14 with value: 0.707629020600957.
AUC:  0.7002733098274617 LOGlOSS:  0.5887479338480981 test_AUC:  0.0 test_LOGlOSS:  10000.0
  0%|          | 0/5000 [00:00<?, ?it/s]  0%|          | 1/5000 [00:03<5:25:38,  3.91s/it]  0%|          | 2/5000 [00:08<5:39:58,  4.08s/it]  0%|          | 3/5000 [00:12<5:33:26,  4.00s/it]  0%|          | 4/5000 [00:15<5:32:09,  3.99s/it]  0%|          | 5/5000 [00:20<5:42:47,  4.12s/it]  0%|          | 6/5000 [00:24<5:45:25,  4.15s/it]  0%|          | 7/5000 [00:28<5:36:50,  4.05s/it]  0%|          | 8/5000 [00:32<5:40:04,  4.09s/it]  0%|          | 8/5000 [00:36<6:21:39,  4.59s/it]
[I 2024-07-25 15:11:24,765] Trial 39 finished with value: 0.6965166647942445 and parameters: {'lr': 0.0001, 'l2': 3e-06, 'bsize': 512, 'alpha1': 0.1}. Best is trial 14 with value: 0.707629020600957.
AUC:  0.6965166647942445 LOGlOSS:  0.5444557963439715 test_AUC:  0.0 test_LOGlOSS:  10000.0
  0%|          | 0/5000 [00:00<?, ?it/s]  0%|          | 1/5000 [00:02<3:59:22,  2.87s/it]  0%|          | 2/5000 [00:05<3:45:06,  2.70s/it]  0%|          | 3/5000 [00:08<3:43:49,  2.69s/it]  0%|          | 4/5000 [00:10<3:33:10,  2.56s/it]  0%|          | 5/5000 [00:12<3:30:57,  2.53s/it]  0%|          | 6/5000 [00:15<3:41:01,  2.66s/it]  0%|          | 7/5000 [00:18<3:41:09,  2.66s/it]  0%|          | 8/5000 [00:21<3:44:53,  2.70s/it]  0%|          | 9/5000 [00:24<3:45:54,  2.72s/it]  0%|          | 10/5000 [00:27<3:57:32,  2.86s/it]  0%|          | 11/5000 [00:30<4:09:03,  3.00s/it]  0%|          | 12/5000 [00:33<4:04:43,  2.94s/it]  0%|          | 13/5000 [00:36<4:10:18,  3.01s/it]  0%|          | 14/5000 [00:39<4:07:02,  2.97s/it]  0%|          | 15/5000 [00:42<4:07:44,  2.98s/it]  0%|          | 16/5000 [00:45<3:59:51,  2.89s/it]  0%|          | 17/5000 [00:47<3:57:06,  2.85s/it]  0%|          | 18/5000 [00:50<3:49:49,  2.77s/it]  0%|          | 19/5000 [00:52<3:42:48,  2.68s/it]  0%|          | 20/5000 [00:55<3:37:35,  2.62s/it]  0%|          | 21/5000 [00:58<3:36:46,  2.61s/it]  0%|          | 21/5000 [01:00<3:59:09,  2.88s/it]
[I 2024-07-25 15:12:36,120] Trial 40 finished with value: 0.7007097479292258 and parameters: {'lr': 1e-05, 'l2': 1e-05, 'bsize': 1024, 'alpha1': 1}. Best is trial 14 with value: 0.707629020600957.
AUC:  0.7007097479292258 LOGlOSS:  0.585483958888918 test_AUC:  0.0 test_LOGlOSS:  10000.0
  0%|          | 0/5000 [00:00<?, ?it/s]  0%|          | 1/5000 [00:03<4:30:25,  3.25s/it]  0%|          | 2/5000 [00:05<4:03:05,  2.92s/it]  0%|          | 3/5000 [00:08<3:45:01,  2.70s/it]  0%|          | 4/5000 [00:10<3:38:10,  2.62s/it]  0%|          | 5/5000 [00:13<3:34:12,  2.57s/it]  0%|          | 6/5000 [00:15<3:28:47,  2.51s/it]  0%|          | 7/5000 [00:18<3:26:35,  2.48s/it]  0%|          | 8/5000 [00:20<3:24:38,  2.46s/it]  0%|          | 9/5000 [00:23<3:38:57,  2.63s/it]  0%|          | 9/5000 [00:26<4:03:36,  2.93s/it]
[I 2024-07-25 15:13:10,632] Trial 41 finished with value: 0.7065149582085709 and parameters: {'lr': 0.0001, 'l2': 0.001, 'bsize': 1024, 'alpha1': 0.1}. Best is trial 14 with value: 0.707629020600957.
AUC:  0.7065149582085709 LOGlOSS:  0.5535147078839837 test_AUC:  0.0 test_LOGlOSS:  10000.0
  0%|          | 0/5000 [00:00<?, ?it/s]  0%|          | 1/5000 [00:02<4:02:31,  2.91s/it]  0%|          | 2/5000 [00:06<4:32:35,  3.27s/it]  0%|          | 3/5000 [00:09<4:13:52,  3.05s/it]  0%|          | 4/5000 [00:11<3:59:23,  2.88s/it]  0%|          | 5/5000 [00:14<3:53:33,  2.81s/it]  0%|          | 6/5000 [00:17<3:53:57,  2.81s/it]  0%|          | 7/5000 [00:20<3:50:04,  2.76s/it]  0%|          | 8/5000 [00:22<3:46:47,  2.73s/it]  0%|          | 9/5000 [00:25<3:41:59,  2.67s/it]  0%|          | 9/5000 [00:27<4:18:08,  3.10s/it]
[I 2024-07-25 15:13:48,200] Trial 42 finished with value: 0.7065149582085709 and parameters: {'lr': 0.0001, 'l2': 0.001, 'bsize': 1024, 'alpha1': 0.1}. Best is trial 14 with value: 0.707629020600957.
AUC:  0.7065149582085709 LOGlOSS:  0.5535147078839837 test_AUC:  0.0 test_LOGlOSS:  10000.0
  0%|          | 0/5000 [00:00<?, ?it/s]  0%|          | 1/5000 [00:02<4:03:38,  2.92s/it]  0%|          | 2/5000 [00:05<3:58:07,  2.86s/it]  0%|          | 3/5000 [00:08<3:53:24,  2.80s/it]  0%|          | 4/5000 [00:11<3:53:17,  2.80s/it]  0%|          | 5/5000 [00:13<3:46:52,  2.73s/it]  0%|          | 6/5000 [00:16<3:44:22,  2.70s/it]  0%|          | 7/5000 [00:19<3:41:28,  2.66s/it]  0%|          | 8/5000 [00:21<3:39:51,  2.64s/it]  0%|          | 9/5000 [00:24<3:36:27,  2.60s/it]  0%|          | 9/5000 [00:26<4:06:54,  2.97s/it]
