[I 2024-07-25 11:09:00,794] Trial 62 finished with value: 0.656065695377789 and parameters: {'lr': 3e-05, 'l2': 0.0003, 'bsize': 256, 'beta1': 0.01484069173411374}. Best is trial 54 with value: 0.6562019197191791.
AUC:  0.656065695377789 LOGlOSS:  0.6608622170894909 test_AUC:  0.0 test_LOGlOSS:  10000.0
  0%|          | 0/5000 [00:00<?, ?it/s]  0%|          | 1/5000 [00:10<14:40:33, 10.57s/it]  0%|          | 2/5000 [00:21<15:21:35, 11.06s/it]  0%|          | 3/5000 [00:32<15:05:46, 10.88s/it]  0%|          | 4/5000 [00:42<14:47:38, 10.66s/it]  0%|          | 5/5000 [00:53<14:44:12, 10.62s/it]  0%|          | 6/5000 [01:05<15:14:31, 10.99s/it]  0%|          | 7/5000 [01:16<15:27:08, 11.14s/it]  0%|          | 8/5000 [01:25<14:17:40, 10.31s/it]  0%|          | 9/5000 [01:32<13:03:52,  9.42s/it]  0%|          | 10/5000 [01:43<13:37:07,  9.83s/it]  0%|          | 10/5000 [01:52<15:34:30, 11.24s/it]
[I 2024-07-25 11:10:59,421] Trial 63 finished with value: 0.6559631586975442 and parameters: {'lr': 3e-05, 'l2': 0.0003, 'bsize': 256, 'beta1': 0.023012413827069523}. Best is trial 54 with value: 0.6562019197191791.
AUC:  0.6559631586975442 LOGlOSS:  0.6497729252006871 test_AUC:  0.0 test_LOGlOSS:  10000.0
  0%|          | 0/5000 [00:00<?, ?it/s]  0%|          | 1/5000 [00:09<13:14:43,  9.54s/it]  0%|          | 2/5000 [00:19<13:52:34,  9.99s/it]  0%|          | 3/5000 [00:28<12:53:17,  9.28s/it]  0%|          | 4/5000 [00:36<12:28:18,  8.99s/it]  0%|          | 5/5000 [00:44<12:02:28,  8.68s/it]  0%|          | 6/5000 [00:53<11:47:13,  8.50s/it]  0%|          | 7/5000 [01:00<11:26:03,  8.24s/it]  0%|          | 8/5000 [01:10<12:01:27,  8.67s/it]  0%|          | 9/5000 [01:19<12:21:32,  8.91s/it]  0%|          | 9/5000 [01:27<13:32:35,  9.77s/it]
[I 2024-07-25 11:12:32,733] Trial 64 finished with value: 0.6538368540383841 and parameters: {'lr': 3e-05, 'l2': 0.0003, 'bsize': 256, 'beta1': 0.08635787674554264}. Best is trial 54 with value: 0.6562019197191791.
AUC:  0.6538368540383841 LOGlOSS:  0.6380955738864112 test_AUC:  0.0 test_LOGlOSS:  10000.0
  0%|          | 0/5000 [00:00<?, ?it/s]  0%|          | 1/5000 [00:07<10:10:21,  7.33s/it]  0%|          | 2/5000 [00:13<9:32:31,  6.87s/it]   0%|          | 3/5000 [00:22<10:29:35,  7.56s/it]  0%|          | 4/5000 [00:30<10:48:16,  7.79s/it]  0%|          | 5/5000 [00:39<11:27:34,  8.26s/it]  0%|          | 6/5000 [00:46<10:56:30,  7.89s/it]  0%|          | 7/5000 [00:55<11:15:26,  8.12s/it]  0%|          | 8/5000 [01:03<11:16:06,  8.13s/it]  0%|          | 8/5000 [01:10<12:18:18,  8.87s/it]
[I 2024-07-25 11:14:09,588] Trial 65 finished with value: 0.6523317343536832 and parameters: {'lr': 3e-05, 'l2': 0.0003, 'bsize': 256, 'beta1': 0.14109329965412928}. Best is trial 54 with value: 0.6562019197191791.
AUC:  0.6523317343536832 LOGlOSS:  0.6365297627572557 test_AUC:  0.0 test_LOGlOSS:  10000.0
  0%|          | 0/5000 [00:00<?, ?it/s]  0%|          | 1/5000 [00:02<3:15:12,  2.34s/it]  0%|          | 2/5000 [00:04<2:53:31,  2.08s/it]  0%|          | 3/5000 [00:05<2:40:34,  1.93s/it]  0%|          | 4/5000 [00:07<2:34:26,  1.85s/it]  0%|          | 5/5000 [00:09<2:37:17,  1.89s/it]  0%|          | 6/5000 [00:12<2:49:41,  2.04s/it]  0%|          | 7/5000 [00:14<2:49:01,  2.03s/it]  0%|          | 8/5000 [00:16<2:53:29,  2.09s/it]  0%|          | 9/5000 [00:18<2:52:32,  2.07s/it]  0%|          | 10/5000 [00:20<2:50:34,  2.05s/it]  0%|          | 11/5000 [00:22<2:49:52,  2.04s/it]  0%|          | 12/5000 [00:24<2:49:45,  2.04s/it]  0%|          | 13/5000 [00:26<2:49:21,  2.04s/it]  0%|          | 13/5000 [00:28<3:03:55,  2.21s/it]
[I 2024-07-25 11:14:59,264] Trial 66 finished with value: 0.6560769300098432 and parameters: {'lr': 3e-05, 'l2': 0.0003, 'bsize': 1024, 'beta1': 0.013711802031384675}. Best is trial 54 with value: 0.6562019197191791.
AUC:  0.6560769300098432 LOGlOSS:  0.6150388967520545 test_AUC:  0.0 test_LOGlOSS:  10000.0
  0%|          | 0/5000 [00:00<?, ?it/s]  0%|          | 1/5000 [00:02<2:50:20,  2.04s/it]  0%|          | 2/5000 [00:04<3:01:58,  2.18s/it]  0%|          | 3/5000 [00:06<2:55:41,  2.11s/it]  0%|          | 4/5000 [00:08<3:10:07,  2.28s/it]  0%|          | 5/5000 [00:10<3:02:06,  2.19s/it]  0%|          | 6/5000 [00:12<2:57:16,  2.13s/it]  0%|          | 7/5000 [00:15<2:55:47,  2.11s/it]  0%|          | 8/5000 [00:17<3:03:29,  2.21s/it]  0%|          | 9/5000 [00:19<3:06:23,  2.24s/it]  0%|          | 10/5000 [00:21<3:06:35,  2.24s/it]  0%|          | 11/5000 [00:24<3:02:07,  2.19s/it]  0%|          | 12/5000 [00:26<3:08:29,  2.27s/it]  0%|          | 12/5000 [00:28<3:17:46,  2.38s/it]
[I 2024-07-25 11:15:49,583] Trial 67 finished with value: 0.6540830794782553 and parameters: {'lr': 3e-05, 'l2': 0.0003, 'bsize': 1024, 'beta1': 0.08263450262145054}. Best is trial 54 with value: 0.6562019197191791.
AUC:  0.6540830794782553 LOGlOSS:  0.6183856274043726 test_AUC:  0.0 test_LOGlOSS:  10000.0
  0%|          | 0/5000 [00:00<?, ?it/s]  0%|          | 1/5000 [00:01<2:39:44,  1.92s/it]  0%|          | 2/5000 [00:03<2:37:18,  1.89s/it]  0%|          | 3/5000 [00:05<2:35:01,  1.86s/it]  0%|          | 4/5000 [00:07<2:35:31,  1.87s/it]  0%|          | 5/5000 [00:09<2:44:28,  1.98s/it]  0%|          | 6/5000 [00:11<2:43:06,  1.96s/it]  0%|          | 7/5000 [00:13<2:38:12,  1.90s/it]  0%|          | 8/5000 [00:15<2:34:13,  1.85s/it]  0%|          | 8/5000 [00:16<2:56:05,  2.12s/it]
[I 2024-07-25 11:16:28,818] Trial 68 finished with value: 0.6525771325456213 and parameters: {'lr': 0.0001, 'l2': 0.0003, 'bsize': 1024, 'beta1': 0.1210923750965664}. Best is trial 54 with value: 0.6562019197191791.
AUC:  0.6525771325456213 LOGlOSS:  0.6516275374845975 test_AUC:  0.0 test_LOGlOSS:  10000.0
  0%|          | 0/5000 [00:00<?, ?it/s]  0%|          | 1/5000 [00:02<3:54:13,  2.81s/it]  0%|          | 2/5000 [00:05<3:39:27,  2.63s/it]  0%|          | 3/5000 [00:07<3:33:50,  2.57s/it]  0%|          | 4/5000 [00:09<3:19:48,  2.40s/it]  0%|          | 5/5000 [00:12<3:20:56,  2.41s/it]  0%|          | 6/5000 [00:14<3:19:00,  2.39s/it]  0%|          | 7/5000 [00:16<3:15:18,  2.35s/it]  0%|          | 8/5000 [00:19<3:09:09,  2.27s/it]  0%|          | 9/5000 [00:21<3:06:12,  2.24s/it]  0%|          | 10/5000 [00:23<3:06:05,  2.24s/it]  0%|          | 11/5000 [00:26<3:14:03,  2.33s/it]  0%|          | 11/5000 [00:28<3:33:58,  2.57s/it]
[I 2024-07-25 11:17:18,966] Trial 69 finished with value: 0.6521275844213059 and parameters: {'lr': 3e-05, 'l2': 0.0003, 'bsize': 1024, 'beta1': 0.17306449835075893}. Best is trial 54 with value: 0.6562019197191791.
AUC:  0.6521275844213059 LOGlOSS:  0.623151632746932 test_AUC:  0.0 test_LOGlOSS:  10000.0
  0%|          | 0/5000 [00:00<?, ?it/s]  0%|          | 1/5000 [00:02<2:58:14,  2.14s/it]  0%|          | 2/5000 [00:04<3:15:02,  2.34s/it]  0%|          | 3/5000 [00:06<3:01:22,  2.18s/it]  0%|          | 4/5000 [00:08<2:47:42,  2.01s/it]  0%|          | 5/5000 [00:10<2:40:48,  1.93s/it]  0%|          | 6/5000 [00:11<2:35:54,  1.87s/it]  0%|          | 6/5000 [00:14<3:14:59,  2.34s/it]
[I 2024-07-25 11:17:58,066] Trial 70 finished with value: 0.6424435852011732 and parameters: {'lr': 0.001, 'l2': 1e-06, 'bsize': 1024, 'beta1': 0.2351215123539666}. Best is trial 54 with value: 0.6562019197191791.
AUC:  0.6424435852011732 LOGlOSS:  0.6000051267306832 test_AUC:  0.0 test_LOGlOSS:  10000.0
  0%|          | 0/5000 [00:00<?, ?it/s]  0%|          | 1/5000 [00:02<3:07:33,  2.25s/it]  0%|          | 2/5000 [00:04<3:29:44,  2.52s/it]  0%|          | 3/5000 [00:07<3:35:23,  2.59s/it]  0%|          | 4/5000 [00:10<3:31:09,  2.54s/it]  0%|          | 5/5000 [00:12<3:19:09,  2.39s/it]  0%|          | 6/5000 [00:14<3:14:07,  2.33s/it]  0%|          | 7/5000 [00:16<3:15:53,  2.35s/it]  0%|          | 8/5000 [00:19<3:17:43,  2.38s/it]  0%|          | 9/5000 [00:21<3:15:07,  2.35s/it]  0%|          | 10/5000 [00:24<3:20:40,  2.41s/it]  0%|          | 11/5000 [00:26<3:13:38,  2.33s/it]  0%|          | 12/5000 [00:28<3:20:45,  2.41s/it]  0%|          | 13/5000 [00:31<3:18:09,  2.38s/it]  0%|          | 13/5000 [00:34<3:37:25,  2.62s/it]
[I 2024-07-25 11:18:46,943] Trial 71 finished with value: 0.6557674413808056 and parameters: {'lr': 3e-05, 'l2': 0.0003, 'bsize': 1024, 'beta1': 0.026964806257818625}. Best is trial 54 with value: 0.6562019197191791.
AUC:  0.6557674413808056 LOGlOSS:  0.6179905780557469 test_AUC:  0.0 test_LOGlOSS:  10000.0
  0%|          | 0/5000 [00:00<?, ?it/s]  0%|          | 1/5000 [00:07<10:44:45,  7.74s/it]  0%|          | 2/5000 [00:15<10:54:10,  7.85s/it]  0%|          | 3/5000 [00:24<11:17:58,  8.14s/it]  0%|          | 4/5000 [00:32<11:19:52,  8.17s/it]  0%|          | 5/5000 [00:40<11:06:29,  8.01s/it]  0%|          | 6/5000 [00:46<10:20:43,  7.46s/it]  0%|          | 7/5000 [00:53<9:59:18,  7.20s/it]   0%|          | 8/5000 [01:00<9:54:51,  7.15s/it]  0%|          | 9/5000 [01:08<10:16:23,  7.41s/it]  0%|          | 10/5000 [01:16<10:31:53,  7.60s/it]  0%|          | 11/5000 [01:24<10:40:55,  7.71s/it]  0%|          | 11/5000 [01:32<11:36:32,  8.38s/it]
[I 2024-07-25 11:20:43,398] Trial 72 finished with value: 0.6560467309095621 and parameters: {'lr': 3e-05, 'l2': 0.0003, 'bsize': 256, 'beta1': 0.01621075243692457}. Best is trial 54 with value: 0.6562019197191791.
AUC:  0.6560467309095621 LOGlOSS:  0.6608388317515249 test_AUC:  0.0 test_LOGlOSS:  10000.0
  0%|          | 0/5000 [00:00<?, ?it/s]  0%|          | 1/5000 [00:08<12:22:33,  8.91s/it]  0%|          | 2/5000 [00:17<12:04:20,  8.70s/it]  0%|          | 3/5000 [00:25<11:38:46,  8.39s/it]  0%|          | 4/5000 [00:33<11:18:53,  8.15s/it]  0%|          | 5/5000 [00:41<11:31:04,  8.30s/it]  0%|          | 6/5000 [00:50<11:29:05,  8.28s/it]  0%|          | 7/5000 [00:58<11:19:46,  8.17s/it]  0%|          | 8/5000 [01:08<12:10:54,  8.78s/it]  0%|          | 9/5000 [01:15<11:41:37,  8.43s/it]  0%|          | 10/5000 [01:23<11:26:22,  8.25s/it]  0%|          | 11/5000 [01:31<11:14:24,  8.11s/it]  0%|          | 11/5000 [01:39<12:31:54,  9.04s/it]
[I 2024-07-25 11:22:43,072] Trial 73 finished with value: 0.6560411025242049 and parameters: {'lr': 3e-05, 'l2': 0.0003, 'bsize': 256, 'beta1': 0.016657302297870602}. Best is trial 54 with value: 0.6562019197191791.
AUC:  0.6560411025242049 LOGlOSS:  0.660833381251662 test_AUC:  0.0 test_LOGlOSS:  10000.0
  0%|          | 0/5000 [00:00<?, ?it/s]  0%|          | 1/5000 [00:08<11:31:01,  8.29s/it]  0%|          | 2/5000 [00:17<11:56:39,  8.60s/it]  0%|          | 3/5000 [00:25<11:55:00,  8.59s/it]  0%|          | 4/5000 [00:36<12:57:36,  9.34s/it]  0%|          | 5/5000 [00:45<12:59:59,  9.37s/it]  0%|          | 6/5000 [00:53<12:24:11,  8.94s/it]  0%|          | 7/5000 [01:01<12:04:53,  8.71s/it]  0%|          | 8/5000 [01:08<11:03:43,  7.98s/it]  0%|          | 9/5000 [01:14<10:16:21,  7.41s/it]  0%|          | 9/5000 [01:21<12:34:58,  9.08s/it]
[I 2024-07-25 11:24:27,408] Trial 74 finished with value: 0.6541510572180863 and parameters: {'lr': 3e-05, 'l2': 0.0003, 'bsize': 256, 'beta1': 0.07549836102839112}. Best is trial 54 with value: 0.6562019197191791.
AUC:  0.6541510572180863 LOGlOSS:  0.6357550933079582 test_AUC:  0.0 test_LOGlOSS:  10000.0
  0%|          | 0/5000 [00:00<?, ?it/s]  0%|          | 1/5000 [00:08<12:11:40,  8.78s/it]  0%|          | 2/5000 [00:16<11:33:22,  8.32s/it]  0%|          | 3/5000 [00:25<11:55:30,  8.59s/it]  0%|          | 4/5000 [00:33<11:38:04,  8.38s/it]  0%|          | 5/5000 [00:41<11:31:00,  8.30s/it]  0%|          | 6/5000 [00:48<10:43:08,  7.73s/it]  0%|          | 7/5000 [00:55<10:20:58,  7.46s/it]  0%|          | 8/5000 [01:02<10:04:46,  7.27s/it]  0%|          | 9/5000 [01:10<10:22:51,  7.49s/it]  0%|          | 10/5000 [01:18<10:33:06,  7.61s/it]  0%|          | 11/5000 [01:26<10:44:01,  7.75s/it]  0%|          | 12/5000 [01:34<11:07:46,  8.03s/it]  0%|          | 13/5000 [01:43<11:17:54,  8.16s/it]  0%|          | 14/5000 [01:50<11:01:43,  7.96s/it]  0%|          | 15/5000 [01:58<11:05:22,  8.01s/it]  0%|          | 16/5000 [02:06<11:05:37,  8.01s/it]  0%|          | 17/5000 [02:15<11:29:52,  8.31s/it]  0%|          | 17/5000 [02:24<11:44:18,  8.48s/it]
[I 2024-07-25 11:27:12,591] Trial 75 finished with value: 0.6564153701026718 and parameters: {'lr': 1e-05, 'l2': 0.0003, 'bsize': 256, 'beta1': 0.010673329340307932}. Best is trial 75 with value: 0.6564153701026718.
AUC:  0.6564153701026718 LOGlOSS:  0.6411939220863676 test_AUC:  0.0 test_LOGlOSS:  10000.0
  0%|          | 0/5000 [00:00<?, ?it/s]  0%|          | 1/5000 [00:08<11:47:00,  8.49s/it]  0%|          | 2/5000 [00:16<11:34:43,  8.34s/it]  0%|          | 3/5000 [00:24<11:23:42,  8.21s/it]  0%|          | 4/5000 [00:32<11:16:08,  8.12s/it]  0%|          | 5/5000 [00:41<11:20:39,  8.18s/it]  0%|          | 6/5000 [00:49<11:24:11,  8.22s/it]  0%|          | 7/5000 [00:57<11:19:12,  8.16s/it]  0%|          | 8/5000 [01:05<11:24:05,  8.22s/it]  0%|          | 9/5000 [01:13<11:10:47,  8.06s/it]  0%|          | 10/5000 [01:21<11:06:16,  8.01s/it]  0%|          | 11/5000 [01:29<11:04:38,  7.99s/it]  0%|          | 12/5000 [01:37<11:20:11,  8.18s/it]  0%|          | 13/5000 [01:46<11:17:49,  8.16s/it]  0%|          | 14/5000 [01:53<11:12:44,  8.10s/it]  0%|          | 15/5000 [02:01<10:50:22,  7.83s/it]  0%|          | 15/5000 [02:07<11:46:53,  8.51s/it]
[I 2024-07-25 11:29:42,335] Trial 76 finished with value: 0.6544597473794491 and parameters: {'lr': 1e-05, 'l2': 0.0003, 'bsize': 256, 'beta1': 0.07215917689773893}. Best is trial 75 with value: 0.6564153701026718.
AUC:  0.6544597473794491 LOGlOSS:  0.6417262931686039 test_AUC:  0.0 test_LOGlOSS:  10000.0
  0%|          | 0/5000 [00:00<?, ?it/s]  0%|          | 1/5000 [00:02<4:03:36,  2.92s/it]  0%|          | 2/5000 [00:05<3:43:09,  2.68s/it]  0%|          | 3/5000 [00:07<3:20:22,  2.41s/it]  0%|          | 4/5000 [00:09<3:12:13,  2.31s/it]  0%|          | 5/5000 [00:12<3:17:46,  2.38s/it]  0%|          | 6/5000 [00:14<3:12:33,  2.31s/it]  0%|          | 7/5000 [00:16<3:14:46,  2.34s/it]  0%|          | 8/5000 [00:18<3:11:09,  2.30s/it]  0%|          | 9/5000 [00:21<3:06:55,  2.25s/it]  0%|          | 10/5000 [00:23<3:09:02,  2.27s/it]  0%|          | 11/5000 [00:26<3:19:12,  2.40s/it]  0%|          | 12/5000 [00:28<3:18:17,  2.39s/it]  0%|          | 13/5000 [00:30<3:16:57,  2.37s/it]  0%|          | 14/5000 [00:32<3:11:09,  2.30s/it]  0%|          | 15/5000 [00:35<3:16:10,  2.36s/it]  0%|          | 16/5000 [00:37<3:11:24,  2.30s/it]  0%|          | 17/5000 [00:40<3:15:29,  2.35s/it]  0%|          | 18/5000 [00:42<3:12:16,  2.32s/it]  0%|          | 19/5000 [00:44<3:07:22,  2.26s/it]  0%|          | 20/5000 [00:46<3:04:50,  2.23s/it]  0%|          | 21/5000 [00:48<3:01:20,  2.19s/it]  0%|          | 22/5000 [00:50<2:59:18,  2.16s/it]  0%|          | 23/5000 [00:53<3:02:22,  2.20s/it]  0%|          | 24/5000 [00:55<3:12:01,  2.32s/it]  0%|          | 25/5000 [00:57<3:12:28,  2.32s/it]  0%|          | 25/5000 [01:00<3:21:10,  2.43s/it]
[I 2024-07-25 11:30:57,354] Trial 77 finished with value: 0.6530138006434654 and parameters: {'lr': 1e-05, 'l2': 0.0003, 'bsize': 1024, 'beta1': 0.11488264466377099}. Best is trial 75 with value: 0.6564153701026718.
AUC:  0.6530138006434654 LOGlOSS:  0.6571705108601089 test_AUC:  0.0 test_LOGlOSS:  10000.0
  0%|          | 0/5000 [00:00<?, ?it/s]  0%|          | 1/5000 [00:03<5:01:14,  3.62s/it]  0%|          | 2/5000 [00:07<5:13:46,  3.77s/it]  0%|          | 3/5000 [00:11<5:15:37,  3.79s/it]  0%|          | 4/5000 [00:15<5:20:04,  3.84s/it]  0%|          | 5/5000 [00:19<5:22:14,  3.87s/it]  0%|          | 6/5000 [00:23<5:34:59,  4.02s/it]  0%|          | 7/5000 [00:27<5:29:57,  3.97s/it]  0%|          | 8/5000 [00:31<5:33:19,  4.01s/it]  0%|          | 9/5000 [00:35<5:26:53,  3.93s/it]  0%|          | 10/5000 [00:39<5:24:38,  3.90s/it]  0%|          | 11/5000 [00:42<5:20:17,  3.85s/it]  0%|          | 12/5000 [00:46<5:21:43,  3.87s/it]  0%|          | 13/5000 [00:49<5:06:56,  3.69s/it]  0%|          | 14/5000 [00:53<4:54:26,  3.54s/it]  0%|          | 15/5000 [00:56<4:54:59,  3.55s/it]  0%|          | 16/5000 [01:00<5:07:37,  3.70s/it]  0%|          | 17/5000 [01:05<5:26:53,  3.94s/it]  0%|          | 17/5000 [01:10<5:42:52,  4.13s/it]
[I 2024-07-25 11:32:29,383] Trial 78 finished with value: 0.6535576887321095 and parameters: {'lr': 1e-05, 'l2': 0.0001, 'bsize': 512, 'beta1': 0.04047552823033278}. Best is trial 75 with value: 0.6564153701026718.
AUC:  0.6535576887321095 LOGlOSS:  0.6527207346863226 test_AUC:  0.0 test_LOGlOSS:  10000.0
  0%|          | 0/5000 [00:00<?, ?it/s]  0%|          | 1/5000 [00:08<12:28:54,  8.99s/it]  0%|          | 2/5000 [00:17<11:50:43,  8.53s/it]  0%|          | 3/5000 [00:25<11:30:10,  8.29s/it]  0%|          | 4/5000 [00:33<11:20:58,  8.18s/it]  0%|          | 5/5000 [00:41<11:12:32,  8.08s/it]  0%|          | 6/5000 [00:49<11:11:16,  8.06s/it]  0%|          | 7/5000 [00:56<11:04:35,  7.99s/it]  0%|          | 8/5000 [01:05<11:13:47,  8.10s/it]  0%|          | 9/5000 [01:13<11:11:58,  8.08s/it]  0%|          | 10/5000 [01:21<11:14:02,  8.10s/it]  0%|          | 11/5000 [01:29<11:13:14,  8.10s/it]  0%|          | 12/5000 [01:37<11:08:25,  8.04s/it]  0%|          | 13/5000 [01:45<11:16:05,  8.13s/it]  0%|          | 14/5000 [01:53<11:10:15,  8.07s/it]  0%|          | 15/5000 [02:01<11:01:31,  7.96s/it]  0%|          | 16/5000 [02:10<11:28:33,  8.29s/it]  0%|          | 17/5000 [02:18<11:28:19,  8.29s/it]  0%|          | 18/5000 [02:27<11:30:53,  8.32s/it]  0%|          | 18/5000 [02:35<11:55:46,  8.62s/it]
[I 2024-07-25 11:35:14,203] Trial 79 finished with value: 0.6303165179291281 and parameters: {'lr': 1e-05, 'l2': 3e-06, 'bsize': 256, 'beta1': 0.8377770797474693}. Best is trial 75 with value: 0.6564153701026718.
AUC:  0.6303165179291281 LOGlOSS:  0.7126805777308411 test_AUC:  0.0 test_LOGlOSS:  10000.0
  0%|          | 0/5000 [00:00<?, ?it/s]  0%|          | 1/5000 [00:09<13:15:56,  9.55s/it]  0%|          | 2/5000 [00:18<12:33:44,  9.05s/it]  0%|          | 3/5000 [00:26<11:58:50,  8.63s/it]  0%|          | 4/5000 [00:34<11:47:16,  8.49s/it]  0%|          | 5/5000 [00:43<11:53:39,  8.57s/it]  0%|          | 6/5000 [00:51<11:38:16,  8.39s/it]  0%|          | 7/5000 [01:00<11:59:00,  8.64s/it]  0%|          | 8/5000 [01:08<11:47:59,  8.51s/it]  0%|          | 9/5000 [01:16<11:33:27,  8.34s/it]  0%|          | 10/5000 [01:24<11:24:31,  8.23s/it]  0%|          | 11/5000 [01:32<11:18:41,  8.16s/it]  0%|          | 12/5000 [01:40<11:20:13,  8.18s/it]  0%|          | 13/5000 [01:49<11:25:05,  8.24s/it]  0%|          | 14/5000 [01:57<11:20:29,  8.19s/it]  0%|          | 14/5000 [02:07<12:36:00,  9.10s/it]
[I 2024-07-25 11:37:42,623] Trial 80 finished with value: 0.6393878292385401 and parameters: {'lr': 1e-05, 'l2': 0.0003, 'bsize': 256, 'beta1': 0.6045153759817881}. Best is trial 75 with value: 0.6564153701026718.
AUC:  0.6393878292385401 LOGlOSS:  0.6661394547773556 test_AUC:  0.0 test_LOGlOSS:  10000.0
  0%|          | 0/5000 [00:00<?, ?it/s]  0%|          | 1/5000 [00:06<8:59:43,  6.48s/it]  0%|          | 2/5000 [00:13<9:11:50,  6.62s/it]  0%|          | 3/5000 [00:20<9:41:16,  6.98s/it]  0%|          | 4/5000 [00:28<10:22:33,  7.48s/it]  0%|          | 5/5000 [00:36<10:29:30,  7.56s/it]  0%|          | 6/5000 [00:45<11:01:42,  7.95s/it]  0%|          | 7/5000 [00:53<11:13:39,  8.10s/it]  0%|          | 8/5000 [01:00<10:50:09,  7.81s/it]  0%|          | 9/5000 [01:08<10:39:34,  7.69s/it]  0%|          | 10/5000 [01:16<10:51:22,  7.83s/it]  0%|          | 11/5000 [01:24<10:44:33,  7.75s/it]  0%|          | 11/5000 [01:31<11:29:31,  8.29s/it]
[I 2024-07-25 11:39:26,074] Trial 81 finished with value: 0.6561131749322172 and parameters: {'lr': 3e-05, 'l2': 0.0003, 'bsize': 256, 'beta1': 0.011311115391155917}. Best is trial 75 with value: 0.6564153701026718.
AUC:  0.6561131749322172 LOGlOSS:  0.6609247223135063 test_AUC:  0.0 test_LOGlOSS:  10000.0
  0%|          | 0/5000 [00:00<?, ?it/s]  0%|          | 1/5000 [00:07<10:09:11,  7.31s/it]  0%|          | 2/5000 [00:16<11:54:48,  8.58s/it]  0%|          | 3/5000 [00:24<11:40:36,  8.41s/it]  0%|          | 4/5000 [00:32<10:56:12,  7.88s/it]  0%|          | 5/5000 [00:39<10:30:51,  7.58s/it]  0%|          | 6/5000 [00:46<10:17:30,  7.42s/it]  0%|          | 7/5000 [00:53<10:06:35,  7.29s/it]  0%|          | 8/5000 [01:00<10:05:17,  7.28s/it]  0%|          | 9/5000 [01:09<10:41:05,  7.71s/it]  0%|          | 9/5000 [01:18<12:06:42,  8.74s/it]
[I 2024-07-25 11:40:52,060] Trial 82 finished with value: 0.6545133418777869 and parameters: {'lr': 3e-05, 'l2': 0.0003, 'bsize': 256, 'beta1': 0.06802733089498564}. Best is trial 75 with value: 0.6564153701026718.
AUC:  0.6545133418777869 LOGlOSS:  0.6325047777390058 test_AUC:  0.0 test_LOGlOSS:  10000.0
  0%|          | 0/5000 [00:00<?, ?it/s]  0%|          | 1/5000 [00:07<10:03:49,  7.25s/it]  0%|          | 2/5000 [00:14<9:56:50,  7.16s/it]   0%|          | 3/5000 [00:22<10:42:36,  7.72s/it]  0%|          | 4/5000 [00:30<10:28:06,  7.54s/it]  0%|          | 5/5000 [00:37<10:39:29,  7.68s/it]  0%|          | 6/5000 [00:46<11:13:28,  8.09s/it]  0%|          | 7/5000 [00:54<10:56:02,  7.88s/it]  0%|          | 8/5000 [01:01<10:37:18,  7.66s/it]  0%|          | 9/5000 [01:09<10:43:59,  7.74s/it]  0%|          | 9/5000 [01:16<11:50:37,  8.54s/it]
