[I 2024-07-25 17:25:12,464] Trial 47 finished with value: 0.6969538027236533 and parameters: {'lr': 0.0001, 'l2': 3e-05, 'bsize': 256, 'alpha1': 0.08304238804327635, 'alpha2': 0.9}. Best is trial 25 with value: 0.7101646954060958.
AUC:  0.6969538027236533 LOGlOSS:  0.4455225344062739 test_AUC:  0.0 test_LOGlOSS:  10000.0
  0%|          | 0/5000 [00:00<?, ?it/s]  0%|          | 1/5000 [00:10<14:13:24, 10.24s/it]  0%|          | 2/5000 [00:20<14:00:12, 10.09s/it]  0%|          | 3/5000 [00:30<14:05:19, 10.15s/it]  0%|          | 4/5000 [00:40<14:06:54, 10.17s/it]  0%|          | 5/5000 [00:50<14:11:22, 10.23s/it]  0%|          | 6/5000 [01:01<14:28:12, 10.43s/it]  0%|          | 7/5000 [01:12<14:43:28, 10.62s/it]  0%|          | 8/5000 [01:23<14:46:10, 10.65s/it]  0%|          | 9/5000 [01:34<14:42:50, 10.61s/it]  0%|          | 10/5000 [01:44<14:49:10, 10.69s/it]  0%|          | 11/5000 [01:55<14:35:02, 10.52s/it]  0%|          | 12/5000 [02:05<14:24:20, 10.40s/it]  0%|          | 13/5000 [02:14<14:08:37, 10.21s/it]  0%|          | 14/5000 [02:25<14:05:43, 10.18s/it]  0%|          | 15/5000 [02:35<14:06:08, 10.18s/it]  0%|          | 16/5000 [02:45<13:59:00, 10.10s/it]  0%|          | 17/5000 [02:55<13:58:48, 10.10s/it]  0%|          | 18/5000 [03:06<14:14:37, 10.29s/it]  0%|          | 19/5000 [03:16<14:27:28, 10.45s/it]  0%|          | 20/5000 [03:27<14:32:25, 10.51s/it]  0%|          | 21/5000 [03:37<14:26:37, 10.44s/it]  0%|          | 22/5000 [03:48<14:34:35, 10.54s/it]  0%|          | 23/5000 [03:59<14:34:54, 10.55s/it]  0%|          | 24/5000 [04:08<14:16:14, 10.32s/it]  0%|          | 24/5000 [04:19<14:55:32, 10.80s/it]
[I 2024-07-25 17:29:44,240] Trial 48 finished with value: 0.7045575459436553 and parameters: {'lr': 1e-05, 'l2': 3e-06, 'bsize': 1024, 'alpha1': 0.04106815733764802, 'alpha2': 0.4}. Best is trial 25 with value: 0.7101646954060958.
AUC:  0.7045575459436553 LOGlOSS:  0.4563168778757725 test_AUC:  0.0 test_LOGlOSS:  10000.0
  0%|          | 0/5000 [00:00<?, ?it/s]  0%|          | 1/5000 [00:38<52:56:28, 38.13s/it]  0%|          | 2/5000 [01:17<53:32:55, 38.57s/it]  0%|          | 3/5000 [01:53<52:05:13, 37.53s/it]  0%|          | 4/5000 [02:27<50:26:24, 36.35s/it]  0%|          | 5/5000 [03:06<51:39:09, 37.23s/it]  0%|          | 6/5000 [03:45<52:21:50, 37.75s/it]  0%|          | 7/5000 [04:21<51:44:31, 37.31s/it]  0%|          | 8/5000 [04:59<51:48:27, 37.36s/it]  0%|          | 9/5000 [05:38<52:24:25, 37.80s/it]  0%|          | 10/5000 [06:14<52:01:22, 37.53s/it]  0%|          | 11/5000 [06:51<51:45:50, 37.35s/it]  0%|          | 12/5000 [07:31<52:37:19, 37.98s/it]  0%|          | 13/5000 [08:07<51:56:48, 37.50s/it]  0%|          | 14/5000 [08:42<50:50:37, 36.71s/it]  0%|          | 15/5000 [09:21<51:36:32, 37.27s/it]  0%|          | 16/5000 [09:59<51:58:38, 37.54s/it]  0%|          | 17/5000 [10:35<51:35:44, 37.28s/it]  0%|          | 18/5000 [11:13<51:49:29, 37.45s/it]  0%|          | 19/5000 [11:52<52:10:11, 37.71s/it]  0%|          | 20/5000 [12:28<51:41:25, 37.37s/it]  0%|          | 21/5000 [13:01<49:58:59, 36.14s/it]  0%|          | 21/5000 [13:40<54:02:21, 39.07s/it]
[I 2024-07-25 17:43:37,080] Trial 49 finished with value: 0.7049916523525388 and parameters: {'lr': 0.0001, 'l2': 0.001, 'bsize': 256, 'alpha1': 0.0879266476504696, 'alpha2': 0.7}. Best is trial 25 with value: 0.7101646954060958.
AUC:  0.7049916523525388 LOGlOSS:  0.4457249583586841 test_AUC:  0.0 test_LOGlOSS:  10000.0
  0%|          | 0/5000 [00:00<?, ?it/s]  0%|          | 1/5000 [00:09<13:20:48,  9.61s/it]  0%|          | 2/5000 [00:19<13:55:08, 10.03s/it]  0%|          | 3/5000 [00:30<14:05:00, 10.15s/it]  0%|          | 4/5000 [00:40<13:56:23, 10.04s/it]  0%|          | 5/5000 [00:49<13:46:01,  9.92s/it]  0%|          | 6/5000 [00:59<13:53:17, 10.01s/it]  0%|          | 7/5000 [01:10<14:01:42, 10.11s/it]  0%|          | 8/5000 [01:20<14:14:26, 10.27s/it]  0%|          | 9/5000 [01:31<14:33:52, 10.51s/it]  0%|          | 10/5000 [01:41<14:09:09, 10.21s/it]  0%|          | 10/5000 [01:52<15:33:21, 11.22s/it]
[I 2024-07-25 17:45:42,349] Trial 50 finished with value: 0.7036179290594266 and parameters: {'lr': 0.0001, 'l2': 0.0003, 'bsize': 1024, 'alpha1': 0.05268626690005361, 'alpha2': 0.8}. Best is trial 25 with value: 0.7101646954060958.
AUC:  0.7036179290594266 LOGlOSS:  0.4516904104437453 test_AUC:  0.0 test_LOGlOSS:  10000.0
  0%|          | 0/5000 [00:00<?, ?it/s]  0%|          | 1/5000 [00:35<49:59:13, 36.00s/it]  0%|          | 2/5000 [01:10<49:00:48, 35.30s/it]  0%|          | 3/5000 [01:49<51:18:44, 36.97s/it]  0%|          | 4/5000 [02:26<51:05:03, 36.81s/it]  0%|          | 5/5000 [03:01<50:03:29, 36.08s/it]  0%|          | 6/5000 [03:39<50:58:50, 36.75s/it]  0%|          | 7/5000 [04:14<50:23:50, 36.34s/it]  0%|          | 8/5000 [04:51<50:45:57, 36.61s/it]  0%|          | 9/5000 [05:29<51:22:40, 37.06s/it]  0%|          | 10/5000 [06:03<49:45:01, 35.89s/it]  0%|          | 11/5000 [06:40<50:30:42, 36.45s/it]  0%|          | 12/5000 [07:16<50:08:55, 36.19s/it]  0%|          | 13/5000 [07:53<50:25:07, 36.40s/it]  0%|          | 14/5000 [08:30<50:31:17, 36.48s/it]  0%|          | 15/5000 [09:07<50:57:40, 36.80s/it]  0%|          | 16/5000 [09:44<51:02:50, 36.87s/it]  0%|          | 17/5000 [10:21<51:04:31, 36.90s/it]  0%|          | 18/5000 [10:58<51:09:18, 36.96s/it]  0%|          | 19/5000 [11:34<50:51:26, 36.76s/it]  0%|          | 20/5000 [12:13<51:35:00, 37.29s/it]  0%|          | 21/5000 [12:51<51:50:47, 37.49s/it]  0%|          | 21/5000 [13:27<53:10:22, 38.45s/it]
[I 2024-07-25 17:59:22,100] Trial 51 finished with value: 0.7092235211901203 and parameters: {'lr': 0.0001, 'l2': 0.001, 'bsize': 256, 'alpha1': 0.09577653786744952, 'alpha2': 0.2}. Best is trial 25 with value: 0.7101646954060958.
AUC:  0.7092235211901203 LOGlOSS:  0.4341918897513086 test_AUC:  0.0 test_LOGlOSS:  10000.0
  0%|          | 0/5000 [00:00<?, ?it/s]  0%|          | 1/5000 [00:38<53:01:35, 38.19s/it]  0%|          | 2/5000 [01:14<51:22:22, 37.00s/it]  0%|          | 3/5000 [01:51<51:19:09, 36.97s/it]  0%|          | 4/5000 [02:29<51:53:00, 37.39s/it]  0%|          | 5/5000 [03:07<52:06:34, 37.56s/it]  0%|          | 6/5000 [03:43<51:42:22, 37.27s/it]  0%|          | 7/5000 [04:22<52:30:20, 37.86s/it]  0%|          | 8/5000 [05:00<52:22:47, 37.77s/it]  0%|          | 9/5000 [05:37<51:56:52, 37.47s/it]  0%|          | 10/5000 [06:17<52:56:18, 38.19s/it]  0%|          | 11/5000 [06:55<52:49:00, 38.11s/it]  0%|          | 12/5000 [07:30<51:44:23, 37.34s/it]  0%|          | 13/5000 [08:09<52:10:50, 37.67s/it]  0%|          | 14/5000 [08:45<51:47:23, 37.39s/it]  0%|          | 15/5000 [09:22<51:23:02, 37.11s/it]  0%|          | 16/5000 [10:00<51:48:40, 37.42s/it]  0%|          | 17/5000 [10:40<52:41:17, 38.06s/it]  0%|          | 18/5000 [11:17<52:16:57, 37.78s/it]  0%|          | 19/5000 [11:54<52:11:24, 37.72s/it]  0%|          | 20/5000 [12:34<52:54:12, 38.24s/it]  0%|          | 21/5000 [13:11<52:21:38, 37.86s/it]  0%|          | 21/5000 [13:47<54:30:02, 39.41s/it]
[I 2024-07-25 18:13:23,941] Trial 52 finished with value: 0.709213402100551 and parameters: {'lr': 0.0001, 'l2': 0.001, 'bsize': 256, 'alpha1': 0.09618129362888707, 'alpha2': 0.2}. Best is trial 25 with value: 0.7101646954060958.
2024-07-25 18:13:34.101760: I tensorflow/core/kernels/data/shuffle_dataset_op.cc:177] Filling up shuffle buffer (this may take a while): 402113 of 1000000
2024-07-25 18:13:34.181952: I tensorflow/core/kernels/data/shuffle_dataset_op.cc:230] Shuffle buffer filled.
AUC:  0.709213402100551 LOGlOSS:  0.43420553443945203 test_AUC:  0.0 test_LOGlOSS:  10000.0
  0%|          | 0/5000 [00:00<?, ?it/s]  0%|          | 1/5000 [00:39<54:29:48, 39.25s/it]  0%|          | 2/5000 [01:16<53:07:42, 38.27s/it]  0%|          | 3/5000 [01:55<53:37:05, 38.63s/it]  0%|          | 4/5000 [02:34<53:38:21, 38.65s/it]  0%|          | 5/5000 [03:12<53:20:04, 38.44s/it]  0%|          | 6/5000 [03:50<53:09:04, 38.31s/it]  0%|          | 7/5000 [04:29<53:10:41, 38.34s/it]  0%|          | 8/5000 [05:05<52:21:27, 37.76s/it]  0%|          | 9/5000 [05:44<53:02:02, 38.25s/it]  0%|          | 10/5000 [06:22<52:54:11, 38.17s/it]  0%|          | 11/5000 [06:59<52:16:34, 37.72s/it]  0%|          | 12/5000 [07:37<52:30:45, 37.90s/it]  0%|          | 13/5000 [08:16<52:49:53, 38.14s/it]  0%|          | 14/5000 [08:53<52:15:28, 37.73s/it]  0%|          | 15/5000 [09:30<52:07:42, 37.65s/it]  0%|          | 16/5000 [10:08<52:14:56, 37.74s/it]  0%|          | 17/5000 [10:43<51:01:34, 36.86s/it]  0%|          | 18/5000 [11:21<51:31:45, 37.24s/it]  0%|          | 18/5000 [11:58<55:15:14, 39.93s/it]
[I 2024-07-25 18:25:36,916] Trial 53 finished with value: 0.7091608589425835 and parameters: {'lr': 0.0001, 'l2': 0.001, 'bsize': 256, 'alpha1': 0.09068554035726367, 'alpha2': 0.2}. Best is trial 25 with value: 0.7101646954060958.
AUC:  0.7091608589425835 LOGlOSS:  0.4334656767277867 test_AUC:  0.0 test_LOGlOSS:  10000.0
  0%|          | 0/5000 [00:00<?, ?it/s]  0%|          | 1/5000 [00:36<50:47:16, 36.57s/it]  0%|          | 2/5000 [01:12<50:26:07, 36.33s/it]  0%|          | 3/5000 [01:53<53:31:48, 38.56s/it]  0%|          | 4/5000 [02:35<54:55:57, 39.58s/it]  0%|          | 5/5000 [03:16<55:36:06, 40.07s/it]  0%|          | 6/5000 [03:57<56:17:56, 40.58s/it]  0%|          | 7/5000 [04:36<55:37:34, 40.11s/it]  0%|          | 8/5000 [05:16<55:26:54, 39.99s/it]  0%|          | 9/5000 [05:57<55:43:24, 40.19s/it]  0%|          | 10/5000 [06:38<56:01:54, 40.42s/it]  0%|          | 11/5000 [07:18<56:12:57, 40.56s/it]  0%|          | 12/5000 [07:58<55:56:44, 40.38s/it]  0%|          | 13/5000 [08:37<55:19:42, 39.94s/it]  0%|          | 14/5000 [09:19<55:54:11, 40.36s/it]  0%|          | 15/5000 [09:59<55:42:39, 40.23s/it]  0%|          | 16/5000 [10:39<55:47:26, 40.30s/it]  0%|          | 17/5000 [11:20<56:05:13, 40.52s/it]  0%|          | 18/5000 [12:00<55:38:47, 40.21s/it]  0%|          | 18/5000 [12:40<58:27:34, 42.24s/it]
[I 2024-07-25 18:38:29,641] Trial 54 finished with value: 0.7098491850615063 and parameters: {'lr': 0.0001, 'l2': 0.001, 'bsize': 256, 'alpha1': 0.09758389014152519, 'alpha2': 0.1}. Best is trial 25 with value: 0.7101646954060958.
AUC:  0.7098491850615063 LOGlOSS:  0.43139598007864094 test_AUC:  0.0 test_LOGlOSS:  10000.0
  0%|          | 0/5000 [00:00<?, ?it/s]  0%|          | 1/5000 [00:40<56:40:07, 40.81s/it]  0%|          | 2/5000 [01:21<56:15:00, 40.52s/it]  0%|          | 3/5000 [02:00<55:12:21, 39.77s/it]  0%|          | 4/5000 [02:38<54:41:27, 39.41s/it]  0%|          | 5/5000 [03:17<54:28:49, 39.27s/it]  0%|          | 6/5000 [03:59<55:29:30, 40.00s/it]  0%|          | 6/5000 [04:40<64:46:05, 46.69s/it]
[I 2024-07-25 18:43:23,550] Trial 55 finished with value: 0.7058474601410865 and parameters: {'lr': 0.0001, 'l2': 1e-05, 'bsize': 256, 'alpha1': 0.07311853847052971, 'alpha2': 0.1}. Best is trial 25 with value: 0.7101646954060958.
AUC:  0.7058474601410865 LOGlOSS:  0.42926076586891787 test_AUC:  0.0 test_LOGlOSS:  10000.0
  0%|          | 0/5000 [00:00<?, ?it/s]  0%|          | 1/5000 [00:10<15:04:00, 10.85s/it]  0%|          | 2/5000 [00:21<15:11:28, 10.94s/it]  0%|          | 3/5000 [00:31<14:18:04, 10.30s/it]  0%|          | 4/5000 [00:42<14:42:55, 10.60s/it]  0%|          | 5/5000 [00:53<14:50:56, 10.70s/it]  0%|          | 6/5000 [01:04<15:11:36, 10.95s/it]  0%|          | 7/5000 [01:16<15:31:51, 11.20s/it]  0%|          | 8/5000 [01:27<15:33:58, 11.23s/it]  0%|          | 8/5000 [01:38<16:59:21, 12.25s/it]
[I 2024-07-25 18:45:14,550] Trial 56 finished with value: 0.7074905373782796 and parameters: {'lr': 0.0003, 'l2': 0.0001, 'bsize': 1024, 'alpha1': 0.08700529082018428, 'alpha2': 0.1}. Best is trial 25 with value: 0.7101646954060958.
AUC:  0.7074905373782796 LOGlOSS:  0.4385829501480238 test_AUC:  0.0 test_LOGlOSS:  10000.0
  0%|          | 0/5000 [00:00<?, ?it/s]  0%|          | 1/5000 [00:38<53:41:56, 38.67s/it]  0%|          | 2/5000 [01:19<55:36:21, 40.05s/it]  0%|          | 3/5000 [02:02<57:10:43, 41.19s/it]  0%|          | 4/5000 [02:39<55:16:26, 39.83s/it]  0%|          | 5/5000 [03:15<53:14:14, 38.37s/it]  0%|          | 6/5000 [03:52<52:22:57, 37.76s/it]  0%|          | 7/5000 [04:27<51:23:44, 37.06s/it]  0%|          | 8/5000 [05:04<51:01:08, 36.79s/it]  0%|          | 9/5000 [05:39<50:16:51, 36.27s/it]  0%|          | 10/5000 [06:14<49:54:30, 36.01s/it]  0%|          | 11/5000 [06:50<49:46:20, 35.92s/it]  0%|          | 12/5000 [07:28<50:34:41, 36.50s/it]  0%|          | 13/5000 [08:03<50:00:20, 36.10s/it]  0%|          | 14/5000 [08:38<49:45:01, 35.92s/it]  0%|          | 15/5000 [09:13<49:15:44, 35.58s/it]  0%|          | 16/5000 [09:49<49:22:29, 35.66s/it]  0%|          | 17/5000 [10:25<49:21:29, 35.66s/it]  0%|          | 18/5000 [11:02<50:11:28, 36.27s/it]  0%|          | 18/5000 [11:38<53:41:04, 38.79s/it]
[I 2024-07-25 18:57:05,402] Trial 57 finished with value: 0.7099119668578079 and parameters: {'lr': 0.0001, 'l2': 0.001, 'bsize': 256, 'alpha1': 0.09947641184523341, 'alpha2': 0.1}. Best is trial 25 with value: 0.7101646954060958.
AUC:  0.7099119668578079 LOGlOSS:  0.4312910066701413 test_AUC:  0.0 test_LOGlOSS:  10000.0
  0%|          | 0/5000 [00:00<?, ?it/s]  0%|          | 1/5000 [00:09<13:23:05,  9.64s/it]  0%|          | 2/5000 [00:19<13:30:03,  9.72s/it]  0%|          | 3/5000 [00:29<13:34:10,  9.78s/it]  0%|          | 4/5000 [00:39<13:40:08,  9.85s/it]  0%|          | 5/5000 [00:49<13:54:24, 10.02s/it]  0%|          | 6/5000 [01:00<14:08:42, 10.20s/it]  0%|          | 7/5000 [01:09<13:34:17,  9.79s/it]  0%|          | 8/5000 [01:19<13:44:55,  9.91s/it]  0%|          | 9/5000 [01:29<13:51:44, 10.00s/it]  0%|          | 9/5000 [01:39<15:22:07, 11.09s/it]
[I 2024-07-25 18:58:58,867] Trial 58 finished with value: 0.5678972697373433 and parameters: {'lr': 1e-05, 'l2': 0.001, 'bsize': 1024, 'alpha1': 0.09976878774097579, 'alpha2': 0.1}. Best is trial 25 with value: 0.7101646954060958.
AUC:  0.5678972697373433 LOGlOSS:  0.47292736793834 test_AUC:  0.0 test_LOGlOSS:  10000.0
  0%|          | 0/5000 [00:00<?, ?it/s]  0%|          | 1/5000 [00:34<47:17:45, 34.06s/it]  0%|          | 2/5000 [01:11<50:18:08, 36.23s/it]  0%|          | 3/5000 [01:48<50:51:44, 36.64s/it]  0%|          | 4/5000 [02:25<50:49:40, 36.63s/it]  0%|          | 5/5000 [03:02<50:56:31, 36.71s/it]  0%|          | 6/5000 [03:42<52:17:05, 37.69s/it]  0%|          | 7/5000 [04:22<53:37:54, 38.67s/it]  0%|          | 8/5000 [05:06<55:59:06, 40.37s/it]  0%|          | 9/5000 [05:48<56:25:55, 40.70s/it]  0%|          | 10/5000 [06:25<54:57:57, 39.65s/it]  0%|          | 11/5000 [07:09<56:53:21, 41.05s/it]  0%|          | 12/5000 [07:51<57:23:15, 41.42s/it]  0%|          | 13/5000 [08:32<57:13:32, 41.31s/it]  0%|          | 14/5000 [09:14<57:26:37, 41.48s/it]  0%|          | 15/5000 [09:52<56:00:54, 40.45s/it]  0%|          | 16/5000 [10:31<55:21:45, 39.99s/it]  0%|          | 17/5000 [11:08<54:05:00, 39.07s/it]  0%|          | 18/5000 [11:46<53:26:55, 38.62s/it]  0%|          | 19/5000 [12:20<51:27:28, 37.19s/it]  0%|          | 19/5000 [12:57<56:38:45, 40.94s/it]
[I 2024-07-25 19:12:09,630] Trial 59 finished with value: 0.7096357317261923 and parameters: {'lr': 0.0001, 'l2': 0.001, 'bsize': 256, 'alpha1': 0.09188201881699812, 'alpha2': 0.1}. Best is trial 25 with value: 0.7101646954060958.
AUC:  0.7096357317261923 LOGlOSS:  0.4318383377747303 test_AUC:  0.0 test_LOGlOSS:  10000.0
  0%|          | 0/5000 [00:00<?, ?it/s]  0%|          | 1/5000 [00:34<47:53:29, 34.49s/it]  0%|          | 2/5000 [01:09<48:37:16, 35.02s/it]  0%|          | 3/5000 [01:48<50:44:26, 36.56s/it]  0%|          | 4/5000 [02:26<51:49:43, 37.35s/it]  0%|          | 5/5000 [03:06<53:10:32, 38.32s/it]  0%|          | 6/5000 [03:45<53:32:16, 38.59s/it]  0%|          | 7/5000 [04:25<54:05:14, 39.00s/it]  0%|          | 8/5000 [05:03<53:25:58, 38.53s/it]  0%|          | 8/5000 [05:42<59:21:08, 42.80s/it]
[I 2024-07-25 19:18:04,277] Trial 60 finished with value: 0.7072541835669548 and parameters: {'lr': 3e-05, 'l2': 1e-06, 'bsize': 256, 'alpha1': 0.09210975887757986, 'alpha2': 0.1}. Best is trial 25 with value: 0.7101646954060958.
AUC:  0.7072541835669548 LOGlOSS:  0.43746599111826334 test_AUC:  0.0 test_LOGlOSS:  10000.0
  0%|          | 0/5000 [00:00<?, ?it/s]  0%|          | 1/5000 [00:29<41:05:50, 29.60s/it]  0%|          | 2/5000 [01:07<47:29:44, 34.21s/it]  0%|          | 3/5000 [01:41<47:20:25, 34.11s/it]  0%|          | 4/5000 [02:21<50:57:22, 36.72s/it]  0%|          | 5/5000 [03:01<52:13:21, 37.64s/it]  0%|          | 6/5000 [03:42<53:51:02, 38.82s/it]  0%|          | 7/5000 [04:19<53:06:39, 38.29s/it]  0%|          | 8/5000 [04:58<53:32:09, 38.61s/it]  0%|          | 9/5000 [05:33<51:57:23, 37.48s/it]  0%|          | 10/5000 [06:08<50:57:48, 36.77s/it]  0%|          | 11/5000 [06:45<51:05:04, 36.86s/it]  0%|          | 12/5000 [07:23<51:21:12, 37.06s/it]  0%|          | 13/5000 [07:51<47:30:29, 34.30s/it]  0%|          | 14/5000 [08:26<47:50:56, 34.55s/it]  0%|          | 15/5000 [09:03<49:03:31, 35.43s/it]  0%|          | 16/5000 [09:41<50:07:34, 36.21s/it]  0%|          | 17/5000 [10:20<51:12:02, 36.99s/it]  0%|          | 18/5000 [10:59<51:49:05, 37.44s/it]  0%|          | 19/5000 [11:37<52:12:52, 37.74s/it]  0%|          | 20/5000 [12:18<53:32:14, 38.70s/it]  0%|          | 21/5000 [12:59<54:30:36, 39.41s/it]  0%|          | 22/5000 [13:37<54:01:34, 39.07s/it]  0%|          | 23/5000 [14:17<54:08:29, 39.16s/it]  0%|          | 24/5000 [14:56<54:11:58, 39.21s/it]  0%|          | 24/5000 [15:33<53:44:18, 38.88s/it]
[I 2024-07-25 19:33:50,116] Trial 61 finished with value: 0.709326961373683 and parameters: {'lr': 0.0001, 'l2': 0.001, 'bsize': 256, 'alpha1': 0.08328502228411588, 'alpha2': 0.1}. Best is trial 25 with value: 0.7101646954060958.
AUC:  0.709326961373683 LOGlOSS:  0.433480248756032 test_AUC:  0.0 test_LOGlOSS:  10000.0
  0%|          | 0/5000 [00:00<?, ?it/s]  0%|          | 1/5000 [00:40<56:29:42, 40.68s/it]  0%|          | 2/5000 [01:19<54:49:01, 39.48s/it]  0%|          | 3/5000 [02:00<55:54:33, 40.28s/it]  0%|          | 4/5000 [02:42<56:54:01, 41.00s/it]  0%|          | 5/5000 [03:23<57:01:08, 41.09s/it]  0%|          | 6/5000 [04:03<56:10:09, 40.49s/it]  0%|          | 7/5000 [04:49<58:40:54, 42.31s/it]  0%|          | 8/5000 [05:32<59:13:52, 42.71s/it]  0%|          | 9/5000 [06:12<57:49:37, 41.71s/it]  0%|          | 10/5000 [06:42<53:01:17, 38.25s/it]  0%|          | 11/5000 [07:19<52:23:24, 37.80s/it]  0%|          | 12/5000 [08:00<53:44:35, 38.79s/it]  0%|          | 13/5000 [08:42<54:51:07, 39.60s/it]  0%|          | 14/5000 [09:23<55:39:33, 40.19s/it]  0%|          | 15/5000 [10:02<55:04:29, 39.77s/it]  0%|          | 16/5000 [10:41<54:52:54, 39.64s/it]  0%|          | 17/5000 [11:14<51:44:59, 37.39s/it]  0%|          | 18/5000 [11:51<51:49:00, 37.44s/it]  0%|          | 19/5000 [12:29<52:04:11, 37.63s/it]  0%|          | 20/5000 [13:11<53:55:14, 38.98s/it]  0%|          | 21/5000 [13:51<54:19:46, 39.28s/it]  0%|          | 22/5000 [14:32<55:03:40, 39.82s/it]  0%|          | 23/5000 [15:13<55:31:53, 40.17s/it]  0%|          | 23/5000 [15:52<57:13:55, 41.40s/it]
[I 2024-07-25 19:49:54,652] Trial 62 finished with value: 0.7091164955275592 and parameters: {'lr': 0.0001, 'l2': 0.001, 'bsize': 256, 'alpha1': 0.07887291963267809, 'alpha2': 0.1}. Best is trial 25 with value: 0.7101646954060958.
AUC:  0.7091164955275592 LOGlOSS:  0.4333041106856589 test_AUC:  0.0 test_LOGlOSS:  10000.0
  0%|          | 0/5000 [00:00<?, ?it/s]  0%|          | 1/5000 [00:39<54:38:39, 39.35s/it]  0%|          | 2/5000 [01:16<52:42:16, 37.96s/it]  0%|          | 3/5000 [01:54<52:33:57, 37.87s/it]  0%|          | 4/5000 [02:33<53:13:49, 38.36s/it]  0%|          | 5/5000 [03:13<53:58:34, 38.90s/it]  0%|          | 6/5000 [03:51<53:43:28, 38.73s/it]  0%|          | 7/5000 [04:30<54:02:36, 38.97s/it]  0%|          | 8/5000 [05:09<53:44:14, 38.75s/it]  0%|          | 9/5000 [05:43<51:58:43, 37.49s/it]  0%|          | 10/5000 [06:14<49:11:46, 35.49s/it]  0%|          | 11/5000 [06:56<51:40:08, 37.28s/it]  0%|          | 12/5000 [07:35<52:34:21, 37.94s/it]  0%|          | 13/5000 [08:14<52:57:39, 38.23s/it]  0%|          | 14/5000 [08:56<54:36:46, 39.43s/it]  0%|          | 15/5000 [09:37<55:01:35, 39.74s/it]  0%|          | 16/5000 [10:16<54:46:06, 39.56s/it]  0%|          | 17/5000 [10:56<55:00:37, 39.74s/it]  0%|          | 18/5000 [11:36<55:01:51, 39.77s/it]  0%|          | 19/5000 [12:11<53:00:58, 38.32s/it]  0%|          | 20/5000 [12:44<50:54:55, 36.81s/it]  0%|          | 21/5000 [13:23<51:44:12, 37.41s/it]  0%|          | 22/5000 [13:53<48:44:12, 35.25s/it]  0%|          | 22/5000 [14:25<54:23:59, 39.34s/it]
