[I 2024-07-25 22:57:21,337] Trial 80 finished with value: 0.7060870449668627 and parameters: {'lr': 3e-05, 'l2': 0.001, 'bsize': 256, 'alpha1': 0.08911420328209699, 'alpha2': 0.6}. Best is trial 25 with value: 0.7101646954060958.
AUC:  0.7060870449668627 LOGlOSS:  0.44491215954115904 test_AUC:  0.0 test_LOGlOSS:  10000.0
  0%|          | 0/5000 [00:00<?, ?it/s]  0%|          | 1/5000 [00:38<53:39:25, 38.64s/it]  0%|          | 2/5000 [01:17<53:33:31, 38.58s/it]  0%|          | 3/5000 [01:57<54:32:10, 39.29s/it]  0%|          | 4/5000 [02:36<54:26:17, 39.23s/it]  0%|          | 5/5000 [03:20<56:40:27, 40.85s/it]  0%|          | 6/5000 [04:05<58:52:41, 42.44s/it]  0%|          | 7/5000 [04:45<57:39:37, 41.57s/it]  0%|          | 8/5000 [05:24<56:39:47, 40.86s/it]  0%|          | 9/5000 [06:05<56:34:05, 40.80s/it]  0%|          | 10/5000 [06:45<56:20:09, 40.64s/it]  0%|          | 11/5000 [07:24<55:27:44, 40.02s/it]  0%|          | 12/5000 [08:03<54:53:19, 39.61s/it]  0%|          | 13/5000 [08:38<53:01:10, 38.27s/it]  0%|          | 14/5000 [09:13<51:35:46, 37.25s/it]  0%|          | 15/5000 [09:48<50:45:04, 36.65s/it]  0%|          | 16/5000 [10:24<50:42:14, 36.62s/it]  0%|          | 17/5000 [11:00<50:10:17, 36.25s/it]  0%|          | 18/5000 [11:33<49:04:33, 35.46s/it]  0%|          | 18/5000 [12:08<55:59:29, 40.46s/it]
[I 2024-07-25 23:09:42,698] Trial 81 finished with value: 0.7097570183756458 and parameters: {'lr': 0.0001, 'l2': 0.001, 'bsize': 256, 'alpha1': 0.09482619622373299, 'alpha2': 0.1}. Best is trial 25 with value: 0.7101646954060958.
AUC:  0.7097570183756458 LOGlOSS:  0.4314348770969862 test_AUC:  0.0 test_LOGlOSS:  10000.0
  0%|          | 0/5000 [00:00<?, ?it/s]  0%|          | 1/5000 [00:40<55:42:39, 40.12s/it]  0%|          | 2/5000 [01:25<59:45:56, 43.05s/it]  0%|          | 3/5000 [02:10<60:57:30, 43.92s/it]  0%|          | 4/5000 [02:48<58:00:27, 41.80s/it]  0%|          | 5/5000 [03:27<56:30:17, 40.72s/it]  0%|          | 6/5000 [04:06<55:41:11, 40.14s/it]  0%|          | 7/5000 [04:44<54:50:08, 39.54s/it]  0%|          | 8/5000 [05:23<54:23:11, 39.22s/it]  0%|          | 9/5000 [06:01<54:05:33, 39.02s/it]  0%|          | 10/5000 [06:39<53:17:40, 38.45s/it]  0%|          | 11/5000 [07:17<53:15:20, 38.43s/it]  0%|          | 12/5000 [07:56<53:22:08, 38.52s/it]  0%|          | 13/5000 [08:37<54:25:43, 39.29s/it]  0%|          | 14/5000 [09:18<55:16:08, 39.91s/it]  0%|          | 15/5000 [09:58<55:24:57, 40.02s/it]  0%|          | 16/5000 [10:38<55:02:03, 39.75s/it]  0%|          | 17/5000 [11:17<54:59:39, 39.73s/it]  0%|          | 18/5000 [11:56<54:38:12, 39.48s/it]  0%|          | 18/5000 [12:36<58:08:43, 42.02s/it]
[I 2024-07-25 23:22:28,962] Trial 82 finished with value: 0.7098445637391995 and parameters: {'lr': 0.0001, 'l2': 0.001, 'bsize': 256, 'alpha1': 0.09724231368315629, 'alpha2': 0.1}. Best is trial 25 with value: 0.7101646954060958.
AUC:  0.7098445637391995 LOGlOSS:  0.43136026180429776 test_AUC:  0.0 test_LOGlOSS:  10000.0
  0%|          | 0/5000 [00:00<?, ?it/s]  0%|          | 1/5000 [00:40<56:05:46, 40.40s/it]  0%|          | 2/5000 [01:24<58:42:30, 42.29s/it]  0%|          | 3/5000 [02:06<58:57:34, 42.48s/it]  0%|          | 4/5000 [02:46<57:15:34, 41.26s/it]  0%|          | 5/5000 [03:17<52:07:51, 37.57s/it]  0%|          | 6/5000 [03:50<50:00:12, 36.05s/it]  0%|          | 7/5000 [04:24<49:16:40, 35.53s/it]  0%|          | 8/5000 [05:02<50:07:32, 36.15s/it]  0%|          | 9/5000 [05:41<51:33:41, 37.19s/it]  0%|          | 10/5000 [06:17<50:59:23, 36.79s/it]  0%|          | 11/5000 [06:59<53:08:19, 38.34s/it]  0%|          | 12/5000 [07:41<54:42:15, 39.48s/it]  0%|          | 13/5000 [08:23<55:42:38, 40.22s/it]  0%|          | 14/5000 [09:05<56:25:31, 40.74s/it]  0%|          | 15/5000 [09:50<58:20:05, 42.13s/it]  0%|          | 16/5000 [10:36<59:43:49, 43.14s/it]  0%|          | 17/5000 [11:22<60:51:14, 43.96s/it]  0%|          | 18/5000 [12:07<61:19:44, 44.32s/it]  0%|          | 18/5000 [12:47<59:00:46, 42.64s/it]
[I 2024-07-25 23:35:28,551] Trial 83 finished with value: 0.7098631385670082 and parameters: {'lr': 0.0001, 'l2': 0.001, 'bsize': 256, 'alpha1': 0.09776760658421439, 'alpha2': 0.1}. Best is trial 25 with value: 0.7101646954060958.
AUC:  0.7098631385670082 LOGlOSS:  0.4313363985766003 test_AUC:  0.0 test_LOGlOSS:  10000.0
  0%|          | 0/5000 [00:00<?, ?it/s]  0%|          | 1/5000 [00:45<62:47:45, 45.22s/it]  0%|          | 2/5000 [01:29<61:55:34, 44.60s/it]  0%|          | 3/5000 [02:15<62:36:38, 45.11s/it]  0%|          | 4/5000 [02:59<62:27:47, 45.01s/it]  0%|          | 5/5000 [03:41<60:53:48, 43.89s/it]  0%|          | 6/5000 [04:25<60:56:40, 43.93s/it]  0%|          | 7/5000 [05:09<61:00:20, 43.99s/it]  0%|          | 8/5000 [05:57<62:24:12, 45.00s/it]  0%|          | 9/5000 [06:43<62:49:24, 45.31s/it]  0%|          | 10/5000 [07:30<63:48:39, 46.04s/it]  0%|          | 11/5000 [08:20<65:25:23, 47.21s/it]  0%|          | 12/5000 [09:10<66:35:58, 48.07s/it]  0%|          | 13/5000 [09:55<65:08:28, 47.02s/it]  0%|          | 14/5000 [10:37<62:55:30, 45.43s/it]  0%|          | 15/5000 [11:19<61:50:02, 44.65s/it]  0%|          | 16/5000 [12:04<61:38:34, 44.53s/it]  0%|          | 17/5000 [12:47<60:55:49, 44.02s/it]  0%|          | 18/5000 [13:28<59:45:03, 43.18s/it]  0%|          | 19/5000 [14:10<59:11:33, 42.78s/it]  0%|          | 20/5000 [14:51<58:28:31, 42.27s/it]  0%|          | 21/5000 [15:28<56:32:21, 40.88s/it]  0%|          | 21/5000 [16:09<63:51:00, 46.17s/it]
[I 2024-07-25 23:51:51,549] Trial 84 finished with value: 0.7032107786831021 and parameters: {'lr': 0.0001, 'l2': 0.001, 'bsize': 256, 'alpha1': 0.09765543265100467, 'alpha2': 0.9}. Best is trial 25 with value: 0.7101646954060958.
AUC:  0.7032107786831021 LOGlOSS:  0.45059136311118925 test_AUC:  0.0 test_LOGlOSS:  10000.0
  0%|          | 0/5000 [00:00<?, ?it/s]  0%|          | 1/5000 [00:39<55:32:00, 39.99s/it]  0%|          | 2/5000 [01:18<54:19:41, 39.13s/it]  0%|          | 3/5000 [01:59<55:12:26, 39.77s/it]  0%|          | 4/5000 [02:38<54:53:59, 39.56s/it]  0%|          | 5/5000 [03:18<55:22:45, 39.91s/it]  0%|          | 6/5000 [03:58<55:24:15, 39.94s/it]  0%|          | 7/5000 [04:38<55:04:24, 39.71s/it]  0%|          | 8/5000 [05:19<55:46:38, 40.22s/it]  0%|          | 9/5000 [05:56<54:15:05, 39.13s/it]  0%|          | 10/5000 [06:32<52:53:46, 38.16s/it]  0%|          | 11/5000 [07:07<51:43:55, 37.33s/it]  0%|          | 12/5000 [07:43<51:11:56, 36.95s/it]  0%|          | 13/5000 [08:20<51:00:33, 36.82s/it]  0%|          | 14/5000 [08:55<50:11:09, 36.24s/it]  0%|          | 15/5000 [09:31<50:27:35, 36.44s/it]  0%|          | 16/5000 [10:09<50:47:43, 36.69s/it]  0%|          | 17/5000 [10:44<49:59:35, 36.12s/it]  0%|          | 18/5000 [11:20<50:06:09, 36.20s/it]  0%|          | 18/5000 [11:57<55:08:02, 39.84s/it]
[I 2024-07-26 00:04:01,001] Trial 85 finished with value: 0.7097920451797431 and parameters: {'lr': 0.0001, 'l2': 0.001, 'bsize': 256, 'alpha1': 0.09545305211720785, 'alpha2': 0.1}. Best is trial 25 with value: 0.7101646954060958.
AUC:  0.7097920451797431 LOGlOSS:  0.43141518541637597 test_AUC:  0.0 test_LOGlOSS:  10000.0
  0%|          | 0/5000 [00:00<?, ?it/s]  0%|          | 1/5000 [00:34<48:05:45, 34.64s/it]  0%|          | 2/5000 [01:10<49:16:27, 35.49s/it]  0%|          | 3/5000 [01:46<49:33:25, 35.70s/it]  0%|          | 4/5000 [02:23<49:58:35, 36.01s/it]  0%|          | 5/5000 [02:59<50:06:40, 36.12s/it]  0%|          | 6/5000 [03:34<49:46:42, 35.88s/it]  0%|          | 7/5000 [04:10<49:40:09, 35.81s/it]  0%|          | 8/5000 [04:46<49:53:11, 35.98s/it]  0%|          | 9/5000 [05:20<48:52:53, 35.26s/it]  0%|          | 10/5000 [05:57<49:41:45, 35.85s/it]  0%|          | 11/5000 [06:36<50:57:34, 36.77s/it]  0%|          | 12/5000 [07:14<51:33:14, 37.21s/it]  0%|          | 13/5000 [07:55<53:05:46, 38.33s/it]  0%|          | 14/5000 [08:37<54:28:13, 39.33s/it]  0%|          | 15/5000 [09:18<55:03:34, 39.76s/it]  0%|          | 16/5000 [09:56<54:16:40, 39.21s/it]  0%|          | 17/5000 [10:30<52:11:30, 37.71s/it]  0%|          | 18/5000 [11:12<54:02:16, 39.05s/it]  0%|          | 19/5000 [11:48<52:55:21, 38.25s/it]  0%|          | 20/5000 [12:25<52:17:20, 37.80s/it]  0%|          | 21/5000 [12:57<49:58:52, 36.14s/it]  0%|          | 21/5000 [13:29<53:19:14, 38.55s/it]
[I 2024-07-26 00:17:43,575] Trial 86 finished with value: 0.7040614603878923 and parameters: {'lr': 0.0001, 'l2': 0.001, 'bsize': 256, 'alpha1': 0.09709509114833732, 'alpha2': 0.8}. Best is trial 25 with value: 0.7101646954060958.
AUC:  0.7040614603878923 LOGlOSS:  0.4482418034046478 test_AUC:  0.0 test_LOGlOSS:  10000.0
  0%|          | 0/5000 [00:00<?, ?it/s]  0%|          | 1/5000 [00:33<46:34:48, 33.54s/it]  0%|          | 2/5000 [01:05<45:30:30, 32.78s/it]  0%|          | 3/5000 [01:39<46:14:58, 33.32s/it]  0%|          | 4/5000 [02:13<46:22:14, 33.41s/it]  0%|          | 5/5000 [02:46<46:18:41, 33.38s/it]  0%|          | 6/5000 [03:19<45:53:01, 33.08s/it]  0%|          | 7/5000 [03:50<44:58:46, 32.43s/it]  0%|          | 8/5000 [04:26<46:44:56, 33.71s/it]  0%|          | 9/5000 [05:06<49:32:07, 35.73s/it]  0%|          | 10/5000 [05:49<52:20:19, 37.76s/it]  0%|          | 11/5000 [06:21<49:49:46, 35.96s/it]  0%|          | 12/5000 [06:51<47:22:33, 34.19s/it]  0%|          | 13/5000 [07:21<45:48:34, 33.07s/it]  0%|          | 14/5000 [07:55<46:05:06, 33.27s/it]  0%|          | 15/5000 [08:28<45:55:51, 33.17s/it]  0%|          | 15/5000 [09:00<49:51:43, 36.01s/it]
[I 2024-07-26 00:26:57,667] Trial 87 finished with value: 0.7056034266745522 and parameters: {'lr': 1e-05, 'l2': 1e-06, 'bsize': 256, 'alpha1': 0.086582348409329, 'alpha2': 0.1}. Best is trial 25 with value: 0.7101646954060958.
AUC:  0.7056034266745522 LOGlOSS:  0.4489634309384345 test_AUC:  0.0 test_LOGlOSS:  10000.0
  0%|          | 0/5000 [00:00<?, ?it/s]  0%|          | 1/5000 [00:30<41:53:33, 30.17s/it]  0%|          | 2/5000 [01:03<44:32:07, 32.08s/it]  0%|          | 3/5000 [01:35<44:28:22, 32.04s/it]  0%|          | 4/5000 [02:08<44:48:12, 32.28s/it]  0%|          | 5/5000 [02:42<45:38:16, 32.89s/it]  0%|          | 6/5000 [03:15<45:48:04, 33.02s/it]  0%|          | 7/5000 [03:48<45:55:05, 33.11s/it]  0%|          | 8/5000 [04:20<45:14:44, 32.63s/it]  0%|          | 9/5000 [04:52<44:51:04, 32.35s/it]  0%|          | 10/5000 [05:28<46:34:15, 33.60s/it]  0%|          | 11/5000 [05:59<45:29:35, 32.83s/it]  0%|          | 12/5000 [06:39<48:25:04, 34.94s/it]  0%|          | 13/5000 [07:21<51:22:50, 37.09s/it]  0%|          | 14/5000 [08:06<54:45:44, 39.54s/it]  0%|          | 15/5000 [08:41<52:49:25, 38.15s/it]  0%|          | 16/5000 [09:17<51:59:50, 37.56s/it]  0%|          | 16/5000 [09:52<51:18:19, 37.06s/it]
[I 2024-07-26 00:37:02,499] Trial 88 finished with value: 0.7000560904600766 and parameters: {'lr': 0.001, 'l2': 0.001, 'bsize': 256, 'alpha1': 0.09985470031603924, 'alpha2': 0.3}. Best is trial 25 with value: 0.7101646954060958.
AUC:  0.7000560904600766 LOGlOSS:  0.4328935219102404 test_AUC:  0.0 test_LOGlOSS:  10000.0
  0%|          | 0/5000 [00:00<?, ?it/s]  0%|          | 1/5000 [00:16<22:18:42, 16.07s/it]  0%|          | 2/5000 [00:33<23:48:24, 17.15s/it]  0%|          | 3/5000 [00:50<23:39:38, 17.05s/it]  0%|          | 4/5000 [01:07<23:36:25, 17.01s/it]  0%|          | 5/5000 [01:24<23:31:58, 16.96s/it]  0%|          | 6/5000 [01:41<23:21:02, 16.83s/it]  0%|          | 7/5000 [01:58<23:37:47, 17.04s/it]  0%|          | 8/5000 [02:14<23:02:46, 16.62s/it]  0%|          | 9/5000 [02:32<23:38:49, 17.06s/it]  0%|          | 10/5000 [02:49<23:43:29, 17.12s/it]  0%|          | 10/5000 [03:07<26:03:02, 18.79s/it]
[I 2024-07-26 00:40:22,008] Trial 89 finished with value: 0.7067537096367862 and parameters: {'lr': 0.0001, 'l2': 0.0003, 'bsize': 512, 'alpha1': 0.09002383576700092, 'alpha2': 0.4}. Best is trial 25 with value: 0.7101646954060958.
AUC:  0.7067537096367862 LOGlOSS:  0.44142831330170296 test_AUC:  0.0 test_LOGlOSS:  10000.0
  0%|          | 0/5000 [00:00<?, ?it/s]  0%|          | 1/5000 [00:36<51:07:49, 36.82s/it]  0%|          | 2/5000 [01:11<49:05:41, 35.36s/it]  0%|          | 3/5000 [01:45<48:18:39, 34.80s/it]  0%|          | 4/5000 [02:18<47:14:35, 34.04s/it]  0%|          | 5/5000 [02:51<47:06:33, 33.95s/it]  0%|          | 6/5000 [03:25<46:52:53, 33.80s/it]  0%|          | 7/5000 [03:57<45:52:45, 33.08s/it]  0%|          | 8/5000 [04:28<45:17:35, 32.66s/it]  0%|          | 9/5000 [05:01<45:20:22, 32.70s/it]  0%|          | 10/5000 [05:35<46:00:47, 33.20s/it]  0%|          | 11/5000 [06:11<47:07:58, 34.01s/it]  0%|          | 12/5000 [06:53<50:21:19, 36.34s/it]  0%|          | 13/5000 [07:39<54:37:12, 39.43s/it]  0%|          | 14/5000 [08:13<52:03:56, 37.59s/it]  0%|          | 15/5000 [08:51<52:24:08, 37.84s/it]  0%|          | 16/5000 [09:28<52:06:02, 37.63s/it]  0%|          | 17/5000 [10:04<51:18:51, 37.07s/it]  0%|          | 18/5000 [10:38<49:59:46, 36.13s/it]  0%|          | 18/5000 [11:18<52:09:51, 37.69s/it]
[I 2024-07-26 00:51:54,097] Trial 90 finished with value: 0.7097808048900314 and parameters: {'lr': 0.0001, 'l2': 0.001, 'bsize': 256, 'alpha1': 0.09515595755629491, 'alpha2': 0.1}. Best is trial 25 with value: 0.7101646954060958.
2024-07-26 00:52:04.304591: I tensorflow/core/kernels/data/shuffle_dataset_op.cc:177] Filling up shuffle buffer (this may take a while): 403297 of 1000000
2024-07-26 00:52:04.333382: I tensorflow/core/kernels/data/shuffle_dataset_op.cc:230] Shuffle buffer filled.
AUC:  0.7097808048900314 LOGlOSS:  0.4314104966413339 test_AUC:  0.0 test_LOGlOSS:  10000.0
  0%|          | 0/5000 [00:00<?, ?it/s]  0%|          | 1/5000 [00:41<57:09:25, 41.16s/it]  0%|          | 2/5000 [01:20<55:59:10, 40.33s/it]  0%|          | 3/5000 [02:02<56:34:08, 40.75s/it]  0%|          | 4/5000 [02:41<55:51:38, 40.25s/it]  0%|          | 5/5000 [03:19<54:48:30, 39.50s/it]  0%|          | 6/5000 [03:59<54:56:36, 39.61s/it]  0%|          | 7/5000 [04:37<54:06:51, 39.02s/it]  0%|          | 8/5000 [05:19<55:27:19, 39.99s/it]  0%|          | 9/5000 [06:06<58:23:51, 42.12s/it]  0%|          | 10/5000 [06:52<59:57:13, 43.25s/it]  0%|          | 11/5000 [07:36<60:15:18, 43.48s/it]  0%|          | 12/5000 [08:20<60:28:29, 43.65s/it]  0%|          | 13/5000 [09:05<61:16:38, 44.23s/it]  0%|          | 14/5000 [09:49<61:12:42, 44.20s/it]  0%|          | 15/5000 [10:32<60:36:30, 43.77s/it]  0%|          | 16/5000 [11:17<60:58:08, 44.04s/it]  0%|          | 17/5000 [12:00<60:33:49, 43.75s/it]  0%|          | 18/5000 [12:45<60:56:37, 44.04s/it]  0%|          | 18/5000 [13:21<61:38:10, 44.54s/it]
[I 2024-07-26 01:05:30,158] Trial 91 finished with value: 0.7097814132112144 and parameters: {'lr': 0.0001, 'l2': 0.001, 'bsize': 256, 'alpha1': 0.09523684911458558, 'alpha2': 0.1}. Best is trial 25 with value: 0.7101646954060958.
AUC:  0.7097814132112144 LOGlOSS:  0.431420778589954 test_AUC:  0.0 test_LOGlOSS:  10000.0
  0%|          | 0/5000 [00:00<?, ?it/s]  0%|          | 1/5000 [00:44<61:20:46, 44.18s/it]  0%|          | 2/5000 [01:28<61:27:27, 44.27s/it]  0%|          | 3/5000 [02:08<58:48:20, 42.37s/it]  0%|          | 4/5000 [02:50<58:39:02, 42.26s/it]  0%|          | 5/5000 [03:33<58:59:39, 42.52s/it]  0%|          | 6/5000 [04:19<60:42:18, 43.76s/it]  0%|          | 7/5000 [05:06<61:55:15, 44.65s/it]  0%|          | 8/5000 [05:46<60:08:10, 43.37s/it]  0%|          | 9/5000 [06:30<60:20:21, 43.52s/it]  0%|          | 10/5000 [07:14<60:31:36, 43.67s/it]  0%|          | 11/5000 [07:56<59:48:27, 43.16s/it]  0%|          | 12/5000 [08:39<59:27:52, 42.92s/it]  0%|          | 13/5000 [09:21<59:03:37, 42.63s/it]  0%|          | 14/5000 [10:03<58:50:04, 42.48s/it]  0%|          | 15/5000 [10:40<56:34:35, 40.86s/it]  0%|          | 16/5000 [11:19<55:57:56, 40.42s/it]  0%|          | 17/5000 [12:00<55:56:57, 40.42s/it]  0%|          | 18/5000 [12:33<52:48:55, 38.16s/it]  0%|          | 18/5000 [13:11<60:50:45, 43.97s/it]
[I 2024-07-26 01:18:53,619] Trial 92 finished with value: 0.7098428563565341 and parameters: {'lr': 0.0001, 'l2': 0.001, 'bsize': 256, 'alpha1': 0.09760331271649511, 'alpha2': 0.1}. Best is trial 25 with value: 0.7101646954060958.
AUC:  0.7098428563565341 LOGlOSS:  0.4313473636603863 test_AUC:  0.0 test_LOGlOSS:  10000.0
  0%|          | 0/5000 [00:00<?, ?it/s]  0%|          | 1/5000 [00:37<52:45:54, 38.00s/it]  0%|          | 2/5000 [01:16<53:10:30, 38.30s/it]  0%|          | 3/5000 [01:54<53:10:09, 38.30s/it]  0%|          | 4/5000 [02:32<52:47:19, 38.04s/it]  0%|          | 5/5000 [03:09<52:10:27, 37.60s/it]  0%|          | 6/5000 [03:49<53:20:00, 38.45s/it]  0%|          | 7/5000 [04:31<54:47:32, 39.51s/it]  0%|          | 8/5000 [05:11<55:12:15, 39.81s/it]  0%|          | 9/5000 [05:46<53:01:55, 38.25s/it]  0%|          | 10/5000 [06:28<54:46:09, 39.51s/it]  0%|          | 11/5000 [07:11<56:00:48, 40.42s/it]  0%|          | 12/5000 [07:55<57:35:17, 41.56s/it]  0%|          | 13/5000 [08:41<59:19:48, 42.83s/it]  0%|          | 14/5000 [09:17<56:35:08, 40.86s/it]  0%|          | 15/5000 [09:49<53:06:21, 38.35s/it]  0%|          | 16/5000 [10:28<53:19:52, 38.52s/it]  0%|          | 17/5000 [11:12<55:22:13, 40.00s/it]  0%|          | 17/5000 [11:49<57:45:28, 41.73s/it]
[I 2024-07-26 01:30:55,504] Trial 93 finished with value: 0.7098543283642218 and parameters: {'lr': 0.0001, 'l2': 0.001, 'bsize': 256, 'alpha1': 0.09841388333841818, 'alpha2': 0.1}. Best is trial 25 with value: 0.7101646954060958.
AUC:  0.7098543283642218 LOGlOSS:  0.4310066132570786 test_AUC:  0.0 test_LOGlOSS:  10000.0
  0%|          | 0/5000 [00:00<?, ?it/s]  0%|          | 1/5000 [00:42<58:33:29, 42.17s/it]  0%|          | 2/5000 [01:25<59:12:45, 42.65s/it]  0%|          | 3/5000 [02:07<59:00:30, 42.51s/it]  0%|          | 4/5000 [02:49<58:41:07, 42.29s/it]  0%|          | 5/5000 [03:34<59:49:54, 43.12s/it]  0%|          | 6/5000 [04:18<60:16:33, 43.45s/it]  0%|          | 7/5000 [05:00<59:39:26, 43.01s/it]  0%|          | 8/5000 [05:42<59:29:53, 42.91s/it]  0%|          | 9/5000 [06:26<59:39:53, 43.04s/it]  0%|          | 10/5000 [07:09<59:32:13, 42.95s/it]  0%|          | 11/5000 [07:52<59:38:43, 43.04s/it]  0%|          | 12/5000 [08:35<59:51:28, 43.20s/it]  0%|          | 13/5000 [09:17<59:12:25, 42.74s/it]  0%|          | 14/5000 [10:05<61:17:10, 44.25s/it]  0%|          | 15/5000 [10:51<61:59:59, 44.77s/it]  0%|          | 16/5000 [11:34<61:13:51, 44.23s/it]  0%|          | 17/5000 [12:10<57:56:12, 41.86s/it]  0%|          | 18/5000 [12:42<54:00:25, 39.03s/it]  0%|          | 18/5000 [13:26<62:01:28, 44.82s/it]
[I 2024-07-26 01:44:34,428] Trial 94 finished with value: 0.709855313288612 and parameters: {'lr': 0.0001, 'l2': 0.001, 'bsize': 256, 'alpha1': 0.09742347639033741, 'alpha2': 0.1}. Best is trial 25 with value: 0.7101646954060958.
AUC:  0.709855313288612 LOGlOSS:  0.4313432257214824 test_AUC:  0.0 test_LOGlOSS:  10000.0
  0%|          | 0/5000 [00:00<?, ?it/s]  0%|          | 1/5000 [00:42<59:00:29, 42.49s/it]  0%|          | 2/5000 [01:23<58:03:29, 41.82s/it]  0%|          | 3/5000 [02:01<55:42:20, 40.13s/it]  0%|          | 4/5000 [02:48<59:08:25, 42.62s/it]  0%|          | 5/5000 [03:37<62:11:21, 44.82s/it]  0%|          | 6/5000 [04:20<61:16:54, 44.18s/it]  0%|          | 6/5000 [05:03<70:06:09, 50.53s/it]
[I 2024-07-26 01:49:51,007] Trial 95 finished with value: 0.6959519712847921 and parameters: {'lr': 0.0001, 'l2': 1e-05, 'bsize': 256, 'alpha1': 0.0980730973754128, 'alpha2': 1.0}. Best is trial 25 with value: 0.7101646954060958.
AUC:  0.6959519712847921 LOGlOSS:  0.4477530647358015 test_AUC:  0.0 test_LOGlOSS:  10000.0
  0%|          | 0/5000 [00:00<?, ?it/s]  0%|          | 1/5000 [00:42<59:02:28, 42.52s/it]  0%|          | 2/5000 [01:25<59:03:57, 42.54s/it]  0%|          | 3/5000 [02:07<58:58:45, 42.49s/it]  0%|          | 4/5000 [02:49<58:46:50, 42.36s/it]  0%|          | 5/5000 [03:31<58:41:44, 42.30s/it]  0%|          | 6/5000 [04:15<59:12:35, 42.68s/it]  0%|          | 7/5000 [04:59<59:59:34, 43.26s/it]  0%|          | 7/5000 [05:39<67:10:34, 48.43s/it]
