nohup: ignoring input
2024-07-25 12:14:42.542916: I tensorflow/stream_executor/platform/default/dso_loader.cc:49] Successfully opened dynamic library libcudart.so.11.0
[I 2024-07-25 12:14:44,356] A new study created in memory with name: no-name-036c238a-ac9b-47a3-a55f-448dbdb906e6
2024-07-25 12:14:46.616824: I tensorflow/compiler/jit/xla_cpu_device.cc:41] Not creating XLA devices, tf_xla_enable_xla_devices not set
2024-07-25 12:14:46.616952: I tensorflow/stream_executor/platform/default/dso_loader.cc:49] Successfully opened dynamic library libcuda.so.1
2024-07-25 12:14:46.617620: I tensorflow/core/common_runtime/gpu/gpu_device.cc:1720] Found device 0 with properties: 
pciBusID: 0000:21:00.0 name: Tesla V100-SXM2-32GB computeCapability: 7.0
coreClock: 1.53GHz coreCount: 80 deviceMemorySize: 31.74GiB deviceMemoryBandwidth: 836.37GiB/s
2024-07-25 12:14:46.617651: I tensorflow/stream_executor/platform/default/dso_loader.cc:49] Successfully opened dynamic library libcudart.so.11.0
2024-07-25 12:14:46.617709: I tensorflow/stream_executor/platform/default/dso_loader.cc:49] Successfully opened dynamic library libcublas.so.11
2024-07-25 12:14:46.617733: I tensorflow/stream_executor/platform/default/dso_loader.cc:49] Successfully opened dynamic library libcublasLt.so.11
2024-07-25 12:14:46.656922: I tensorflow/stream_executor/platform/default/dso_loader.cc:49] Successfully opened dynamic library libcufft.so.10
2024-07-25 12:14:46.657648: I tensorflow/stream_executor/platform/default/dso_loader.cc:49] Successfully opened dynamic library libcurand.so.10
2024-07-25 12:14:46.657888: W tensorflow/stream_executor/platform/default/dso_loader.cc:60] Could not load dynamic library 'libcusolver.so.10'; dlerror: libcusolver.so.10: cannot open shared object file: No such file or directory; LD_LIBRARY_PATH: /lib/x86_64-linux-gnu:/usr/lib/x86_64-linux-gnu::/usr/local/cuda-11.7/lib64
2024-07-25 12:14:46.659150: I tensorflow/stream_executor/platform/default/dso_loader.cc:49] Successfully opened dynamic library libcusparse.so.11
2024-07-25 12:14:46.659234: I tensorflow/stream_executor/platform/default/dso_loader.cc:49] Successfully opened dynamic library libcudnn.so.8
2024-07-25 12:14:46.659255: W tensorflow/core/common_runtime/gpu/gpu_device.cc:1757] Cannot dlopen some GPU libraries. Please make sure the missing libraries mentioned above are installed properly if you would like to use GPU. Follow the guide at https://www.tensorflow.org/install/gpu for how to download and setup the required libraries for your platform.
Skipping registering GPU devices...
2024-07-25 12:14:46.659664: I tensorflow/core/platform/cpu_feature_guard.cc:142] This TensorFlow binary is optimized with oneAPI Deep Neural Network Library (oneDNN) to use the following CPU instructions in performance-critical operations:  AVX512F
To enable them in other operations, rebuild TensorFlow with the appropriate compiler flags.
2024-07-25 12:14:46.664007: I tensorflow/compiler/jit/xla_gpu_device.cc:99] Not creating XLA devices, tf_xla_enable_xla_devices not set
2024-07-25 12:14:46.664052: I tensorflow/core/common_runtime/gpu/gpu_device.cc:1261] Device interconnect StreamExecutor with strength 1 edge matrix:
2024-07-25 12:14:46.664067: I tensorflow/core/common_runtime/gpu/gpu_device.cc:1267]      
2024-07-25 12:14:46.730256: I tensorflow/compiler/mlir/mlir_graph_optimization_pass.cc:116] None of the MLIR optimization passes are enabled (registered 2)
2024-07-25 12:14:46.748495: I tensorflow/core/platform/profile_utils/cpu_utils.cc:112] CPU Frequency: 2500000000 Hz
{'model_opt': {'latent_dim': 16, 'feat_num': 41388, 'field_num': 88, 'mlp_dropout': 0.0, 'use_bn': False, 'mlp_dims': [1024, 512, 256], 'cross': 3}, 'dataset': 'kuairand', 'model': 'dcn', 'data_dir': 'data/kuairand/threshold_2', 'cuda': 4, 'source': None}
==================================================
|          TJR-CTR: Set the random seed          |
==================================================

==================================================
|               TJR-CTR: Training                |
==================================================

######### tuner ###########
  0%|          | 0/5000 [00:00<?, ?it/s]  0%|          | 1/5000 [00:13<19:08:32, 13.79s/it]  0%|          | 2/5000 [00:30<21:18:13, 15.34s/it]  0%|          | 3/5000 [00:43<20:15:53, 14.60s/it]  0%|          | 4/5000 [00:59<20:41:14, 14.91s/it]  0%|          | 5/5000 [01:14<20:41:20, 14.91s/it]  0%|          | 6/5000 [01:29<20:47:41, 14.99s/it]  0%|          | 6/5000 [01:44<24:11:39, 17.44s/it]
[I 2024-07-25 12:16:41,683] Trial 0 finished with value: 0.6985194763174926 and parameters: {'lr': 0.0003, 'l2': 3e-05, 'bsize': 512, 'alpha1': 0.008804217040183917, 'alpha2': 0.5}. Best is trial 0 with value: 0.6985194763174926.
AUC:  0.6985194763174926 LOGlOSS:  0.43831492889173085 test_AUC:  0.0 test_LOGlOSS:  10000.0
  0%|          | 0/5000 [00:00<?, ?it/s]  0%|          | 1/5000 [00:26<36:51:06, 26.54s/it]  0%|          | 2/5000 [00:53<37:26:57, 26.97s/it]  0%|          | 3/5000 [01:18<35:55:57, 25.89s/it]  0%|          | 4/5000 [01:45<36:41:31, 26.44s/it]  0%|          | 5/5000 [02:11<36:28:19, 26.29s/it]  0%|          | 6/5000 [02:35<35:27:17, 25.56s/it]  0%|          | 7/5000 [03:00<34:56:56, 25.20s/it]  0%|          | 8/5000 [03:29<36:37:17, 26.41s/it]  0%|          | 9/5000 [03:56<36:58:17, 26.67s/it]  0%|          | 10/5000 [04:20<35:57:21, 25.94s/it]  0%|          | 11/5000 [04:49<37:13:28, 26.86s/it]  0%|          | 12/5000 [05:18<38:05:58, 27.50s/it]  0%|          | 13/5000 [05:43<36:45:21, 26.53s/it]  0%|          | 14/5000 [06:11<37:29:04, 27.06s/it]  0%|          | 15/5000 [06:36<36:29:01, 26.35s/it]  0%|          | 16/5000 [07:00<35:29:51, 25.64s/it]  0%|          | 17/5000 [07:23<34:46:26, 25.12s/it]  0%|          | 18/5000 [07:59<39:06:49, 28.26s/it]  0%|          | 19/5000 [08:35<42:19:24, 30.59s/it]  0%|          | 20/5000 [09:11<44:27:12, 32.13s/it]  0%|          | 21/5000 [09:46<45:39:18, 33.01s/it]  0%|          | 22/5000 [10:14<43:35:29, 31.52s/it]  0%|          | 23/5000 [10:44<43:05:17, 31.17s/it]  0%|          | 23/5000 [11:11<40:21:01, 29.19s/it]
[I 2024-07-25 12:28:05,450] Trial 1 finished with value: 0.707478396045101 and parameters: {'lr': 0.0003, 'l2': 0.001, 'bsize': 256, 'alpha1': 0.043759492184554216, 'alpha2': 0.1}. Best is trial 1 with value: 0.707478396045101.
AUC:  0.707478396045101 LOGlOSS:  0.4334648237576738 test_AUC:  0.0 test_LOGlOSS:  10000.0
  0%|          | 0/5000 [00:00<?, ?it/s]  0%|          | 1/5000 [00:09<13:11:58,  9.51s/it]  0%|          | 2/5000 [00:18<12:46:24,  9.20s/it]  0%|          | 3/5000 [00:26<12:03:07,  8.68s/it]  0%|          | 4/5000 [00:34<11:46:39,  8.49s/it]  0%|          | 5/5000 [00:42<11:36:36,  8.37s/it]  0%|          | 6/5000 [00:51<11:29:44,  8.29s/it]  0%|          | 6/5000 [00:59<13:43:48,  9.90s/it]
[I 2024-07-25 12:29:18,849] Trial 2 finished with value: 0.6983896670218492 and parameters: {'lr': 0.001, 'l2': 3e-06, 'bsize': 1024, 'alpha1': 0.009800417451726821, 'alpha2': 0.5}. Best is trial 1 with value: 0.707478396045101.
AUC:  0.6983896670218492 LOGlOSS:  0.44426739679171146 test_AUC:  0.0 test_LOGlOSS:  10000.0
  0%|          | 0/5000 [00:00<?, ?it/s]  0%|          | 1/5000 [00:16<22:19:21, 16.08s/it]  0%|          | 2/5000 [00:30<20:48:37, 14.99s/it]  0%|          | 3/5000 [00:46<21:26:53, 15.45s/it]  0%|          | 4/5000 [01:01<21:17:43, 15.34s/it]  0%|          | 5/5000 [01:16<21:05:36, 15.20s/it]  0%|          | 6/5000 [01:31<20:57:46, 15.11s/it]  0%|          | 7/5000 [01:47<21:30:01, 15.50s/it]  0%|          | 8/5000 [02:02<21:08:41, 15.25s/it]  0%|          | 9/5000 [02:19<21:48:58, 15.74s/it]  0%|          | 10/5000 [02:36<22:31:19, 16.25s/it]  0%|          | 10/5000 [02:52<23:56:59, 17.28s/it]
[I 2024-07-25 12:32:22,861] Trial 3 finished with value: 0.6999200146936944 and parameters: {'lr': 3e-05, 'l2': 1e-06, 'bsize': 512, 'alpha1': 0.0716610876914447, 'alpha2': 1.0}. Best is trial 1 with value: 0.707478396045101.
AUC:  0.6999200146936944 LOGlOSS:  0.4601312481596011 test_AUC:  0.0 test_LOGlOSS:  10000.0
  0%|          | 0/5000 [00:00<?, ?it/s]  0%|          | 1/5000 [00:10<15:01:57, 10.83s/it]  0%|          | 2/5000 [00:20<13:51:01,  9.98s/it]  0%|          | 3/5000 [00:30<13:44:12,  9.90s/it]  0%|          | 4/5000 [00:39<13:23:27,  9.65s/it]  0%|          | 5/5000 [00:49<13:47:38,  9.94s/it]  0%|          | 6/5000 [00:59<13:56:07, 10.05s/it]  0%|          | 7/5000 [01:09<13:34:55,  9.79s/it]  0%|          | 8/5000 [01:18<13:26:10,  9.69s/it]  0%|          | 9/5000 [01:28<13:23:40,  9.66s/it]  0%|          | 10/5000 [01:37<13:19:04,  9.61s/it]  0%|          | 11/5000 [01:47<13:23:29,  9.66s/it]  0%|          | 12/5000 [01:57<13:26:19,  9.70s/it]  0%|          | 12/5000 [02:08<14:49:20, 10.70s/it]
[I 2024-07-25 12:34:43,701] Trial 4 finished with value: 0.7088770681322548 and parameters: {'lr': 0.0001, 'l2': 0.001, 'bsize': 1024, 'alpha1': 0.06928390584876881, 'alpha2': 0.3}. Best is trial 4 with value: 0.7088770681322548.
AUC:  0.7088770681322548 LOGlOSS:  0.4381399476911736 test_AUC:  0.0 test_LOGlOSS:  10000.0
  0%|          | 0/5000 [00:00<?, ?it/s]  0%|          | 1/5000 [00:16<22:56:06, 16.52s/it]  0%|          | 2/5000 [00:34<23:48:58, 17.15s/it]  0%|          | 3/5000 [00:52<24:30:13, 17.65s/it]  0%|          | 4/5000 [01:08<23:49:23, 17.17s/it]  0%|          | 5/5000 [01:25<23:41:18, 17.07s/it]  0%|          | 6/5000 [01:44<24:21:55, 17.56s/it]  0%|          | 6/5000 [02:02<28:17:30, 20.39s/it]
[I 2024-07-25 12:36:59,717] Trial 5 finished with value: 0.6995114764693657 and parameters: {'lr': 0.001, 'l2': 3e-06, 'bsize': 512, 'alpha1': 0.0704184694956826, 'alpha2': 0.4}. Best is trial 4 with value: 0.7088770681322548.
AUC:  0.6995114764693657 LOGlOSS:  0.4374321331044183 test_AUC:  0.0 test_LOGlOSS:  10000.0
  0%|          | 0/5000 [00:00<?, ?it/s]  0%|          | 1/5000 [00:31<44:03:05, 31.72s/it]  0%|          | 2/5000 [01:04<44:59:34, 32.41s/it]  0%|          | 3/5000 [01:36<44:45:31, 32.25s/it]  0%|          | 4/5000 [02:10<45:27:02, 32.75s/it]  0%|          | 5/5000 [02:42<45:19:23, 32.67s/it]  0%|          | 6/5000 [03:16<45:41:20, 32.94s/it]  0%|          | 7/5000 [03:51<46:33:31, 33.57s/it]  0%|          | 7/5000 [04:24<52:30:02, 37.85s/it]
[I 2024-07-25 12:41:38,281] Trial 6 finished with value: 0.6965940632719109 and parameters: {'lr': 0.001, 'l2': 3e-05, 'bsize': 256, 'alpha1': 0.005528365035091438, 'alpha2': 0.6}. Best is trial 4 with value: 0.7088770681322548.
AUC:  0.6965940632719109 LOGlOSS:  0.44631741890187077 test_AUC:  0.0 test_LOGlOSS:  10000.0
  0%|          | 0/5000 [00:00<?, ?it/s]  0%|          | 1/5000 [00:39<54:38:46, 39.35s/it]  0%|          | 2/5000 [01:19<55:19:34, 39.85s/it]  0%|          | 3/5000 [01:59<55:13:27, 39.79s/it]  0%|          | 4/5000 [02:31<50:54:32, 36.68s/it]  0%|          | 5/5000 [02:59<46:49:37, 33.75s/it]  0%|          | 6/5000 [03:28<44:16:14, 31.91s/it]  0%|          | 6/5000 [03:58<55:03:38, 39.69s/it]
[I 2024-07-25 12:45:49,126] Trial 7 finished with value: 0.7021010953176872 and parameters: {'lr': 0.0001, 'l2': 1e-06, 'bsize': 256, 'alpha1': 0.025510212528862253, 'alpha2': 0.4}. Best is trial 4 with value: 0.7088770681322548.
AUC:  0.7021010953176872 LOGlOSS:  0.4354922572023795 test_AUC:  0.0 test_LOGlOSS:  10000.0
  0%|          | 0/5000 [00:00<?, ?it/s]  0%|          | 1/5000 [00:14<19:46:45, 14.24s/it]  0%|          | 2/5000 [00:30<21:43:30, 15.65s/it]  0%|          | 3/5000 [00:46<21:35:16, 15.55s/it]  0%|          | 4/5000 [01:01<21:32:05, 15.52s/it]  0%|          | 5/5000 [01:15<20:39:45, 14.89s/it]  0%|          | 6/5000 [01:32<21:45:52, 15.69s/it]  0%|          | 7/5000 [01:47<21:31:24, 15.52s/it]  0%|          | 7/5000 [02:03<24:30:14, 17.67s/it]
[I 2024-07-25 12:48:05,999] Trial 8 finished with value: 0.7053134850064877 and parameters: {'lr': 0.0001, 'l2': 1e-06, 'bsize': 512, 'alpha1': 0.07982487870786512, 'alpha2': 0.2}. Best is trial 4 with value: 0.7088770681322548.
AUC:  0.7053134850064877 LOGlOSS:  0.4369159140557712 test_AUC:  0.0 test_LOGlOSS:  10000.0
  0%|          | 0/5000 [00:00<?, ?it/s]  0%|          | 1/5000 [00:31<43:17:12, 31.17s/it]  0%|          | 2/5000 [00:58<40:23:05, 29.09s/it]  0%|          | 3/5000 [01:29<41:39:49, 30.02s/it]  0%|          | 4/5000 [02:01<42:33:20, 30.66s/it]  0%|          | 5/5000 [02:28<40:51:17, 29.45s/it]  0%|          | 6/5000 [03:00<41:45:50, 30.11s/it]  0%|          | 7/5000 [03:31<42:26:37, 30.60s/it]  0%|          | 8/5000 [04:01<41:49:14, 30.16s/it]  0%|          | 9/5000 [04:29<41:02:00, 29.60s/it]  0%|          | 10/5000 [04:55<39:37:18, 28.58s/it]  0%|          | 11/5000 [05:32<43:03:22, 31.07s/it]  0%|          | 11/5000 [06:09<46:33:50, 33.60s/it]
[I 2024-07-25 12:54:27,190] Trial 9 finished with value: 0.7025257359734598 and parameters: {'lr': 3e-05, 'l2': 0.0003, 'bsize': 256, 'alpha1': 0.048856822436830566, 'alpha2': 0.9}. Best is trial 4 with value: 0.7088770681322548.
AUC:  0.7025257359734598 LOGlOSS:  0.4515481826798221 test_AUC:  0.0 test_LOGlOSS:  10000.0
  0%|          | 0/5000 [00:00<?, ?it/s]  0%|          | 1/5000 [00:10<14:18:33, 10.30s/it]  0%|          | 2/5000 [00:20<14:12:43, 10.24s/it]  0%|          | 3/5000 [00:30<14:04:35, 10.14s/it]  0%|          | 4/5000 [00:40<14:03:04, 10.12s/it]  0%|          | 5/5000 [00:50<14:07:12, 10.18s/it]  0%|          | 6/5000 [01:01<14:13:07, 10.25s/it]  0%|          | 7/5000 [01:11<14:13:06, 10.25s/it]  0%|          | 8/5000 [01:21<14:12:39, 10.25s/it]  0%|          | 9/5000 [01:31<14:10:28, 10.22s/it]  0%|          | 9/5000 [01:42<15:49:58, 11.42s/it]
[I 2024-07-25 12:56:21,061] Trial 10 finished with value: 0.5666114829241135 and parameters: {'lr': 1e-05, 'l2': 0.001, 'bsize': 1024, 'alpha1': 0.09297107146728026, 'alpha2': 0.3}. Best is trial 4 with value: 0.7088770681322548.
AUC:  0.5666114829241135 LOGlOSS:  0.5004681385068059 test_AUC:  0.0 test_LOGlOSS:  10000.0
  0%|          | 0/5000 [00:00<?, ?it/s]  0%|          | 1/5000 [00:08<12:12:09,  8.79s/it]  0%|          | 2/5000 [00:18<12:52:56,  9.28s/it]  0%|          | 3/5000 [00:27<12:53:17,  9.28s/it]  0%|          | 4/5000 [00:36<12:52:06,  9.27s/it]  0%|          | 5/5000 [00:46<13:01:27,  9.39s/it]  0%|          | 6/5000 [00:56<13:05:52,  9.44s/it]  0%|          | 7/5000 [01:05<13:09:12,  9.48s/it]  0%|          | 8/5000 [01:15<13:08:44,  9.48s/it]  0%|          | 9/5000 [01:24<13:09:13,  9.49s/it]  0%|          | 10/5000 [01:34<13:10:17,  9.50s/it]  0%|          | 11/5000 [01:43<13:09:28,  9.49s/it]  0%|          | 12/5000 [01:53<13:09:37,  9.50s/it]  0%|          | 13/5000 [02:02<13:11:37,  9.52s/it]  0%|          | 14/5000 [02:12<13:10:50,  9.52s/it]  0%|          | 15/5000 [02:21<13:12:29,  9.54s/it]  0%|          | 16/5000 [02:31<13:10:21,  9.51s/it]  0%|          | 17/5000 [02:40<13:08:05,  9.49s/it]  0%|          | 18/5000 [02:50<13:20:19,  9.64s/it]  0%|          | 19/5000 [03:00<13:18:50,  9.62s/it]  0%|          | 19/5000 [03:09<13:49:21,  9.99s/it]
[I 2024-07-25 12:59:43,754] Trial 11 finished with value: 0.7069274651567032 and parameters: {'lr': 0.0003, 'l2': 0.001, 'bsize': 1024, 'alpha1': 0.0491203753893003, 'alpha2': 0.1}. Best is trial 4 with value: 0.7088770681322548.
AUC:  0.7069274651567032 LOGlOSS:  0.43373135608636537 test_AUC:  0.0 test_LOGlOSS:  10000.0
  0%|          | 0/5000 [00:00<?, ?it/s]  0%|          | 1/5000 [00:09<13:25:14,  9.66s/it]  0%|          | 2/5000 [00:19<13:15:05,  9.54s/it]  0%|          | 3/5000 [00:29<13:40:41,  9.85s/it]  0%|          | 4/5000 [00:38<13:33:41,  9.77s/it]  0%|          | 5/5000 [00:48<13:30:32,  9.74s/it]  0%|          | 6/5000 [00:58<13:27:46,  9.70s/it]  0%|          | 7/5000 [01:08<13:27:20,  9.70s/it]  0%|          | 8/5000 [01:17<13:27:10,  9.70s/it]  0%|          | 9/5000 [01:27<13:26:43,  9.70s/it]  0%|          | 10/5000 [01:37<13:25:41,  9.69s/it]  0%|          | 11/5000 [01:46<13:23:19,  9.66s/it]  0%|          | 12/5000 [01:57<13:49:02,  9.97s/it]  0%|          | 13/5000 [02:07<14:05:34, 10.17s/it]  0%|          | 13/5000 [02:18<14:46:33, 10.67s/it]
[I 2024-07-25 13:02:12,948] Trial 12 finished with value: 0.7057135716743239 and parameters: {'lr': 0.0003, 'l2': 0.0001, 'bsize': 1024, 'alpha1': 0.03806411643675425, 'alpha2': 0.3}. Best is trial 4 with value: 0.7088770681322548.
AUC:  0.7057135716743239 LOGlOSS:  0.4496493127068617 test_AUC:  0.0 test_LOGlOSS:  10000.0
  0%|          | 0/5000 [00:00<?, ?it/s]  0%|          | 1/5000 [00:36<50:19:38, 36.24s/it]  0%|          | 2/5000 [01:11<49:40:26, 35.78s/it]  0%|          | 3/5000 [01:47<49:24:02, 35.59s/it]  0%|          | 4/5000 [02:22<49:25:26, 35.61s/it]  0%|          | 5/5000 [02:58<49:26:04, 35.63s/it]  0%|          | 6/5000 [03:27<46:21:19, 33.42s/it]  0%|          | 6/5000 [03:59<55:16:12, 39.84s/it]
[I 2024-07-25 13:06:22,026] Trial 13 finished with value: 0.7055855654495545 and parameters: {'lr': 0.0001, 'l2': 1e-05, 'bsize': 256, 'alpha1': 0.061695123841120025, 'alpha2': 0.1}. Best is trial 4 with value: 0.7088770681322548.
AUC:  0.7055855654495545 LOGlOSS:  0.429547043935542 test_AUC:  0.0 test_LOGlOSS:  10000.0
  0%|          | 0/5000 [00:00<?, ?it/s]  0%|          | 1/5000 [00:09<13:30:56,  9.73s/it]  0%|          | 2/5000 [00:19<13:43:38,  9.89s/it]  0%|          | 3/5000 [00:29<13:51:29,  9.98s/it]  0%|          | 4/5000 [00:39<13:53:48, 10.01s/it]  0%|          | 5/5000 [00:49<13:41:25,  9.87s/it]  0%|          | 6/5000 [00:59<13:39:27,  9.85s/it]  0%|          | 7/5000 [01:09<13:36:21,  9.81s/it]  0%|          | 8/5000 [01:18<13:30:37,  9.74s/it]  0%|          | 9/5000 [01:28<13:27:56,  9.71s/it]  0%|          | 10/5000 [01:37<13:27:25,  9.71s/it]  0%|          | 11/5000 [01:47<13:24:08,  9.67s/it]  0%|          | 12/5000 [01:54<12:06:08,  8.73s/it]  0%|          | 13/5000 [02:00<11:15:03,  8.12s/it]  0%|          | 14/5000 [02:10<12:05:15,  8.73s/it]  0%|          | 15/5000 [02:20<12:33:26,  9.07s/it]  0%|          | 16/5000 [02:30<12:49:05,  9.26s/it]  0%|          | 17/5000 [02:40<13:01:33,  9.41s/it]  0%|          | 18/5000 [02:50<13:10:00,  9.51s/it]  0%|          | 19/5000 [02:59<13:12:29,  9.55s/it]  0%|          | 20/5000 [03:09<13:10:23,  9.52s/it]  0%|          | 21/5000 [03:18<13:10:48,  9.53s/it]  0%|          | 22/5000 [03:28<13:15:01,  9.58s/it]  0%|          | 23/5000 [03:38<13:17:29,  9.61s/it]  0%|          | 24/5000 [03:47<13:17:34,  9.62s/it]  0%|          | 25/5000 [03:57<13:11:17,  9.54s/it]  1%|          | 26/5000 [04:07<13:31:32,  9.79s/it]  1%|          | 27/5000 [04:17<13:39:31,  9.89s/it]  1%|          | 28/5000 [04:28<13:54:10, 10.07s/it]  1%|          | 29/5000 [04:38<14:12:23, 10.29s/it]  1%|          | 30/5000 [04:49<14:27:29, 10.47s/it]  1%|          | 31/5000 [05:00<14:38:19, 10.61s/it]  1%|          | 32/5000 [05:11<14:39:26, 10.62s/it]  1%|          | 33/5000 [05:22<14:40:09, 10.63s/it]  1%|          | 34/5000 [05:32<14:24:43, 10.45s/it]  1%|          | 35/5000 [05:42<14:21:15, 10.41s/it]  1%|          | 36/5000 [05:52<14:19:08, 10.38s/it]  1%|          | 37/5000 [06:00<13:20:54,  9.68s/it]  1%|          | 38/5000 [06:11<13:45:23,  9.98s/it]  1%|          | 39/5000 [06:21<13:54:49, 10.10s/it]  1%|          | 40/5000 [06:31<13:57:45, 10.13s/it]  1%|          | 41/5000 [06:42<13:58:51, 10.15s/it]  1%|          | 42/5000 [06:52<14:01:26, 10.18s/it]  1%|          | 43/5000 [07:03<14:26:51, 10.49s/it]  1%|          | 44/5000 [07:14<14:32:32, 10.56s/it]  1%|          | 45/5000 [07:24<14:32:07, 10.56s/it]  1%|          | 46/5000 [07:35<14:23:39, 10.46s/it]  1%|          | 47/5000 [07:43<13:36:09,  9.89s/it]  1%|          | 48/5000 [07:52<13:19:44,  9.69s/it]  1%|          | 49/5000 [08:04<13:59:57, 10.18s/it]  1%|          | 50/5000 [08:15<14:23:09, 10.46s/it]  1%|          | 51/5000 [08:26<14:34:43, 10.60s/it]  1%|          | 52/5000 [08:37<14:47:19, 10.76s/it]  1%|          | 53/5000 [08:48<14:49:38, 10.79s/it]  1%|          | 54/5000 [08:59<14:50:45, 10.81s/it]  1%|          | 55/5000 [09:10<14:59:18, 10.91s/it]  1%|          | 55/5000 [09:19<13:58:44, 10.18s/it]
[I 2024-07-25 13:15:52,597] Trial 14 finished with value: 0.7060396628225389 and parameters: {'lr': 1e-05, 'l2': 0.001, 'bsize': 1024, 'alpha1': 0.028466407251445152, 'alpha2': 0.7}. Best is trial 4 with value: 0.7088770681322548.
AUC:  0.7060396628225389 LOGlOSS:  0.45847498903485334 test_AUC:  0.0 test_LOGlOSS:  10000.0
  0%|          | 0/5000 [00:00<?, ?it/s]  0%|          | 1/5000 [00:39<54:19:38, 39.12s/it]  0%|          | 2/5000 [01:18<54:14:40, 39.07s/it]  0%|          | 3/5000 [01:57<54:09:16, 39.01s/it]  0%|          | 4/5000 [02:36<54:26:53, 39.23s/it]  0%|          | 5/5000 [03:14<53:55:37, 38.87s/it]  0%|          | 6/5000 [03:50<52:34:59, 37.91s/it]  0%|          | 7/5000 [04:30<53:08:46, 38.32s/it]  0%|          | 8/5000 [05:12<54:55:21, 39.61s/it]  0%|          | 9/5000 [05:52<55:13:39, 39.84s/it]  0%|          | 10/5000 [06:31<54:49:49, 39.56s/it]  0%|          | 11/5000 [07:11<54:55:42, 39.64s/it]  0%|          | 12/5000 [07:50<54:38:27, 39.44s/it]  0%|          | 13/5000 [08:29<54:23:01, 39.26s/it]  0%|          | 14/5000 [09:08<54:12:55, 39.14s/it]  0%|          | 15/5000 [09:46<53:51:07, 38.89s/it]  0%|          | 16/5000 [10:23<53:10:19, 38.41s/it]  0%|          | 17/5000 [10:59<52:08:42, 37.67s/it]  0%|          | 18/5000 [11:30<49:21:55, 35.67s/it]  0%|          | 18/5000 [12:01<55:29:27, 40.10s/it]
