[I 2024-07-25 20:04:32,222] Trial 63 finished with value: 0.7096600830223959 and parameters: {'lr': 0.0001, 'l2': 0.001, 'bsize': 256, 'alpha1': 0.0924845441207115, 'alpha2': 0.1}. Best is trial 25 with value: 0.7101646954060958.
AUC:  0.7096600830223959 LOGlOSS:  0.43275934047584297 test_AUC:  0.0 test_LOGlOSS:  10000.0
  0%|          | 0/5000 [00:00<?, ?it/s]  0%|          | 1/5000 [00:40<55:44:55, 40.15s/it]  0%|          | 2/5000 [01:19<55:02:55, 39.65s/it]  0%|          | 3/5000 [01:59<55:07:02, 39.71s/it]  0%|          | 4/5000 [02:40<55:44:09, 40.16s/it]  0%|          | 5/5000 [03:16<53:58:28, 38.90s/it]  0%|          | 6/5000 [03:56<54:12:46, 39.08s/it]  0%|          | 7/5000 [04:35<54:21:13, 39.19s/it]  0%|          | 8/5000 [05:14<54:04:43, 39.00s/it]  0%|          | 9/5000 [05:56<55:19:58, 39.91s/it]  0%|          | 10/5000 [06:35<54:57:28, 39.65s/it]  0%|          | 11/5000 [07:14<54:39:09, 39.44s/it]  0%|          | 12/5000 [07:46<51:31:46, 37.19s/it]  0%|          | 13/5000 [08:24<51:54:07, 37.47s/it]  0%|          | 14/5000 [09:03<52:35:24, 37.97s/it]  0%|          | 15/5000 [09:43<53:38:17, 38.74s/it]  0%|          | 16/5000 [10:23<53:54:39, 38.94s/it]  0%|          | 17/5000 [11:01<53:40:23, 38.78s/it]  0%|          | 18/5000 [11:41<53:59:18, 39.01s/it]  0%|          | 19/5000 [12:20<54:07:58, 39.12s/it]  0%|          | 19/5000 [12:59<56:45:03, 41.02s/it]
[I 2024-07-25 20:17:44,921] Trial 64 finished with value: 0.709653575486247 and parameters: {'lr': 0.0001, 'l2': 0.001, 'bsize': 256, 'alpha1': 0.09230024498786149, 'alpha2': 0.1}. Best is trial 25 with value: 0.7101646954060958.
AUC:  0.709653575486247 LOGlOSS:  0.4318322649190012 test_AUC:  0.0 test_LOGlOSS:  10000.0
  0%|          | 0/5000 [00:00<?, ?it/s]  0%|          | 1/5000 [00:34<48:30:54, 34.94s/it]  0%|          | 2/5000 [01:15<53:06:20, 38.25s/it]  0%|          | 3/5000 [01:53<53:14:24, 38.36s/it]  0%|          | 4/5000 [02:35<55:11:00, 39.76s/it]  0%|          | 5/5000 [03:17<56:10:12, 40.48s/it]  0%|          | 6/5000 [03:58<56:28:23, 40.71s/it]  0%|          | 7/5000 [04:39<56:14:51, 40.56s/it]  0%|          | 8/5000 [05:17<55:31:09, 40.04s/it]  0%|          | 9/5000 [05:56<55:01:48, 39.69s/it]  0%|          | 10/5000 [06:22<49:11:29, 35.49s/it]  0%|          | 11/5000 [06:50<45:49:41, 33.07s/it]  0%|          | 12/5000 [07:28<47:48:30, 34.50s/it]  0%|          | 13/5000 [08:07<49:46:09, 35.93s/it]  0%|          | 14/5000 [08:46<51:01:06, 36.84s/it]  0%|          | 15/5000 [09:26<52:18:15, 37.77s/it]  0%|          | 16/5000 [10:04<52:30:14, 37.92s/it]  0%|          | 17/5000 [10:43<52:39:41, 38.05s/it]  0%|          | 18/5000 [11:23<53:45:02, 38.84s/it]  0%|          | 19/5000 [12:03<53:57:44, 39.00s/it]  0%|          | 19/5000 [12:42<55:32:17, 40.14s/it]
[I 2024-07-25 20:30:38,986] Trial 65 finished with value: 0.7096641929416542 and parameters: {'lr': 0.0001, 'l2': 0.001, 'bsize': 256, 'alpha1': 0.09271396640244915, 'alpha2': 0.1}. Best is trial 25 with value: 0.7101646954060958.
AUC:  0.7096641929416542 LOGlOSS:  0.4318327581070998 test_AUC:  0.0 test_LOGlOSS:  10000.0
  0%|          | 0/5000 [00:00<?, ?it/s]  0%|          | 1/5000 [00:38<53:44:32, 38.70s/it]  0%|          | 2/5000 [01:17<53:56:41, 38.86s/it]  0%|          | 3/5000 [01:54<52:55:35, 38.13s/it]  0%|          | 4/5000 [02:37<55:22:29, 39.90s/it]  0%|          | 5/5000 [03:15<54:23:25, 39.20s/it]  0%|          | 6/5000 [03:54<54:23:55, 39.21s/it]  0%|          | 7/5000 [04:33<54:19:36, 39.17s/it]  0%|          | 8/5000 [05:12<54:18:58, 39.17s/it]  0%|          | 9/5000 [05:51<53:55:10, 38.89s/it]  0%|          | 10/5000 [06:29<53:36:11, 38.67s/it]  0%|          | 10/5000 [07:11<59:44:31, 43.10s/it]
[I 2024-07-25 20:38:01,790] Trial 66 finished with value: 0.7091857437804959 and parameters: {'lr': 0.0001, 'l2': 0.0003, 'bsize': 256, 'alpha1': 0.09679381262995145, 'alpha2': 0.1}. Best is trial 25 with value: 0.7101646954060958.
AUC:  0.7091857437804959 LOGlOSS:  0.4363783293968463 test_AUC:  0.0 test_LOGlOSS:  10000.0
  0%|          | 0/5000 [00:00<?, ?it/s]  0%|          | 1/5000 [00:38<53:25:18, 38.47s/it]  0%|          | 2/5000 [01:17<53:48:27, 38.76s/it]  0%|          | 3/5000 [01:57<54:50:30, 39.51s/it]  0%|          | 4/5000 [02:35<53:55:39, 38.86s/it]  0%|          | 5/5000 [03:08<50:58:05, 36.73s/it]  0%|          | 6/5000 [03:49<52:48:27, 38.07s/it]  0%|          | 6/5000 [04:28<62:00:31, 44.70s/it]
[I 2024-07-25 20:42:42,610] Trial 67 finished with value: 0.5670066897392896 and parameters: {'lr': 1e-05, 'l2': 0.001, 'bsize': 256, 'alpha1': 0.08549899166852522, 'alpha2': 0.1}. Best is trial 25 with value: 0.7101646954060958.
AUC:  0.5670066897392896 LOGlOSS:  0.4718861544812388 test_AUC:  0.0 test_LOGlOSS:  10000.0
  0%|          | 0/5000 [00:00<?, ?it/s]  0%|          | 1/5000 [00:37<51:56:29, 37.41s/it]  0%|          | 2/5000 [01:11<49:01:00, 35.31s/it]  0%|          | 3/5000 [01:50<51:20:18, 36.99s/it]  0%|          | 4/5000 [02:29<52:48:18, 38.05s/it]  0%|          | 5/5000 [03:09<53:26:22, 38.51s/it]  0%|          | 6/5000 [03:48<53:45:25, 38.75s/it]  0%|          | 7/5000 [04:26<53:18:59, 38.44s/it]  0%|          | 7/5000 [05:06<60:39:20, 43.73s/it]
[I 2024-07-25 20:48:01,078] Trial 68 finished with value: 0.7029960799251639 and parameters: {'lr': 0.001, 'l2': 1e-05, 'bsize': 256, 'alpha1': 0.09313040859064829, 'alpha2': 0.1}. Best is trial 25 with value: 0.7101646954060958.
AUC:  0.7029960799251639 LOGlOSS:  0.4312764404552155 test_AUC:  0.0 test_LOGlOSS:  10000.0
  0%|          | 0/5000 [00:00<?, ?it/s]  0%|          | 1/5000 [00:38<54:04:09, 38.94s/it]  0%|          | 2/5000 [01:20<56:30:50, 40.71s/it]  0%|          | 3/5000 [02:01<56:31:04, 40.72s/it]  0%|          | 4/5000 [02:41<56:02:20, 40.38s/it]  0%|          | 5/5000 [03:19<54:58:48, 39.63s/it]  0%|          | 6/5000 [03:58<54:38:27, 39.39s/it]  0%|          | 7/5000 [04:37<54:13:17, 39.09s/it]  0%|          | 8/5000 [05:18<55:03:09, 39.70s/it]  0%|          | 9/5000 [05:59<55:34:24, 40.08s/it]  0%|          | 10/5000 [06:37<54:45:51, 39.51s/it]  0%|          | 11/5000 [07:18<55:36:15, 40.12s/it]  0%|          | 12/5000 [07:58<55:22:31, 39.97s/it]  0%|          | 13/5000 [08:34<53:47:54, 38.84s/it]  0%|          | 14/5000 [09:05<50:30:37, 36.47s/it]  0%|          | 15/5000 [09:45<52:02:03, 37.58s/it]  0%|          | 16/5000 [10:25<52:49:30, 38.16s/it]  0%|          | 17/5000 [11:05<53:28:09, 38.63s/it]  0%|          | 18/5000 [11:45<54:06:12, 39.10s/it]  0%|          | 19/5000 [12:14<49:52:50, 36.05s/it]  0%|          | 20/5000 [12:42<46:43:18, 33.77s/it]  0%|          | 20/5000 [13:22<55:29:03, 40.11s/it]
[I 2024-07-25 21:01:36,448] Trial 69 finished with value: 0.7084014049984798 and parameters: {'lr': 0.0001, 'l2': 0.001, 'bsize': 256, 'alpha1': 0.08921761047552161, 'alpha2': 0.3}. Best is trial 25 with value: 0.7101646954060958.
AUC:  0.7084014049984798 LOGlOSS:  0.4363915575592036 test_AUC:  0.0 test_LOGlOSS:  10000.0
  0%|          | 0/5000 [00:00<?, ?it/s]  0%|          | 1/5000 [00:35<48:54:13, 35.22s/it]  0%|          | 2/5000 [01:16<54:09:51, 39.01s/it]  0%|          | 3/5000 [01:57<55:23:52, 39.91s/it]  0%|          | 4/5000 [02:37<55:23:52, 39.92s/it]  0%|          | 5/5000 [03:17<55:16:56, 39.84s/it]  0%|          | 6/5000 [03:56<54:59:49, 39.65s/it]  0%|          | 7/5000 [04:25<50:03:49, 36.10s/it]  0%|          | 7/5000 [04:55<58:37:19, 42.27s/it]
[I 2024-07-25 21:06:45,849] Trial 70 finished with value: 0.7057865640666567 and parameters: {'lr': 0.0001, 'l2': 3e-05, 'bsize': 256, 'alpha1': 0.0981129528119349, 'alpha2': 0.1}. Best is trial 25 with value: 0.7101646954060958.
AUC:  0.7057865640666567 LOGlOSS:  0.43340340619602974 test_AUC:  0.0 test_LOGlOSS:  10000.0
  0%|          | 0/5000 [00:00<?, ?it/s]  0%|          | 1/5000 [00:36<51:01:27, 36.74s/it]  0%|          | 2/5000 [01:13<51:12:43, 36.89s/it]  0%|          | 3/5000 [01:52<52:23:41, 37.75s/it]  0%|          | 4/5000 [02:30<52:44:17, 38.00s/it]  0%|          | 5/5000 [03:11<53:58:17, 38.90s/it]  0%|          | 6/5000 [03:50<53:55:37, 38.87s/it]  0%|          | 7/5000 [04:29<53:56:23, 38.89s/it]  0%|          | 8/5000 [05:06<53:18:34, 38.44s/it]  0%|          | 9/5000 [05:45<53:30:24, 38.59s/it]  0%|          | 10/5000 [06:23<53:13:56, 38.40s/it]  0%|          | 11/5000 [07:02<53:35:30, 38.67s/it]  0%|          | 12/5000 [07:40<53:02:30, 38.28s/it]  0%|          | 13/5000 [08:19<53:19:27, 38.49s/it]  0%|          | 14/5000 [08:49<49:49:38, 35.98s/it]  0%|          | 15/5000 [09:17<46:24:46, 33.52s/it]  0%|          | 16/5000 [09:51<46:48:53, 33.81s/it]  0%|          | 17/5000 [10:30<48:58:48, 35.39s/it]  0%|          | 18/5000 [11:10<50:40:30, 36.62s/it]  0%|          | 18/5000 [11:49<54:34:11, 39.43s/it]
[I 2024-07-25 21:18:48,058] Trial 71 finished with value: 0.7096720164981546 and parameters: {'lr': 0.0001, 'l2': 0.001, 'bsize': 256, 'alpha1': 0.09269919912502678, 'alpha2': 0.1}. Best is trial 25 with value: 0.7101646954060958.
AUC:  0.7096720164981546 LOGlOSS:  0.4324312053119063 test_AUC:  0.0 test_LOGlOSS:  10000.0
  0%|          | 0/5000 [00:00<?, ?it/s]  0%|          | 1/5000 [00:37<52:39:23, 37.92s/it]  0%|          | 2/5000 [01:16<53:15:38, 38.36s/it]  0%|          | 3/5000 [01:55<53:26:57, 38.51s/it]  0%|          | 4/5000 [02:33<53:19:16, 38.42s/it]  0%|          | 5/5000 [03:12<53:28:58, 38.55s/it]  0%|          | 6/5000 [03:53<54:34:49, 39.35s/it]  0%|          | 7/5000 [04:37<56:37:06, 40.82s/it]  0%|          | 8/5000 [05:02<49:52:37, 35.97s/it]  0%|          | 9/5000 [05:30<46:17:07, 33.39s/it]  0%|          | 10/5000 [05:58<43:49:38, 31.62s/it]  0%|          | 11/5000 [06:31<44:46:39, 32.31s/it]  0%|          | 12/5000 [07:11<47:46:11, 34.48s/it]  0%|          | 13/5000 [07:49<49:30:31, 35.74s/it]  0%|          | 14/5000 [08:28<50:41:28, 36.60s/it]  0%|          | 15/5000 [09:09<52:20:23, 37.80s/it]  0%|          | 16/5000 [09:48<53:07:06, 38.37s/it]  0%|          | 17/5000 [10:27<53:06:21, 38.37s/it]  0%|          | 18/5000 [11:07<53:44:15, 38.83s/it]  0%|          | 18/5000 [11:48<54:26:59, 39.35s/it]
[I 2024-07-25 21:30:48,052] Trial 72 finished with value: 0.7096994150579308 and parameters: {'lr': 0.0001, 'l2': 0.001, 'bsize': 256, 'alpha1': 0.0932364472880682, 'alpha2': 0.1}. Best is trial 25 with value: 0.7101646954060958.
AUC:  0.7096994150579308 LOGlOSS:  0.4314359477429525 test_AUC:  0.0 test_LOGlOSS:  10000.0
  0%|          | 0/5000 [00:00<?, ?it/s]  0%|          | 1/5000 [00:39<54:12:29, 39.04s/it]  0%|          | 2/5000 [01:21<56:46:52, 40.90s/it]  0%|          | 3/5000 [02:00<55:48:48, 40.21s/it]  0%|          | 4/5000 [02:34<52:21:18, 37.73s/it]  0%|          | 5/5000 [03:09<50:44:38, 36.57s/it]  0%|          | 6/5000 [03:43<49:50:40, 35.93s/it]  0%|          | 7/5000 [04:19<49:33:34, 35.73s/it]  0%|          | 8/5000 [04:54<49:37:39, 35.79s/it]  0%|          | 9/5000 [05:29<49:12:37, 35.50s/it]  0%|          | 10/5000 [06:06<49:39:03, 35.82s/it]  0%|          | 11/5000 [06:41<49:12:25, 35.51s/it]  0%|          | 12/5000 [07:05<44:33:41, 32.16s/it]  0%|          | 13/5000 [07:28<40:41:55, 29.38s/it]  0%|          | 14/5000 [07:51<38:02:24, 27.47s/it]  0%|          | 15/5000 [08:14<36:08:30, 26.10s/it]  0%|          | 16/5000 [08:37<34:49:06, 25.15s/it]  0%|          | 17/5000 [09:00<33:55:40, 24.51s/it]  0%|          | 18/5000 [09:23<33:17:57, 24.06s/it]  0%|          | 18/5000 [09:46<45:07:16, 32.60s/it]
[I 2024-07-25 21:40:46,468] Trial 73 finished with value: 0.7098743977975737 and parameters: {'lr': 0.0001, 'l2': 0.001, 'bsize': 256, 'alpha1': 0.09810671796331218, 'alpha2': 0.1}. Best is trial 25 with value: 0.7101646954060958.
AUC:  0.7098743977975737 LOGlOSS:  0.43132530446213707 test_AUC:  0.0 test_LOGlOSS:  10000.0
  0%|          | 0/5000 [00:00<?, ?it/s]  0%|          | 1/5000 [00:36<50:34:52, 36.43s/it]  0%|          | 2/5000 [01:12<50:20:32, 36.26s/it]  0%|          | 3/5000 [01:48<50:05:31, 36.09s/it]  0%|          | 4/5000 [02:22<49:08:03, 35.41s/it]  0%|          | 5/5000 [02:58<49:11:12, 35.45s/it]  0%|          | 6/5000 [03:34<49:39:02, 35.79s/it]  0%|          | 7/5000 [04:08<48:47:02, 35.17s/it]  0%|          | 8/5000 [04:43<48:30:31, 34.98s/it]  0%|          | 8/5000 [05:17<54:58:18, 39.64s/it]
[I 2024-07-25 21:46:15,140] Trial 74 finished with value: 0.7043871092548751 and parameters: {'lr': 0.0001, 'l2': 0.0001, 'bsize': 256, 'alpha1': 0.0013096715696235203, 'alpha2': 0.1}. Best is trial 25 with value: 0.7101646954060958.
AUC:  0.7043871092548751 LOGlOSS:  0.445899476555671 test_AUC:  0.0 test_LOGlOSS:  10000.0
  0%|          | 0/5000 [00:00<?, ?it/s]  0%|          | 1/5000 [00:33<47:05:15, 33.91s/it]  0%|          | 2/5000 [01:08<47:36:15, 34.29s/it]  0%|          | 3/5000 [01:43<47:46:51, 34.42s/it]  0%|          | 4/5000 [02:17<47:56:27, 34.55s/it]  0%|          | 5/5000 [02:52<47:56:34, 34.55s/it]  0%|          | 6/5000 [03:26<47:54:06, 34.53s/it]  0%|          | 7/5000 [04:05<49:36:15, 35.77s/it]  0%|          | 8/5000 [04:41<49:41:10, 35.83s/it]  0%|          | 9/5000 [05:17<49:48:09, 35.92s/it]  0%|          | 10/5000 [05:52<49:27:04, 35.68s/it]  0%|          | 11/5000 [06:29<49:55:50, 36.03s/it]  0%|          | 12/5000 [07:06<50:20:23, 36.33s/it]  0%|          | 13/5000 [07:43<50:52:02, 36.72s/it]  0%|          | 14/5000 [08:08<45:45:55, 33.04s/it]  0%|          | 15/5000 [08:35<43:25:28, 31.36s/it]  0%|          | 16/5000 [09:15<46:47:32, 33.80s/it]  0%|          | 17/5000 [09:55<49:16:28, 35.60s/it]  0%|          | 18/5000 [10:35<51:26:41, 37.17s/it]  0%|          | 19/5000 [11:16<52:48:43, 38.17s/it]  0%|          | 20/5000 [11:57<53:52:31, 38.95s/it]  0%|          | 21/5000 [12:30<51:38:50, 37.34s/it]  0%|          | 22/5000 [13:11<52:56:44, 38.29s/it]  0%|          | 23/5000 [13:51<53:37:59, 38.79s/it]  0%|          | 23/5000 [14:28<52:12:20, 37.76s/it]
[I 2024-07-25 22:00:54,994] Trial 75 finished with value: 0.7022835970842614 and parameters: {'lr': 0.0003, 'l2': 0.001, 'bsize': 256, 'alpha1': 0.098199907259128, 'alpha2': 1.0}. Best is trial 25 with value: 0.7101646954060958.
AUC:  0.7022835970842614 LOGlOSS:  0.451734827272724 test_AUC:  0.0 test_LOGlOSS:  10000.0
  0%|          | 0/5000 [00:00<?, ?it/s]  0%|          | 1/5000 [00:38<53:16:35, 38.37s/it]  0%|          | 2/5000 [01:16<53:08:09, 38.27s/it]  0%|          | 3/5000 [01:54<53:02:03, 38.21s/it]  0%|          | 4/5000 [02:29<51:15:32, 36.94s/it]  0%|          | 5/5000 [03:03<49:29:40, 35.67s/it]  0%|          | 6/5000 [03:43<51:35:50, 37.19s/it]  0%|          | 7/5000 [04:21<52:07:56, 37.59s/it]  0%|          | 8/5000 [04:59<52:12:46, 37.65s/it]  0%|          | 9/5000 [05:37<52:19:00, 37.74s/it]  0%|          | 10/5000 [06:15<52:32:52, 37.91s/it]  0%|          | 11/5000 [06:53<52:36:53, 37.97s/it]  0%|          | 12/5000 [07:33<53:12:01, 38.40s/it]  0%|          | 13/5000 [08:14<54:23:08, 39.26s/it]  0%|          | 14/5000 [08:55<55:00:26, 39.72s/it]  0%|          | 15/5000 [09:35<55:24:23, 40.01s/it]  0%|          | 16/5000 [10:15<55:16:46, 39.93s/it]  0%|          | 17/5000 [10:54<54:52:42, 39.65s/it]  0%|          | 18/5000 [11:33<54:28:15, 39.36s/it]  0%|          | 18/5000 [12:11<56:14:02, 40.63s/it]
[I 2024-07-25 22:13:19,139] Trial 76 finished with value: 0.7099349950000918 and parameters: {'lr': 0.0001, 'l2': 0.001, 'bsize': 256, 'alpha1': 0.09997097835410047, 'alpha2': 0.1}. Best is trial 25 with value: 0.7101646954060958.
AUC:  0.7099349950000918 LOGlOSS:  0.4312606709619789 test_AUC:  0.0 test_LOGlOSS:  10000.0
  0%|          | 0/5000 [00:00<?, ?it/s]  0%|          | 1/5000 [00:21<29:23:25, 21.17s/it]  0%|          | 2/5000 [00:42<29:16:30, 21.09s/it]  0%|          | 3/5000 [01:03<29:19:28, 21.13s/it]  0%|          | 4/5000 [01:24<29:24:00, 21.19s/it]  0%|          | 5/5000 [01:45<29:22:42, 21.17s/it]  0%|          | 6/5000 [02:06<29:10:27, 21.03s/it]  0%|          | 7/5000 [02:28<29:35:32, 21.34s/it]  0%|          | 8/5000 [02:51<30:07:08, 21.72s/it]  0%|          | 9/5000 [03:13<30:29:42, 22.00s/it]  0%|          | 10/5000 [03:36<30:44:22, 22.18s/it]  0%|          | 11/5000 [03:58<30:55:49, 22.32s/it]  0%|          | 12/5000 [04:20<30:42:44, 22.17s/it]  0%|          | 13/5000 [04:40<29:34:32, 21.35s/it]  0%|          | 14/5000 [04:59<28:48:53, 20.80s/it]  0%|          | 15/5000 [05:22<29:31:19, 21.32s/it]  0%|          | 16/5000 [05:44<30:03:03, 21.71s/it]  0%|          | 17/5000 [06:07<30:27:09, 22.00s/it]  0%|          | 18/5000 [06:30<30:48:46, 22.27s/it]  0%|          | 19/5000 [06:53<31:05:06, 22.47s/it]  0%|          | 19/5000 [07:12<31:29:59, 22.77s/it]
[I 2024-07-25 22:20:44,613] Trial 77 finished with value: 0.7017316173153443 and parameters: {'lr': 1e-05, 'l2': 3e-06, 'bsize': 512, 'alpha1': 0.0998391149928552, 'alpha2': 0.7}. Best is trial 25 with value: 0.7101646954060958.
AUC:  0.7017316173153443 LOGlOSS:  0.46132623427375463 test_AUC:  0.0 test_LOGlOSS:  10000.0
  0%|          | 0/5000 [00:00<?, ?it/s]  0%|          | 1/5000 [00:41<57:13:31, 41.21s/it]  0%|          | 2/5000 [01:22<57:27:23, 41.39s/it]  0%|          | 3/5000 [02:02<56:15:47, 40.53s/it]  0%|          | 4/5000 [02:41<55:22:47, 39.91s/it]  0%|          | 5/5000 [03:19<54:28:55, 39.27s/it]  0%|          | 6/5000 [03:57<54:03:59, 38.97s/it]  0%|          | 7/5000 [04:36<54:06:17, 39.01s/it]  0%|          | 8/5000 [05:16<54:26:06, 39.26s/it]  0%|          | 9/5000 [05:56<54:46:04, 39.50s/it]  0%|          | 10/5000 [06:35<54:37:55, 39.41s/it]  0%|          | 11/5000 [07:13<53:58:19, 38.95s/it]  0%|          | 12/5000 [07:52<53:54:31, 38.91s/it]  0%|          | 13/5000 [08:34<55:09:11, 39.81s/it]  0%|          | 14/5000 [09:13<54:43:12, 39.51s/it]  0%|          | 15/5000 [09:52<54:38:25, 39.46s/it]  0%|          | 16/5000 [10:32<54:55:04, 39.67s/it]  0%|          | 17/5000 [11:11<54:35:15, 39.44s/it]  0%|          | 18/5000 [11:50<54:24:40, 39.32s/it]  0%|          | 19/5000 [12:29<54:18:41, 39.25s/it]  0%|          | 20/5000 [13:08<54:08:17, 39.14s/it]  0%|          | 20/5000 [13:50<57:27:18, 41.53s/it]
[I 2024-07-25 22:34:45,822] Trial 78 finished with value: 0.7068676915123414 and parameters: {'lr': 0.0001, 'l2': 0.001, 'bsize': 256, 'alpha1': 0.03067554630112246, 'alpha2': 0.5}. Best is trial 25 with value: 0.7101646954060958.
AUC:  0.7068676915123414 LOGlOSS:  0.440537862384828 test_AUC:  0.0 test_LOGlOSS:  10000.0
  0%|          | 0/5000 [00:00<?, ?it/s]  0%|          | 1/5000 [00:39<55:07:42, 39.70s/it]  0%|          | 2/5000 [01:19<55:01:51, 39.64s/it]  0%|          | 3/5000 [01:59<55:19:35, 39.86s/it]  0%|          | 4/5000 [02:36<53:47:39, 38.76s/it]  0%|          | 5/5000 [03:15<53:39:45, 38.68s/it]  0%|          | 6/5000 [03:53<53:37:32, 38.66s/it]  0%|          | 7/5000 [04:32<53:38:09, 38.67s/it]  0%|          | 8/5000 [05:13<54:35:31, 39.37s/it]  0%|          | 9/5000 [05:54<55:15:24, 39.86s/it]  0%|          | 10/5000 [06:35<55:45:28, 40.23s/it]  0%|          | 11/5000 [07:16<56:04:51, 40.47s/it]  0%|          | 12/5000 [07:57<56:20:45, 40.67s/it]  0%|          | 13/5000 [08:37<56:13:09, 40.58s/it]  0%|          | 14/5000 [09:16<55:27:57, 40.05s/it]  0%|          | 15/5000 [09:55<55:09:42, 39.84s/it]  0%|          | 16/5000 [10:34<54:40:06, 39.49s/it]  0%|          | 17/5000 [11:12<54:03:30, 39.05s/it]  0%|          | 18/5000 [11:50<53:43:37, 38.82s/it]  0%|          | 18/5000 [12:29<57:37:34, 41.64s/it]
[I 2024-07-25 22:47:26,185] Trial 79 finished with value: 0.7097544156071713 and parameters: {'lr': 0.0001, 'l2': 0.001, 'bsize': 256, 'alpha1': 0.09459249193270369, 'alpha2': 0.1}. Best is trial 25 with value: 0.7101646954060958.
AUC:  0.7097544156071713 LOGlOSS:  0.4314297975912154 test_AUC:  0.0 test_LOGlOSS:  10000.0
  0%|          | 0/5000 [00:00<?, ?it/s]  0%|          | 1/5000 [00:38<53:37:18, 38.62s/it]  0%|          | 2/5000 [01:17<53:42:55, 38.69s/it]  0%|          | 3/5000 [01:56<53:47:57, 38.76s/it]  0%|          | 4/5000 [02:35<54:15:59, 39.10s/it]  0%|          | 5/5000 [03:14<54:13:50, 39.09s/it]  0%|          | 6/5000 [03:53<54:06:31, 39.01s/it]  0%|          | 7/5000 [04:33<54:28:43, 39.28s/it]  0%|          | 8/5000 [05:13<54:47:37, 39.51s/it]  0%|          | 9/5000 [05:51<54:10:51, 39.08s/it]  0%|          | 10/5000 [06:30<54:01:19, 38.97s/it]  0%|          | 11/5000 [06:59<49:54:55, 36.02s/it]  0%|          | 12/5000 [07:40<51:47:06, 37.37s/it]  0%|          | 13/5000 [08:25<54:53:38, 39.63s/it]  0%|          | 14/5000 [09:03<54:21:38, 39.25s/it]  0%|          | 14/5000 [09:42<57:36:35, 41.60s/it]
