[I 2024-07-25 13:28:05,942] Trial 15 finished with value: 0.7097463460655585 and parameters: {'lr': 0.0001, 'l2': 0.001, 'bsize': 256, 'alpha1': 0.09421699504780476, 'alpha2': 0.1}. Best is trial 15 with value: 0.7097463460655585.
AUC:  0.7097463460655585 LOGlOSS:  0.4314467519524382 test_AUC:  0.0 test_LOGlOSS:  10000.0
  0%|          | 0/5000 [00:00<?, ?it/s]  0%|          | 1/5000 [00:08<11:57:53,  8.62s/it]  0%|          | 2/5000 [00:17<12:22:56,  8.92s/it]  0%|          | 3/5000 [00:27<13:02:58,  9.40s/it]  0%|          | 4/5000 [00:38<13:59:19, 10.08s/it]  0%|          | 5/5000 [00:49<14:21:51, 10.35s/it]  0%|          | 6/5000 [01:00<14:40:26, 10.58s/it]  0%|          | 7/5000 [01:11<14:59:31, 10.81s/it]  0%|          | 8/5000 [01:23<15:05:36, 10.88s/it]  0%|          | 9/5000 [01:33<15:07:24, 10.91s/it]  0%|          | 10/5000 [01:45<15:10:30, 10.95s/it]  0%|          | 11/5000 [01:55<15:09:02, 10.93s/it]  0%|          | 12/5000 [02:06<15:08:40, 10.93s/it]  0%|          | 12/5000 [02:17<15:54:54, 11.49s/it]
[I 2024-07-25 13:30:35,007] Trial 16 finished with value: 0.7044061802346556 and parameters: {'lr': 0.0001, 'l2': 0.001, 'bsize': 1024, 'alpha1': 0.09874691256884159, 'alpha2': 0.8}. Best is trial 15 with value: 0.7097463460655585.
AUC:  0.7044061802346556 LOGlOSS:  0.4520954202885246 test_AUC:  0.0 test_LOGlOSS:  10000.0
  0%|          | 0/5000 [00:00<?, ?it/s]  0%|          | 1/5000 [00:25<34:43:40, 25.01s/it]  0%|          | 2/5000 [01:00<43:24:18, 31.26s/it]  0%|          | 3/5000 [01:36<46:27:39, 33.47s/it]  0%|          | 4/5000 [02:13<48:11:42, 34.73s/it]  0%|          | 5/5000 [02:49<49:00:44, 35.32s/it]  0%|          | 6/5000 [03:27<49:54:14, 35.97s/it]  0%|          | 6/5000 [03:58<55:11:54, 39.79s/it]
[I 2024-07-25 13:34:43,814] Trial 17 finished with value: 0.7032180851788963 and parameters: {'lr': 0.0001, 'l2': 1e-05, 'bsize': 256, 'alpha1': 0.08525115294100653, 'alpha2': 0.3}. Best is trial 15 with value: 0.7097463460655585.
AUC:  0.7032180851788963 LOGlOSS:  0.4331072410903754 test_AUC:  0.0 test_LOGlOSS:  10000.0
  0%|          | 0/5000 [00:00<?, ?it/s]  0%|          | 1/5000 [00:36<50:38:27, 36.47s/it]  0%|          | 2/5000 [01:12<50:13:19, 36.17s/it]  0%|          | 3/5000 [01:53<53:07:57, 38.28s/it]  0%|          | 4/5000 [02:29<52:08:09, 37.57s/it]  0%|          | 5/5000 [03:04<50:46:46, 36.60s/it]  0%|          | 6/5000 [03:43<52:01:47, 37.51s/it]  0%|          | 7/5000 [04:23<52:57:53, 38.19s/it]  0%|          | 7/5000 [05:00<59:37:02, 42.98s/it]
[I 2024-07-25 13:39:56,493] Trial 18 finished with value: 0.6988109763012442 and parameters: {'lr': 0.0001, 'l2': 0.0001, 'bsize': 256, 'alpha1': 0.060664695782378916, 'alpha2': 0.7}. Best is trial 15 with value: 0.7097463460655585.
AUC:  0.6988109763012442 LOGlOSS:  0.4449762848387473 test_AUC:  0.0 test_LOGlOSS:  10000.0
  0%|          | 0/5000 [00:00<?, ?it/s]  0%|          | 1/5000 [00:09<13:36:01,  9.79s/it]  0%|          | 2/5000 [00:19<13:35:41,  9.79s/it]  0%|          | 3/5000 [00:29<13:49:20,  9.96s/it]  0%|          | 4/5000 [00:39<13:53:07, 10.01s/it]  0%|          | 5/5000 [00:49<13:50:45,  9.98s/it]  0%|          | 6/5000 [00:59<13:43:24,  9.89s/it]  0%|          | 7/5000 [01:09<13:42:20,  9.88s/it]  0%|          | 8/5000 [01:19<13:36:41,  9.82s/it]  0%|          | 9/5000 [01:28<13:28:58,  9.73s/it]  0%|          | 10/5000 [01:38<13:27:24,  9.71s/it]  0%|          | 10/5000 [01:47<14:56:56, 10.78s/it]
[I 2024-07-25 13:41:57,098] Trial 19 finished with value: 0.701636764226071 and parameters: {'lr': 0.0001, 'l2': 0.0003, 'bsize': 1024, 'alpha1': 0.08592901542264199, 'alpha2': 1.0}. Best is trial 15 with value: 0.7097463460655585.
AUC:  0.701636764226071 LOGlOSS:  0.45679634295188126 test_AUC:  0.0 test_LOGlOSS:  10000.0
  0%|          | 0/5000 [00:00<?, ?it/s]  0%|          | 1/5000 [00:09<13:35:29,  9.79s/it]  0%|          | 2/5000 [00:19<13:27:15,  9.69s/it]  0%|          | 3/5000 [00:29<13:27:37,  9.70s/it]  0%|          | 4/5000 [00:39<13:34:57,  9.79s/it]  0%|          | 5/5000 [00:48<13:30:50,  9.74s/it]  0%|          | 6/5000 [00:58<13:32:49,  9.77s/it]  0%|          | 7/5000 [01:08<13:32:10,  9.76s/it]  0%|          | 8/5000 [01:17<13:29:32,  9.73s/it]  0%|          | 9/5000 [01:27<13:27:48,  9.71s/it]  0%|          | 10/5000 [01:37<13:21:05,  9.63s/it]  0%|          | 11/5000 [01:47<13:32:11,  9.77s/it]  0%|          | 12/5000 [01:57<13:40:12,  9.87s/it]  0%|          | 12/5000 [02:07<14:40:43, 10.59s/it]
[I 2024-07-25 13:44:15,801] Trial 20 finished with value: 0.7091741952714383 and parameters: {'lr': 0.0001, 'l2': 0.001, 'bsize': 1024, 'alpha1': 0.060838500096560374, 'alpha2': 0.2}. Best is trial 15 with value: 0.7097463460655585.
AUC:  0.7091741952714383 LOGlOSS:  0.4350791304111838 test_AUC:  0.0 test_LOGlOSS:  10000.0
  0%|          | 0/5000 [00:00<?, ?it/s]  0%|          | 1/5000 [00:09<13:30:55,  9.73s/it]  0%|          | 2/5000 [00:19<13:24:40,  9.66s/it]  0%|          | 3/5000 [00:28<13:22:34,  9.64s/it]  0%|          | 4/5000 [00:40<14:11:03, 10.22s/it]  0%|          | 5/5000 [00:51<14:34:41, 10.51s/it]  0%|          | 6/5000 [01:02<14:48:24, 10.67s/it]  0%|          | 7/5000 [01:11<14:06:43, 10.18s/it]  0%|          | 8/5000 [01:22<14:32:39, 10.49s/it]  0%|          | 9/5000 [01:33<15:00:10, 10.82s/it]  0%|          | 10/5000 [01:45<15:09:09, 10.93s/it]  0%|          | 11/5000 [01:55<14:52:33, 10.73s/it]  0%|          | 12/5000 [02:06<15:02:39, 10.86s/it]  0%|          | 12/5000 [02:18<15:56:11, 11.50s/it]
[I 2024-07-25 13:46:46,561] Trial 21 finished with value: 0.7091923534004665 and parameters: {'lr': 0.0001, 'l2': 0.001, 'bsize': 1024, 'alpha1': 0.061851057705948634, 'alpha2': 0.2}. Best is trial 15 with value: 0.7097463460655585.
AUC:  0.7091923534004665 LOGlOSS:  0.4350694908651832 test_AUC:  0.0 test_LOGlOSS:  10000.0
  0%|          | 0/5000 [00:00<?, ?it/s]  0%|          | 1/5000 [00:10<15:12:48, 10.96s/it]  0%|          | 2/5000 [00:21<14:55:13, 10.75s/it]  0%|          | 3/5000 [00:32<15:00:55, 10.82s/it]  0%|          | 4/5000 [00:43<15:05:04, 10.87s/it]  0%|          | 5/5000 [00:54<15:07:38, 10.90s/it]  0%|          | 6/5000 [01:05<15:08:50, 10.92s/it]  0%|          | 7/5000 [01:16<15:08:43, 10.92s/it]  0%|          | 8/5000 [01:27<15:10:41, 10.95s/it]  0%|          | 9/5000 [01:38<15:12:19, 10.97s/it]  0%|          | 10/5000 [01:49<15:07:36, 10.91s/it]  0%|          | 11/5000 [01:59<15:07:27, 10.91s/it]  0%|          | 12/5000 [02:10<15:08:21, 10.93s/it]  0%|          | 12/5000 [02:22<16:26:06, 11.86s/it]
[I 2024-07-25 13:49:20,447] Trial 22 finished with value: 0.7091695670615481 and parameters: {'lr': 0.0001, 'l2': 0.001, 'bsize': 1024, 'alpha1': 0.06056380494769537, 'alpha2': 0.2}. Best is trial 15 with value: 0.7097463460655585.
AUC:  0.7091695670615481 LOGlOSS:  0.4350823608670814 test_AUC:  0.0 test_LOGlOSS:  10000.0
  0%|          | 0/5000 [00:00<?, ?it/s]  0%|          | 1/5000 [00:11<15:18:26, 11.02s/it]  0%|          | 2/5000 [00:22<15:26:04, 11.12s/it]  0%|          | 3/5000 [00:33<15:43:22, 11.33s/it]  0%|          | 4/5000 [00:45<15:46:11, 11.36s/it]  0%|          | 5/5000 [00:56<15:37:05, 11.26s/it]  0%|          | 6/5000 [01:07<15:27:51, 11.15s/it]  0%|          | 7/5000 [01:18<15:21:00, 11.07s/it]  0%|          | 8/5000 [01:29<15:17:36, 11.03s/it]  0%|          | 9/5000 [01:39<15:13:15, 10.98s/it]  0%|          | 10/5000 [01:50<14:55:52, 10.77s/it]  0%|          | 11/5000 [02:01<15:00:36, 10.83s/it]  0%|          | 12/5000 [02:12<15:03:06, 10.86s/it]  0%|          | 12/5000 [02:23<16:31:37, 11.93s/it]
[I 2024-07-25 13:51:56,291] Trial 23 finished with value: 0.7094904893245959 and parameters: {'lr': 0.0001, 'l2': 0.001, 'bsize': 1024, 'alpha1': 0.08064604110821431, 'alpha2': 0.2}. Best is trial 15 with value: 0.7097463460655585.
AUC:  0.7094904893245959 LOGlOSS:  0.43495294877218726 test_AUC:  0.0 test_LOGlOSS:  10000.0
  0%|          | 0/5000 [00:00<?, ?it/s]  0%|          | 1/5000 [00:10<15:10:29, 10.93s/it]  0%|          | 2/5000 [00:21<15:14:12, 10.97s/it]  0%|          | 3/5000 [00:32<15:10:32, 10.93s/it]  0%|          | 4/5000 [00:43<15:08:31, 10.91s/it]  0%|          | 5/5000 [00:54<15:11:48, 10.95s/it]  0%|          | 6/5000 [01:05<14:52:57, 10.73s/it]  0%|          | 7/5000 [01:15<14:49:42, 10.69s/it]  0%|          | 8/5000 [01:24<14:12:41, 10.25s/it]  0%|          | 9/5000 [01:36<14:46:32, 10.66s/it]  0%|          | 10/5000 [01:47<14:55:26, 10.77s/it]  0%|          | 11/5000 [01:59<15:19:53, 11.06s/it]  0%|          | 12/5000 [02:10<15:25:32, 11.13s/it]  0%|          | 12/5000 [02:22<16:24:31, 11.84s/it]
[I 2024-07-25 13:54:28,103] Trial 24 finished with value: 0.7094712943683188 and parameters: {'lr': 0.0001, 'l2': 0.001, 'bsize': 1024, 'alpha1': 0.0793199469694079, 'alpha2': 0.2}. Best is trial 15 with value: 0.7097463460655585.
AUC:  0.7094712943683188 LOGlOSS:  0.43495685720063043 test_AUC:  0.0 test_LOGlOSS:  10000.0
  0%|          | 0/5000 [00:00<?, ?it/s]  0%|          | 1/5000 [00:41<57:57:21, 41.74s/it]  0%|          | 2/5000 [01:17<53:20:38, 38.42s/it]  0%|          | 3/5000 [01:55<52:34:03, 37.87s/it]  0%|          | 4/5000 [02:34<53:14:29, 38.36s/it]  0%|          | 5/5000 [03:13<53:40:50, 38.69s/it]  0%|          | 6/5000 [03:55<55:05:20, 39.71s/it]  0%|          | 7/5000 [04:37<56:18:43, 40.60s/it]  0%|          | 8/5000 [05:18<56:13:58, 40.55s/it]  0%|          | 9/5000 [05:57<55:43:47, 40.20s/it]  0%|          | 10/5000 [06:38<56:00:25, 40.41s/it]  0%|          | 11/5000 [07:19<56:30:12, 40.77s/it]  0%|          | 12/5000 [07:59<56:02:23, 40.45s/it]  0%|          | 13/5000 [08:40<56:07:02, 40.51s/it]  0%|          | 14/5000 [09:21<56:13:22, 40.59s/it]  0%|          | 15/5000 [10:00<55:54:16, 40.37s/it]  0%|          | 16/5000 [10:33<52:50:01, 38.16s/it]  0%|          | 17/5000 [11:13<53:26:02, 38.60s/it]  0%|          | 18/5000 [11:54<54:22:00, 39.29s/it]  0%|          | 19/5000 [12:35<55:01:46, 39.77s/it]  0%|          | 20/5000 [13:15<55:18:51, 39.99s/it]  0%|          | 21/5000 [13:56<55:28:56, 40.12s/it]  0%|          | 22/5000 [14:36<55:42:12, 40.28s/it]  0%|          | 23/5000 [15:16<55:33:28, 40.19s/it]  0%|          | 24/5000 [15:57<55:55:43, 40.46s/it]  0%|          | 25/5000 [16:38<56:06:09, 40.60s/it]  1%|          | 26/5000 [17:19<55:57:29, 40.50s/it]  1%|          | 27/5000 [17:58<55:35:57, 40.25s/it]  1%|          | 28/5000 [18:38<55:16:54, 40.03s/it]  1%|          | 29/5000 [19:20<56:16:09, 40.75s/it]  1%|          | 30/5000 [19:58<55:02:16, 39.87s/it]  1%|          | 31/5000 [20:36<54:01:20, 39.14s/it]  1%|          | 31/5000 [21:12<56:39:47, 41.05s/it]
[I 2024-07-25 14:15:50,348] Trial 25 finished with value: 0.7101646954060958 and parameters: {'lr': 1e-05, 'l2': 0.001, 'bsize': 256, 'alpha1': 0.09727738174865734, 'alpha2': 0.2}. Best is trial 25 with value: 0.7101646954060958.
AUC:  0.7101646954060958 LOGlOSS:  0.44040762144301554 test_AUC:  0.0 test_LOGlOSS:  10000.0
  0%|          | 0/5000 [00:00<?, ?it/s]  0%|          | 1/5000 [00:37<51:45:08, 37.27s/it]  0%|          | 2/5000 [01:15<52:08:04, 37.55s/it]  0%|          | 3/5000 [01:47<48:40:10, 35.06s/it]  0%|          | 4/5000 [02:22<48:44:43, 35.12s/it]  0%|          | 5/5000 [02:58<49:12:13, 35.46s/it]  0%|          | 6/5000 [03:34<49:25:00, 35.62s/it]  0%|          | 7/5000 [04:14<51:24:20, 37.06s/it]  0%|          | 8/5000 [04:54<52:49:01, 38.09s/it]  0%|          | 9/5000 [05:35<54:05:52, 39.02s/it]  0%|          | 10/5000 [06:16<54:40:48, 39.45s/it]  0%|          | 11/5000 [06:57<55:26:09, 40.00s/it]  0%|          | 12/5000 [07:38<55:52:26, 40.33s/it]  0%|          | 13/5000 [08:20<56:46:44, 40.99s/it]  0%|          | 14/5000 [08:57<54:46:07, 39.54s/it]  0%|          | 15/5000 [09:35<54:24:40, 39.29s/it]  0%|          | 16/5000 [10:16<55:09:17, 39.84s/it]  0%|          | 17/5000 [10:58<55:44:04, 40.27s/it]  0%|          | 18/5000 [11:37<55:17:18, 39.95s/it]  0%|          | 19/5000 [12:18<55:38:44, 40.22s/it]  0%|          | 20/5000 [12:59<56:05:09, 40.54s/it]  0%|          | 21/5000 [13:40<56:14:49, 40.67s/it]  0%|          | 22/5000 [14:21<56:31:11, 40.87s/it]  0%|          | 23/5000 [15:04<57:02:31, 41.26s/it]  0%|          | 24/5000 [15:43<56:25:50, 40.83s/it]  0%|          | 25/5000 [16:20<54:41:00, 39.57s/it]  1%|          | 26/5000 [16:57<53:47:46, 38.94s/it]  1%|          | 27/5000 [17:35<53:15:30, 38.55s/it]  1%|          | 28/5000 [18:11<52:07:53, 37.75s/it]  1%|          | 28/5000 [18:49<55:42:07, 40.33s/it]
[I 2024-07-25 14:34:51,242] Trial 26 finished with value: 0.7043052208109517 and parameters: {'lr': 1e-05, 'l2': 0.001, 'bsize': 256, 'alpha1': 0.09963880404820347, 'alpha2': 0.8}. Best is trial 25 with value: 0.7101646954060958.
AUC:  0.7043052208109517 LOGlOSS:  0.4558355655561964 test_AUC:  0.0 test_LOGlOSS:  10000.0
  0%|          | 0/5000 [00:00<?, ?it/s]  0%|          | 1/5000 [00:35<49:25:14, 35.59s/it]  0%|          | 2/5000 [01:10<49:10:52, 35.42s/it]  0%|          | 3/5000 [01:46<49:24:24, 35.59s/it]  0%|          | 4/5000 [02:19<48:05:30, 34.65s/it]  0%|          | 5/5000 [02:49<45:23:59, 32.72s/it]  0%|          | 6/5000 [03:21<45:04:59, 32.50s/it]  0%|          | 7/5000 [03:53<45:09:57, 32.57s/it]  0%|          | 8/5000 [04:27<45:24:11, 32.74s/it]  0%|          | 9/5000 [04:59<45:26:37, 32.78s/it]  0%|          | 10/5000 [05:32<45:07:48, 32.56s/it]  0%|          | 11/5000 [06:04<44:56:56, 32.43s/it]  0%|          | 12/5000 [06:37<45:29:39, 32.83s/it]  0%|          | 13/5000 [07:08<44:43:37, 32.29s/it]  0%|          | 14/5000 [07:46<47:04:51, 33.99s/it]  0%|          | 14/5000 [08:25<50:00:15, 36.10s/it]
[I 2024-07-25 14:43:28,322] Trial 27 finished with value: 0.7008209607503705 and parameters: {'lr': 1e-05, 'l2': 3e-05, 'bsize': 256, 'alpha1': 0.09062657014906204, 'alpha2': 0.9}. Best is trial 25 with value: 0.7101646954060958.
2024-07-25 14:43:38.469369: I tensorflow/core/kernels/data/shuffle_dataset_op.cc:177] Filling up shuffle buffer (this may take a while): 349885 of 1000000
2024-07-25 14:43:40.175642: I tensorflow/core/kernels/data/shuffle_dataset_op.cc:230] Shuffle buffer filled.
AUC:  0.7008209607503705 LOGlOSS:  0.45503203509747625 test_AUC:  0.0 test_LOGlOSS:  10000.0
  0%|          | 0/5000 [00:00<?, ?it/s]  0%|          | 1/5000 [00:37<52:15:31, 37.63s/it]  0%|          | 2/5000 [01:16<52:51:12, 38.07s/it]  0%|          | 3/5000 [01:57<55:06:10, 39.70s/it]  0%|          | 4/5000 [02:38<55:56:25, 40.31s/it]  0%|          | 5/5000 [03:17<55:19:35, 39.88s/it]  0%|          | 6/5000 [03:59<55:56:30, 40.33s/it]  0%|          | 7/5000 [04:38<55:27:39, 39.99s/it]  0%|          | 8/5000 [05:17<54:48:24, 39.52s/it]  0%|          | 9/5000 [05:53<53:34:23, 38.64s/it]  0%|          | 10/5000 [06:34<54:33:50, 39.36s/it]  0%|          | 11/5000 [07:14<54:50:02, 39.57s/it]  0%|          | 12/5000 [07:55<55:20:21, 39.94s/it]  0%|          | 13/5000 [08:37<56:05:49, 40.50s/it]  0%|          | 14/5000 [09:16<55:42:21, 40.22s/it]  0%|          | 15/5000 [09:57<55:54:46, 40.38s/it]  0%|          | 16/5000 [10:38<56:17:04, 40.66s/it]  0%|          | 17/5000 [11:15<54:43:19, 39.53s/it]  0%|          | 18/5000 [11:49<52:24:34, 37.87s/it]  0%|          | 19/5000 [12:27<52:30:11, 37.95s/it]  0%|          | 20/5000 [13:04<52:02:53, 37.63s/it]  0%|          | 21/5000 [13:43<52:32:27, 37.99s/it]  0%|          | 22/5000 [14:22<52:41:11, 38.10s/it]  0%|          | 22/5000 [15:00<56:35:20, 40.92s/it]
[I 2024-07-25 14:58:44,753] Trial 28 finished with value: 0.7050982411455403 and parameters: {'lr': 1e-05, 'l2': 0.0003, 'bsize': 256, 'alpha1': 0.09313541364165565, 'alpha2': 0.6}. Best is trial 25 with value: 0.7101646954060958.
AUC:  0.7050982411455403 LOGlOSS:  0.45094211804798506 test_AUC:  0.0 test_LOGlOSS:  10000.0
  0%|          | 0/5000 [00:00<?, ?it/s]  0%|          | 1/5000 [00:19<27:12:21, 19.59s/it]  0%|          | 2/5000 [00:39<27:12:43, 19.60s/it]  0%|          | 3/5000 [00:58<26:58:08, 19.43s/it]  0%|          | 4/5000 [01:15<25:53:00, 18.65s/it]  0%|          | 5/5000 [01:35<26:16:41, 18.94s/it]  0%|          | 6/5000 [01:55<26:40:46, 19.23s/it]  0%|          | 7/5000 [02:15<27:07:27, 19.56s/it]  0%|          | 8/5000 [02:34<26:54:35, 19.41s/it]  0%|          | 9/5000 [02:54<27:00:10, 19.48s/it]  0%|          | 9/5000 [03:12<29:40:30, 21.40s/it]
[I 2024-07-25 15:02:08,779] Trial 29 finished with value: 0.7070415828160405 and parameters: {'lr': 3e-05, 'l2': 3e-06, 'bsize': 512, 'alpha1': 0.08059160955484101, 'alpha2': 0.1}. Best is trial 25 with value: 0.7101646954060958.
AUC:  0.7070415828160405 LOGlOSS:  0.44211742889746136 test_AUC:  0.0 test_LOGlOSS:  10000.0
  0%|          | 0/5000 [00:00<?, ?it/s]  0%|          | 1/5000 [00:37<51:38:56, 37.19s/it]  0%|          | 2/5000 [01:12<50:22:49, 36.29s/it]  0%|          | 3/5000 [01:50<50:57:46, 36.72s/it]  0%|          | 4/5000 [02:26<50:48:24, 36.61s/it]  0%|          | 5/5000 [03:06<52:22:17, 37.75s/it]  0%|          | 6/5000 [03:45<52:56:23, 38.16s/it]  0%|          | 7/5000 [04:23<53:03:58, 38.26s/it]  0%|          | 8/5000 [05:02<53:23:04, 38.50s/it]  0%|          | 9/5000 [05:42<53:53:15, 38.87s/it]  0%|          | 10/5000 [06:21<53:58:13, 38.94s/it]  0%|          | 11/5000 [06:59<53:37:55, 38.70s/it]  0%|          | 12/5000 [07:35<52:27:09, 37.86s/it]  0%|          | 13/5000 [08:13<52:31:46, 37.92s/it]  0%|          | 14/5000 [08:49<51:27:28, 37.15s/it]  0%|          | 14/5000 [09:27<56:11:21, 40.57s/it]
[I 2024-07-25 15:11:49,440] Trial 30 finished with value: 0.7038644696062266 and parameters: {'lr': 1e-05, 'l2': 1e-05, 'bsize': 256, 'alpha1': 0.08798981521583121, 'alpha2': 0.5}. Best is trial 25 with value: 0.7101646954060958.
2024-07-25 15:11:59.608035: I tensorflow/core/kernels/data/shuffle_dataset_op.cc:177] Filling up shuffle buffer (this may take a while): 251097 of 1000000
2024-07-25 15:12:06.054485: I tensorflow/core/kernels/data/shuffle_dataset_op.cc:230] Shuffle buffer filled.
AUC:  0.7038644696062266 LOGlOSS:  0.44799788982753386 test_AUC:  0.0 test_LOGlOSS:  10000.0
  0%|          | 0/5000 [00:00<?, ?it/s]  0%|          | 1/5000 [00:39<54:54:26, 39.54s/it]  0%|          | 2/5000 [01:19<55:02:44, 39.65s/it]  0%|          | 3/5000 [01:59<55:23:55, 39.91s/it]  0%|          | 4/5000 [02:39<55:19:34, 39.87s/it]  0%|          | 5/5000 [03:20<56:06:10, 40.43s/it]  0%|          | 6/5000 [03:58<55:02:43, 39.68s/it]  0%|          | 7/5000 [04:38<55:09:25, 39.77s/it]  0%|          | 8/5000 [05:17<54:29:37, 39.30s/it]  0%|          | 9/5000 [05:55<54:03:20, 38.99s/it]  0%|          | 10/5000 [06:35<54:35:36, 39.39s/it]  0%|          | 11/5000 [07:16<55:13:00, 39.84s/it]  0%|          | 12/5000 [07:57<55:33:03, 40.09s/it]  0%|          | 13/5000 [08:35<54:53:23, 39.62s/it]  0%|          | 14/5000 [09:15<54:42:28, 39.50s/it]  0%|          | 15/5000 [09:53<54:12:44, 39.15s/it]  0%|          | 16/5000 [10:31<53:35:31, 38.71s/it]  0%|          | 17/5000 [11:05<51:49:36, 37.44s/it]  0%|          | 18/5000 [11:40<50:45:05, 36.67s/it]  0%|          | 18/5000 [12:15<56:30:32, 40.83s/it]
[I 2024-07-25 15:24:25,324] Trial 31 finished with value: 0.7089938817884243 and parameters: {'lr': 0.0001, 'l2': 0.001, 'bsize': 256, 'alpha1': 0.07875425111425675, 'alpha2': 0.2}. Best is trial 25 with value: 0.7101646954060958.
2024-07-25 15:24:35.467504: I tensorflow/core/kernels/data/shuffle_dataset_op.cc:177] Filling up shuffle buffer (this may take a while): 205201 of 1000000
2024-07-25 15:24:40.363410: I tensorflow/core/kernels/data/shuffle_dataset_op.cc:230] Shuffle buffer filled.
AUC:  0.7089938817884243 LOGlOSS:  0.43361514196512646 test_AUC:  0.0 test_LOGlOSS:  10000.0
  0%|          | 0/5000 [00:00<?, ?it/s]  0%|          | 1/5000 [00:09<13:39:15,  9.83s/it]  0%|          | 2/5000 [00:19<13:26:42,  9.68s/it]  0%|          | 3/5000 [00:29<13:37:48,  9.82s/it]  0%|          | 4/5000 [00:39<13:58:37, 10.07s/it]  0%|          | 5/5000 [00:49<13:59:06, 10.08s/it]  0%|          | 6/5000 [01:00<14:01:46, 10.11s/it]  0%|          | 7/5000 [01:10<13:56:29, 10.05s/it]  0%|          | 8/5000 [01:19<13:43:52,  9.90s/it]  0%|          | 9/5000 [01:28<13:29:30,  9.73s/it]  0%|          | 10/5000 [01:38<13:23:17,  9.66s/it]  0%|          | 11/5000 [01:47<13:16:44,  9.58s/it]  0%|          | 12/5000 [01:56<12:52:42,  9.29s/it]  0%|          | 13/5000 [02:05<12:46:40,  9.22s/it]  0%|          | 14/5000 [02:14<12:44:57,  9.21s/it]  0%|          | 15/5000 [02:24<12:58:19,  9.37s/it]  0%|          | 16/5000 [02:33<12:58:18,  9.37s/it]  0%|          | 17/5000 [02:43<13:00:15,  9.40s/it]  0%|          | 18/5000 [02:52<13:03:03,  9.43s/it]  0%|          | 19/5000 [03:01<12:50:29,  9.28s/it]  0%|          | 20/5000 [03:10<12:35:45,  9.11s/it]  0%|          | 21/5000 [03:19<12:29:59,  9.04s/it]  0%|          | 22/5000 [03:28<12:35:05,  9.10s/it]  0%|          | 23/5000 [03:37<12:39:48,  9.16s/it]  0%|          | 24/5000 [03:47<12:42:43,  9.20s/it]  0%|          | 25/5000 [03:56<12:40:02,  9.17s/it]  0%|          | 25/5000 [04:05<13:33:46,  9.81s/it]
