[I 2024-07-25 15:37:53,356] Trial 63 finished with value: 0.7065254807137248 and parameters: {'lr': 1e-05, 'l2': 0.001, 'bsize': 512, 'alpha1': 0.001}. Best is trial 14 with value: 0.707629020600957.
AUC:  0.7065254807137248 LOGlOSS:  0.563225959951421 test_AUC:  0.0 test_LOGlOSS:  10000.0
  0%|          | 0/5000 [00:00<?, ?it/s]  0%|          | 1/5000 [00:03<5:12:47,  3.75s/it]  0%|          | 2/5000 [00:07<5:27:28,  3.93s/it]  0%|          | 3/5000 [00:11<5:19:21,  3.83s/it]  0%|          | 4/5000 [00:15<5:16:25,  3.80s/it]  0%|          | 5/5000 [00:19<5:21:01,  3.86s/it]  0%|          | 6/5000 [00:23<5:24:49,  3.90s/it]  0%|          | 7/5000 [00:27<5:28:03,  3.94s/it]  0%|          | 8/5000 [00:31<5:26:00,  3.92s/it]  0%|          | 9/5000 [00:34<5:20:11,  3.85s/it]  0%|          | 10/5000 [00:38<5:19:03,  3.84s/it]  0%|          | 11/5000 [00:42<5:19:01,  3.84s/it]  0%|          | 12/5000 [00:46<5:17:58,  3.82s/it]  0%|          | 13/5000 [00:49<5:14:12,  3.78s/it]  0%|          | 14/5000 [00:53<5:13:39,  3.77s/it]  0%|          | 14/5000 [00:57<5:40:41,  4.10s/it]
[I 2024-07-25 15:38:58,939] Trial 64 finished with value: 0.7065254807137248 and parameters: {'lr': 1e-05, 'l2': 0.001, 'bsize': 512, 'alpha1': 0.001}. Best is trial 14 with value: 0.707629020600957.
AUC:  0.7065254807137248 LOGlOSS:  0.563225959951421 test_AUC:  0.0 test_LOGlOSS:  10000.0
  0%|          | 0/5000 [00:00<?, ?it/s]  0%|          | 1/5000 [00:02<3:14:41,  2.34s/it]  0%|          | 2/5000 [00:04<3:11:24,  2.30s/it]  0%|          | 3/5000 [00:06<3:07:21,  2.25s/it]  0%|          | 4/5000 [00:08<3:02:10,  2.19s/it]  0%|          | 5/5000 [00:11<3:00:45,  2.17s/it]  0%|          | 6/5000 [00:13<3:01:27,  2.18s/it]  0%|          | 7/5000 [00:15<3:00:17,  2.17s/it]  0%|          | 8/5000 [00:17<2:56:06,  2.12s/it]  0%|          | 9/5000 [00:19<2:59:44,  2.16s/it]  0%|          | 10/5000 [00:21<3:01:34,  2.18s/it]  0%|          | 11/5000 [00:24<3:01:20,  2.18s/it]  0%|          | 12/5000 [00:26<2:59:55,  2.16s/it]  0%|          | 13/5000 [00:28<3:08:11,  2.26s/it]  0%|          | 14/5000 [00:31<3:17:28,  2.38s/it]  0%|          | 15/5000 [00:33<3:24:36,  2.46s/it]  0%|          | 16/5000 [00:36<3:21:56,  2.43s/it]  0%|          | 17/5000 [00:38<3:19:46,  2.41s/it]  0%|          | 18/5000 [00:40<3:16:22,  2.37s/it]  0%|          | 19/5000 [00:43<3:18:09,  2.39s/it]  0%|          | 20/5000 [00:45<3:19:13,  2.40s/it]  0%|          | 21/5000 [00:48<3:17:11,  2.38s/it]  0%|          | 22/5000 [00:50<3:11:22,  2.31s/it]  0%|          | 23/5000 [00:52<3:08:55,  2.28s/it]  0%|          | 24/5000 [00:54<3:03:45,  2.22s/it]  0%|          | 25/5000 [00:56<3:00:45,  2.18s/it]  1%|          | 26/5000 [00:59<3:07:38,  2.26s/it]  1%|          | 27/5000 [01:01<3:09:31,  2.29s/it]  1%|          | 28/5000 [01:03<3:06:48,  2.25s/it]  1%|          | 28/5000 [01:05<3:15:14,  2.36s/it]
[I 2024-07-25 15:40:13,059] Trial 65 finished with value: 0.7074667796441523 and parameters: {'lr': 1e-05, 'l2': 0.001, 'bsize': 1024, 'alpha1': 1}. Best is trial 14 with value: 0.707629020600957.
AUC:  0.7074667796441523 LOGlOSS:  0.5829237058360377 test_AUC:  0.0 test_LOGlOSS:  10000.0
  0%|          | 0/5000 [00:00<?, ?it/s]  0%|          | 1/5000 [00:02<3:13:17,  2.32s/it]  0%|          | 2/5000 [00:04<3:03:34,  2.20s/it]  0%|          | 3/5000 [00:06<3:05:42,  2.23s/it]  0%|          | 4/5000 [00:08<3:05:45,  2.23s/it]  0%|          | 5/5000 [00:11<3:03:02,  2.20s/it]  0%|          | 6/5000 [00:13<3:03:00,  2.20s/it]  0%|          | 7/5000 [00:15<3:06:28,  2.24s/it]  0%|          | 8/5000 [00:17<3:08:55,  2.27s/it]  0%|          | 9/5000 [00:20<3:06:57,  2.25s/it]  0%|          | 10/5000 [00:22<3:05:48,  2.23s/it]  0%|          | 11/5000 [00:24<3:06:28,  2.24s/it]  0%|          | 12/5000 [00:26<3:04:54,  2.22s/it]  0%|          | 12/5000 [00:29<3:21:22,  2.42s/it]
[I 2024-07-25 15:40:49,757] Trial 66 finished with value: 0.7076167474197581 and parameters: {'lr': 3e-05, 'l2': 0.001, 'bsize': 1024, 'alpha1': 1}. Best is trial 14 with value: 0.707629020600957.
AUC:  0.7076167474197581 LOGlOSS:  0.5962481881126267 test_AUC:  0.0 test_LOGlOSS:  10000.0
  0%|          | 0/5000 [00:00<?, ?it/s]  0%|          | 1/5000 [00:02<3:22:13,  2.43s/it]  0%|          | 2/5000 [00:04<3:17:09,  2.37s/it]  0%|          | 3/5000 [00:07<3:15:15,  2.34s/it]  0%|          | 4/5000 [00:09<3:13:09,  2.32s/it]  0%|          | 5/5000 [00:11<3:11:06,  2.30s/it]  0%|          | 6/5000 [00:13<3:09:42,  2.28s/it]  0%|          | 7/5000 [00:16<3:12:23,  2.31s/it]  0%|          | 8/5000 [00:19<3:34:30,  2.58s/it]  0%|          | 9/5000 [00:22<3:36:42,  2.61s/it]  0%|          | 10/5000 [00:24<3:37:42,  2.62s/it]  0%|          | 10/5000 [00:27<3:45:03,  2.71s/it]
[I 2024-07-25 15:41:24,595] Trial 67 finished with value: 0.7025286235926944 and parameters: {'lr': 3e-05, 'l2': 0.0001, 'bsize': 1024, 'alpha1': 1}. Best is trial 14 with value: 0.707629020600957.
AUC:  0.7025286235926944 LOGlOSS:  0.6092968081582429 test_AUC:  0.0 test_LOGlOSS:  10000.0
  0%|          | 0/5000 [00:00<?, ?it/s]  0%|          | 1/5000 [00:02<3:15:33,  2.35s/it]  0%|          | 2/5000 [00:04<3:23:08,  2.44s/it]  0%|          | 3/5000 [00:07<3:17:28,  2.37s/it]  0%|          | 4/5000 [00:09<3:14:36,  2.34s/it]  0%|          | 5/5000 [00:11<3:10:53,  2.29s/it]  0%|          | 6/5000 [00:13<3:09:06,  2.27s/it]  0%|          | 7/5000 [00:16<3:08:09,  2.26s/it]  0%|          | 8/5000 [00:18<3:06:43,  2.24s/it]  0%|          | 9/5000 [00:20<3:03:09,  2.20s/it]  0%|          | 10/5000 [00:22<3:00:42,  2.17s/it]  0%|          | 11/5000 [00:24<3:01:32,  2.18s/it]  0%|          | 12/5000 [00:26<3:01:41,  2.19s/it]  0%|          | 12/5000 [00:29<3:23:20,  2.45s/it]
[I 2024-07-25 15:42:01,806] Trial 68 finished with value: 0.7076167474197581 and parameters: {'lr': 3e-05, 'l2': 0.001, 'bsize': 1024, 'alpha1': 1}. Best is trial 14 with value: 0.707629020600957.
AUC:  0.7076167474197581 LOGlOSS:  0.5962481881126267 test_AUC:  0.0 test_LOGlOSS:  10000.0
  0%|          | 0/5000 [00:00<?, ?it/s]  0%|          | 1/5000 [00:02<2:55:30,  2.11s/it]  0%|          | 2/5000 [00:04<2:56:42,  2.12s/it]  0%|          | 3/5000 [00:06<2:54:44,  2.10s/it]  0%|          | 4/5000 [00:08<2:55:31,  2.11s/it]  0%|          | 5/5000 [00:10<3:01:52,  2.18s/it]  0%|          | 6/5000 [00:12<3:00:30,  2.17s/it]  0%|          | 7/5000 [00:15<3:04:07,  2.21s/it]  0%|          | 8/5000 [00:17<3:01:06,  2.18s/it]  0%|          | 9/5000 [00:19<3:03:10,  2.20s/it]  0%|          | 10/5000 [00:21<3:00:10,  2.17s/it]  0%|          | 11/5000 [00:23<2:58:51,  2.15s/it]  0%|          | 12/5000 [00:25<2:57:09,  2.13s/it]  0%|          | 12/5000 [00:27<3:13:24,  2.33s/it]
[I 2024-07-25 15:42:37,821] Trial 69 finished with value: 0.7076167474197581 and parameters: {'lr': 3e-05, 'l2': 0.001, 'bsize': 1024, 'alpha1': 1}. Best is trial 14 with value: 0.707629020600957.
AUC:  0.7076167474197581 LOGlOSS:  0.5962481881126267 test_AUC:  0.0 test_LOGlOSS:  10000.0
  0%|          | 0/5000 [00:00<?, ?it/s]  0%|          | 1/5000 [00:02<3:11:35,  2.30s/it]  0%|          | 2/5000 [00:04<3:02:30,  2.19s/it]  0%|          | 3/5000 [00:06<3:00:18,  2.16s/it]  0%|          | 4/5000 [00:08<3:01:51,  2.18s/it]  0%|          | 5/5000 [00:10<2:57:06,  2.13s/it]  0%|          | 6/5000 [00:12<2:56:41,  2.12s/it]  0%|          | 7/5000 [00:15<3:00:00,  2.16s/it]  0%|          | 8/5000 [00:17<3:03:29,  2.21s/it]  0%|          | 9/5000 [00:19<3:04:45,  2.22s/it]  0%|          | 10/5000 [00:21<3:02:01,  2.19s/it]  0%|          | 11/5000 [00:23<3:00:30,  2.17s/it]  0%|          | 11/5000 [00:26<3:19:58,  2.41s/it]
[I 2024-07-25 15:43:11,909] Trial 70 finished with value: 0.7008621836734645 and parameters: {'lr': 3e-05, 'l2': 3e-05, 'bsize': 1024, 'alpha1': 1}. Best is trial 14 with value: 0.707629020600957.
AUC:  0.7008621836734645 LOGlOSS:  0.6096782169605935 test_AUC:  0.0 test_LOGlOSS:  10000.0
  0%|          | 0/5000 [00:00<?, ?it/s]  0%|          | 1/5000 [00:02<3:22:25,  2.43s/it]  0%|          | 2/5000 [00:04<3:12:29,  2.31s/it]  0%|          | 3/5000 [00:06<3:10:29,  2.29s/it]  0%|          | 4/5000 [00:09<3:09:40,  2.28s/it]  0%|          | 5/5000 [00:11<3:07:50,  2.26s/it]  0%|          | 6/5000 [00:13<3:07:49,  2.26s/it]  0%|          | 7/5000 [00:15<3:09:01,  2.27s/it]  0%|          | 8/5000 [00:18<3:08:18,  2.26s/it]  0%|          | 9/5000 [00:20<3:06:44,  2.24s/it]  0%|          | 10/5000 [00:22<3:05:38,  2.23s/it]  0%|          | 11/5000 [00:25<3:12:00,  2.31s/it]  0%|          | 12/5000 [00:27<3:12:20,  2.31s/it]  0%|          | 12/5000 [00:29<3:25:29,  2.47s/it]
[I 2024-07-25 15:43:49,282] Trial 71 finished with value: 0.7076167474197581 and parameters: {'lr': 3e-05, 'l2': 0.001, 'bsize': 1024, 'alpha1': 1}. Best is trial 14 with value: 0.707629020600957.
AUC:  0.7076167474197581 LOGlOSS:  0.5962481881126267 test_AUC:  0.0 test_LOGlOSS:  10000.0
  0%|          | 0/5000 [00:00<?, ?it/s]  0%|          | 1/5000 [00:02<3:13:25,  2.32s/it]  0%|          | 2/5000 [00:04<3:20:24,  2.41s/it]  0%|          | 3/5000 [00:07<3:16:47,  2.36s/it]  0%|          | 4/5000 [00:09<3:12:48,  2.32s/it]  0%|          | 5/5000 [00:11<3:10:07,  2.28s/it]  0%|          | 6/5000 [00:13<3:11:51,  2.31s/it]  0%|          | 7/5000 [00:16<3:07:07,  2.25s/it]  0%|          | 8/5000 [00:18<3:06:00,  2.24s/it]  0%|          | 9/5000 [00:20<3:03:22,  2.20s/it]  0%|          | 10/5000 [00:22<3:04:35,  2.22s/it]  0%|          | 11/5000 [00:24<3:01:37,  2.18s/it]  0%|          | 12/5000 [00:26<3:00:42,  2.17s/it]  0%|          | 12/5000 [00:29<3:22:00,  2.43s/it]
[I 2024-07-25 15:44:26,579] Trial 72 finished with value: 0.7076167474197581 and parameters: {'lr': 3e-05, 'l2': 0.001, 'bsize': 1024, 'alpha1': 1}. Best is trial 14 with value: 0.707629020600957.
AUC:  0.7076167474197581 LOGlOSS:  0.5962481881126267 test_AUC:  0.0 test_LOGlOSS:  10000.0
  0%|          | 0/5000 [00:00<?, ?it/s]  0%|          | 1/5000 [00:02<3:08:45,  2.27s/it]  0%|          | 2/5000 [00:04<3:14:47,  2.34s/it]  0%|          | 3/5000 [00:06<3:10:42,  2.29s/it]  0%|          | 4/5000 [00:09<3:06:27,  2.24s/it]  0%|          | 5/5000 [00:11<3:06:24,  2.24s/it]  0%|          | 6/5000 [00:13<3:09:03,  2.27s/it]  0%|          | 7/5000 [00:15<3:06:36,  2.24s/it]  0%|          | 8/5000 [00:17<3:04:54,  2.22s/it]  0%|          | 9/5000 [00:20<3:03:18,  2.20s/it]  0%|          | 10/5000 [00:22<3:01:09,  2.18s/it]  0%|          | 11/5000 [00:24<2:59:12,  2.16s/it]  0%|          | 12/5000 [00:26<2:57:00,  2.13s/it]  0%|          | 12/5000 [00:28<3:18:30,  2.39s/it]
[I 2024-07-25 15:45:03,161] Trial 73 finished with value: 0.7076167474197581 and parameters: {'lr': 3e-05, 'l2': 0.001, 'bsize': 1024, 'alpha1': 1}. Best is trial 14 with value: 0.707629020600957.
AUC:  0.7076167474197581 LOGlOSS:  0.5962481881126267 test_AUC:  0.0 test_LOGlOSS:  10000.0
  0%|          | 0/5000 [00:00<?, ?it/s]  0%|          | 1/5000 [00:02<3:08:10,  2.26s/it]  0%|          | 2/5000 [00:04<3:01:28,  2.18s/it]  0%|          | 3/5000 [00:06<3:07:43,  2.25s/it]  0%|          | 4/5000 [00:08<3:05:41,  2.23s/it]  0%|          | 5/5000 [00:11<3:09:56,  2.28s/it]  0%|          | 6/5000 [00:13<3:09:53,  2.28s/it]  0%|          | 7/5000 [00:15<3:10:15,  2.29s/it]  0%|          | 8/5000 [00:18<3:13:34,  2.33s/it]  0%|          | 9/5000 [00:20<3:11:36,  2.30s/it]  0%|          | 10/5000 [00:22<3:08:33,  2.27s/it]  0%|          | 11/5000 [00:24<3:06:17,  2.24s/it]  0%|          | 12/5000 [00:27<3:05:02,  2.23s/it]  0%|          | 12/5000 [00:29<3:24:36,  2.46s/it]
[I 2024-07-25 15:45:40,392] Trial 74 finished with value: 0.7076167474197581 and parameters: {'lr': 3e-05, 'l2': 0.001, 'bsize': 1024, 'alpha1': 1}. Best is trial 14 with value: 0.707629020600957.
AUC:  0.7076167474197581 LOGlOSS:  0.5962481881126267 test_AUC:  0.0 test_LOGlOSS:  10000.0
  0%|          | 0/5000 [00:00<?, ?it/s]  0%|          | 1/5000 [00:02<3:31:00,  2.53s/it]  0%|          | 2/5000 [00:04<3:17:24,  2.37s/it]  0%|          | 3/5000 [00:07<3:14:22,  2.33s/it]  0%|          | 4/5000 [00:09<3:11:34,  2.30s/it]  0%|          | 5/5000 [00:11<3:09:14,  2.27s/it]  0%|          | 6/5000 [00:13<3:04:29,  2.22s/it]  0%|          | 7/5000 [00:15<3:03:27,  2.20s/it]  0%|          | 8/5000 [00:18<3:05:51,  2.23s/it]  0%|          | 9/5000 [00:20<3:12:11,  2.31s/it]  0%|          | 10/5000 [00:22<3:12:08,  2.31s/it]  0%|          | 11/5000 [00:25<3:11:56,  2.31s/it]  0%|          | 12/5000 [00:27<3:14:56,  2.34s/it]  0%|          | 12/5000 [00:29<3:27:07,  2.49s/it]
[I 2024-07-25 15:46:18,112] Trial 75 finished with value: 0.7076167474197581 and parameters: {'lr': 3e-05, 'l2': 0.001, 'bsize': 1024, 'alpha1': 1}. Best is trial 14 with value: 0.707629020600957.
AUC:  0.7076167474197581 LOGlOSS:  0.5962481881126267 test_AUC:  0.0 test_LOGlOSS:  10000.0
  0%|          | 0/5000 [00:00<?, ?it/s]  0%|          | 1/5000 [00:02<3:19:55,  2.40s/it]  0%|          | 2/5000 [00:04<3:22:49,  2.43s/it]  0%|          | 3/5000 [00:07<3:22:03,  2.43s/it]  0%|          | 4/5000 [00:09<3:17:18,  2.37s/it]  0%|          | 5/5000 [00:11<3:15:54,  2.35s/it]  0%|          | 6/5000 [00:14<3:11:31,  2.30s/it]  0%|          | 7/5000 [00:16<3:09:31,  2.28s/it]  0%|          | 8/5000 [00:18<3:13:39,  2.33s/it]  0%|          | 9/5000 [00:21<3:20:08,  2.41s/it]  0%|          | 10/5000 [00:23<3:25:01,  2.47s/it]  0%|          | 11/5000 [00:26<3:26:55,  2.49s/it]  0%|          | 12/5000 [00:28<3:24:16,  2.46s/it]  0%|          | 12/5000 [00:31<3:36:02,  2.60s/it]
[I 2024-07-25 15:46:56,833] Trial 76 finished with value: 0.7076167474197581 and parameters: {'lr': 3e-05, 'l2': 0.001, 'bsize': 1024, 'alpha1': 1}. Best is trial 14 with value: 0.707629020600957.
AUC:  0.7076167474197581 LOGlOSS:  0.5962481881126267 test_AUC:  0.0 test_LOGlOSS:  10000.0
  0%|          | 0/5000 [00:00<?, ?it/s]  0%|          | 1/5000 [00:02<3:12:44,  2.31s/it]  0%|          | 2/5000 [00:04<3:08:20,  2.26s/it]  0%|          | 3/5000 [00:06<3:09:03,  2.27s/it]  0%|          | 4/5000 [00:09<3:07:08,  2.25s/it]  0%|          | 5/5000 [00:11<3:07:24,  2.25s/it]  0%|          | 6/5000 [00:13<3:07:29,  2.25s/it]  0%|          | 7/5000 [00:15<3:12:06,  2.31s/it]  0%|          | 8/5000 [00:18<3:16:05,  2.36s/it]  0%|          | 9/5000 [00:21<3:21:56,  2.43s/it]  0%|          | 10/5000 [00:23<3:16:03,  2.36s/it]  0%|          | 11/5000 [00:25<3:17:39,  2.38s/it]  0%|          | 11/5000 [00:27<3:30:32,  2.53s/it]
[I 2024-07-25 15:47:32,526] Trial 77 finished with value: 0.7000880527816434 and parameters: {'lr': 3e-05, 'l2': 1e-05, 'bsize': 1024, 'alpha1': 1}. Best is trial 14 with value: 0.707629020600957.
AUC:  0.7000880527816434 LOGlOSS:  0.612158547487864 test_AUC:  0.0 test_LOGlOSS:  10000.0
  0%|          | 0/5000 [00:00<?, ?it/s]  0%|          | 1/5000 [00:02<3:12:29,  2.31s/it]  0%|          | 2/5000 [00:05<3:33:09,  2.56s/it]  0%|          | 3/5000 [00:07<3:29:25,  2.51s/it]  0%|          | 4/5000 [00:10<3:33:16,  2.56s/it]  0%|          | 5/5000 [00:12<3:36:05,  2.60s/it]  0%|          | 6/5000 [00:15<3:32:21,  2.55s/it]  0%|          | 7/5000 [00:17<3:36:10,  2.60s/it]  0%|          | 8/5000 [00:20<3:42:10,  2.67s/it]  0%|          | 9/5000 [00:23<3:36:39,  2.60s/it]  0%|          | 10/5000 [00:25<3:30:19,  2.53s/it]  0%|          | 10/5000 [00:28<3:53:57,  2.81s/it]
[I 2024-07-25 15:48:08,609] Trial 78 finished with value: 0.7044372924316741 and parameters: {'lr': 3e-05, 'l2': 0.0003, 'bsize': 1024, 'alpha1': 1}. Best is trial 14 with value: 0.707629020600957.
AUC:  0.7044372924316741 LOGlOSS:  0.6074910804768614 test_AUC:  0.0 test_LOGlOSS:  10000.0
  0%|          | 0/5000 [00:00<?, ?it/s]  0%|          | 1/5000 [00:02<3:16:38,  2.36s/it]  0%|          | 2/5000 [00:04<3:23:57,  2.45s/it]  0%|          | 3/5000 [00:07<3:30:01,  2.52s/it]  0%|          | 4/5000 [00:10<3:35:07,  2.58s/it]  0%|          | 5/5000 [00:13<3:42:51,  2.68s/it]  0%|          | 6/5000 [00:17<4:46:27,  3.44s/it]  0%|          | 7/5000 [00:20<4:30:19,  3.25s/it]  0%|          | 8/5000 [00:23<4:12:13,  3.03s/it]  0%|          | 9/5000 [00:26<4:05:12,  2.95s/it]  0%|          | 10/5000 [00:28<3:54:06,  2.81s/it]  0%|          | 11/5000 [00:30<3:39:31,  2.64s/it]  0%|          | 12/5000 [00:33<3:31:47,  2.55s/it]  0%|          | 12/5000 [00:35<4:06:48,  2.97s/it]
[I 2024-07-25 15:48:52,501] Trial 79 finished with value: 0.7076167474197581 and parameters: {'lr': 3e-05, 'l2': 0.001, 'bsize': 1024, 'alpha1': 1}. Best is trial 14 with value: 0.707629020600957.
AUC:  0.7076167474197581 LOGlOSS:  0.5962481881126267 test_AUC:  0.0 test_LOGlOSS:  10000.0
  0%|          | 0/5000 [00:00<?, ?it/s]  0%|          | 1/5000 [00:02<3:35:00,  2.58s/it]  0%|          | 2/5000 [00:04<3:20:21,  2.41s/it]  0%|          | 3/5000 [00:07<3:20:44,  2.41s/it]  0%|          | 4/5000 [00:09<3:17:13,  2.37s/it]  0%|          | 5/5000 [00:12<3:18:52,  2.39s/it]  0%|          | 6/5000 [00:14<3:14:16,  2.33s/it]  0%|          | 7/5000 [00:16<3:12:20,  2.31s/it]  0%|          | 8/5000 [00:18<3:10:26,  2.29s/it]  0%|          | 9/5000 [00:20<3:08:30,  2.27s/it]  0%|          | 10/5000 [00:23<3:08:43,  2.27s/it]  0%|          | 11/5000 [00:25<3:05:01,  2.23s/it]  0%|          | 11/5000 [00:27<3:27:57,  2.50s/it]
[I 2024-07-25 15:49:28,003] Trial 80 finished with value: 0.6994888677316984 and parameters: {'lr': 3e-05, 'l2': 3e-06, 'bsize': 1024, 'alpha1': 1}. Best is trial 14 with value: 0.707629020600957.
AUC:  0.6994888677316984 LOGlOSS:  0.6158714196989724 test_AUC:  0.0 test_LOGlOSS:  10000.0
  0%|          | 0/5000 [00:00<?, ?it/s]  0%|          | 1/5000 [00:02<3:04:32,  2.21s/it]  0%|          | 2/5000 [00:04<3:20:02,  2.40s/it]  0%|          | 3/5000 [00:07<3:24:56,  2.46s/it]  0%|          | 4/5000 [00:09<3:24:12,  2.45s/it]  0%|          | 5/5000 [00:12<3:22:50,  2.44s/it]  0%|          | 6/5000 [00:14<3:19:41,  2.40s/it]  0%|          | 7/5000 [00:16<3:14:06,  2.33s/it]  0%|          | 8/5000 [00:18<3:09:35,  2.28s/it]  0%|          | 9/5000 [00:20<3:07:08,  2.25s/it]  0%|          | 10/5000 [00:23<3:07:58,  2.26s/it]  0%|          | 11/5000 [00:25<3:07:44,  2.26s/it]  0%|          | 12/5000 [00:27<3:07:00,  2.25s/it]  0%|          | 12/5000 [00:29<3:27:49,  2.50s/it]
[I 2024-07-25 15:50:06,058] Trial 81 finished with value: 0.7076167474197581 and parameters: {'lr': 3e-05, 'l2': 0.001, 'bsize': 1024, 'alpha1': 1}. Best is trial 14 with value: 0.707629020600957.
AUC:  0.7076167474197581 LOGlOSS:  0.5962481881126267 test_AUC:  0.0 test_LOGlOSS:  10000.0
  0%|          | 0/5000 [00:00<?, ?it/s]  0%|          | 1/5000 [00:02<3:14:05,  2.33s/it]  0%|          | 2/5000 [00:04<3:15:49,  2.35s/it]  0%|          | 3/5000 [00:07<3:14:07,  2.33s/it]  0%|          | 4/5000 [00:09<3:15:46,  2.35s/it]  0%|          | 5/5000 [00:11<3:13:46,  2.33s/it]  0%|          | 6/5000 [00:13<3:13:27,  2.32s/it]  0%|          | 7/5000 [00:16<3:15:32,  2.35s/it]  0%|          | 8/5000 [00:18<3:13:05,  2.32s/it]  0%|          | 9/5000 [00:20<3:10:58,  2.30s/it]  0%|          | 10/5000 [00:23<3:10:21,  2.29s/it]  0%|          | 11/5000 [00:25<3:08:38,  2.27s/it]  0%|          | 12/5000 [00:27<3:06:00,  2.24s/it]  0%|          | 12/5000 [00:29<3:26:10,  2.48s/it]
[I 2024-07-25 15:50:43,425] Trial 82 finished with value: 0.7076167474197581 and parameters: {'lr': 3e-05, 'l2': 0.001, 'bsize': 1024, 'alpha1': 1}. Best is trial 14 with value: 0.707629020600957.
AUC:  0.7076167474197581 LOGlOSS:  0.5962481881126267 test_AUC:  0.0 test_LOGlOSS:  10000.0
  0%|          | 0/5000 [00:00<?, ?it/s]  0%|          | 1/5000 [00:02<3:06:51,  2.24s/it]  0%|          | 2/5000 [00:04<3:05:38,  2.23s/it]  0%|          | 3/5000 [00:06<3:04:42,  2.22s/it]  0%|          | 4/5000 [00:08<3:05:02,  2.22s/it]  0%|          | 5/5000 [00:11<3:07:22,  2.25s/it]  0%|          | 6/5000 [00:13<3:11:33,  2.30s/it]  0%|          | 7/5000 [00:15<3:11:48,  2.30s/it]  0%|          | 8/5000 [00:18<3:11:11,  2.30s/it]  0%|          | 9/5000 [00:20<3:13:16,  2.32s/it]  0%|          | 10/5000 [00:23<3:19:00,  2.39s/it]  0%|          | 11/5000 [00:25<3:15:41,  2.35s/it]  0%|          | 12/5000 [00:27<3:10:52,  2.30s/it]  0%|          | 12/5000 [00:29<3:26:22,  2.48s/it]
[I 2024-07-25 15:51:21,258] Trial 83 finished with value: 0.7076167474197581 and parameters: {'lr': 3e-05, 'l2': 0.001, 'bsize': 1024, 'alpha1': 1}. Best is trial 14 with value: 0.707629020600957.
AUC:  0.7076167474197581 LOGlOSS:  0.5962481881126267 test_AUC:  0.0 test_LOGlOSS:  10000.0
  0%|          | 0/5000 [00:00<?, ?it/s]  0%|          | 1/5000 [00:02<3:33:02,  2.56s/it]  0%|          | 2/5000 [00:05<3:27:36,  2.49s/it]  0%|          | 3/5000 [00:07<3:16:25,  2.36s/it]  0%|          | 4/5000 [00:09<3:20:54,  2.41s/it]  0%|          | 5/5000 [00:11<3:16:28,  2.36s/it]  0%|          | 6/5000 [00:14<3:20:23,  2.41s/it]  0%|          | 7/5000 [00:16<3:23:05,  2.44s/it]  0%|          | 8/5000 [00:19<3:18:50,  2.39s/it]  0%|          | 9/5000 [00:21<3:15:54,  2.36s/it]  0%|          | 10/5000 [00:23<3:17:59,  2.38s/it]  0%|          | 11/5000 [00:26<3:15:43,  2.35s/it]  0%|          | 12/5000 [00:28<3:16:41,  2.37s/it]  0%|          | 12/5000 [00:30<3:33:55,  2.57s/it]
