[I 2024-07-25 10:29:17,651] Trial 40 finished with value: 0.6537706633803947 and parameters: {'lr': 0.001, 'l2': 0.0003, 'bsize': 256, 'beta1': 0.01167469563002238}. Best is trial 13 with value: 0.6561202364268395.
AUC:  0.6537706633803947 LOGlOSS:  0.643502817645013 test_AUC:  0.0 test_LOGlOSS:  10000.0
  0%|          | 0/5000 [00:00<?, ?it/s]  0%|          | 1/5000 [00:07<11:00:17,  7.93s/it]  0%|          | 2/5000 [00:15<10:58:05,  7.90s/it]  0%|          | 3/5000 [00:23<11:05:26,  7.99s/it]  0%|          | 4/5000 [00:32<11:36:01,  8.36s/it]  0%|          | 5/5000 [00:43<12:52:38,  9.28s/it]  0%|          | 6/5000 [00:52<12:26:27,  8.97s/it]  0%|          | 7/5000 [00:59<11:42:17,  8.44s/it]  0%|          | 8/5000 [01:07<11:24:08,  8.22s/it]  0%|          | 9/5000 [01:14<11:05:23,  8.00s/it]  0%|          | 10/5000 [01:23<11:18:08,  8.15s/it]  0%|          | 11/5000 [01:30<10:57:07,  7.90s/it]  0%|          | 12/5000 [01:38<10:55:35,  7.89s/it]  0%|          | 12/5000 [01:46<12:17:04,  8.87s/it]
[I 2024-07-25 10:31:27,308] Trial 41 finished with value: 0.654997320292302 and parameters: {'lr': 3e-05, 'l2': 0.001, 'bsize': 256, 'beta1': 0.07534070237535292}. Best is trial 13 with value: 0.6561202364268395.
AUC:  0.654997320292302 LOGlOSS:  0.6570616921984279 test_AUC:  0.0 test_LOGlOSS:  10000.0
  0%|          | 0/5000 [00:00<?, ?it/s]  0%|          | 1/5000 [00:08<12:29:18,  8.99s/it]  0%|          | 2/5000 [00:16<11:24:29,  8.22s/it]  0%|          | 3/5000 [00:24<11:01:50,  7.95s/it]  0%|          | 4/5000 [00:33<11:52:38,  8.56s/it]  0%|          | 5/5000 [00:41<11:23:56,  8.22s/it]  0%|          | 6/5000 [00:49<11:31:39,  8.31s/it]  0%|          | 7/5000 [00:58<11:26:21,  8.25s/it]  0%|          | 8/5000 [01:05<11:12:12,  8.08s/it]  0%|          | 9/5000 [01:13<10:59:18,  7.93s/it]  0%|          | 10/5000 [01:20<10:45:31,  7.76s/it]  0%|          | 11/5000 [01:28<10:47:26,  7.79s/it]  0%|          | 12/5000 [01:36<10:39:44,  7.70s/it]  0%|          | 12/5000 [01:43<11:58:18,  8.64s/it]
[I 2024-07-25 10:33:32,460] Trial 42 finished with value: 0.6554737341726401 and parameters: {'lr': 3e-05, 'l2': 0.001, 'bsize': 256, 'beta1': 0.05001104940019665}. Best is trial 13 with value: 0.6561202364268395.
AUC:  0.6554737341726401 LOGlOSS:  0.6567516534117516 test_AUC:  0.0 test_LOGlOSS:  10000.0
  0%|          | 0/5000 [00:00<?, ?it/s]  0%|          | 1/5000 [00:07<10:34:40,  7.62s/it]  0%|          | 2/5000 [00:16<11:25:38,  8.23s/it]  0%|          | 3/5000 [00:24<11:11:59,  8.07s/it]  0%|          | 4/5000 [00:31<10:52:54,  7.84s/it]  0%|          | 5/5000 [00:39<10:54:48,  7.87s/it]  0%|          | 6/5000 [00:47<11:11:02,  8.06s/it]  0%|          | 7/5000 [00:56<11:36:06,  8.36s/it]  0%|          | 8/5000 [01:05<11:37:42,  8.39s/it]  0%|          | 9/5000 [01:12<11:06:59,  8.02s/it]  0%|          | 10/5000 [01:19<10:45:03,  7.76s/it]  0%|          | 11/5000 [01:27<10:46:13,  7.77s/it]  0%|          | 12/5000 [01:35<10:54:58,  7.88s/it]  0%|          | 12/5000 [01:44<12:02:08,  8.69s/it]
[I 2024-07-25 10:35:39,600] Trial 43 finished with value: 0.6537383962832736 and parameters: {'lr': 3e-05, 'l2': 0.001, 'bsize': 256, 'beta1': 0.13541728456401167}. Best is trial 13 with value: 0.6561202364268395.
AUC:  0.6537383962832736 LOGlOSS:  0.6578183758269922 test_AUC:  0.0 test_LOGlOSS:  10000.0
  0%|          | 0/5000 [00:00<?, ?it/s]  0%|          | 1/5000 [00:07<10:32:21,  7.59s/it]  0%|          | 2/5000 [00:15<11:08:08,  8.02s/it]  0%|          | 3/5000 [00:23<10:50:26,  7.81s/it]  0%|          | 4/5000 [00:30<10:26:54,  7.53s/it]  0%|          | 5/5000 [00:38<10:30:58,  7.58s/it]  0%|          | 6/5000 [00:46<10:52:39,  7.84s/it]  0%|          | 7/5000 [00:54<10:41:58,  7.71s/it]  0%|          | 8/5000 [01:01<10:26:26,  7.53s/it]  0%|          | 8/5000 [01:08<11:50:14,  8.54s/it]
[I 2024-07-25 10:37:10,279] Trial 44 finished with value: 0.6524513264116975 and parameters: {'lr': 3e-05, 'l2': 1e-05, 'bsize': 256, 'beta1': 0.05431142170154941}. Best is trial 13 with value: 0.6561202364268395.
AUC:  0.6524513264116975 LOGlOSS:  0.6517706828158948 test_AUC:  0.0 test_LOGlOSS:  10000.0
  0%|          | 0/5000 [00:00<?, ?it/s]  0%|          | 1/5000 [00:09<13:13:06,  9.52s/it]  0%|          | 2/5000 [00:18<13:05:57,  9.44s/it]  0%|          | 3/5000 [00:27<12:39:20,  9.12s/it]  0%|          | 4/5000 [00:34<11:29:40,  8.28s/it]  0%|          | 5/5000 [00:41<10:59:10,  7.92s/it]  0%|          | 6/5000 [00:49<10:36:25,  7.65s/it]  0%|          | 7/5000 [00:56<10:38:19,  7.67s/it]  0%|          | 8/5000 [01:04<10:31:40,  7.59s/it]  0%|          | 9/5000 [01:11<10:32:26,  7.60s/it]  0%|          | 10/5000 [01:19<10:38:06,  7.67s/it]  0%|          | 11/5000 [01:28<11:18:26,  8.16s/it]  0%|          | 12/5000 [01:35<10:49:51,  7.82s/it]  0%|          | 12/5000 [01:43<11:55:02,  8.60s/it]
[I 2024-07-25 10:39:17,525] Trial 45 finished with value: 0.6544529065334728 and parameters: {'lr': 3e-05, 'l2': 0.001, 'bsize': 256, 'beta1': 0.10240365913902341}. Best is trial 13 with value: 0.6561202364268395.
AUC:  0.6544529065334728 LOGlOSS:  0.6573868801319045 test_AUC:  0.0 test_LOGlOSS:  10000.0
  0%|          | 0/5000 [00:00<?, ?it/s]  0%|          | 1/5000 [00:03<5:04:01,  3.65s/it]  0%|          | 2/5000 [00:07<5:03:54,  3.65s/it]  0%|          | 3/5000 [00:11<5:26:18,  3.92s/it]  0%|          | 4/5000 [00:16<5:57:25,  4.29s/it]  0%|          | 5/5000 [00:20<5:58:29,  4.31s/it]  0%|          | 6/5000 [00:24<5:43:38,  4.13s/it]  0%|          | 7/5000 [00:28<5:37:50,  4.06s/it]  0%|          | 8/5000 [00:32<5:40:39,  4.09s/it]  0%|          | 9/5000 [00:36<5:47:29,  4.18s/it]  0%|          | 10/5000 [00:40<5:31:31,  3.99s/it]  0%|          | 11/5000 [00:44<5:20:35,  3.86s/it]  0%|          | 12/5000 [00:48<5:22:50,  3.88s/it]  0%|          | 13/5000 [00:51<5:13:25,  3.77s/it]  0%|          | 14/5000 [00:55<5:10:10,  3.73s/it]  0%|          | 14/5000 [00:58<5:50:07,  4.21s/it]
[I 2024-07-25 10:40:39,538] Trial 46 finished with value: 0.6528965968549079 and parameters: {'lr': 3e-05, 'l2': 0.001, 'bsize': 512, 'beta1': 0.16222040978101918}. Best is trial 13 with value: 0.6561202364268395.
AUC:  0.6528965968549079 LOGlOSS:  0.6429776942814127 test_AUC:  0.0 test_LOGlOSS:  10000.0
  0%|          | 0/5000 [00:00<?, ?it/s]  0%|          | 1/5000 [00:07<9:47:07,  7.05s/it]  0%|          | 2/5000 [00:14<10:27:52,  7.54s/it]  0%|          | 3/5000 [00:22<10:36:11,  7.64s/it]  0%|          | 4/5000 [00:30<10:33:08,  7.60s/it]  0%|          | 5/5000 [00:37<10:15:10,  7.39s/it]  0%|          | 6/5000 [00:44<10:13:48,  7.37s/it]  0%|          | 7/5000 [00:52<10:29:21,  7.56s/it]  0%|          | 8/5000 [01:00<10:34:51,  7.63s/it]  0%|          | 9/5000 [01:07<10:35:16,  7.64s/it]  0%|          | 10/5000 [01:15<10:35:09,  7.64s/it]  0%|          | 11/5000 [01:22<10:26:33,  7.54s/it]  0%|          | 12/5000 [01:30<10:31:39,  7.60s/it]  0%|          | 13/5000 [01:38<10:30:35,  7.59s/it]  0%|          | 14/5000 [01:46<10:49:15,  7.81s/it]  0%|          | 15/5000 [01:53<10:27:37,  7.55s/it]  0%|          | 15/5000 [02:00<11:09:28,  8.06s/it]
[I 2024-07-25 10:43:03,356] Trial 47 finished with value: 0.6466895253711255 and parameters: {'lr': 1e-05, 'l2': 3e-06, 'bsize': 256, 'beta1': 0.27864729469655086}. Best is trial 13 with value: 0.6561202364268395.
AUC:  0.6466895253711255 LOGlOSS:  0.6676132448104802 test_AUC:  0.0 test_LOGlOSS:  10000.0
  0%|          | 0/5000 [00:00<?, ?it/s]  0%|          | 1/5000 [00:07<11:05:17,  7.99s/it]  0%|          | 2/5000 [00:15<10:39:54,  7.68s/it]  0%|          | 3/5000 [00:22<10:20:54,  7.46s/it]  0%|          | 4/5000 [00:30<10:28:25,  7.55s/it]  0%|          | 5/5000 [00:37<10:17:02,  7.41s/it]  0%|          | 6/5000 [00:44<10:11:20,  7.34s/it]  0%|          | 6/5000 [00:51<12:00:34,  8.66s/it]
[I 2024-07-25 10:44:16,303] Trial 48 finished with value: 0.6496268909130186 and parameters: {'lr': 0.0001, 'l2': 0.0001, 'bsize': 256, 'beta1': 0.04833616616171982}. Best is trial 13 with value: 0.6561202364268395.
AUC:  0.6496268909130186 LOGlOSS:  0.62934952780992 test_AUC:  0.0 test_LOGlOSS:  10000.0
  0%|          | 0/5000 [00:00<?, ?it/s]  0%|          | 1/5000 [00:01<2:45:18,  1.98s/it]  0%|          | 2/5000 [00:03<2:46:13,  2.00s/it]  0%|          | 3/5000 [00:05<2:44:46,  1.98s/it]  0%|          | 4/5000 [00:07<2:46:58,  2.01s/it]  0%|          | 5/5000 [00:10<2:47:39,  2.01s/it]  0%|          | 6/5000 [00:12<2:55:17,  2.11s/it]  0%|          | 7/5000 [00:14<3:04:30,  2.22s/it]  0%|          | 8/5000 [00:16<2:57:17,  2.13s/it]  0%|          | 9/5000 [00:18<2:57:01,  2.13s/it]  0%|          | 10/5000 [00:20<2:54:35,  2.10s/it]  0%|          | 11/5000 [00:22<2:52:09,  2.07s/it]  0%|          | 11/5000 [00:24<3:08:03,  2.26s/it]
[I 2024-07-25 10:45:03,734] Trial 49 finished with value: 0.6355902281760757 and parameters: {'lr': 3e-05, 'l2': 3e-05, 'bsize': 1024, 'beta1': 0.7014536583952111}. Best is trial 13 with value: 0.6561202364268395.
AUC:  0.6355902281760757 LOGlOSS:  0.6707166098502269 test_AUC:  0.0 test_LOGlOSS:  10000.0
  0%|          | 0/5000 [00:00<?, ?it/s]  0%|          | 1/5000 [00:07<10:52:25,  7.83s/it]  0%|          | 2/5000 [00:15<10:50:40,  7.81s/it]  0%|          | 3/5000 [00:22<10:23:49,  7.49s/it]  0%|          | 4/5000 [00:30<10:19:36,  7.44s/it]  0%|          | 5/5000 [00:37<10:07:12,  7.29s/it]  0%|          | 6/5000 [00:44<10:01:43,  7.23s/it]  0%|          | 6/5000 [00:51<11:53:29,  8.57s/it]
[I 2024-07-25 10:46:18,946] Trial 50 finished with value: 0.6422687623518534 and parameters: {'lr': 0.0003, 'l2': 0.0003, 'bsize': 256, 'beta1': 0.32754596167388844}. Best is trial 13 with value: 0.6561202364268395.
AUC:  0.6422687623518534 LOGlOSS:  0.6243778097202168 test_AUC:  0.0 test_LOGlOSS:  10000.0
  0%|          | 0/5000 [00:00<?, ?it/s]  0%|          | 1/5000 [00:08<11:53:12,  8.56s/it]  0%|          | 2/5000 [00:16<11:10:09,  8.05s/it]  0%|          | 3/5000 [00:23<10:48:51,  7.79s/it]  0%|          | 4/5000 [00:30<10:24:21,  7.50s/it]  0%|          | 5/5000 [00:38<10:36:28,  7.65s/it]  0%|          | 6/5000 [00:46<10:33:28,  7.61s/it]  0%|          | 7/5000 [00:53<10:20:18,  7.45s/it]  0%|          | 8/5000 [01:00<10:17:48,  7.43s/it]  0%|          | 9/5000 [01:07<10:10:56,  7.34s/it]  0%|          | 10/5000 [01:16<10:44:01,  7.74s/it]  0%|          | 11/5000 [01:23<10:33:48,  7.62s/it]  0%|          | 12/5000 [01:31<10:21:36,  7.48s/it]  0%|          | 12/5000 [01:37<11:18:38,  8.16s/it]
[I 2024-07-25 10:48:19,676] Trial 51 finished with value: 0.655383075867489 and parameters: {'lr': 3e-05, 'l2': 0.001, 'bsize': 256, 'beta1': 0.05502695041527788}. Best is trial 13 with value: 0.6561202364268395.
AUC:  0.655383075867489 LOGlOSS:  0.6568103045890864 test_AUC:  0.0 test_LOGlOSS:  10000.0
  0%|          | 0/5000 [00:00<?, ?it/s]  0%|          | 1/5000 [00:08<12:20:49,  8.89s/it]  0%|          | 2/5000 [00:17<12:28:44,  8.99s/it]  0%|          | 3/5000 [00:25<11:38:33,  8.39s/it]  0%|          | 4/5000 [00:33<11:34:53,  8.35s/it]  0%|          | 5/5000 [00:44<12:47:38,  9.22s/it]  0%|          | 6/5000 [00:53<12:32:54,  9.05s/it]  0%|          | 7/5000 [01:01<12:11:16,  8.79s/it]  0%|          | 8/5000 [01:10<12:14:10,  8.82s/it]  0%|          | 9/5000 [01:18<11:39:19,  8.41s/it]  0%|          | 10/5000 [01:26<11:46:09,  8.49s/it]  0%|          | 11/5000 [01:34<11:28:21,  8.28s/it]  0%|          | 12/5000 [01:43<11:56:02,  8.61s/it]  0%|          | 12/5000 [01:53<13:05:08,  9.44s/it]
[I 2024-07-25 10:50:29,006] Trial 52 finished with value: 0.6556037505877482 and parameters: {'lr': 3e-05, 'l2': 0.001, 'bsize': 256, 'beta1': 0.04269816574723436}. Best is trial 13 with value: 0.6561202364268395.
AUC:  0.6556037505877482 LOGlOSS:  0.6566635578215955 test_AUC:  0.0 test_LOGlOSS:  10000.0
  0%|          | 0/5000 [00:00<?, ?it/s]  0%|          | 1/5000 [00:09<13:02:32,  9.39s/it]  0%|          | 2/5000 [00:17<12:04:11,  8.69s/it]  0%|          | 3/5000 [00:25<11:51:08,  8.54s/it]  0%|          | 4/5000 [00:34<11:53:44,  8.57s/it]  0%|          | 5/5000 [00:43<12:08:04,  8.75s/it]  0%|          | 6/5000 [00:51<11:47:01,  8.49s/it]  0%|          | 7/5000 [00:59<11:31:33,  8.31s/it]  0%|          | 8/5000 [01:07<11:23:27,  8.21s/it]  0%|          | 9/5000 [01:15<11:11:53,  8.08s/it]  0%|          | 10/5000 [01:23<11:09:07,  8.05s/it]  0%|          | 11/5000 [01:31<11:08:07,  8.04s/it]  0%|          | 12/5000 [01:39<11:12:28,  8.09s/it]  0%|          | 12/5000 [01:47<12:23:17,  8.94s/it]
[I 2024-07-25 10:52:37,389] Trial 53 finished with value: 0.6557685155977915 and parameters: {'lr': 3e-05, 'l2': 0.001, 'bsize': 256, 'beta1': 0.033206639348338826}. Best is trial 13 with value: 0.6561202364268395.
AUC:  0.6557685155977915 LOGlOSS:  0.6565469506827062 test_AUC:  0.0 test_LOGlOSS:  10000.0
  0%|          | 0/5000 [00:00<?, ?it/s]  0%|          | 1/5000 [00:08<12:00:54,  8.65s/it]  0%|          | 2/5000 [00:17<12:02:27,  8.67s/it]  0%|          | 3/5000 [00:26<12:13:09,  8.80s/it]  0%|          | 4/5000 [00:35<12:13:18,  8.81s/it]  0%|          | 5/5000 [00:43<12:14:55,  8.83s/it]  0%|          | 6/5000 [00:52<12:00:52,  8.66s/it]  0%|          | 7/5000 [01:00<11:49:51,  8.53s/it]  0%|          | 8/5000 [01:08<11:36:31,  8.37s/it]  0%|          | 9/5000 [01:16<11:24:47,  8.23s/it]  0%|          | 10/5000 [01:24<11:14:17,  8.11s/it]  0%|          | 11/5000 [01:31<11:01:39,  7.96s/it]  0%|          | 12/5000 [01:39<10:57:18,  7.91s/it]  0%|          | 13/5000 [01:47<10:58:51,  7.93s/it]  0%|          | 13/5000 [01:55<12:18:06,  8.88s/it]
[I 2024-07-25 10:54:55,765] Trial 54 finished with value: 0.6562019197191791 and parameters: {'lr': 3e-05, 'l2': 0.001, 'bsize': 256, 'beta1': 0.010049262505978276}. Best is trial 54 with value: 0.6562019197191791.
AUC:  0.6562019197191791 LOGlOSS:  0.6646294278564543 test_AUC:  0.0 test_LOGlOSS:  10000.0
  0%|          | 0/5000 [00:00<?, ?it/s]  0%|          | 1/5000 [00:08<12:29:07,  8.99s/it]  0%|          | 2/5000 [00:17<11:53:27,  8.56s/it]  0%|          | 3/5000 [00:26<12:12:04,  8.79s/it]  0%|          | 4/5000 [00:34<12:07:48,  8.74s/it]  0%|          | 5/5000 [00:43<12:00:44,  8.66s/it]  0%|          | 6/5000 [00:51<11:53:22,  8.57s/it]  0%|          | 7/5000 [01:01<12:18:49,  8.88s/it]  0%|          | 8/5000 [01:10<12:29:23,  9.01s/it]  0%|          | 9/5000 [01:18<12:04:29,  8.71s/it]  0%|          | 10/5000 [01:26<11:46:30,  8.50s/it]  0%|          | 11/5000 [01:34<11:34:58,  8.36s/it]  0%|          | 12/5000 [01:42<11:28:03,  8.28s/it]  0%|          | 12/5000 [01:50<12:48:16,  9.24s/it]
[I 2024-07-25 10:57:10,080] Trial 55 finished with value: 0.6499580208202763 and parameters: {'lr': 0.001, 'l2': 0.001, 'bsize': 256, 'beta1': 0.10755297745281481}. Best is trial 54 with value: 0.6562019197191791.
AUC:  0.6499580208202763 LOGlOSS:  0.621135413885516 test_AUC:  0.0 test_LOGlOSS:  10000.0
  0%|          | 0/5000 [00:00<?, ?it/s]  0%|          | 1/5000 [00:08<12:04:13,  8.69s/it]  0%|          | 2/5000 [00:15<10:53:02,  7.84s/it]  0%|          | 3/5000 [00:22<10:02:48,  7.24s/it]  0%|          | 4/5000 [00:28<9:38:38,  6.95s/it]   0%|          | 5/5000 [00:36<10:05:09,  7.27s/it]  0%|          | 6/5000 [00:44<10:19:41,  7.45s/it]  0%|          | 7/5000 [00:52<10:41:23,  7.71s/it]  0%|          | 8/5000 [01:01<11:04:24,  7.99s/it]  0%|          | 9/5000 [01:11<11:52:00,  8.56s/it]  0%|          | 10/5000 [01:19<11:36:23,  8.37s/it]  0%|          | 11/5000 [01:28<11:49:54,  8.54s/it]  0%|          | 12/5000 [01:38<12:30:41,  9.03s/it]  0%|          | 13/5000 [01:46<12:20:04,  8.90s/it]  0%|          | 13/5000 [01:55<12:16:25,  8.86s/it]
[I 2024-07-25 10:59:28,786] Trial 56 finished with value: 0.6560018334608587 and parameters: {'lr': 3e-05, 'l2': 0.001, 'bsize': 256, 'beta1': 0.020750068618933186}. Best is trial 54 with value: 0.6562019197191791.
AUC:  0.6560018334608587 LOGlOSS:  0.6648088471401433 test_AUC:  0.0 test_LOGlOSS:  10000.0
  0%|          | 0/5000 [00:00<?, ?it/s]  0%|          | 1/5000 [00:04<6:04:40,  4.38s/it]  0%|          | 2/5000 [00:08<5:59:59,  4.32s/it]  0%|          | 3/5000 [00:13<6:23:59,  4.61s/it]  0%|          | 4/5000 [00:18<6:29:48,  4.68s/it]  0%|          | 5/5000 [00:22<6:24:12,  4.62s/it]  0%|          | 6/5000 [00:27<6:09:47,  4.44s/it]  0%|          | 7/5000 [00:31<6:01:37,  4.35s/it]  0%|          | 8/5000 [00:35<5:57:47,  4.30s/it]  0%|          | 9/5000 [00:39<5:57:10,  4.29s/it]  0%|          | 9/5000 [00:43<6:43:47,  4.85s/it]
[I 2024-07-25 11:00:19,623] Trial 57 finished with value: 0.6434267264452078 and parameters: {'lr': 3e-05, 'l2': 1e-05, 'bsize': 512, 'beta1': 0.48314637326443516}. Best is trial 54 with value: 0.6562019197191791.
AUC:  0.6434267264452078 LOGlOSS:  0.6470334757172072 test_AUC:  0.0 test_LOGlOSS:  10000.0
  0%|          | 0/5000 [00:00<?, ?it/s]  0%|          | 1/5000 [00:08<12:16:52,  8.84s/it]  0%|          | 2/5000 [00:18<13:17:19,  9.57s/it]  0%|          | 3/5000 [00:27<12:47:01,  9.21s/it]  0%|          | 4/5000 [00:36<12:46:49,  9.21s/it]  0%|          | 5/5000 [00:46<13:06:50,  9.45s/it]  0%|          | 6/5000 [00:55<12:43:32,  9.17s/it]  0%|          | 7/5000 [01:04<12:41:15,  9.15s/it]  0%|          | 8/5000 [01:12<12:12:41,  8.81s/it]  0%|          | 9/5000 [01:22<12:36:53,  9.10s/it]  0%|          | 10/5000 [01:30<12:22:57,  8.93s/it]  0%|          | 10/5000 [01:39<13:49:35,  9.97s/it]
[I 2024-07-25 11:02:04,625] Trial 58 finished with value: 0.655883631464715 and parameters: {'lr': 3e-05, 'l2': 0.0003, 'bsize': 256, 'beta1': 0.029408534627282597}. Best is trial 54 with value: 0.6562019197191791.
AUC:  0.655883631464715 LOGlOSS:  0.6496625015645835 test_AUC:  0.0 test_LOGlOSS:  10000.0
  0%|          | 0/5000 [00:00<?, ?it/s]  0%|          | 1/5000 [00:09<12:36:40,  9.08s/it]  0%|          | 2/5000 [00:18<13:00:44,  9.37s/it]  0%|          | 3/5000 [00:27<12:31:05,  9.02s/it]  0%|          | 4/5000 [00:36<12:42:47,  9.16s/it]  0%|          | 5/5000 [00:47<13:30:20,  9.73s/it]  0%|          | 6/5000 [00:55<12:55:49,  9.32s/it]  0%|          | 7/5000 [01:04<12:42:32,  9.16s/it]  0%|          | 8/5000 [01:13<12:37:39,  9.11s/it]  0%|          | 9/5000 [01:22<12:36:58,  9.10s/it]  0%|          | 9/5000 [01:31<14:07:14, 10.19s/it]
[I 2024-07-25 11:03:43,689] Trial 59 finished with value: 0.6536439903949347 and parameters: {'lr': 3e-05, 'l2': 0.0003, 'bsize': 256, 'beta1': 0.09410291627573922}. Best is trial 54 with value: 0.6562019197191791.
AUC:  0.6536439903949347 LOGlOSS:  0.6399576065097347 test_AUC:  0.0 test_LOGlOSS:  10000.0
  0%|          | 0/5000 [00:00<?, ?it/s]  0%|          | 1/5000 [00:08<11:18:51,  8.15s/it]  0%|          | 2/5000 [00:16<11:35:15,  8.35s/it]  0%|          | 3/5000 [00:26<12:43:35,  9.17s/it]  0%|          | 4/5000 [00:36<12:52:57,  9.28s/it]  0%|          | 5/5000 [00:45<12:52:13,  9.28s/it]  0%|          | 6/5000 [00:54<12:53:15,  9.29s/it]  0%|          | 7/5000 [01:04<13:03:54,  9.42s/it]  0%|          | 8/5000 [01:13<12:52:14,  9.28s/it]  0%|          | 8/5000 [01:21<14:09:48, 10.21s/it]
[I 2024-07-25 11:05:10,811] Trial 60 finished with value: 0.6515507294078957 and parameters: {'lr': 3e-05, 'l2': 0.0003, 'bsize': 256, 'beta1': 0.20050404958109141}. Best is trial 54 with value: 0.6562019197191791.
AUC:  0.6515507294078957 LOGlOSS:  0.6397146087291815 test_AUC:  0.0 test_LOGlOSS:  10000.0
  0%|          | 0/5000 [00:00<?, ?it/s]  0%|          | 1/5000 [00:08<11:18:31,  8.14s/it]  0%|          | 2/5000 [00:16<11:18:07,  8.14s/it]  0%|          | 3/5000 [00:26<12:29:59,  9.01s/it]  0%|          | 4/5000 [00:35<12:43:25,  9.17s/it]  0%|          | 5/5000 [00:44<12:24:17,  8.94s/it]  0%|          | 6/5000 [00:52<12:03:16,  8.69s/it]  0%|          | 7/5000 [01:00<11:55:20,  8.60s/it]  0%|          | 8/5000 [01:11<12:44:57,  9.19s/it]  0%|          | 9/5000 [01:20<12:43:03,  9.17s/it]  0%|          | 10/5000 [01:29<12:29:14,  9.01s/it]  0%|          | 11/5000 [01:40<13:29:29,  9.74s/it]  0%|          | 11/5000 [01:50<13:54:53, 10.04s/it]
[I 2024-07-25 11:07:06,564] Trial 61 finished with value: 0.6561060401340317 and parameters: {'lr': 3e-05, 'l2': 0.0003, 'bsize': 256, 'beta1': 0.011841068599284486}. Best is trial 54 with value: 0.6562019197191791.
AUC:  0.6561060401340317 LOGlOSS:  0.6609128817263409 test_AUC:  0.0 test_LOGlOSS:  10000.0
  0%|          | 0/5000 [00:00<?, ?it/s]  0%|          | 1/5000 [00:08<12:17:35,  8.85s/it]  0%|          | 2/5000 [00:16<11:39:05,  8.39s/it]  0%|          | 3/5000 [00:27<13:05:41,  9.43s/it]  0%|          | 4/5000 [00:36<12:54:46,  9.30s/it]  0%|          | 5/5000 [00:45<12:34:08,  9.06s/it]  0%|          | 6/5000 [00:53<12:19:13,  8.88s/it]  0%|          | 7/5000 [01:03<12:28:32,  9.00s/it]  0%|          | 8/5000 [01:11<12:16:35,  8.85s/it]  0%|          | 9/5000 [01:21<12:42:08,  9.16s/it]  0%|          | 10/5000 [01:30<12:39:57,  9.14s/it]  0%|          | 11/5000 [01:40<12:53:26,  9.30s/it]  0%|          | 11/5000 [01:48<13:39:55,  9.86s/it]
