[I 2024-07-26 05:25:45,355] Trial 112 finished with value: 0.7098826294433755 and parameters: {'lr': 0.0001, 'l2': 0.001, 'bsize': 256, 'alpha1': 0.09852624159557126, 'alpha2': 0.1}. Best is trial 25 with value: 0.7101646954060958.
2024-07-26 05:25:55.500820: I tensorflow/core/kernels/data/shuffle_dataset_op.cc:177] Filling up shuffle buffer (this may take a while): 401485 of 1000000
2024-07-26 05:25:55.590126: I tensorflow/core/kernels/data/shuffle_dataset_op.cc:230] Shuffle buffer filled.
AUC:  0.7098826294433755 LOGlOSS:  0.4313229614682074 test_AUC:  0.0 test_LOGlOSS:  10000.0
  0%|          | 0/5000 [00:00<?, ?it/s]  0%|          | 1/5000 [00:33<46:45:56, 33.68s/it]  0%|          | 2/5000 [01:03<43:28:00, 31.31s/it]  0%|          | 3/5000 [01:33<42:30:44, 30.63s/it]  0%|          | 4/5000 [02:14<48:09:12, 34.70s/it]  0%|          | 5/5000 [02:56<51:59:34, 37.47s/it]  0%|          | 6/5000 [03:38<53:57:54, 38.90s/it]  0%|          | 7/5000 [04:19<55:16:49, 39.86s/it]  0%|          | 8/5000 [05:02<56:25:05, 40.69s/it]  0%|          | 9/5000 [05:43<56:43:28, 40.92s/it]  0%|          | 10/5000 [06:25<56:49:48, 41.00s/it]  0%|          | 11/5000 [07:06<57:03:38, 41.17s/it]  0%|          | 12/5000 [07:44<55:29:35, 40.05s/it]  0%|          | 13/5000 [08:16<52:05:51, 37.61s/it]  0%|          | 14/5000 [08:46<49:00:31, 35.39s/it]  0%|          | 15/5000 [09:20<48:17:24, 34.87s/it]  0%|          | 16/5000 [10:00<50:27:04, 36.44s/it]  0%|          | 17/5000 [10:40<52:06:26, 37.65s/it]  0%|          | 18/5000 [11:22<53:51:16, 38.92s/it]  0%|          | 18/5000 [11:56<55:04:13, 39.79s/it]
[I 2024-07-26 05:37:55,259] Trial 113 finished with value: 0.7098976714329999 and parameters: {'lr': 0.0001, 'l2': 0.001, 'bsize': 256, 'alpha1': 0.09935018259798899, 'alpha2': 0.1}. Best is trial 25 with value: 0.7101646954060958.
AUC:  0.7098976714329999 LOGlOSS:  0.43129473327011714 test_AUC:  0.0 test_LOGlOSS:  10000.0
  0%|          | 0/5000 [00:00<?, ?it/s]  0%|          | 1/5000 [00:40<56:21:51, 40.59s/it]  0%|          | 2/5000 [01:14<50:42:24, 36.52s/it]  0%|          | 3/5000 [01:52<52:03:06, 37.50s/it]  0%|          | 4/5000 [02:32<53:00:28, 38.20s/it]  0%|          | 5/5000 [03:11<53:40:10, 38.68s/it]  0%|          | 6/5000 [03:51<54:14:18, 39.10s/it]  0%|          | 7/5000 [04:31<54:26:25, 39.25s/it]  0%|          | 8/5000 [05:09<53:50:22, 38.83s/it]  0%|          | 9/5000 [05:47<53:43:49, 38.76s/it]  0%|          | 10/5000 [06:29<54:52:14, 39.59s/it]  0%|          | 11/5000 [07:10<55:31:25, 40.07s/it]  0%|          | 12/5000 [07:52<56:19:41, 40.65s/it]  0%|          | 13/5000 [08:39<58:56:08, 42.54s/it]  0%|          | 14/5000 [09:26<60:47:20, 43.89s/it]  0%|          | 15/5000 [10:11<61:24:19, 44.34s/it]  0%|          | 16/5000 [10:57<62:02:22, 44.81s/it]  0%|          | 17/5000 [11:38<60:30:15, 43.71s/it]  0%|          | 18/5000 [12:21<60:01:42, 43.38s/it]  0%|          | 18/5000 [12:57<59:44:51, 43.17s/it]
[I 2024-07-26 05:51:03,263] Trial 114 finished with value: 0.7099066390662581 and parameters: {'lr': 0.0001, 'l2': 0.001, 'bsize': 256, 'alpha1': 0.09928091801859427, 'alpha2': 0.1}. Best is trial 25 with value: 0.7101646954060958.
AUC:  0.7099066390662581 LOGlOSS:  0.43131137651665447 test_AUC:  0.0 test_LOGlOSS:  10000.0
  0%|          | 0/5000 [00:00<?, ?it/s]  0%|          | 1/5000 [00:41<57:27:17, 41.38s/it]  0%|          | 2/5000 [01:22<57:37:40, 41.51s/it]  0%|          | 3/5000 [02:05<58:11:53, 41.93s/it]  0%|          | 4/5000 [02:44<56:25:54, 40.66s/it]  0%|          | 5/5000 [03:21<54:38:01, 39.38s/it]  0%|          | 6/5000 [03:58<53:36:23, 38.64s/it]  0%|          | 7/5000 [04:36<53:17:52, 38.43s/it]  0%|          | 8/5000 [05:14<52:55:13, 38.16s/it]  0%|          | 9/5000 [05:51<52:28:27, 37.85s/it]  0%|          | 10/5000 [06:29<52:30:38, 37.88s/it]  0%|          | 11/5000 [06:55<47:31:40, 34.30s/it]  0%|          | 12/5000 [07:23<44:44:15, 32.29s/it]  0%|          | 13/5000 [08:00<47:00:33, 33.93s/it]  0%|          | 14/5000 [08:38<48:41:27, 35.16s/it]  0%|          | 15/5000 [09:16<49:49:58, 35.99s/it]  0%|          | 15/5000 [09:54<54:53:25, 39.64s/it]
[I 2024-07-26 06:01:09,728] Trial 115 finished with value: 0.7059754432432553 and parameters: {'lr': 1e-05, 'l2': 1e-06, 'bsize': 256, 'alpha1': 0.0999912551604568, 'alpha2': 0.1}. Best is trial 25 with value: 0.7101646954060958.
AUC:  0.7059754432432553 LOGlOSS:  0.4479567970133177 test_AUC:  0.0 test_LOGlOSS:  10000.0
  0%|          | 0/5000 [00:00<?, ?it/s]  0%|          | 1/5000 [00:36<50:03:09, 36.05s/it]  0%|          | 2/5000 [01:12<50:01:13, 36.03s/it]  0%|          | 3/5000 [01:48<50:03:42, 36.07s/it]  0%|          | 4/5000 [02:23<49:35:18, 35.73s/it]  0%|          | 5/5000 [02:59<49:58:31, 36.02s/it]  0%|          | 6/5000 [03:37<50:50:15, 36.65s/it]  0%|          | 7/5000 [04:16<51:34:21, 37.18s/it]  0%|          | 8/5000 [04:54<51:56:57, 37.46s/it]  0%|          | 9/5000 [05:32<52:16:32, 37.71s/it]  0%|          | 10/5000 [06:10<52:38:22, 37.98s/it]  0%|          | 11/5000 [06:48<52:32:06, 37.91s/it]  0%|          | 12/5000 [07:26<52:26:31, 37.85s/it]  0%|          | 13/5000 [08:04<52:31:26, 37.92s/it]  0%|          | 14/5000 [08:41<52:20:00, 37.79s/it]  0%|          | 15/5000 [09:20<52:26:12, 37.87s/it]  0%|          | 16/5000 [09:57<52:25:37, 37.87s/it]  0%|          | 17/5000 [10:31<50:45:29, 36.67s/it]  0%|          | 18/5000 [11:03<48:40:07, 35.17s/it]  0%|          | 19/5000 [11:42<50:22:58, 36.41s/it]  0%|          | 20/5000 [12:21<51:31:53, 37.25s/it]  0%|          | 21/5000 [13:00<52:13:54, 37.77s/it]  0%|          | 21/5000 [13:38<53:54:51, 38.98s/it]
[I 2024-07-26 06:15:01,288] Trial 116 finished with value: 0.7075563942344715 and parameters: {'lr': 0.0001, 'l2': 0.001, 'bsize': 256, 'alpha1': 0.09117484954910518, 'alpha2': 0.4}. Best is trial 25 with value: 0.7101646954060958.
AUC:  0.7075563942344715 LOGlOSS:  0.43885793000351836 test_AUC:  0.0 test_LOGlOSS:  10000.0
  0%|          | 0/5000 [00:00<?, ?it/s]  0%|          | 1/5000 [00:37<52:15:29, 37.63s/it]  0%|          | 2/5000 [01:16<53:13:38, 38.34s/it]  0%|          | 3/5000 [01:54<53:04:10, 38.23s/it]  0%|          | 4/5000 [02:32<52:55:07, 38.13s/it]  0%|          | 5/5000 [03:10<52:53:27, 38.12s/it]  0%|          | 6/5000 [03:48<52:43:56, 38.01s/it]  0%|          | 7/5000 [04:26<52:31:10, 37.87s/it]  0%|          | 8/5000 [05:02<52:01:04, 37.51s/it]  0%|          | 9/5000 [05:41<52:23:48, 37.79s/it]  0%|          | 10/5000 [06:19<52:33:49, 37.92s/it]  0%|          | 10/5000 [06:56<57:43:53, 41.65s/it]
[I 2024-07-26 06:22:10,848] Trial 117 finished with value: 0.7091243092446551 and parameters: {'lr': 0.0001, 'l2': 0.0003, 'bsize': 256, 'alpha1': 0.09408559645069499, 'alpha2': 0.1}. Best is trial 25 with value: 0.7101646954060958.
AUC:  0.7091243092446551 LOGlOSS:  0.43650193216114774 test_AUC:  0.0 test_LOGlOSS:  10000.0
  0%|          | 0/5000 [00:00<?, ?it/s]  0%|          | 1/5000 [00:37<51:32:42, 37.12s/it]  0%|          | 2/5000 [01:14<52:01:59, 37.48s/it]  0%|          | 3/5000 [01:52<52:25:34, 37.77s/it]  0%|          | 4/5000 [02:31<52:36:03, 37.90s/it]  0%|          | 5/5000 [03:08<52:14:57, 37.66s/it]  0%|          | 6/5000 [03:46<52:27:38, 37.82s/it]  0%|          | 7/5000 [04:23<52:14:51, 37.67s/it]  0%|          | 8/5000 [05:01<52:10:22, 37.62s/it]  0%|          | 9/5000 [05:37<51:44:14, 37.32s/it]  0%|          | 10/5000 [06:15<51:55:16, 37.46s/it]  0%|          | 11/5000 [06:53<52:00:10, 37.52s/it]  0%|          | 12/5000 [07:30<51:48:51, 37.40s/it]  0%|          | 13/5000 [08:07<51:41:04, 37.31s/it]  0%|          | 14/5000 [08:46<52:17:44, 37.76s/it]  0%|          | 15/5000 [09:23<52:05:40, 37.62s/it]  0%|          | 16/5000 [10:01<52:20:15, 37.80s/it]  0%|          | 17/5000 [10:39<52:23:37, 37.85s/it]  0%|          | 18/5000 [11:17<52:26:45, 37.90s/it]  0%|          | 19/5000 [11:55<52:28:37, 37.93s/it]  0%|          | 20/5000 [12:33<52:30:24, 37.96s/it]  0%|          | 20/5000 [13:12<54:47:23, 39.61s/it]
[I 2024-07-26 06:35:36,181] Trial 118 finished with value: 0.708458588419608 and parameters: {'lr': 0.0001, 'l2': 0.001, 'bsize': 256, 'alpha1': 0.09994427492485368, 'alpha2': 0.3}. Best is trial 25 with value: 0.7101646954060958.
AUC:  0.708458588419608 LOGlOSS:  0.436883277301764 test_AUC:  0.0 test_LOGlOSS:  10000.0
  0%|          | 0/5000 [00:00<?, ?it/s]  0%|          | 1/5000 [00:36<50:20:14, 36.25s/it]  0%|          | 2/5000 [01:14<51:33:52, 37.14s/it]  0%|          | 3/5000 [01:50<51:11:51, 36.88s/it]  0%|          | 4/5000 [02:27<51:00:11, 36.75s/it]  0%|          | 5/5000 [03:04<51:30:29, 37.12s/it]  0%|          | 6/5000 [03:43<52:00:32, 37.49s/it]  0%|          | 7/5000 [04:21<52:10:48, 37.62s/it]  0%|          | 8/5000 [04:57<51:41:24, 37.28s/it]  0%|          | 9/5000 [05:34<51:43:06, 37.30s/it]  0%|          | 10/5000 [06:12<51:40:55, 37.29s/it]  0%|          | 11/5000 [06:50<52:05:12, 37.59s/it]  0%|          | 12/5000 [07:28<52:14:08, 37.70s/it]  0%|          | 13/5000 [08:06<52:23:06, 37.82s/it]  0%|          | 14/5000 [08:44<52:29:04, 37.90s/it]  0%|          | 15/5000 [09:22<52:21:08, 37.81s/it]  0%|          | 16/5000 [09:59<51:58:07, 37.54s/it]  0%|          | 17/5000 [10:36<51:42:36, 37.36s/it]  0%|          | 18/5000 [11:13<51:43:29, 37.38s/it]  0%|          | 19/5000 [11:50<51:32:54, 37.26s/it]  0%|          | 20/5000 [12:27<51:29:33, 37.22s/it]  0%|          | 21/5000 [13:03<51:04:02, 36.92s/it]  0%|          | 22/5000 [13:41<51:25:47, 37.19s/it]  0%|          | 22/5000 [14:19<54:00:05, 39.05s/it]
[I 2024-07-26 06:50:08,580] Trial 119 finished with value: 0.7095756587179487 and parameters: {'lr': 0.0003, 'l2': 0.001, 'bsize': 256, 'alpha1': 0.0956147455149901, 'alpha2': 0.1}. Best is trial 25 with value: 0.7101646954060958.
AUC:  0.7095756587179487 LOGlOSS:  0.43077524353880653 test_AUC:  0.0 test_LOGlOSS:  10000.0
  0%|          | 0/5000 [00:00<?, ?it/s]  0%|          | 1/5000 [00:31<43:55:57, 31.64s/it]  0%|          | 2/5000 [01:09<48:57:30, 35.26s/it]  0%|          | 3/5000 [01:46<50:17:52, 36.24s/it]  0%|          | 4/5000 [02:25<51:28:44, 37.09s/it]  0%|          | 5/5000 [03:02<51:37:26, 37.21s/it]  0%|          | 6/5000 [03:41<52:15:07, 37.67s/it]  0%|          | 6/5000 [04:13<58:29:52, 42.17s/it]
[I 2024-07-26 06:54:34,371] Trial 120 finished with value: 0.7062948076825861 and parameters: {'lr': 0.0001, 'l2': 1e-05, 'bsize': 256, 'alpha1': 0.09103228446400188, 'alpha2': 0.1}. Best is trial 25 with value: 0.7101646954060958.
AUC:  0.7062948076825861 LOGlOSS:  0.42890984072838495 test_AUC:  0.0 test_LOGlOSS:  10000.0
  0%|          | 0/5000 [00:00<?, ?it/s]  0%|          | 1/5000 [00:36<51:20:04, 36.97s/it]  0%|          | 2/5000 [01:13<51:12:09, 36.88s/it]  0%|          | 3/5000 [01:51<51:41:51, 37.24s/it]  0%|          | 4/5000 [02:29<51:58:14, 37.45s/it]  0%|          | 5/5000 [03:06<52:05:57, 37.55s/it]  0%|          | 6/5000 [03:42<51:00:03, 36.76s/it]  0%|          | 7/5000 [04:17<50:23:10, 36.33s/it]  0%|          | 8/5000 [04:53<50:17:48, 36.27s/it]  0%|          | 9/5000 [05:30<50:17:02, 36.27s/it]  0%|          | 10/5000 [06:06<50:12:36, 36.22s/it]  0%|          | 11/5000 [06:38<48:25:31, 34.94s/it]  0%|          | 12/5000 [07:14<48:46:49, 35.21s/it]  0%|          | 13/5000 [07:50<49:10:34, 35.50s/it]  0%|          | 14/5000 [08:25<49:07:17, 35.47s/it]  0%|          | 15/5000 [09:02<49:52:25, 36.02s/it]  0%|          | 16/5000 [09:40<50:24:49, 36.41s/it]  0%|          | 17/5000 [10:16<50:28:00, 36.46s/it]  0%|          | 18/5000 [10:54<51:06:07, 36.93s/it]  0%|          | 18/5000 [11:33<53:17:48, 38.51s/it]
[I 2024-07-26 07:06:20,376] Trial 121 finished with value: 0.7098848725816157 and parameters: {'lr': 0.0001, 'l2': 0.001, 'bsize': 256, 'alpha1': 0.09838603989271892, 'alpha2': 0.1}. Best is trial 25 with value: 0.7101646954060958.
AUC:  0.7098848725816157 LOGlOSS:  0.4313354433566313 test_AUC:  0.0 test_LOGlOSS:  10000.0
  0%|          | 0/5000 [00:00<?, ?it/s]  0%|          | 1/5000 [00:36<51:04:06, 36.78s/it]  0%|          | 2/5000 [01:16<53:27:58, 38.51s/it]  0%|          | 3/5000 [01:56<54:35:39, 39.33s/it]  0%|          | 4/5000 [02:35<54:06:01, 38.98s/it]  0%|          | 5/5000 [03:13<53:28:10, 38.54s/it]  0%|          | 6/5000 [03:50<52:50:41, 38.09s/it]  0%|          | 7/5000 [04:27<52:23:12, 37.77s/it]  0%|          | 8/5000 [05:05<52:33:56, 37.91s/it]  0%|          | 9/5000 [05:43<52:27:01, 37.83s/it]  0%|          | 10/5000 [06:20<52:22:22, 37.78s/it]  0%|          | 11/5000 [06:58<52:07:44, 37.62s/it]  0%|          | 12/5000 [07:35<52:02:13, 37.56s/it]  0%|          | 13/5000 [08:12<51:52:34, 37.45s/it]  0%|          | 14/5000 [08:50<51:55:41, 37.49s/it]  0%|          | 15/5000 [09:27<51:50:27, 37.44s/it]  0%|          | 16/5000 [10:05<52:02:47, 37.59s/it]  0%|          | 17/5000 [10:43<52:06:05, 37.64s/it]  0%|          | 18/5000 [11:21<52:10:34, 37.70s/it]  0%|          | 18/5000 [11:57<55:08:42, 39.85s/it]
[I 2024-07-26 07:18:30,440] Trial 122 finished with value: 0.7098822616956325 and parameters: {'lr': 0.0001, 'l2': 0.001, 'bsize': 256, 'alpha1': 0.09847215625698354, 'alpha2': 0.1}. Best is trial 25 with value: 0.7101646954060958.
AUC:  0.7098822616956325 LOGlOSS:  0.4313148953945977 test_AUC:  0.0 test_LOGlOSS:  10000.0
  0%|          | 0/5000 [00:00<?, ?it/s]  0%|          | 1/5000 [00:37<52:38:30, 37.91s/it]  0%|          | 2/5000 [01:15<52:36:27, 37.89s/it]  0%|          | 3/5000 [01:53<52:47:35, 38.03s/it]  0%|          | 4/5000 [02:31<52:36:06, 37.90s/it]  0%|          | 5/5000 [03:08<52:01:42, 37.50s/it]  0%|          | 6/5000 [03:45<51:46:25, 37.32s/it]  0%|          | 7/5000 [04:22<51:44:42, 37.31s/it]  0%|          | 8/5000 [05:00<51:51:22, 37.40s/it]  0%|          | 9/5000 [05:37<51:46:52, 37.35s/it]  0%|          | 10/5000 [06:14<51:44:01, 37.32s/it]  0%|          | 11/5000 [06:51<51:34:49, 37.22s/it]  0%|          | 12/5000 [07:29<51:55:55, 37.48s/it]  0%|          | 13/5000 [08:07<52:07:11, 37.62s/it]  0%|          | 14/5000 [08:43<51:24:18, 37.12s/it]  0%|          | 15/5000 [09:21<51:34:53, 37.25s/it]  0%|          | 16/5000 [09:58<51:44:11, 37.37s/it]  0%|          | 17/5000 [10:35<51:20:32, 37.09s/it]  0%|          | 18/5000 [11:12<51:13:36, 37.02s/it]  0%|          | 18/5000 [11:53<54:52:26, 39.65s/it]
[I 2024-07-26 07:30:33,950] Trial 123 finished with value: 0.7085809519918835 and parameters: {'lr': 0.0001, 'l2': 0.001, 'bsize': 256, 'alpha1': 0.06405113550461572, 'alpha2': 0.1}. Best is trial 25 with value: 0.7101646954060958.
AUC:  0.7085809519918835 LOGlOSS:  0.4324983241190635 test_AUC:  0.0 test_LOGlOSS:  10000.0
  0%|          | 0/5000 [00:00<?, ?it/s]  0%|          | 1/5000 [00:39<54:50:58, 39.50s/it]  0%|          | 2/5000 [01:23<58:07:26, 41.87s/it]  0%|          | 3/5000 [02:00<55:04:15, 39.67s/it]  0%|          | 4/5000 [02:37<53:44:22, 38.72s/it]  0%|          | 5/5000 [03:15<53:32:17, 38.59s/it]  0%|          | 6/5000 [03:53<53:23:23, 38.49s/it]  0%|          | 7/5000 [04:31<53:03:12, 38.25s/it]  0%|          | 8/5000 [05:08<52:32:08, 37.89s/it]  0%|          | 9/5000 [05:47<52:39:01, 37.98s/it]  0%|          | 10/5000 [06:24<52:33:17, 37.92s/it]  0%|          | 11/5000 [07:03<52:48:20, 38.10s/it]  0%|          | 12/5000 [07:41<52:59:46, 38.25s/it]  0%|          | 13/5000 [08:20<52:57:21, 38.23s/it]  0%|          | 14/5000 [08:57<52:48:17, 38.13s/it]  0%|          | 15/5000 [09:33<51:43:44, 37.36s/it]  0%|          | 16/5000 [10:12<52:18:06, 37.78s/it]  0%|          | 17/5000 [10:50<52:29:12, 37.92s/it]  0%|          | 18/5000 [11:28<52:16:46, 37.78s/it]  0%|          | 18/5000 [12:03<55:36:36, 40.18s/it]
[I 2024-07-26 07:42:49,455] Trial 124 finished with value: 0.7097076545752563 and parameters: {'lr': 0.0001, 'l2': 0.001, 'bsize': 256, 'alpha1': 0.09348319993452993, 'alpha2': 0.1}. Best is trial 25 with value: 0.7101646954060958.
AUC:  0.7097076545752563 LOGlOSS:  0.43144696725542014 test_AUC:  0.0 test_LOGlOSS:  10000.0
  0%|          | 0/5000 [00:00<?, ?it/s]  0%|          | 1/5000 [00:36<50:16:44, 36.21s/it]  0%|          | 2/5000 [01:12<50:04:46, 36.07s/it]  0%|          | 3/5000 [01:47<49:36:38, 35.74s/it]  0%|          | 4/5000 [02:24<50:02:55, 36.06s/it]  0%|          | 5/5000 [03:01<50:49:05, 36.63s/it]  0%|          | 6/5000 [03:39<51:25:37, 37.07s/it]  0%|          | 7/5000 [04:17<51:52:03, 37.40s/it]  0%|          | 8/5000 [04:55<52:14:26, 37.67s/it]  0%|          | 9/5000 [05:34<52:25:19, 37.81s/it]  0%|          | 10/5000 [06:12<52:36:02, 37.95s/it]  0%|          | 11/5000 [06:50<52:37:18, 37.97s/it]  0%|          | 12/5000 [07:28<52:43:22, 38.05s/it]  0%|          | 13/5000 [08:06<52:45:40, 38.09s/it]  0%|          | 14/5000 [08:44<52:41:58, 38.05s/it]  0%|          | 15/5000 [09:14<49:06:39, 35.47s/it]  0%|          | 16/5000 [09:39<45:01:44, 32.52s/it]  0%|          | 17/5000 [10:05<42:08:38, 30.45s/it]  0%|          | 17/5000 [10:37<51:53:05, 37.48s/it]
[I 2024-07-26 07:53:40,321] Trial 125 finished with value: 0.7098773496189227 and parameters: {'lr': 0.0001, 'l2': 0.001, 'bsize': 256, 'alpha1': 0.09829160527137487, 'alpha2': 0.1}. Best is trial 25 with value: 0.7101646954060958.
AUC:  0.7098773496189227 LOGlOSS:  0.4309751926868211 test_AUC:  0.0 test_LOGlOSS:  10000.0
  0%|          | 0/5000 [00:00<?, ?it/s]  0%|          | 1/5000 [00:38<52:54:14, 38.10s/it]  0%|          | 2/5000 [01:15<52:08:51, 37.56s/it]  0%|          | 3/5000 [01:52<52:06:39, 37.54s/it]  0%|          | 4/5000 [02:30<51:56:38, 37.43s/it]  0%|          | 5/5000 [03:08<52:12:54, 37.63s/it]  0%|          | 6/5000 [03:47<52:50:44, 38.09s/it]  0%|          | 7/5000 [04:26<53:15:46, 38.40s/it]  0%|          | 7/5000 [05:04<60:18:52, 43.49s/it]
[I 2024-07-26 07:58:57,011] Trial 126 finished with value: 0.7057384486407129 and parameters: {'lr': 0.0001, 'l2': 3e-05, 'bsize': 256, 'alpha1': 0.09571625374293795, 'alpha2': 0.1}. Best is trial 25 with value: 0.7101646954060958.
AUC:  0.7057384486407129 LOGlOSS:  0.43348166913307884 test_AUC:  0.0 test_LOGlOSS:  10000.0
  0%|          | 0/5000 [00:00<?, ?it/s]  0%|          | 1/5000 [00:37<51:42:49, 37.24s/it]  0%|          | 2/5000 [01:14<51:53:04, 37.37s/it]  0%|          | 3/5000 [01:52<52:20:47, 37.71s/it]  0%|          | 4/5000 [02:31<52:44:54, 38.01s/it]  0%|          | 5/5000 [03:10<53:22:16, 38.47s/it]  0%|          | 6/5000 [03:47<52:38:56, 37.95s/it]  0%|          | 7/5000 [04:25<52:43:30, 38.02s/it]  0%|          | 8/5000 [05:03<52:46:12, 38.06s/it]  0%|          | 9/5000 [05:41<52:26:38, 37.83s/it]  0%|          | 10/5000 [06:18<52:23:16, 37.79s/it]  0%|          | 11/5000 [06:56<52:31:33, 37.90s/it]  0%|          | 12/5000 [07:35<52:34:09, 37.94s/it]  0%|          | 13/5000 [08:11<52:08:07, 37.64s/it]  0%|          | 14/5000 [08:50<52:40:55, 38.04s/it]  0%|          | 15/5000 [09:28<52:38:29, 38.02s/it]  0%|          | 16/5000 [10:06<52:34:40, 37.98s/it]  0%|          | 17/5000 [10:45<52:40:58, 38.06s/it]  0%|          | 18/5000 [11:23<52:40:37, 38.06s/it]  0%|          | 19/5000 [12:01<52:38:20, 38.04s/it]  0%|          | 20/5000 [12:39<52:37:40, 38.04s/it]  0%|          | 21/5000 [13:17<52:36:54, 38.04s/it]  0%|          | 22/5000 [13:55<52:30:37, 37.97s/it]  0%|          | 23/5000 [14:32<52:25:56, 37.93s/it]  0%|          | 24/5000 [15:10<52:26:33, 37.94s/it]  0%|          | 24/5000 [15:49<54:39:51, 39.55s/it]
[I 2024-07-26 08:14:58,682] Trial 127 finished with value: 0.7023720434912817 and parameters: {'lr': 0.0001, 'l2': 0.001, 'bsize': 256, 'alpha1': 0.09997767686456888, 'alpha2': 1.0}. Best is trial 25 with value: 0.7101646954060958.
AUC:  0.7023720434912817 LOGlOSS:  0.45336823258704784 test_AUC:  0.0 test_LOGlOSS:  10000.0
  0%|          | 0/5000 [00:00<?, ?it/s]  0%|          | 1/5000 [00:19<26:26:59, 19.05s/it]  0%|          | 2/5000 [00:38<26:50:42, 19.34s/it]  0%|          | 3/5000 [00:58<27:01:49, 19.47s/it]  0%|          | 4/5000 [01:17<27:04:07, 19.51s/it]  0%|          | 5/5000 [01:37<27:04:43, 19.52s/it]  0%|          | 6/5000 [01:56<27:04:09, 19.51s/it]  0%|          | 7/5000 [02:16<27:05:01, 19.53s/it]  0%|          | 8/5000 [02:35<27:03:47, 19.52s/it]  0%|          | 9/5000 [02:55<27:03:52, 19.52s/it]  0%|          | 10/5000 [03:14<27:04:20, 19.53s/it]  0%|          | 11/5000 [03:34<27:04:57, 19.54s/it]  0%|          | 12/5000 [03:54<27:08:36, 19.59s/it]  0%|          | 13/5000 [04:13<27:06:27, 19.57s/it]  0%|          | 14/5000 [04:32<26:52:27, 19.40s/it]  0%|          | 15/5000 [04:51<26:43:27, 19.30s/it]  0%|          | 16/5000 [05:10<26:32:58, 19.18s/it]  0%|          | 17/5000 [05:29<26:26:45, 19.11s/it]  0%|          | 18/5000 [05:48<26:22:02, 19.05s/it]  0%|          | 18/5000 [06:07<28:15:39, 20.42s/it]
[I 2024-07-26 08:21:18,976] Trial 128 finished with value: 0.7050809555257058 and parameters: {'lr': 1e-05, 'l2': 0.0001, 'bsize': 512, 'alpha1': 0.09265215345324948, 'alpha2': 0.5}. Best is trial 25 with value: 0.7101646954060958.
AUC:  0.7050809555257058 LOGlOSS:  0.448564387487016 test_AUC:  0.0 test_LOGlOSS:  10000.0
  0%|          | 0/5000 [00:00<?, ?it/s]  0%|          | 1/5000 [00:38<53:01:59, 38.19s/it]  0%|          | 2/5000 [01:16<52:59:38, 38.17s/it]  0%|          | 3/5000 [01:53<52:38:21, 37.92s/it]  0%|          | 4/5000 [02:30<51:59:14, 37.46s/it]  0%|          | 5/5000 [03:08<51:56:57, 37.44s/it]  0%|          | 6/5000 [03:45<51:56:04, 37.44s/it]  0%|          | 6/5000 [04:22<60:46:14, 43.81s/it]
