[I 2024-07-25 11:42:16,408] Trial 83 finished with value: 0.6561800477069234 and parameters: {'lr': 3e-05, 'l2': 0.0003, 'bsize': 256, 'beta1': 0.043852462149089666}. Best is trial 75 with value: 0.6564153701026718.
AUC:  0.6561800477069234 LOGlOSS:  0.6293863307964177 test_AUC:  0.0 test_LOGlOSS:  10000.0
  0%|          | 0/5000 [00:00<?, ?it/s]  0%|          | 1/5000 [00:07<10:22:27,  7.47s/it]  0%|          | 2/5000 [00:18<12:54:52,  9.30s/it]  0%|          | 3/5000 [00:25<11:34:58,  8.34s/it]  0%|          | 4/5000 [00:32<10:54:51,  7.86s/it]  0%|          | 5/5000 [00:39<10:33:43,  7.61s/it]  0%|          | 6/5000 [00:47<10:37:00,  7.65s/it]  0%|          | 7/5000 [00:54<10:20:31,  7.46s/it]  0%|          | 8/5000 [01:01<10:11:23,  7.35s/it]  0%|          | 9/5000 [01:10<11:07:52,  8.03s/it]  0%|          | 10/5000 [01:19<11:17:24,  8.15s/it]  0%|          | 11/5000 [01:26<11:02:03,  7.96s/it]  0%|          | 11/5000 [01:34<11:56:29,  8.62s/it]
[I 2024-07-25 11:43:58,446] Trial 84 finished with value: 0.65612035818947 and parameters: {'lr': 3e-05, 'l2': 0.0003, 'bsize': 256, 'beta1': 0.010800797209074679}. Best is trial 75 with value: 0.6564153701026718.
AUC:  0.65612035818947 LOGlOSS:  0.6609317109514811 test_AUC:  0.0 test_LOGlOSS:  10000.0
  0%|          | 0/5000 [00:00<?, ?it/s]  0%|          | 1/5000 [00:08<11:21:30,  8.18s/it]  0%|          | 2/5000 [00:18<12:51:46,  9.26s/it]  0%|          | 3/5000 [00:26<12:14:00,  8.81s/it]  0%|          | 4/5000 [00:34<11:43:34,  8.45s/it]  0%|          | 5/5000 [00:42<11:23:51,  8.21s/it]  0%|          | 6/5000 [00:50<11:31:49,  8.31s/it]  0%|          | 7/5000 [01:00<12:21:01,  8.90s/it]  0%|          | 8/5000 [01:08<11:48:02,  8.51s/it]  0%|          | 9/5000 [01:16<11:36:39,  8.38s/it]  0%|          | 9/5000 [01:26<13:19:41,  9.61s/it]
[I 2024-07-25 11:45:32,526] Trial 85 finished with value: 0.6559844004959418 and parameters: {'lr': 3e-05, 'l2': 0.0003, 'bsize': 256, 'beta1': 0.047088175789022794}. Best is trial 75 with value: 0.6564153701026718.
AUC:  0.6559844004959418 LOGlOSS:  0.6284774469458153 test_AUC:  0.0 test_LOGlOSS:  10000.0
  0%|          | 0/5000 [00:00<?, ?it/s]  0%|          | 1/5000 [00:08<12:00:00,  8.64s/it]  0%|          | 2/5000 [00:16<11:16:02,  8.12s/it]  0%|          | 3/5000 [00:26<12:14:55,  8.82s/it]  0%|          | 4/5000 [00:34<11:59:58,  8.65s/it]  0%|          | 5/5000 [00:43<11:59:06,  8.64s/it]  0%|          | 6/5000 [00:50<11:33:51,  8.34s/it]  0%|          | 7/5000 [01:00<12:07:23,  8.74s/it]  0%|          | 7/5000 [01:08<13:35:21,  9.80s/it]
[I 2024-07-25 11:46:48,434] Trial 86 finished with value: 0.6527442841032253 and parameters: {'lr': 0.0001, 'l2': 0.0003, 'bsize': 256, 'beta1': 0.09342569899246711}. Best is trial 75 with value: 0.6564153701026718.
AUC:  0.6527442841032253 LOGlOSS:  0.6456992382283949 test_AUC:  0.0 test_LOGlOSS:  10000.0
  0%|          | 0/5000 [00:00<?, ?it/s]  0%|          | 1/5000 [00:08<11:37:07,  8.37s/it]  0%|          | 2/5000 [00:16<11:08:01,  8.02s/it]  0%|          | 3/5000 [00:23<10:54:21,  7.86s/it]  0%|          | 4/5000 [00:31<10:45:45,  7.76s/it]  0%|          | 5/5000 [00:39<10:44:58,  7.75s/it]  0%|          | 6/5000 [00:45<10:16:03,  7.40s/it]  0%|          | 7/5000 [00:53<10:19:59,  7.45s/it]  0%|          | 8/5000 [01:01<10:23:52,  7.50s/it]  0%|          | 8/5000 [01:08<11:54:45,  8.59s/it]
[I 2024-07-25 11:48:02,560] Trial 87 finished with value: 0.6514445157421906 and parameters: {'lr': 3e-05, 'l2': 3e-05, 'bsize': 256, 'beta1': 0.1499653541138969}. Best is trial 75 with value: 0.6564153701026718.
AUC:  0.6514445157421906 LOGlOSS:  0.6503649215186647 test_AUC:  0.0 test_LOGlOSS:  10000.0
  0%|          | 0/5000 [00:00<?, ?it/s]  0%|          | 1/5000 [00:08<11:26:35,  8.24s/it]  0%|          | 2/5000 [00:16<11:13:05,  8.08s/it]  0%|          | 3/5000 [00:25<11:53:09,  8.56s/it]  0%|          | 4/5000 [00:34<12:15:25,  8.83s/it]  0%|          | 5/5000 [00:43<12:21:22,  8.91s/it]  0%|          | 6/5000 [00:51<11:48:02,  8.51s/it]  0%|          | 7/5000 [00:59<11:25:10,  8.23s/it]  0%|          | 8/5000 [01:06<11:10:11,  8.06s/it]  0%|          | 8/5000 [01:14<12:53:30,  9.30s/it]
[I 2024-07-25 11:49:22,227] Trial 88 finished with value: 0.6518068921543383 and parameters: {'lr': 3e-05, 'l2': 1e-06, 'bsize': 256, 'beta1': 0.04881633325908914}. Best is trial 75 with value: 0.6564153701026718.
AUC:  0.6518068921543383 LOGlOSS:  0.6496477065653253 test_AUC:  0.0 test_LOGlOSS:  10000.0
  0%|          | 0/5000 [00:00<?, ?it/s]  0%|          | 1/5000 [00:02<3:57:15,  2.85s/it]  0%|          | 2/5000 [00:05<3:41:01,  2.65s/it]  0%|          | 3/5000 [00:07<3:25:39,  2.47s/it]  0%|          | 4/5000 [00:09<3:15:03,  2.34s/it]  0%|          | 5/5000 [00:11<3:08:12,  2.26s/it]  0%|          | 6/5000 [00:13<3:02:31,  2.19s/it]  0%|          | 6/5000 [00:16<3:43:32,  2.69s/it]
[I 2024-07-25 11:49:44,261] Trial 89 finished with value: 0.6429564835933849 and parameters: {'lr': 0.001, 'l2': 1e-05, 'bsize': 1024, 'beta1': 0.06511439644575451}. Best is trial 75 with value: 0.6564153701026718.
AUC:  0.6429564835933849 LOGlOSS:  0.6153207762208069 test_AUC:  0.0 test_LOGlOSS:  10000.0
  0%|          | 0/5000 [00:00<?, ?it/s]  0%|          | 1/5000 [00:08<12:01:56,  8.67s/it]  0%|          | 2/5000 [00:17<12:18:04,  8.86s/it]  0%|          | 3/5000 [00:25<11:31:08,  8.30s/it]  0%|          | 4/5000 [00:33<11:12:47,  8.08s/it]  0%|          | 5/5000 [00:41<11:22:11,  8.19s/it]  0%|          | 6/5000 [00:49<11:08:36,  8.03s/it]  0%|          | 7/5000 [00:56<11:02:12,  7.96s/it]  0%|          | 8/5000 [01:06<11:43:43,  8.46s/it]  0%|          | 8/5000 [01:14<12:58:27,  9.36s/it]
[I 2024-07-25 11:51:06,578] Trial 90 finished with value: 0.6528456117666422 and parameters: {'lr': 3e-05, 'l2': 0.0003, 'bsize': 256, 'beta1': 0.11849782146424079}. Best is trial 75 with value: 0.6564153701026718.
AUC:  0.6528456117666422 LOGlOSS:  0.6368318758306546 test_AUC:  0.0 test_LOGlOSS:  10000.0
  0%|          | 0/5000 [00:00<?, ?it/s]  0%|          | 1/5000 [00:08<11:39:57,  8.40s/it]  0%|          | 2/5000 [00:17<11:56:35,  8.60s/it]  0%|          | 3/5000 [00:26<12:32:58,  9.04s/it]  0%|          | 4/5000 [00:36<13:02:36,  9.40s/it]  0%|          | 5/5000 [00:44<12:20:15,  8.89s/it]  0%|          | 6/5000 [00:52<11:46:07,  8.48s/it]  0%|          | 7/5000 [01:00<11:31:03,  8.30s/it]  0%|          | 8/5000 [01:12<13:02:03,  9.40s/it]  0%|          | 9/5000 [01:20<12:26:57,  8.98s/it]  0%|          | 10/5000 [01:27<11:58:12,  8.64s/it]  0%|          | 11/5000 [01:35<11:42:38,  8.45s/it]  0%|          | 11/5000 [01:45<13:15:50,  9.57s/it]
[I 2024-07-25 11:52:59,163] Trial 91 finished with value: 0.6561095552612881 and parameters: {'lr': 3e-05, 'l2': 0.0003, 'bsize': 256, 'beta1': 0.011602404196267532}. Best is trial 75 with value: 0.6564153701026718.
AUC:  0.6561095552612881 LOGlOSS:  0.6609204299644214 test_AUC:  0.0 test_LOGlOSS:  10000.0
  0%|          | 0/5000 [00:00<?, ?it/s]  0%|          | 1/5000 [00:10<14:04:26, 10.14s/it]  0%|          | 2/5000 [00:19<13:38:54,  9.83s/it]  0%|          | 3/5000 [00:27<12:30:58,  9.02s/it]  0%|          | 4/5000 [00:35<11:46:06,  8.48s/it]  0%|          | 5/5000 [00:43<11:21:18,  8.18s/it]  0%|          | 6/5000 [00:50<11:09:48,  8.05s/it]  0%|          | 7/5000 [01:00<12:04:40,  8.71s/it]  0%|          | 8/5000 [01:08<11:23:31,  8.22s/it]  0%|          | 9/5000 [01:15<11:09:17,  8.05s/it]  0%|          | 9/5000 [01:23<12:51:15,  9.27s/it]
[I 2024-07-25 11:54:29,821] Trial 92 finished with value: 0.6562784358482472 and parameters: {'lr': 3e-05, 'l2': 0.0003, 'bsize': 256, 'beta1': 0.041040447349409793}. Best is trial 75 with value: 0.6564153701026718.
AUC:  0.6562784358482472 LOGlOSS:  0.6295697140479053 test_AUC:  0.0 test_LOGlOSS:  10000.0
  0%|          | 0/5000 [00:00<?, ?it/s]  0%|          | 1/5000 [00:07<9:52:02,  7.11s/it]  0%|          | 2/5000 [00:17<12:10:38,  8.77s/it]  0%|          | 3/5000 [00:24<11:30:37,  8.29s/it]  0%|          | 4/5000 [00:33<11:59:04,  8.64s/it]  0%|          | 5/5000 [00:41<11:28:04,  8.27s/it]  0%|          | 6/5000 [00:49<11:22:05,  8.20s/it]  0%|          | 7/5000 [00:57<11:12:40,  8.08s/it]  0%|          | 8/5000 [01:06<11:31:13,  8.31s/it]  0%|          | 9/5000 [01:15<11:53:07,  8.57s/it]  0%|          | 10/5000 [01:22<11:19:29,  8.17s/it]  0%|          | 10/5000 [01:29<12:24:09,  8.95s/it]
[I 2024-07-25 11:56:07,508] Trial 93 finished with value: 0.6564150712307601 and parameters: {'lr': 3e-05, 'l2': 0.0003, 'bsize': 256, 'beta1': 0.03910757308173862}. Best is trial 75 with value: 0.6564153701026718.
AUC:  0.6564150712307601 LOGlOSS:  0.6424641771239066 test_AUC:  0.0 test_LOGlOSS:  10000.0
  0%|          | 0/5000 [00:00<?, ?it/s]  0%|          | 1/5000 [00:07<11:01:17,  7.94s/it]  0%|          | 2/5000 [00:15<10:50:29,  7.81s/it]  0%|          | 3/5000 [00:24<11:14:46,  8.10s/it]  0%|          | 4/5000 [00:33<12:05:41,  8.72s/it]  0%|          | 5/5000 [00:42<11:51:13,  8.54s/it]  0%|          | 6/5000 [00:49<11:31:02,  8.30s/it]  0%|          | 7/5000 [00:58<11:37:37,  8.38s/it]  0%|          | 8/5000 [01:06<11:35:06,  8.35s/it]  0%|          | 9/5000 [01:14<11:28:10,  8.27s/it]  0%|          | 9/5000 [01:24<13:04:33,  9.43s/it]
[I 2024-07-25 11:57:39,317] Trial 94 finished with value: 0.6563342208440112 and parameters: {'lr': 3e-05, 'l2': 0.0003, 'bsize': 256, 'beta1': 0.03970552293038025}. Best is trial 75 with value: 0.6564153701026718.
AUC:  0.6563342208440112 LOGlOSS:  0.6306530995467038 test_AUC:  0.0 test_LOGlOSS:  10000.0
  0%|          | 0/5000 [00:00<?, ?it/s]  0%|          | 1/5000 [00:07<10:45:02,  7.74s/it]  0%|          | 2/5000 [00:15<10:41:57,  7.71s/it]  0%|          | 3/5000 [00:23<10:57:48,  7.90s/it]  0%|          | 4/5000 [00:31<11:03:49,  7.97s/it]  0%|          | 5/5000 [00:38<10:42:17,  7.72s/it]  0%|          | 6/5000 [00:46<10:42:44,  7.72s/it]  0%|          | 7/5000 [00:57<12:04:33,  8.71s/it]  0%|          | 8/5000 [01:07<12:36:33,  9.09s/it]  0%|          | 9/5000 [01:17<13:01:18,  9.39s/it]  0%|          | 9/5000 [01:27<13:27:25,  9.71s/it]
[I 2024-07-25 11:59:13,228] Trial 95 finished with value: 0.6536837418350863 and parameters: {'lr': 3e-05, 'l2': 0.0003, 'bsize': 256, 'beta1': 0.09280851589374077}. Best is trial 75 with value: 0.6564153701026718.
AUC:  0.6536837418350863 LOGlOSS:  0.6394264332141777 test_AUC:  0.0 test_LOGlOSS:  10000.0
  0%|          | 0/5000 [00:00<?, ?it/s]  0%|          | 1/5000 [00:09<13:46:30,  9.92s/it]  0%|          | 2/5000 [00:20<14:01:14, 10.10s/it]  0%|          | 3/5000 [00:30<14:04:52, 10.14s/it]  0%|          | 4/5000 [00:40<14:14:16, 10.26s/it]  0%|          | 5/5000 [00:51<14:14:23, 10.26s/it]  0%|          | 6/5000 [01:01<14:13:35, 10.26s/it]  0%|          | 7/5000 [01:11<14:11:43, 10.24s/it]  0%|          | 8/5000 [01:21<14:12:00, 10.24s/it]  0%|          | 9/5000 [01:31<14:08:53, 10.21s/it]  0%|          | 10/5000 [01:39<13:05:59,  9.45s/it]  0%|          | 10/5000 [01:47<14:53:11, 10.74s/it]
[I 2024-07-25 12:01:08,709] Trial 96 finished with value: 0.6565561754248104 and parameters: {'lr': 3e-05, 'l2': 0.0003, 'bsize': 256, 'beta1': 0.03760147994793289}. Best is trial 96 with value: 0.6565561754248104.
AUC:  0.6565561754248104 LOGlOSS:  0.6444861788155887 test_AUC:  0.0 test_LOGlOSS:  10000.0
  0%|          | 0/5000 [00:00<?, ?it/s]  0%|          | 1/5000 [00:10<14:00:01, 10.08s/it]  0%|          | 2/5000 [00:18<12:39:26,  9.12s/it]  0%|          | 3/5000 [00:26<11:41:30,  8.42s/it]  0%|          | 4/5000 [00:33<11:14:29,  8.10s/it]  0%|          | 5/5000 [00:42<11:43:35,  8.45s/it]  0%|          | 6/5000 [00:55<13:35:47,  9.80s/it]  0%|          | 7/5000 [01:05<13:56:15, 10.05s/it]  0%|          | 8/5000 [01:16<14:15:40, 10.28s/it]  0%|          | 9/5000 [01:26<14:16:16, 10.29s/it]  0%|          | 10/5000 [01:37<14:15:08, 10.28s/it]  0%|          | 11/5000 [01:47<14:14:59, 10.28s/it]  0%|          | 12/5000 [01:57<14:20:21, 10.35s/it]  0%|          | 13/5000 [02:08<14:20:01, 10.35s/it]  0%|          | 14/5000 [02:18<14:18:43, 10.33s/it]  0%|          | 15/5000 [02:28<14:16:00, 10.30s/it]  0%|          | 16/5000 [02:37<13:40:16,  9.87s/it]  0%|          | 16/5000 [02:44<14:14:59, 10.29s/it]
[I 2024-07-25 12:03:58,794] Trial 97 finished with value: 0.655403585368207 and parameters: {'lr': 1e-05, 'l2': 0.0003, 'bsize': 256, 'beta1': 0.04107563804628654}. Best is trial 96 with value: 0.6565561754248104.
AUC:  0.655403585368207 LOGlOSS:  0.640250842388433 test_AUC:  0.0 test_LOGlOSS:  10000.0
  0%|          | 0/5000 [00:00<?, ?it/s]  0%|          | 1/5000 [00:08<12:11:37,  8.78s/it]  0%|          | 2/5000 [00:16<11:30:50,  8.29s/it]  0%|          | 3/5000 [00:24<11:15:28,  8.11s/it]  0%|          | 4/5000 [00:33<11:44:45,  8.46s/it]  0%|          | 5/5000 [00:42<11:53:14,  8.57s/it]  0%|          | 6/5000 [00:49<11:22:43,  8.20s/it]  0%|          | 7/5000 [00:57<11:02:03,  7.96s/it]  0%|          | 8/5000 [01:04<10:51:20,  7.83s/it]  0%|          | 9/5000 [01:13<11:14:16,  8.11s/it]  0%|          | 9/5000 [01:23<12:49:26,  9.25s/it]
[I 2024-07-25 12:05:28,262] Trial 98 finished with value: 0.6545424746326056 and parameters: {'lr': 3e-05, 'l2': 0.0003, 'bsize': 256, 'beta1': 0.06663403716381312}. Best is trial 96 with value: 0.6565561754248104.
AUC:  0.6545424746326056 LOGlOSS:  0.6325663795627524 test_AUC:  0.0 test_LOGlOSS:  10000.0
  0%|          | 0/5000 [00:00<?, ?it/s]  0%|          | 1/5000 [00:08<12:27:53,  8.98s/it]  0%|          | 2/5000 [00:17<11:48:27,  8.51s/it]  0%|          | 3/5000 [00:24<11:15:07,  8.11s/it]  0%|          | 4/5000 [00:32<11:00:25,  7.93s/it]  0%|          | 5/5000 [00:41<11:39:50,  8.41s/it]  0%|          | 6/5000 [00:49<11:34:08,  8.34s/it]  0%|          | 6/5000 [00:57<13:17:53,  9.59s/it]
[I 2024-07-25 12:06:32,745] Trial 99 finished with value: 0.6458252362618867 and parameters: {'lr': 0.0003, 'l2': 0.0001, 'bsize': 256, 'beta1': 0.1295334325681968}. Best is trial 96 with value: 0.6565561754248104.
AUC:  0.6458252362618867 LOGlOSS:  0.6348600840418716 test_AUC:  0.0 test_LOGlOSS:  10000.0
