nohup: ignoring input
2024-07-25 14:37:09.752235: I tensorflow/stream_executor/platform/default/dso_loader.cc:49] Successfully opened dynamic library libcudart.so.11.0
[I 2024-07-25 14:37:11,733] A new study created in memory with name: no-name-d4ad1903-58fd-4cc8-81a7-fe5ac439c6f0
2024-07-25 14:37:14.082053: I tensorflow/compiler/jit/xla_cpu_device.cc:41] Not creating XLA devices, tf_xla_enable_xla_devices not set
2024-07-25 14:37:14.082235: I tensorflow/stream_executor/platform/default/dso_loader.cc:49] Successfully opened dynamic library libcuda.so.1
2024-07-25 14:37:14.082864: I tensorflow/core/common_runtime/gpu/gpu_device.cc:1720] Found device 0 with properties: 
pciBusID: 0000:22:00.0 name: Tesla V100-SXM2-32GB computeCapability: 7.0
coreClock: 1.53GHz coreCount: 80 deviceMemorySize: 31.74GiB deviceMemoryBandwidth: 836.37GiB/s
2024-07-25 14:37:14.082906: I tensorflow/stream_executor/platform/default/dso_loader.cc:49] Successfully opened dynamic library libcudart.so.11.0
2024-07-25 14:37:14.082985: I tensorflow/stream_executor/platform/default/dso_loader.cc:49] Successfully opened dynamic library libcublas.so.11
2024-07-25 14:37:14.083010: I tensorflow/stream_executor/platform/default/dso_loader.cc:49] Successfully opened dynamic library libcublasLt.so.11
2024-07-25 14:37:14.140929: I tensorflow/stream_executor/platform/default/dso_loader.cc:49] Successfully opened dynamic library libcufft.so.10
2024-07-25 14:37:14.141726: I tensorflow/stream_executor/platform/default/dso_loader.cc:49] Successfully opened dynamic library libcurand.so.10
2024-07-25 14:37:14.141911: W tensorflow/stream_executor/platform/default/dso_loader.cc:60] Could not load dynamic library 'libcusolver.so.10'; dlerror: libcusolver.so.10: cannot open shared object file: No such file or directory; LD_LIBRARY_PATH: /lib/x86_64-linux-gnu:/usr/lib/x86_64-linux-gnu::/usr/local/cuda-11.7/lib64
2024-07-25 14:37:14.142829: I tensorflow/stream_executor/platform/default/dso_loader.cc:49] Successfully opened dynamic library libcusparse.so.11
2024-07-25 14:37:14.142893: I tensorflow/stream_executor/platform/default/dso_loader.cc:49] Successfully opened dynamic library libcudnn.so.8
2024-07-25 14:37:14.142905: W tensorflow/core/common_runtime/gpu/gpu_device.cc:1757] Cannot dlopen some GPU libraries. Please make sure the missing libraries mentioned above are installed properly if you would like to use GPU. Follow the guide at https://www.tensorflow.org/install/gpu for how to download and setup the required libraries for your platform.
Skipping registering GPU devices...
2024-07-25 14:37:14.143306: I tensorflow/core/platform/cpu_feature_guard.cc:142] This TensorFlow binary is optimized with oneAPI Deep Neural Network Library (oneDNN) to use the following CPU instructions in performance-critical operations:  AVX512F
To enable them in other operations, rebuild TensorFlow with the appropriate compiler flags.
2024-07-25 14:37:14.149141: I tensorflow/compiler/jit/xla_gpu_device.cc:99] Not creating XLA devices, tf_xla_enable_xla_devices not set
2024-07-25 14:37:14.149192: I tensorflow/core/common_runtime/gpu/gpu_device.cc:1261] Device interconnect StreamExecutor with strength 1 edge matrix:
2024-07-25 14:37:14.149208: I tensorflow/core/common_runtime/gpu/gpu_device.cc:1267]      
2024-07-25 14:37:14.210446: I tensorflow/compiler/mlir/mlir_graph_optimization_pass.cc:116] None of the MLIR optimization passes are enabled (registered 2)
2024-07-25 14:37:14.232689: I tensorflow/core/platform/profile_utils/cpu_utils.cc:112] CPU Frequency: 2500000000 Hz
{'model_opt': {'latent_dim': 16, 'feat_num': 41388, 'field_num': 88, 'mlp_dropout': 0.0, 'use_bn': False, 'mlp_dims': [1024, 512, 256], 'cross': 3}, 'dataset': 'kuairand', 'model': 'dnn', 'data_dir': 'data/kuairand/threshold_2', 'cuda': 5, 'source': None}
==================================================
|         CausE-CTR: Set the random seed         |
==================================================

==================================================
|              CausE-CTR: Training               |
==================================================

######### tuner ###########
  0%|          | 0/5000 [00:00<?, ?it/s]  0%|          | 1/5000 [00:05<7:29:38,  5.40s/it]  0%|          | 2/5000 [00:09<6:28:08,  4.66s/it]  0%|          | 3/5000 [00:13<6:00:48,  4.33s/it]  0%|          | 4/5000 [00:17<5:50:36,  4.21s/it]  0%|          | 5/5000 [00:21<5:48:21,  4.18s/it]  0%|          | 6/5000 [00:25<5:45:56,  4.16s/it]  0%|          | 7/5000 [00:29<5:45:52,  4.16s/it]  0%|          | 7/5000 [00:33<6:42:31,  4.84s/it]
[I 2024-07-25 14:37:57,413] Trial 0 finished with value: 0.695272296462273 and parameters: {'lr': 0.0003, 'l2': 3e-05, 'bsize': 512, 'alpha1': 1}. Best is trial 0 with value: 0.695272296462273.
AUC:  0.695272296462273 LOGlOSS:  0.6403189129886336 test_AUC:  0.0 test_LOGlOSS:  10000.0
  0%|          | 0/5000 [00:00<?, ?it/s]  0%|          | 1/5000 [00:02<3:21:29,  2.42s/it]  0%|          | 2/5000 [00:04<3:19:00,  2.39s/it]  0%|          | 3/5000 [00:07<3:26:13,  2.48s/it]  0%|          | 4/5000 [00:09<3:31:11,  2.54s/it]  0%|          | 5/5000 [00:12<3:28:38,  2.51s/it]  0%|          | 6/5000 [00:15<3:30:31,  2.53s/it]  0%|          | 6/5000 [00:17<4:02:53,  2.92s/it]
[I 2024-07-25 14:38:25,743] Trial 1 finished with value: 0.6901270698971981 and parameters: {'lr': 0.001, 'l2': 0.0003, 'bsize': 1024, 'alpha1': 0.001}. Best is trial 0 with value: 0.695272296462273.
AUC:  0.6901270698971981 LOGlOSS:  0.45199006636088257 test_AUC:  0.0 test_LOGlOSS:  10000.0
  0%|          | 0/5000 [00:00<?, ?it/s]  0%|          | 1/5000 [00:02<3:49:01,  2.75s/it]  0%|          | 2/5000 [00:05<3:38:43,  2.63s/it]  0%|          | 3/5000 [00:07<3:37:10,  2.61s/it]  0%|          | 4/5000 [00:10<3:35:21,  2.59s/it]  0%|          | 5/5000 [00:13<3:44:53,  2.70s/it]  0%|          | 6/5000 [00:16<3:46:49,  2.73s/it]  0%|          | 6/5000 [00:19<4:24:05,  3.17s/it]
[I 2024-07-25 14:38:54,958] Trial 2 finished with value: 0.6911807628692801 and parameters: {'lr': 0.001, 'l2': 3e-06, 'bsize': 1024, 'alpha1': 1}. Best is trial 0 with value: 0.695272296462273.
AUC:  0.6911807628692801 LOGlOSS:  0.5282361961964707 test_AUC:  0.0 test_LOGlOSS:  10000.0
  0%|          | 0/5000 [00:00<?, ?it/s]  0%|          | 1/5000 [00:04<6:22:08,  4.59s/it]  0%|          | 2/5000 [00:09<6:19:45,  4.56s/it]  0%|          | 3/5000 [00:13<6:23:45,  4.61s/it]  0%|          | 4/5000 [00:18<6:30:51,  4.69s/it]  0%|          | 5/5000 [00:23<6:27:47,  4.66s/it]  0%|          | 6/5000 [00:27<6:19:17,  4.56s/it]  0%|          | 7/5000 [00:31<6:09:09,  4.44s/it]  0%|          | 8/5000 [00:36<6:06:30,  4.41s/it]  0%|          | 8/5000 [00:40<6:59:41,  5.04s/it]
[I 2024-07-25 14:39:46,167] Trial 3 finished with value: 0.69794413681836 and parameters: {'lr': 3e-05, 'l2': 1e-05, 'bsize': 512, 'alpha1': 1}. Best is trial 3 with value: 0.69794413681836.
AUC:  0.69794413681836 LOGlOSS:  0.597165929322452 test_AUC:  0.0 test_LOGlOSS:  10000.0
  0%|          | 0/5000 [00:00<?, ?it/s]  0%|          | 1/5000 [00:02<3:27:09,  2.49s/it]  0%|          | 2/5000 [00:04<3:21:39,  2.42s/it]  0%|          | 3/5000 [00:07<3:20:37,  2.41s/it]  0%|          | 4/5000 [00:10<3:38:59,  2.63s/it]  0%|          | 5/5000 [00:12<3:39:02,  2.63s/it]  0%|          | 6/5000 [00:15<3:37:50,  2.62s/it]  0%|          | 7/5000 [00:18<3:39:19,  2.64s/it]  0%|          | 8/5000 [00:20<3:31:07,  2.54s/it]  0%|          | 9/5000 [00:22<3:28:37,  2.51s/it]  0%|          | 10/5000 [00:25<3:24:13,  2.46s/it]  0%|          | 11/5000 [00:27<3:22:56,  2.44s/it]  0%|          | 12/5000 [00:29<3:20:42,  2.41s/it]  0%|          | 13/5000 [00:32<3:26:28,  2.48s/it]  0%|          | 14/5000 [00:35<3:27:22,  2.50s/it]  0%|          | 15/5000 [00:37<3:25:21,  2.47s/it]  0%|          | 16/5000 [00:40<3:25:03,  2.47s/it]  0%|          | 17/5000 [00:42<3:24:51,  2.47s/it]  0%|          | 18/5000 [00:44<3:23:26,  2.45s/it]  0%|          | 19/5000 [00:47<3:25:44,  2.48s/it]  0%|          | 20/5000 [00:49<3:24:59,  2.47s/it]  0%|          | 21/5000 [00:52<3:21:21,  2.43s/it]  0%|          | 22/5000 [00:54<3:25:33,  2.48s/it]  0%|          | 23/5000 [00:57<3:28:27,  2.51s/it]  0%|          | 24/5000 [00:59<3:29:41,  2.53s/it]  0%|          | 25/5000 [01:02<3:31:58,  2.56s/it]  1%|          | 26/5000 [01:05<3:32:20,  2.56s/it]  1%|          | 27/5000 [01:07<3:33:50,  2.58s/it]  1%|          | 28/5000 [01:10<3:36:09,  2.61s/it]  1%|          | 28/5000 [01:13<3:36:15,  2.61s/it]
[I 2024-07-25 14:41:08,348] Trial 4 finished with value: 0.7074739697889882 and parameters: {'lr': 1e-05, 'l2': 0.001, 'bsize': 1024, 'alpha1': 0.1}. Best is trial 4 with value: 0.7074739697889882.
AUC:  0.7074739697889882 LOGlOSS:  0.5830295696261841 test_AUC:  0.0 test_LOGlOSS:  10000.0
  0%|          | 0/5000 [00:00<?, ?it/s]  0%|          | 1/5000 [00:04<6:02:44,  4.35s/it]  0%|          | 2/5000 [00:08<6:05:32,  4.39s/it]  0%|          | 3/5000 [00:13<6:10:11,  4.44s/it]  0%|          | 4/5000 [00:17<6:16:06,  4.52s/it]  0%|          | 5/5000 [00:22<6:22:58,  4.60s/it]  0%|          | 6/5000 [00:27<6:26:58,  4.65s/it]  0%|          | 7/5000 [00:31<6:21:44,  4.59s/it]  0%|          | 8/5000 [00:36<6:17:44,  4.54s/it]  0%|          | 9/5000 [00:40<6:05:24,  4.39s/it]  0%|          | 10/5000 [00:45<6:17:30,  4.54s/it]  0%|          | 11/5000 [00:49<6:14:12,  4.50s/it]  0%|          | 12/5000 [00:54<6:11:03,  4.46s/it]  0%|          | 13/5000 [00:58<6:03:04,  4.37s/it]  0%|          | 14/5000 [01:02<6:01:43,  4.35s/it]  0%|          | 14/5000 [01:06<6:35:50,  4.76s/it]
[I 2024-07-25 14:42:25,626] Trial 5 finished with value: 0.6974276849252143 and parameters: {'lr': 1e-05, 'l2': 1e-06, 'bsize': 512, 'alpha1': 0.001}. Best is trial 4 with value: 0.7074739697889882.
AUC:  0.6974276849252143 LOGlOSS:  0.5778614753991086 test_AUC:  0.0 test_LOGlOSS:  10000.0
  0%|          | 0/5000 [00:00<?, ?it/s]  0%|          | 1/5000 [00:02<3:33:26,  2.56s/it]  0%|          | 2/5000 [00:05<3:27:37,  2.49s/it]  0%|          | 3/5000 [00:07<3:26:25,  2.48s/it]  0%|          | 4/5000 [00:10<3:39:34,  2.64s/it]  0%|          | 5/5000 [00:13<3:42:17,  2.67s/it]  0%|          | 6/5000 [00:15<3:39:21,  2.64s/it]  0%|          | 7/5000 [00:18<3:37:46,  2.62s/it]  0%|          | 7/5000 [00:20<4:05:50,  2.95s/it]
[I 2024-07-25 14:42:57,093] Trial 6 finished with value: 0.6963920632494159 and parameters: {'lr': 0.0001, 'l2': 1e-06, 'bsize': 1024, 'alpha1': 0.001}. Best is trial 4 with value: 0.7074739697889882.
AUC:  0.6963920632494159 LOGlOSS:  0.6431432702898096 test_AUC:  0.0 test_LOGlOSS:  10000.0
  0%|          | 0/5000 [00:00<?, ?it/s]  0%|          | 1/5000 [00:04<6:11:14,  4.46s/it]  0%|          | 2/5000 [00:09<6:25:31,  4.63s/it]  0%|          | 3/5000 [00:13<6:21:33,  4.58s/it]  0%|          | 4/5000 [00:18<6:28:44,  4.67s/it]  0%|          | 5/5000 [00:22<6:21:41,  4.58s/it]  0%|          | 6/5000 [00:27<6:33:39,  4.73s/it]  0%|          | 6/5000 [00:32<7:31:59,  5.43s/it]
[I 2024-07-25 14:43:40,341] Trial 7 finished with value: 0.6922291494505171 and parameters: {'lr': 0.0001, 'l2': 3e-05, 'bsize': 512, 'alpha1': 0.001}. Best is trial 4 with value: 0.7074739697889882.
AUC:  0.6922291494505171 LOGlOSS:  0.5753310397637788 test_AUC:  0.0 test_LOGlOSS:  10000.0
  0%|          | 0/5000 [00:00<?, ?it/s]  0%|          | 1/5000 [00:04<6:31:34,  4.70s/it]  0%|          | 2/5000 [00:09<6:14:42,  4.50s/it]  0%|          | 3/5000 [00:13<6:19:51,  4.56s/it]  0%|          | 4/5000 [00:18<6:15:24,  4.51s/it]  0%|          | 5/5000 [00:22<5:56:39,  4.28s/it]  0%|          | 5/5000 [00:26<7:20:32,  5.29s/it]
[I 2024-07-25 14:44:15,732] Trial 8 finished with value: 0.6728275856037071 and parameters: {'lr': 0.001, 'l2': 1e-05, 'bsize': 512, 'alpha1': 0.0001}. Best is trial 4 with value: 0.7074739697889882.
AUC:  0.6728275856037071 LOGlOSS:  0.5573691925417221 test_AUC:  0.0 test_LOGlOSS:  10000.0
  0%|          | 0/5000 [00:00<?, ?it/s]  0%|          | 1/5000 [00:08<12:13:10,  8.80s/it]  0%|          | 2/5000 [00:17<12:09:06,  8.75s/it]  0%|          | 3/5000 [00:26<12:11:57,  8.79s/it]  0%|          | 4/5000 [00:35<12:23:56,  8.93s/it]  0%|          | 5/5000 [00:44<12:21:17,  8.90s/it]  0%|          | 6/5000 [00:53<12:37:47,  9.10s/it]  0%|          | 7/5000 [01:03<12:49:45,  9.25s/it]  0%|          | 8/5000 [01:13<13:06:03,  9.45s/it]  0%|          | 9/5000 [01:22<13:07:24,  9.47s/it]  0%|          | 10/5000 [01:32<13:09:03,  9.49s/it]  0%|          | 11/5000 [01:41<12:55:24,  9.33s/it]  0%|          | 12/5000 [01:50<12:56:36,  9.34s/it]  0%|          | 13/5000 [01:59<12:52:10,  9.29s/it]  0%|          | 13/5000 [02:08<13:42:11,  9.89s/it]
[I 2024-07-25 14:46:34,562] Trial 9 finished with value: 0.7039085225880389 and parameters: {'lr': 1e-05, 'l2': 0.001, 'bsize': 256, 'alpha1': 1}. Best is trial 4 with value: 0.7074739697889882.
AUC:  0.7039085225880389 LOGlOSS:  0.5674875253283392 test_AUC:  0.0 test_LOGlOSS:  10000.0
  0%|          | 0/5000 [00:00<?, ?it/s]  0%|          | 1/5000 [00:08<12:14:19,  8.81s/it]  0%|          | 2/5000 [00:17<12:25:17,  8.95s/it]  0%|          | 3/5000 [00:26<12:17:12,  8.85s/it]  0%|          | 4/5000 [00:35<12:34:06,  9.06s/it]  0%|          | 5/5000 [00:45<12:46:39,  9.21s/it]  0%|          | 6/5000 [00:55<13:02:08,  9.40s/it]  0%|          | 7/5000 [01:05<13:15:43,  9.56s/it]  0%|          | 8/5000 [01:14<13:24:06,  9.66s/it]  0%|          | 9/5000 [01:24<13:24:21,  9.67s/it]  0%|          | 10/5000 [01:34<13:22:32,  9.65s/it]  0%|          | 11/5000 [01:43<13:10:11,  9.50s/it]  0%|          | 12/5000 [01:52<12:48:10,  9.24s/it]  0%|          | 13/5000 [02:00<12:34:23,  9.08s/it]  0%|          | 13/5000 [02:09<13:48:29,  9.97s/it]
[I 2024-07-25 14:48:55,576] Trial 10 finished with value: 0.7039134695946349 and parameters: {'lr': 1e-05, 'l2': 0.001, 'bsize': 256, 'alpha1': 0.1}. Best is trial 4 with value: 0.7074739697889882.
AUC:  0.7039134695946349 LOGlOSS:  0.5679957807104316 test_AUC:  0.0 test_LOGlOSS:  10000.0
  0%|          | 0/5000 [00:00<?, ?it/s]  0%|          | 1/5000 [00:08<11:39:29,  8.40s/it]  0%|          | 2/5000 [00:17<12:00:21,  8.65s/it]  0%|          | 3/5000 [00:26<12:16:39,  8.85s/it]  0%|          | 4/5000 [00:35<12:23:48,  8.93s/it]  0%|          | 5/5000 [00:44<12:42:20,  9.16s/it]  0%|          | 6/5000 [00:54<12:50:14,  9.25s/it]  0%|          | 7/5000 [01:02<12:22:41,  8.92s/it]  0%|          | 8/5000 [01:12<12:45:52,  9.21s/it]  0%|          | 9/5000 [01:21<12:47:38,  9.23s/it]  0%|          | 10/5000 [01:31<12:56:20,  9.33s/it]  0%|          | 11/5000 [01:40<12:54:43,  9.32s/it]  0%|          | 12/5000 [01:49<12:36:17,  9.10s/it]  0%|          | 13/5000 [01:57<12:20:25,  8.91s/it]  0%|          | 13/5000 [02:06<13:29:29,  9.74s/it]
[I 2024-07-25 14:51:12,869] Trial 11 finished with value: 0.7039134695946349 and parameters: {'lr': 1e-05, 'l2': 0.001, 'bsize': 256, 'alpha1': 0.1}. Best is trial 4 with value: 0.7074739697889882.
AUC:  0.7039134695946349 LOGlOSS:  0.5679957807104316 test_AUC:  0.0 test_LOGlOSS:  10000.0
  0%|          | 0/5000 [00:00<?, ?it/s]  0%|          | 1/5000 [00:09<12:58:00,  9.34s/it]  0%|          | 2/5000 [00:18<13:08:02,  9.46s/it]  0%|          | 3/5000 [00:28<13:13:22,  9.53s/it]  0%|          | 4/5000 [00:37<13:06:55,  9.45s/it]  0%|          | 5/5000 [00:46<12:45:23,  9.19s/it]  0%|          | 6/5000 [00:56<12:53:12,  9.29s/it]  0%|          | 7/5000 [01:05<12:48:39,  9.24s/it]  0%|          | 8/5000 [01:14<12:48:36,  9.24s/it]  0%|          | 9/5000 [01:23<12:54:23,  9.31s/it]  0%|          | 10/5000 [01:33<13:04:52,  9.44s/it]  0%|          | 11/5000 [01:42<13:03:45,  9.43s/it]  0%|          | 12/5000 [01:51<12:50:56,  9.27s/it]  0%|          | 13/5000 [02:00<12:41:14,  9.16s/it]  0%|          | 13/5000 [02:09<13:50:33,  9.99s/it]
[I 2024-07-25 14:53:32,475] Trial 12 finished with value: 0.7039134695946349 and parameters: {'lr': 1e-05, 'l2': 0.001, 'bsize': 256, 'alpha1': 0.1}. Best is trial 4 with value: 0.7074739697889882.
AUC:  0.7039134695946349 LOGlOSS:  0.5679957807104316 test_AUC:  0.0 test_LOGlOSS:  10000.0
  0%|          | 0/5000 [00:00<?, ?it/s]  0%|          | 1/5000 [00:09<13:20:09,  9.60s/it]  0%|          | 2/5000 [00:19<13:18:51,  9.59s/it]  0%|          | 3/5000 [00:28<13:23:38,  9.65s/it]  0%|          | 4/5000 [00:38<13:12:26,  9.52s/it]  0%|          | 5/5000 [00:47<13:12:31,  9.52s/it]  0%|          | 6/5000 [00:57<13:04:56,  9.43s/it]  0%|          | 7/5000 [01:06<12:57:53,  9.35s/it]  0%|          | 8/5000 [01:14<12:39:53,  9.13s/it]  0%|          | 9/5000 [01:23<12:28:47,  9.00s/it]  0%|          | 10/5000 [01:32<12:14:31,  8.83s/it]  0%|          | 10/5000 [01:41<14:00:28, 10.11s/it]
[I 2024-07-25 14:55:24,304] Trial 13 finished with value: 0.6985172189121158 and parameters: {'lr': 1e-05, 'l2': 0.0001, 'bsize': 256, 'alpha1': 0.01}. Best is trial 4 with value: 0.7074739697889882.
AUC:  0.6985172189121158 LOGlOSS:  0.5510166486975738 test_AUC:  0.0 test_LOGlOSS:  10000.0
  0%|          | 0/5000 [00:00<?, ?it/s]  0%|          | 1/5000 [00:02<3:12:44,  2.31s/it]  0%|          | 2/5000 [00:04<3:25:00,  2.46s/it]  0%|          | 3/5000 [00:07<3:21:08,  2.42s/it]  0%|          | 4/5000 [00:09<3:18:40,  2.39s/it]  0%|          | 5/5000 [00:12<3:20:57,  2.41s/it]  0%|          | 6/5000 [00:14<3:31:12,  2.54s/it]  0%|          | 7/5000 [00:17<3:37:36,  2.62s/it]  0%|          | 8/5000 [00:20<3:42:33,  2.67s/it]  0%|          | 9/5000 [00:23<3:44:05,  2.69s/it]  0%|          | 10/5000 [00:25<3:42:02,  2.67s/it]  0%|          | 11/5000 [00:28<3:40:22,  2.65s/it]  0%|          | 12/5000 [00:30<3:38:03,  2.62s/it]  0%|          | 12/5000 [00:33<3:51:58,  2.79s/it]
[I 2024-07-25 14:56:08,254] Trial 14 finished with value: 0.707629020600957 and parameters: {'lr': 3e-05, 'l2': 0.001, 'bsize': 1024, 'alpha1': 0.1}. Best is trial 14 with value: 0.707629020600957.
AUC:  0.707629020600957 LOGlOSS:  0.596573755492536 test_AUC:  0.0 test_LOGlOSS:  10000.0
  0%|          | 0/5000 [00:00<?, ?it/s]  0%|          | 1/5000 [00:02<4:02:18,  2.91s/it]  0%|          | 2/5000 [00:05<3:51:59,  2.79s/it]  0%|          | 3/5000 [00:08<3:47:22,  2.73s/it]  0%|          | 4/5000 [00:10<3:44:46,  2.70s/it]  0%|          | 5/5000 [00:13<3:46:07,  2.72s/it]  0%|          | 6/5000 [00:16<3:48:51,  2.75s/it]  0%|          | 7/5000 [00:19<3:52:49,  2.80s/it]  0%|          | 8/5000 [00:22<3:56:25,  2.84s/it]  0%|          | 9/5000 [00:25<3:54:59,  2.82s/it]  0%|          | 9/5000 [00:28<4:20:07,  3.13s/it]
[I 2024-07-25 14:56:46,352] Trial 15 finished with value: 0.690281921953196 and parameters: {'lr': 3e-05, 'l2': 0.001, 'bsize': 1024, 'alpha1': 1e-05}. Best is trial 14 with value: 0.707629020600957.
AUC:  0.690281921953196 LOGlOSS:  0.5680173518257887 test_AUC:  0.0 test_LOGlOSS:  10000.0
  0%|          | 0/5000 [00:00<?, ?it/s]  0%|          | 1/5000 [00:02<3:28:16,  2.50s/it]  0%|          | 2/5000 [00:05<3:44:39,  2.70s/it]  0%|          | 3/5000 [00:07<3:35:50,  2.59s/it]  0%|          | 4/5000 [00:10<3:43:10,  2.68s/it]  0%|          | 5/5000 [00:13<3:39:35,  2.64s/it]  0%|          | 6/5000 [00:15<3:36:15,  2.60s/it]  0%|          | 7/5000 [00:18<3:32:17,  2.55s/it]  0%|          | 8/5000 [00:20<3:34:11,  2.57s/it]  0%|          | 9/5000 [00:23<3:32:47,  2.56s/it]  0%|          | 10/5000 [00:25<3:32:49,  2.56s/it]  0%|          | 10/5000 [00:28<3:54:50,  2.82s/it]
[I 2024-07-25 14:57:23,945] Trial 16 finished with value: 0.7044540004784646 and parameters: {'lr': 3e-05, 'l2': 0.0003, 'bsize': 1024, 'alpha1': 0.1}. Best is trial 14 with value: 0.707629020600957.
AUC:  0.7044540004784646 LOGlOSS:  0.6074677555001551 test_AUC:  0.0 test_LOGlOSS:  10000.0
  0%|          | 0/5000 [00:00<?, ?it/s]  0%|          | 1/5000 [00:02<3:21:20,  2.42s/it]  0%|          | 2/5000 [00:04<3:23:54,  2.45s/it]  0%|          | 3/5000 [00:07<3:24:35,  2.46s/it]  0%|          | 4/5000 [00:09<3:20:53,  2.41s/it]  0%|          | 5/5000 [00:12<3:20:54,  2.41s/it]  0%|          | 6/5000 [00:14<3:19:47,  2.40s/it]  0%|          | 7/5000 [00:16<3:17:15,  2.37s/it]  0%|          | 8/5000 [00:19<3:20:03,  2.40s/it]  0%|          | 8/5000 [00:21<3:46:11,  2.72s/it]
[I 2024-07-25 14:57:53,850] Trial 17 finished with value: 0.6975619423696456 and parameters: {'lr': 0.0003, 'l2': 0.0001, 'bsize': 1024, 'alpha1': 0.1}. Best is trial 14 with value: 0.707629020600957.
AUC:  0.6975619423696456 LOGlOSS:  0.5308747645179464 test_AUC:  0.0 test_LOGlOSS:  10000.0
  0%|          | 0/5000 [00:00<?, ?it/s]  0%|          | 1/5000 [00:02<3:42:56,  2.68s/it]  0%|          | 2/5000 [00:05<3:43:16,  2.68s/it]  0%|          | 3/5000 [00:07<3:35:46,  2.59s/it]  0%|          | 4/5000 [00:10<3:27:30,  2.49s/it]  0%|          | 5/5000 [00:12<3:24:46,  2.46s/it]  0%|          | 6/5000 [00:15<3:25:18,  2.47s/it]  0%|          | 7/5000 [00:17<3:19:22,  2.40s/it]  0%|          | 8/5000 [00:19<3:16:28,  2.36s/it]  0%|          | 8/5000 [00:21<3:48:15,  2.74s/it]
