[I 2024-07-25 09:56:12,545] Trial 17 finished with value: 0.6358647205031698 and parameters: {'lr': 0.0003, 'l2': 0.0001, 'bsize': 256, 'beta1': 0.598578826894806}. Best is trial 13 with value: 0.6561202364268395.
AUC:  0.6358647205031698 LOGlOSS:  0.6262753715890912 test_AUC:  0.0 test_LOGlOSS:  10000.0
  0%|          | 0/5000 [00:00<?, ?it/s]  0%|          | 1/5000 [00:02<2:59:10,  2.15s/it]  0%|          | 2/5000 [00:04<2:55:40,  2.11s/it]  0%|          | 3/5000 [00:06<2:53:53,  2.09s/it]  0%|          | 4/5000 [00:08<2:53:53,  2.09s/it]  0%|          | 5/5000 [00:10<2:53:52,  2.09s/it]  0%|          | 6/5000 [00:12<2:56:47,  2.12s/it]  0%|          | 6/5000 [00:14<3:25:05,  2.46s/it]
[I 2024-07-25 09:56:35,769] Trial 18 finished with value: 0.643624714450519 and parameters: {'lr': 0.001, 'l2': 3e-06, 'bsize': 1024, 'beta1': 0.013990583941721091}. Best is trial 13 with value: 0.6561202364268395.
AUC:  0.643624714450519 LOGlOSS:  0.6278693088349585 test_AUC:  0.0 test_LOGlOSS:  10000.0
  0%|          | 0/5000 [00:00<?, ?it/s]  0%|          | 1/5000 [00:07<11:00:41,  7.93s/it]  0%|          | 2/5000 [00:15<10:45:36,  7.75s/it]  0%|          | 3/5000 [00:23<10:39:00,  7.67s/it]  0%|          | 4/5000 [00:30<10:43:35,  7.73s/it]  0%|          | 5/5000 [00:41<12:16:10,  8.84s/it]  0%|          | 6/5000 [00:49<11:48:08,  8.51s/it]  0%|          | 6/5000 [00:57<13:16:24,  9.57s/it]
[I 2024-07-25 09:57:40,080] Trial 19 finished with value: 0.6388954671594236 and parameters: {'lr': 0.0003, 'l2': 0.0003, 'bsize': 256, 'beta1': 0.4167170227334261}. Best is trial 13 with value: 0.6561202364268395.
AUC:  0.6388954671594236 LOGlOSS:  0.622918481717375 test_AUC:  0.0 test_LOGlOSS:  10000.0
  0%|          | 0/5000 [00:00<?, ?it/s]  0%|          | 1/5000 [00:10<14:39:16, 10.55s/it]  0%|          | 2/5000 [00:18<12:54:42,  9.30s/it]  0%|          | 3/5000 [00:26<11:57:47,  8.62s/it]  0%|          | 4/5000 [00:34<11:25:03,  8.23s/it]  0%|          | 5/5000 [00:44<12:10:27,  8.77s/it]  0%|          | 6/5000 [00:53<12:15:57,  8.84s/it]  0%|          | 6/5000 [01:01<14:10:25, 10.22s/it]
[I 2024-07-25 09:58:48,580] Trial 20 finished with value: 0.6302839249017331 and parameters: {'lr': 0.0003, 'l2': 0.001, 'bsize': 256, 'beta1': 0.701373326372735}. Best is trial 13 with value: 0.6561202364268395.
AUC:  0.6302839249017331 LOGlOSS:  0.6176347844468535 test_AUC:  0.0 test_LOGlOSS:  10000.0
  0%|          | 0/5000 [00:00<?, ?it/s]  0%|          | 1/5000 [00:07<10:22:07,  7.47s/it]  0%|          | 2/5000 [00:17<12:52:09,  9.27s/it]  0%|          | 3/5000 [00:26<12:22:49,  8.92s/it]  0%|          | 4/5000 [00:34<11:42:13,  8.43s/it]  0%|          | 5/5000 [00:41<11:18:42,  8.15s/it]  0%|          | 6/5000 [00:48<10:47:48,  7.78s/it]  0%|          | 7/5000 [00:55<10:13:34,  7.37s/it]  0%|          | 8/5000 [01:02<10:02:00,  7.24s/it]  0%|          | 9/5000 [01:09<10:00:44,  7.22s/it]  0%|          | 10/5000 [01:16<10:01:35,  7.23s/it]  0%|          | 11/5000 [01:23<9:56:36,  7.18s/it]   0%|          | 11/5000 [01:30<11:27:25,  8.27s/it]
[I 2024-07-25 10:00:26,019] Trial 21 finished with value: 0.6517766389373324 and parameters: {'lr': 3e-05, 'l2': 0.001, 'bsize': 256, 'beta1': 0.2262654626597255}. Best is trial 13 with value: 0.6561202364268395.
AUC:  0.6517766389373324 LOGlOSS:  0.6485154682343715 test_AUC:  0.0 test_LOGlOSS:  10000.0
  0%|          | 0/5000 [00:00<?, ?it/s]  0%|          | 1/5000 [00:07<10:10:00,  7.32s/it]  0%|          | 2/5000 [00:14<10:05:19,  7.27s/it]  0%|          | 3/5000 [00:22<10:37:02,  7.65s/it]  0%|          | 4/5000 [00:29<10:26:15,  7.52s/it]  0%|          | 5/5000 [00:37<10:12:31,  7.36s/it]  0%|          | 6/5000 [00:44<10:14:00,  7.38s/it]  0%|          | 7/5000 [00:52<10:24:40,  7.51s/it]  0%|          | 8/5000 [00:59<10:23:00,  7.49s/it]  0%|          | 9/5000 [01:06<10:15:10,  7.40s/it]  0%|          | 10/5000 [01:13<10:07:37,  7.31s/it]  0%|          | 11/5000 [01:20<9:59:12,  7.21s/it]   0%|          | 12/5000 [01:28<9:55:37,  7.16s/it]  0%|          | 13/5000 [01:35<9:55:21,  7.16s/it]  0%|          | 13/5000 [01:42<10:54:14,  7.87s/it]
[I 2024-07-25 10:02:14,380] Trial 22 finished with value: 0.656088579372797 and parameters: {'lr': 3e-05, 'l2': 0.001, 'bsize': 256, 'beta1': 0.016124752007612535}. Best is trial 13 with value: 0.6561202364268395.
AUC:  0.656088579372797 LOGlOSS:  0.6647303681851681 test_AUC:  0.0 test_LOGlOSS:  10000.0
  0%|          | 0/5000 [00:00<?, ?it/s]  0%|          | 1/5000 [00:07<10:30:34,  7.57s/it]  0%|          | 2/5000 [00:15<10:29:35,  7.56s/it]  0%|          | 3/5000 [00:24<11:21:40,  8.18s/it]  0%|          | 4/5000 [00:32<11:32:12,  8.31s/it]  0%|          | 5/5000 [00:39<10:57:11,  7.89s/it]  0%|          | 6/5000 [00:46<10:37:50,  7.66s/it]  0%|          | 7/5000 [00:54<10:44:36,  7.75s/it]  0%|          | 8/5000 [01:01<10:23:46,  7.50s/it]  0%|          | 9/5000 [01:12<11:34:47,  8.35s/it]  0%|          | 10/5000 [01:22<12:22:48,  8.93s/it]  0%|          | 11/5000 [01:30<12:14:47,  8.84s/it]  0%|          | 11/5000 [01:41<12:43:31,  9.18s/it]
[I 2024-07-25 10:04:00,719] Trial 23 finished with value: 0.6510603187286761 and parameters: {'lr': 3e-05, 'l2': 0.001, 'bsize': 256, 'beta1': 0.257177900458837}. Best is trial 13 with value: 0.6561202364268395.
AUC:  0.6510603187286761 LOGlOSS:  0.6489475679508816 test_AUC:  0.0 test_LOGlOSS:  10000.0
  0%|          | 0/5000 [00:00<?, ?it/s]  0%|          | 1/5000 [00:10<15:01:13, 10.82s/it]  0%|          | 2/5000 [00:21<14:48:46, 10.67s/it]  0%|          | 3/5000 [00:31<14:36:45, 10.53s/it]  0%|          | 4/5000 [00:41<14:26:03, 10.40s/it]  0%|          | 5/5000 [00:52<14:23:31, 10.37s/it]  0%|          | 6/5000 [01:02<14:21:24, 10.35s/it]  0%|          | 7/5000 [01:10<13:17:16,  9.58s/it]  0%|          | 8/5000 [01:19<13:11:28,  9.51s/it]  0%|          | 9/5000 [01:27<12:11:18,  8.79s/it]  0%|          | 10/5000 [01:34<11:39:32,  8.41s/it]  0%|          | 11/5000 [01:41<10:50:56,  7.83s/it]  0%|          | 12/5000 [01:49<11:04:12,  7.99s/it]  0%|          | 12/5000 [01:57<13:30:38,  9.75s/it]
[I 2024-07-25 10:06:04,302] Trial 24 finished with value: 0.652149053017977 and parameters: {'lr': 0.001, 'l2': 0.001, 'bsize': 256, 'beta1': 0.01921574313405619}. Best is trial 13 with value: 0.6561202364268395.
AUC:  0.652149053017977 LOGlOSS:  0.6186316016333714 test_AUC:  0.0 test_LOGlOSS:  10000.0
  0%|          | 0/5000 [00:00<?, ?it/s]  0%|          | 1/5000 [00:02<2:51:35,  2.06s/it]  0%|          | 2/5000 [00:04<2:52:02,  2.07s/it]  0%|          | 3/5000 [00:06<2:51:57,  2.06s/it]  0%|          | 4/5000 [00:08<2:51:11,  2.06s/it]  0%|          | 5/5000 [00:10<2:51:16,  2.06s/it]  0%|          | 6/5000 [00:12<2:51:44,  2.06s/it]  0%|          | 7/5000 [00:14<2:51:18,  2.06s/it]  0%|          | 8/5000 [00:16<2:49:34,  2.04s/it]  0%|          | 8/5000 [00:18<3:11:20,  2.30s/it]
[I 2024-07-25 10:06:29,563] Trial 25 finished with value: 0.6502664015323676 and parameters: {'lr': 0.0001, 'l2': 0.0003, 'bsize': 1024, 'beta1': 0.18056076304470906}. Best is trial 13 with value: 0.6561202364268395.
AUC:  0.6502664015323676 LOGlOSS:  0.667329189457055 test_AUC:  0.0 test_LOGlOSS:  10000.0
  0%|          | 0/5000 [00:00<?, ?it/s]  0%|          | 1/5000 [00:08<11:52:22,  8.55s/it]  0%|          | 2/5000 [00:16<11:11:57,  8.07s/it]  0%|          | 3/5000 [00:26<12:33:19,  9.05s/it]  0%|          | 4/5000 [00:36<13:15:54,  9.56s/it]  0%|          | 5/5000 [00:47<13:38:45,  9.83s/it]  0%|          | 6/5000 [00:57<13:49:45,  9.97s/it]  0%|          | 6/5000 [01:07<15:38:13, 11.27s/it]
[I 2024-07-25 10:07:45,234] Trial 26 finished with value: 0.6265144925784318 and parameters: {'lr': 0.0003, 'l2': 0.001, 'bsize': 256, 'beta1': 0.986141485439348}. Best is trial 13 with value: 0.6561202364268395.
AUC:  0.6265144925784318 LOGlOSS:  0.6240145834450691 test_AUC:  0.0 test_LOGlOSS:  10000.0
  0%|          | 0/5000 [00:00<?, ?it/s]  0%|          | 1/5000 [00:10<13:57:07, 10.05s/it]  0%|          | 2/5000 [00:20<14:18:49, 10.31s/it]  0%|          | 3/5000 [00:28<12:31:37,  9.02s/it]  0%|          | 4/5000 [00:36<11:57:01,  8.61s/it]  0%|          | 5/5000 [00:43<11:31:11,  8.30s/it]  0%|          | 6/5000 [00:51<11:12:54,  8.08s/it]  0%|          | 7/5000 [00:59<11:08:32,  8.03s/it]  0%|          | 8/5000 [01:08<11:26:58,  8.26s/it]  0%|          | 8/5000 [01:17<13:21:26,  9.63s/it]
[I 2024-07-25 10:09:09,694] Trial 27 finished with value: 0.6539636716630903 and parameters: {'lr': 3e-05, 'l2': 0.0001, 'bsize': 256, 'beta1': 0.010689979969569989}. Best is trial 13 with value: 0.6561202364268395.
AUC:  0.6539636716630903 LOGlOSS:  0.651393777171621 test_AUC:  0.0 test_LOGlOSS:  10000.0
  0%|          | 0/5000 [00:00<?, ?it/s]  0%|          | 1/5000 [00:06<9:08:25,  6.58s/it]  0%|          | 2/5000 [00:14<10:06:01,  7.28s/it]  0%|          | 3/5000 [00:22<10:20:31,  7.45s/it]  0%|          | 4/5000 [00:30<10:40:42,  7.69s/it]  0%|          | 5/5000 [00:39<11:20:58,  8.18s/it]  0%|          | 6/5000 [00:49<12:12:12,  8.80s/it]  0%|          | 7/5000 [00:56<11:43:23,  8.45s/it]  0%|          | 8/5000 [01:04<11:22:17,  8.20s/it]  0%|          | 8/5000 [01:12<12:37:50,  9.11s/it]
[I 2024-07-25 10:10:28,613] Trial 28 finished with value: 0.6471729458914055 and parameters: {'lr': 3e-05, 'l2': 1e-05, 'bsize': 256, 'beta1': 0.3721706778123772}. Best is trial 13 with value: 0.6561202364268395.
AUC:  0.6471729458914055 LOGlOSS:  0.6514162914639673 test_AUC:  0.0 test_LOGlOSS:  10000.0
  0%|          | 0/5000 [00:00<?, ?it/s]  0%|          | 1/5000 [00:02<3:03:29,  2.20s/it]  0%|          | 2/5000 [00:04<3:01:43,  2.18s/it]  0%|          | 3/5000 [00:06<3:00:18,  2.16s/it]  0%|          | 4/5000 [00:08<3:07:07,  2.25s/it]  0%|          | 5/5000 [00:11<3:05:02,  2.22s/it]  0%|          | 6/5000 [00:13<3:17:55,  2.38s/it]  0%|          | 6/5000 [00:16<3:49:57,  2.76s/it]
[I 2024-07-25 10:10:51,245] Trial 29 finished with value: 0.6469363704474946 and parameters: {'lr': 0.0003, 'l2': 3e-05, 'bsize': 1024, 'beta1': 0.10223300457422713}. Best is trial 13 with value: 0.6561202364268395.
AUC:  0.6469363704474946 LOGlOSS:  0.6168114848505613 test_AUC:  0.0 test_LOGlOSS:  10000.0
  0%|          | 0/5000 [00:00<?, ?it/s]  0%|          | 1/5000 [00:07<10:57:22,  7.89s/it]  0%|          | 2/5000 [00:15<10:32:41,  7.60s/it]  0%|          | 3/5000 [00:22<10:20:35,  7.45s/it]  0%|          | 4/5000 [00:30<10:23:55,  7.49s/it]  0%|          | 5/5000 [00:37<10:20:59,  7.46s/it]  0%|          | 6/5000 [00:45<10:46:26,  7.77s/it]  0%|          | 6/5000 [00:54<12:38:45,  9.12s/it]
[I 2024-07-25 10:11:52,726] Trial 30 finished with value: 0.6463267147952545 and parameters: {'lr': 0.0003, 'l2': 3e-06, 'bsize': 256, 'beta1': 0.08957854035358048}. Best is trial 13 with value: 0.6561202364268395.
AUC:  0.6463267147952545 LOGlOSS:  0.6489825217516958 test_AUC:  0.0 test_LOGlOSS:  10000.0
  0%|          | 0/5000 [00:00<?, ?it/s]  0%|          | 1/5000 [00:07<11:03:00,  7.96s/it]  0%|          | 2/5000 [00:15<11:05:51,  7.99s/it]  0%|          | 3/5000 [00:24<11:21:10,  8.18s/it]  0%|          | 4/5000 [00:32<11:03:19,  7.97s/it]  0%|          | 5/5000 [00:42<12:30:46,  9.02s/it]  0%|          | 6/5000 [00:52<12:33:48,  9.06s/it]  0%|          | 7/5000 [01:00<12:18:15,  8.87s/it]  0%|          | 8/5000 [01:09<12:21:07,  8.91s/it]  0%|          | 9/5000 [01:17<11:57:49,  8.63s/it]  0%|          | 10/5000 [01:27<12:39:20,  9.13s/it]  0%|          | 11/5000 [01:36<12:35:02,  9.08s/it]  0%|          | 12/5000 [01:44<12:08:32,  8.76s/it]  0%|          | 12/5000 [01:52<12:59:02,  9.37s/it]
[I 2024-07-25 10:13:51,033] Trial 31 finished with value: 0.6552153578061711 and parameters: {'lr': 3e-05, 'l2': 0.001, 'bsize': 256, 'beta1': 0.0640040842638962}. Best is trial 13 with value: 0.6561202364268395.
AUC:  0.6552153578061711 LOGlOSS:  0.6569211648132096 test_AUC:  0.0 test_LOGlOSS:  10000.0
  0%|          | 0/5000 [00:00<?, ?it/s]  0%|          | 1/5000 [00:08<11:35:16,  8.35s/it]  0%|          | 2/5000 [00:18<13:19:40,  9.60s/it]  0%|          | 3/5000 [00:26<12:22:36,  8.92s/it]  0%|          | 4/5000 [00:34<11:51:56,  8.55s/it]  0%|          | 5/5000 [00:43<11:40:05,  8.41s/it]  0%|          | 6/5000 [00:51<11:51:37,  8.55s/it]  0%|          | 7/5000 [01:00<11:49:09,  8.52s/it]  0%|          | 8/5000 [01:09<12:13:07,  8.81s/it]  0%|          | 9/5000 [01:17<11:42:44,  8.45s/it]  0%|          | 10/5000 [01:26<11:48:06,  8.51s/it]  0%|          | 11/5000 [01:33<11:25:38,  8.25s/it]  0%|          | 12/5000 [01:41<11:08:01,  8.04s/it]  0%|          | 12/5000 [01:48<12:32:47,  9.06s/it]
[I 2024-07-25 10:15:45,725] Trial 32 finished with value: 0.6551868717462129 and parameters: {'lr': 3e-05, 'l2': 0.001, 'bsize': 256, 'beta1': 0.06553412372613054}. Best is trial 13 with value: 0.6561202364268395.
AUC:  0.6551868717462129 LOGlOSS:  0.6569417145735587 test_AUC:  0.0 test_LOGlOSS:  10000.0
  0%|          | 0/5000 [00:00<?, ?it/s]  0%|          | 1/5000 [00:07<10:12:27,  7.35s/it]  0%|          | 2/5000 [00:15<10:46:55,  7.77s/it]  0%|          | 3/5000 [00:22<10:18:47,  7.43s/it]  0%|          | 4/5000 [00:29<10:11:20,  7.34s/it]  0%|          | 5/5000 [00:39<11:22:36,  8.20s/it]  0%|          | 6/5000 [00:46<10:56:44,  7.89s/it]  0%|          | 7/5000 [00:53<10:36:43,  7.65s/it]  0%|          | 8/5000 [01:01<10:32:54,  7.61s/it]  0%|          | 8/5000 [01:09<12:01:22,  8.67s/it]
[I 2024-07-25 10:17:02,622] Trial 33 finished with value: 0.6502856535571909 and parameters: {'lr': 3e-05, 'l2': 1e-06, 'bsize': 256, 'beta1': 0.17066977370780695}. Best is trial 13 with value: 0.6561202364268395.
AUC:  0.6502856535571909 LOGlOSS:  0.6475764880751882 test_AUC:  0.0 test_LOGlOSS:  10000.0
  0%|          | 0/5000 [00:00<?, ?it/s]  0%|          | 1/5000 [00:07<10:50:12,  7.80s/it]  0%|          | 2/5000 [00:18<13:03:30,  9.41s/it]  0%|          | 3/5000 [00:26<12:13:40,  8.81s/it]  0%|          | 4/5000 [00:36<12:53:48,  9.29s/it]  0%|          | 5/5000 [00:44<12:19:06,  8.88s/it]  0%|          | 6/5000 [00:51<11:35:17,  8.35s/it]  0%|          | 7/5000 [00:58<10:58:29,  7.91s/it]  0%|          | 8/5000 [01:06<10:45:55,  7.76s/it]  0%|          | 9/5000 [01:15<11:08:46,  8.04s/it]  0%|          | 10/5000 [01:22<10:57:34,  7.91s/it]  0%|          | 11/5000 [01:31<11:25:41,  8.25s/it]  0%|          | 12/5000 [01:40<11:31:02,  8.31s/it]  0%|          | 12/5000 [01:48<12:33:44,  9.07s/it]
[I 2024-07-25 10:18:57,002] Trial 34 finished with value: 0.6539194634646721 and parameters: {'lr': 3e-05, 'l2': 0.001, 'bsize': 256, 'beta1': 0.12730363172407516}. Best is trial 13 with value: 0.6561202364268395.
AUC:  0.6539194634646721 LOGlOSS:  0.657710307500301 test_AUC:  0.0 test_LOGlOSS:  10000.0
  0%|          | 0/5000 [00:00<?, ?it/s]  0%|          | 1/5000 [00:08<11:42:39,  8.43s/it]  0%|          | 2/5000 [00:16<11:01:35,  7.94s/it]  0%|          | 3/5000 [00:26<12:38:58,  9.11s/it]  0%|          | 4/5000 [00:35<12:22:37,  8.92s/it]  0%|          | 5/5000 [00:44<12:25:47,  8.96s/it]  0%|          | 6/5000 [00:52<12:13:58,  8.82s/it]  0%|          | 7/5000 [01:00<11:58:02,  8.63s/it]  0%|          | 8/5000 [01:09<11:47:06,  8.50s/it]  0%|          | 9/5000 [01:19<12:39:47,  9.13s/it]  0%|          | 10/5000 [01:28<12:24:48,  8.96s/it]  0%|          | 11/5000 [01:36<12:00:44,  8.67s/it]  0%|          | 12/5000 [01:44<12:00:57,  8.67s/it]  0%|          | 13/5000 [01:52<11:31:17,  8.32s/it]  0%|          | 13/5000 [02:00<12:48:48,  9.25s/it]
[I 2024-07-25 10:21:02,617] Trial 35 finished with value: 0.6511866468430086 and parameters: {'lr': 1e-05, 'l2': 0.0003, 'bsize': 256, 'beta1': 0.22211019271809504}. Best is trial 13 with value: 0.6561202364268395.
AUC:  0.6511866468430086 LOGlOSS:  0.6493626781705105 test_AUC:  0.0 test_LOGlOSS:  10000.0
  0%|          | 0/5000 [00:00<?, ?it/s]  0%|          | 1/5000 [00:10<14:13:53, 10.25s/it]  0%|          | 2/5000 [00:18<12:15:59,  8.84s/it]  0%|          | 3/5000 [00:27<12:34:12,  9.06s/it]  0%|          | 4/5000 [00:36<12:38:30,  9.11s/it]  0%|          | 5/5000 [00:44<12:14:45,  8.83s/it]  0%|          | 6/5000 [00:54<12:30:46,  9.02s/it]  0%|          | 7/5000 [01:02<12:15:55,  8.84s/it]  0%|          | 8/5000 [01:10<11:36:42,  8.37s/it]  0%|          | 9/5000 [01:18<11:28:09,  8.27s/it]  0%|          | 10/5000 [01:26<11:21:50,  8.20s/it]  0%|          | 11/5000 [01:34<11:16:33,  8.14s/it]  0%|          | 12/5000 [01:42<11:26:02,  8.25s/it]  0%|          | 12/5000 [01:49<12:37:06,  9.11s/it]
[I 2024-07-25 10:22:57,911] Trial 36 finished with value: 0.654103459344819 and parameters: {'lr': 3e-05, 'l2': 0.001, 'bsize': 256, 'beta1': 0.11888934098127768}. Best is trial 13 with value: 0.6561202364268395.
AUC:  0.654103459344819 LOGlOSS:  0.6575975918175455 test_AUC:  0.0 test_LOGlOSS:  10000.0
  0%|          | 0/5000 [00:00<?, ?it/s]  0%|          | 1/5000 [00:03<5:24:37,  3.90s/it]  0%|          | 2/5000 [00:07<5:11:36,  3.74s/it]  0%|          | 3/5000 [00:11<5:31:46,  3.98s/it]  0%|          | 4/5000 [00:15<5:30:08,  3.96s/it]  0%|          | 5/5000 [00:19<5:22:58,  3.88s/it]  0%|          | 6/5000 [00:23<5:20:16,  3.85s/it]  0%|          | 7/5000 [00:27<5:21:49,  3.87s/it]  0%|          | 7/5000 [00:30<6:07:36,  4.42s/it]
[I 2024-07-25 10:23:51,947] Trial 37 finished with value: 0.651176186326103 and parameters: {'lr': 0.0001, 'l2': 3e-05, 'bsize': 512, 'beta1': 0.055528496853145586}. Best is trial 13 with value: 0.6561202364268395.
AUC:  0.651176186326103 LOGlOSS:  0.6622706996800167 test_AUC:  0.0 test_LOGlOSS:  10000.0
  0%|          | 0/5000 [00:00<?, ?it/s]  0%|          | 1/5000 [00:02<3:08:55,  2.27s/it]  0%|          | 2/5000 [00:04<2:53:10,  2.08s/it]  0%|          | 3/5000 [00:06<2:48:08,  2.02s/it]  0%|          | 4/5000 [00:08<2:57:44,  2.13s/it]  0%|          | 5/5000 [00:10<2:56:05,  2.12s/it]  0%|          | 6/5000 [00:12<2:51:58,  2.07s/it]  0%|          | 7/5000 [00:14<2:49:06,  2.03s/it]  0%|          | 8/5000 [00:16<2:52:47,  2.08s/it]  0%|          | 9/5000 [00:18<2:58:49,  2.15s/it]  0%|          | 10/5000 [00:20<2:55:28,  2.11s/it]  0%|          | 11/5000 [00:23<2:53:32,  2.09s/it]  0%|          | 11/5000 [00:24<3:08:50,  2.27s/it]
[I 2024-07-25 10:24:38,739] Trial 38 finished with value: 0.649988606117184 and parameters: {'lr': 3e-05, 'l2': 1e-06, 'bsize': 1024, 'beta1': 0.15041911339043734}. Best is trial 13 with value: 0.6561202364268395.
AUC:  0.649988606117184 LOGlOSS:  0.6594039368310435 test_AUC:  0.0 test_LOGlOSS:  10000.0
  0%|          | 0/5000 [00:00<?, ?it/s]  0%|          | 1/5000 [00:04<5:48:49,  4.19s/it]  0%|          | 2/5000 [00:08<5:33:32,  4.00s/it]  0%|          | 3/5000 [00:11<5:17:06,  3.81s/it]  0%|          | 4/5000 [00:15<5:32:14,  3.99s/it]  0%|          | 5/5000 [00:20<5:52:28,  4.23s/it]  0%|          | 6/5000 [00:24<5:41:54,  4.11s/it]  0%|          | 7/5000 [00:28<5:41:08,  4.10s/it]  0%|          | 8/5000 [00:32<5:29:24,  3.96s/it]  0%|          | 9/5000 [00:35<5:24:18,  3.90s/it]  0%|          | 10/5000 [00:39<5:20:18,  3.85s/it]  0%|          | 11/5000 [00:43<5:24:38,  3.90s/it]  0%|          | 12/5000 [00:47<5:24:47,  3.91s/it]  0%|          | 13/5000 [00:51<5:22:09,  3.88s/it]  0%|          | 14/5000 [00:55<5:17:42,  3.82s/it]  0%|          | 15/5000 [00:59<5:30:53,  3.98s/it]  0%|          | 16/5000 [01:03<5:27:16,  3.94s/it]  0%|          | 17/5000 [01:07<5:28:42,  3.96s/it]  0%|          | 18/5000 [01:11<5:44:03,  4.14s/it]  0%|          | 19/5000 [01:15<5:41:56,  4.12s/it]  0%|          | 20/5000 [01:19<5:29:20,  3.97s/it]  0%|          | 21/5000 [01:23<5:23:11,  3.89s/it]  0%|          | 22/5000 [01:26<5:16:17,  3.81s/it]  0%|          | 23/5000 [01:30<5:12:50,  3.77s/it]  0%|          | 24/5000 [01:35<5:32:37,  4.01s/it]  0%|          | 25/5000 [01:39<5:37:53,  4.08s/it]  1%|          | 26/5000 [01:43<5:46:03,  4.17s/it]  1%|          | 27/5000 [01:47<5:34:55,  4.04s/it]  1%|          | 28/5000 [01:51<5:25:23,  3.93s/it]  1%|          | 29/5000 [01:54<5:20:48,  3.87s/it]  1%|          | 30/5000 [01:58<5:14:42,  3.80s/it]  1%|          | 31/5000 [02:02<5:14:02,  3.79s/it]  1%|          | 32/5000 [02:06<5:22:56,  3.90s/it]  1%|          | 33/5000 [02:11<5:40:21,  4.11s/it]  1%|          | 34/5000 [02:14<5:32:39,  4.02s/it]  1%|          | 34/5000 [02:18<5:37:55,  4.08s/it]
[I 2024-07-25 10:27:21,654] Trial 39 finished with value: 0.6518617404387941 and parameters: {'lr': 1e-05, 'l2': 0.001, 'bsize': 512, 'beta1': 0.20633360824997907}. Best is trial 13 with value: 0.6561202364268395.
AUC:  0.6518617404387941 LOGlOSS:  0.6603631940783274 test_AUC:  0.0 test_LOGlOSS:  10000.0
  0%|          | 0/5000 [00:00<?, ?it/s]  0%|          | 1/5000 [00:07<10:34:31,  7.62s/it]  0%|          | 2/5000 [00:14<10:21:00,  7.46s/it]  0%|          | 3/5000 [00:22<10:37:48,  7.66s/it]  0%|          | 4/5000 [00:30<10:31:33,  7.58s/it]  0%|          | 5/5000 [00:38<10:49:23,  7.80s/it]  0%|          | 6/5000 [00:47<11:10:00,  8.05s/it]  0%|          | 7/5000 [00:54<10:56:58,  7.89s/it]  0%|          | 8/5000 [01:01<10:42:41,  7.72s/it]  0%|          | 9/5000 [01:10<10:56:00,  7.89s/it]  0%|          | 10/5000 [01:17<10:43:54,  7.74s/it]  0%|          | 11/5000 [01:25<10:37:32,  7.67s/it]  0%|          | 11/5000 [01:32<11:40:17,  8.42s/it]
