nohup: ignoring input
2024-07-25 09:30:14.118965: I tensorflow/stream_executor/platform/default/dso_loader.cc:49] Successfully opened dynamic library libcudart.so.11.0
[I 2024-07-25 09:30:20,610] A new study created in memory with name: no-name-676a02a8-e82d-411c-9db7-3159152efc48
2024-07-25 09:30:20.719285: I tensorflow/compiler/jit/xla_cpu_device.cc:41] Not creating XLA devices, tf_xla_enable_xla_devices not set
2024-07-25 09:30:20.719464: I tensorflow/stream_executor/platform/default/dso_loader.cc:49] Successfully opened dynamic library libcuda.so.1
2024-07-25 09:30:20.720182: I tensorflow/core/common_runtime/gpu/gpu_device.cc:1720] Found device 0 with properties: 
pciBusID: 0000:20:00.0 name: Tesla V100-SXM2-32GB computeCapability: 7.0
coreClock: 1.53GHz coreCount: 80 deviceMemorySize: 31.74GiB deviceMemoryBandwidth: 836.37GiB/s
2024-07-25 09:30:20.720215: I tensorflow/stream_executor/platform/default/dso_loader.cc:49] Successfully opened dynamic library libcudart.so.11.0
2024-07-25 09:30:20.720299: I tensorflow/stream_executor/platform/default/dso_loader.cc:49] Successfully opened dynamic library libcublas.so.11
2024-07-25 09:30:20.720330: I tensorflow/stream_executor/platform/default/dso_loader.cc:49] Successfully opened dynamic library libcublasLt.so.11
2024-07-25 09:30:20.758936: I tensorflow/stream_executor/platform/default/dso_loader.cc:49] Successfully opened dynamic library libcufft.so.10
2024-07-25 09:30:20.759462: I tensorflow/stream_executor/platform/default/dso_loader.cc:49] Successfully opened dynamic library libcurand.so.10
2024-07-25 09:30:20.759616: W tensorflow/stream_executor/platform/default/dso_loader.cc:60] Could not load dynamic library 'libcusolver.so.10'; dlerror: libcusolver.so.10: cannot open shared object file: No such file or directory; LD_LIBRARY_PATH: /lib/x86_64-linux-gnu:/usr/lib/x86_64-linux-gnu::/usr/local/cuda-11.7/lib64
2024-07-25 09:30:20.760498: I tensorflow/stream_executor/platform/default/dso_loader.cc:49] Successfully opened dynamic library libcusparse.so.11
2024-07-25 09:30:20.760566: I tensorflow/stream_executor/platform/default/dso_loader.cc:49] Successfully opened dynamic library libcudnn.so.8
2024-07-25 09:30:20.760578: W tensorflow/core/common_runtime/gpu/gpu_device.cc:1757] Cannot dlopen some GPU libraries. Please make sure the missing libraries mentioned above are installed properly if you would like to use GPU. Follow the guide at https://www.tensorflow.org/install/gpu for how to download and setup the required libraries for your platform.
Skipping registering GPU devices...
2024-07-25 09:30:20.761146: I tensorflow/core/platform/cpu_feature_guard.cc:142] This TensorFlow binary is optimized with oneAPI Deep Neural Network Library (oneDNN) to use the following CPU instructions in performance-critical operations:  AVX512F
To enable them in other operations, rebuild TensorFlow with the appropriate compiler flags.
2024-07-25 09:30:20.764795: I tensorflow/compiler/jit/xla_gpu_device.cc:99] Not creating XLA devices, tf_xla_enable_xla_devices not set
2024-07-25 09:30:20.764838: I tensorflow/core/common_runtime/gpu/gpu_device.cc:1261] Device interconnect StreamExecutor with strength 1 edge matrix:
2024-07-25 09:30:20.764846: I tensorflow/core/common_runtime/gpu/gpu_device.cc:1267]      
2024-07-25 09:30:20.812791: I tensorflow/compiler/mlir/mlir_graph_optimization_pass.cc:116] None of the MLIR optimization passes are enabled (registered 2)
2024-07-25 09:30:20.832548: I tensorflow/core/platform/profile_utils/cpu_utils.cc:112] CPU Frequency: 2500000000 Hz
{'model_opt': {'latent_dim': 16, 'feat_num': 41388, 'field_num': 88, 'mlp_dropout': 0.0, 'use_bn': False, 'mlp_dims': [1024, 512, 256], 'cross': 3}, 'dataset': 'kuairand', 'model': 'dcn', 'data_dir': 'data/kuairand/threshold_2', 'cuda': 3, 'source': None}
==================================================
|         IDIPS-CTR: Set the random seed         |
==================================================

==================================================
|           IDIPS-CTR: Estimate pscore           |
==================================================

==================================================
|              IDIPS-CTR: Training               |
==================================================

######### tuner ###########
  0%|          | 0/5000 [00:00<?, ?it/s]  0%|          | 1/5000 [00:06<8:36:05,  6.19s/it]  0%|          | 2/5000 [00:11<7:59:01,  5.75s/it]  0%|          | 3/5000 [00:15<7:05:55,  5.11s/it]  0%|          | 4/5000 [00:19<6:28:39,  4.67s/it]  0%|          | 5/5000 [00:23<6:00:47,  4.33s/it]  0%|          | 6/5000 [00:27<5:46:24,  4.16s/it]  0%|          | 6/5000 [00:31<7:16:04,  5.24s/it]
[I 2024-07-25 09:31:00,531] Trial 0 finished with value: 0.6460693695983766 and parameters: {'lr': 0.0003, 'l2': 3e-05, 'bsize': 512, 'beta1': 0.09625800670452529}. Best is trial 0 with value: 0.6460693695983766.
AUC:  0.6460693695983766 LOGlOSS:  0.6383571476579465 test_AUC:  0.0 test_LOGlOSS:  10000.0
  0%|          | 0/5000 [00:00<?, ?it/s]  0%|          | 1/5000 [00:10<15:04:00, 10.85s/it]  0%|          | 2/5000 [00:18<12:14:32,  8.82s/it]  0%|          | 3/5000 [00:25<11:25:39,  8.23s/it]  0%|          | 4/5000 [00:33<10:55:07,  7.87s/it]  0%|          | 5/5000 [00:40<10:37:08,  7.65s/it]  0%|          | 6/5000 [00:50<11:53:42,  8.57s/it]  0%|          | 7/5000 [00:57<11:15:50,  8.12s/it]  0%|          | 8/5000 [01:05<11:05:19,  8.00s/it]  0%|          | 9/5000 [01:12<10:46:32,  7.77s/it]  0%|          | 10/5000 [01:20<10:40:54,  7.71s/it]  0%|          | 11/5000 [01:28<10:46:38,  7.78s/it]  0%|          | 12/5000 [01:37<11:12:10,  8.09s/it]  0%|          | 13/5000 [01:46<11:30:45,  8.31s/it]  0%|          | 14/5000 [01:53<11:09:06,  8.05s/it]  0%|          | 15/5000 [02:00<10:51:01,  7.84s/it]  0%|          | 16/5000 [02:11<11:54:43,  8.60s/it]  0%|          | 17/5000 [02:19<11:46:39,  8.51s/it]  0%|          | 18/5000 [02:30<12:45:19,  9.22s/it]  0%|          | 18/5000 [02:37<12:07:33,  8.76s/it]
[I 2024-07-25 09:33:45,396] Trial 1 finished with value: 0.6317537324396062 and parameters: {'lr': 1e-05, 'l2': 1e-06, 'bsize': 256, 'beta1': 0.7764913525398744}. Best is trial 0 with value: 0.6460693695983766.
AUC:  0.6317537324396062 LOGlOSS:  0.7024809106082132 test_AUC:  0.0 test_LOGlOSS:  10000.0
  0%|          | 0/5000 [00:00<?, ?it/s]  0%|          | 1/5000 [00:04<6:30:56,  4.69s/it]  0%|          | 2/5000 [00:09<6:19:05,  4.55s/it]  0%|          | 3/5000 [00:13<6:16:35,  4.52s/it]  0%|          | 4/5000 [00:17<6:06:00,  4.40s/it]  0%|          | 5/5000 [00:21<5:52:54,  4.24s/it]  0%|          | 6/5000 [00:25<5:39:48,  4.08s/it]  0%|          | 7/5000 [00:29<5:30:31,  3.97s/it]  0%|          | 8/5000 [00:33<5:37:16,  4.05s/it]  0%|          | 9/5000 [00:37<5:38:37,  4.07s/it]  0%|          | 10/5000 [00:41<5:36:41,  4.05s/it]  0%|          | 10/5000 [00:45<6:18:05,  4.55s/it]
[I 2024-07-25 09:34:37,614] Trial 2 finished with value: 0.6529138613200227 and parameters: {'lr': 3e-05, 'l2': 0.0003, 'bsize': 512, 'beta1': 0.1376370346783048}. Best is trial 2 with value: 0.6529138613200227.
AUC:  0.6529138613200227 LOGlOSS:  0.662571255091752 test_AUC:  0.0 test_LOGlOSS:  10000.0
  0%|          | 0/5000 [00:00<?, ?it/s]  0%|          | 1/5000 [00:02<3:01:54,  2.18s/it]  0%|          | 2/5000 [00:04<3:02:22,  2.19s/it]  0%|          | 3/5000 [00:06<3:16:18,  2.36s/it]  0%|          | 4/5000 [00:09<3:14:33,  2.34s/it]  0%|          | 5/5000 [00:11<3:12:01,  2.31s/it]  0%|          | 6/5000 [00:13<3:05:54,  2.23s/it]  0%|          | 7/5000 [00:15<3:09:51,  2.28s/it]  0%|          | 8/5000 [00:18<3:12:55,  2.32s/it]  0%|          | 9/5000 [00:20<3:12:41,  2.32s/it]  0%|          | 10/5000 [00:23<3:26:24,  2.48s/it]  0%|          | 11/5000 [00:26<3:44:21,  2.70s/it]  0%|          | 12/5000 [00:30<4:04:08,  2.94s/it]  0%|          | 13/5000 [00:32<3:45:33,  2.71s/it]  0%|          | 14/5000 [00:34<3:29:06,  2.52s/it]  0%|          | 15/5000 [00:36<3:20:29,  2.41s/it]  0%|          | 16/5000 [00:38<3:13:20,  2.33s/it]  0%|          | 17/5000 [00:40<3:08:37,  2.27s/it]  0%|          | 18/5000 [00:43<3:05:14,  2.23s/it]  0%|          | 19/5000 [00:45<3:03:59,  2.22s/it]  0%|          | 20/5000 [00:48<3:25:11,  2.47s/it]  0%|          | 21/5000 [00:51<3:47:37,  2.74s/it]  0%|          | 22/5000 [00:54<3:49:23,  2.76s/it]  0%|          | 22/5000 [00:56<3:33:45,  2.58s/it]
[I 2024-07-25 09:35:40,163] Trial 3 finished with value: 0.6497530859494052 and parameters: {'lr': 1e-05, 'l2': 3e-05, 'bsize': 1024, 'beta1': 0.14680112183512767}. Best is trial 2 with value: 0.6529138613200227.
AUC:  0.6497530859494052 LOGlOSS:  0.6709361213755786 test_AUC:  0.0 test_LOGlOSS:  10000.0
  0%|          | 0/5000 [00:00<?, ?it/s]  0%|          | 1/5000 [00:02<3:11:17,  2.30s/it]  0%|          | 2/5000 [00:04<3:13:09,  2.32s/it]  0%|          | 3/5000 [00:07<3:18:34,  2.38s/it]  0%|          | 4/5000 [00:09<3:19:52,  2.40s/it]  0%|          | 5/5000 [00:11<3:12:58,  2.32s/it]  0%|          | 6/5000 [00:13<3:11:25,  2.30s/it]  0%|          | 7/5000 [00:16<3:11:11,  2.30s/it]  0%|          | 8/5000 [00:18<3:07:02,  2.25s/it]  0%|          | 9/5000 [00:20<3:07:08,  2.25s/it]  0%|          | 10/5000 [00:24<3:38:07,  2.62s/it]  0%|          | 11/5000 [00:26<3:26:39,  2.49s/it]  0%|          | 12/5000 [00:28<3:14:54,  2.34s/it]  0%|          | 13/5000 [00:30<3:10:19,  2.29s/it]  0%|          | 14/5000 [00:32<3:04:37,  2.22s/it]  0%|          | 15/5000 [00:34<3:01:27,  2.18s/it]  0%|          | 16/5000 [00:36<3:00:13,  2.17s/it]  0%|          | 17/5000 [00:38<2:59:12,  2.16s/it]  0%|          | 18/5000 [00:40<2:57:25,  2.14s/it]  0%|          | 19/5000 [00:43<2:55:46,  2.12s/it]  0%|          | 20/5000 [00:45<2:56:53,  2.13s/it]  0%|          | 21/5000 [00:47<2:58:32,  2.15s/it]  0%|          | 22/5000 [00:49<2:58:36,  2.15s/it]  0%|          | 22/5000 [00:51<3:15:41,  2.36s/it]
[I 2024-07-25 09:36:37,918] Trial 4 finished with value: 0.6501781954528021 and parameters: {'lr': 1e-05, 'l2': 3e-05, 'bsize': 1024, 'beta1': 0.1275404417647016}. Best is trial 2 with value: 0.6529138613200227.
AUC:  0.6501781954528021 LOGlOSS:  0.6712539845525644 test_AUC:  0.0 test_LOGlOSS:  10000.0
  0%|          | 0/5000 [00:00<?, ?it/s]  0%|          | 1/5000 [00:06<8:25:29,  6.07s/it]  0%|          | 2/5000 [00:10<7:00:11,  5.04s/it]  0%|          | 3/5000 [00:14<6:21:56,  4.59s/it]  0%|          | 4/5000 [00:18<5:59:59,  4.32s/it]  0%|          | 5/5000 [00:22<5:47:04,  4.17s/it]  0%|          | 6/5000 [00:26<5:44:19,  4.14s/it]  0%|          | 7/5000 [00:30<5:41:47,  4.11s/it]  0%|          | 8/5000 [00:34<5:39:40,  4.08s/it]  0%|          | 9/5000 [00:38<5:44:42,  4.14s/it]  0%|          | 9/5000 [00:44<6:51:22,  4.95s/it]
[I 2024-07-25 09:37:27,878] Trial 5 finished with value: 0.6502415565440434 and parameters: {'lr': 3e-05, 'l2': 1e-05, 'bsize': 512, 'beta1': 0.19135944838704566}. Best is trial 2 with value: 0.6529138613200227.
AUC:  0.6502415565440434 LOGlOSS:  0.6650541235630644 test_AUC:  0.0 test_LOGlOSS:  10000.0
  0%|          | 0/5000 [00:00<?, ?it/s]  0%|          | 1/5000 [00:04<5:48:02,  4.18s/it]  0%|          | 2/5000 [00:08<6:14:14,  4.49s/it]  0%|          | 3/5000 [00:13<6:36:42,  4.76s/it]  0%|          | 4/5000 [00:18<6:30:56,  4.70s/it]  0%|          | 5/5000 [00:22<6:11:26,  4.46s/it]  0%|          | 6/5000 [00:26<6:02:16,  4.35s/it]  0%|          | 6/5000 [00:32<7:34:37,  5.46s/it]
[I 2024-07-25 09:38:09,069] Trial 6 finished with value: 0.6354292766732301 and parameters: {'lr': 0.0001, 'l2': 0.0001, 'bsize': 512, 'beta1': 0.8479445857464165}. Best is trial 2 with value: 0.6529138613200227.
AUC:  0.6354292766732301 LOGlOSS:  0.6133578098427298 test_AUC:  0.0 test_LOGlOSS:  10000.0
  0%|          | 0/5000 [00:00<?, ?it/s]  0%|          | 1/5000 [00:03<5:24:29,  3.89s/it]  0%|          | 2/5000 [00:07<5:18:45,  3.83s/it]  0%|          | 3/5000 [00:11<5:20:20,  3.85s/it]  0%|          | 4/5000 [00:15<5:19:42,  3.84s/it]  0%|          | 5/5000 [00:19<5:23:32,  3.89s/it]  0%|          | 6/5000 [00:23<5:37:08,  4.05s/it]  0%|          | 7/5000 [00:28<5:47:34,  4.18s/it]  0%|          | 8/5000 [00:32<5:42:40,  4.12s/it]  0%|          | 9/5000 [00:36<5:40:47,  4.10s/it]  0%|          | 10/5000 [00:39<5:32:02,  3.99s/it]  0%|          | 11/5000 [00:43<5:26:08,  3.92s/it]  0%|          | 12/5000 [00:47<5:19:49,  3.85s/it]  0%|          | 13/5000 [00:51<5:21:35,  3.87s/it]  0%|          | 14/5000 [00:55<5:23:05,  3.89s/it]  0%|          | 15/5000 [00:59<5:22:02,  3.88s/it]  0%|          | 16/5000 [01:02<5:22:01,  3.88s/it]  0%|          | 17/5000 [01:07<5:26:45,  3.93s/it]  0%|          | 18/5000 [01:11<5:30:46,  3.98s/it]  0%|          | 19/5000 [01:14<5:19:59,  3.85s/it]  0%|          | 19/5000 [01:18<5:41:50,  4.12s/it]
[I 2024-07-25 09:39:34,464] Trial 7 finished with value: 0.6453855914981972 and parameters: {'lr': 1e-05, 'l2': 3e-06, 'bsize': 512, 'beta1': 0.30855906850780385}. Best is trial 2 with value: 0.6529138613200227.
AUC:  0.6453855914981972 LOGlOSS:  0.666353937507864 test_AUC:  0.0 test_LOGlOSS:  10000.0
  0%|          | 0/5000 [00:00<?, ?it/s]  0%|          | 1/5000 [00:07<10:42:55,  7.72s/it]  0%|          | 2/5000 [00:15<10:28:22,  7.54s/it]  0%|          | 3/5000 [00:22<10:21:58,  7.47s/it]  0%|          | 4/5000 [00:29<10:16:09,  7.40s/it]  0%|          | 5/5000 [00:37<10:29:27,  7.56s/it]  0%|          | 6/5000 [00:47<11:30:56,  8.30s/it]  0%|          | 6/5000 [00:54<12:40:06,  9.13s/it]
[I 2024-07-25 09:40:35,376] Trial 8 finished with value: 0.6322831083905581 and parameters: {'lr': 0.001, 'l2': 1e-05, 'bsize': 256, 'beta1': 0.8930041214655153}. Best is trial 2 with value: 0.6529138613200227.
AUC:  0.6322831083905581 LOGlOSS:  0.6257344473040635 test_AUC:  0.0 test_LOGlOSS:  10000.0
  0%|          | 0/5000 [00:00<?, ?it/s]  0%|          | 1/5000 [00:10<14:49:06, 10.67s/it]  0%|          | 2/5000 [00:21<14:49:07, 10.67s/it]  0%|          | 3/5000 [00:31<14:45:58, 10.64s/it]  0%|          | 4/5000 [00:42<14:34:58, 10.51s/it]  0%|          | 5/5000 [00:52<14:26:34, 10.41s/it]  0%|          | 6/5000 [00:59<12:48:44,  9.24s/it]  0%|          | 7/5000 [01:06<11:41:14,  8.43s/it]  0%|          | 8/5000 [01:13<11:03:52,  7.98s/it]  0%|          | 9/5000 [01:24<12:29:38,  9.01s/it]  0%|          | 10/5000 [01:35<13:11:36,  9.52s/it]  0%|          | 11/5000 [01:45<13:42:28,  9.89s/it]  0%|          | 12/5000 [01:56<14:02:52, 10.14s/it]  0%|          | 12/5000 [02:07<14:42:42, 10.62s/it]
[I 2024-07-25 09:42:50,175] Trial 9 finished with value: 0.6549359238841537 and parameters: {'lr': 3e-05, 'l2': 0.001, 'bsize': 256, 'beta1': 0.07847532550058667}. Best is trial 9 with value: 0.6549359238841537.
AUC:  0.6549359238841537 LOGlOSS:  0.6570990138608211 test_AUC:  0.0 test_LOGlOSS:  10000.0
  0%|          | 0/5000 [00:00<?, ?it/s]  0%|          | 1/5000 [00:10<14:35:19, 10.51s/it]  0%|          | 2/5000 [00:21<14:46:06, 10.64s/it]  0%|          | 3/5000 [00:31<14:31:35, 10.47s/it]  0%|          | 4/5000 [00:41<14:29:39, 10.44s/it]  0%|          | 5/5000 [00:52<14:35:22, 10.51s/it]  0%|          | 6/5000 [01:03<14:39:55, 10.57s/it]  0%|          | 7/5000 [01:14<14:45:44, 10.64s/it]  0%|          | 8/5000 [01:24<14:36:22, 10.53s/it]  0%|          | 8/5000 [01:35<16:28:29, 11.88s/it]
[I 2024-07-25 09:44:33,011] Trial 10 finished with value: 0.6430908411537568 and parameters: {'lr': 3e-05, 'l2': 0.001, 'bsize': 256, 'beta1': 0.5388667442062374}. Best is trial 9 with value: 0.6549359238841537.
AUC:  0.6430908411537568 LOGlOSS:  0.6412473088641322 test_AUC:  0.0 test_LOGlOSS:  10000.0
  0%|          | 0/5000 [00:00<?, ?it/s]  0%|          | 1/5000 [00:10<14:58:39, 10.79s/it]  0%|          | 2/5000 [00:21<14:37:28, 10.53s/it]  0%|          | 3/5000 [00:32<14:57:21, 10.77s/it]  0%|          | 4/5000 [00:42<14:39:24, 10.56s/it]  0%|          | 5/5000 [00:52<14:28:09, 10.43s/it]  0%|          | 6/5000 [01:03<14:40:21, 10.58s/it]  0%|          | 7/5000 [01:12<13:54:17, 10.03s/it]  0%|          | 7/5000 [01:19<15:40:52, 11.31s/it]
[I 2024-07-25 09:45:58,324] Trial 11 finished with value: 0.647807378640079 and parameters: {'lr': 3e-05, 'l2': 0.0003, 'bsize': 256, 'beta1': 0.3643050712794767}. Best is trial 9 with value: 0.6549359238841537.
AUC:  0.647807378640079 LOGlOSS:  0.6289829444315048 test_AUC:  0.0 test_LOGlOSS:  10000.0
  0%|          | 0/5000 [00:00<?, ?it/s]  0%|          | 1/5000 [00:05<7:19:53,  5.28s/it]  0%|          | 2/5000 [00:10<7:21:50,  5.30s/it]  0%|          | 3/5000 [00:15<7:20:37,  5.29s/it]  0%|          | 4/5000 [00:21<7:18:28,  5.27s/it]  0%|          | 5/5000 [00:26<7:18:46,  5.27s/it]  0%|          | 6/5000 [00:31<7:17:26,  5.26s/it]  0%|          | 7/5000 [00:36<7:16:17,  5.24s/it]  0%|          | 8/5000 [00:42<7:19:50,  5.29s/it]  0%|          | 9/5000 [00:47<7:19:59,  5.29s/it]  0%|          | 9/5000 [00:52<8:08:51,  5.88s/it]
[I 2024-07-25 09:46:58,782] Trial 12 finished with value: 0.6435585985720038 and parameters: {'lr': 3e-05, 'l2': 0.001, 'bsize': 512, 'beta1': 0.49347009837323}. Best is trial 9 with value: 0.6549359238841537.
AUC:  0.6435585985720038 LOGlOSS:  0.6509741140606979 test_AUC:  0.0 test_LOGlOSS:  10000.0
  0%|          | 0/5000 [00:00<?, ?it/s]  0%|          | 1/5000 [00:10<15:05:16, 10.87s/it]  0%|          | 2/5000 [00:21<14:49:16, 10.68s/it]  0%|          | 3/5000 [00:32<14:47:15, 10.65s/it]  0%|          | 4/5000 [00:40<13:50:06,  9.97s/it]  0%|          | 5/5000 [00:47<12:16:39,  8.85s/it]  0%|          | 6/5000 [00:55<11:46:38,  8.49s/it]  0%|          | 7/5000 [01:06<12:44:33,  9.19s/it]  0%|          | 8/5000 [01:16<13:12:38,  9.53s/it]  0%|          | 9/5000 [01:26<13:32:22,  9.77s/it]  0%|          | 10/5000 [01:37<13:47:42,  9.95s/it]  0%|          | 11/5000 [01:47<13:56:44, 10.06s/it]  0%|          | 11/5000 [01:57<14:49:45, 10.70s/it]
[I 2024-07-25 09:49:03,976] Trial 13 finished with value: 0.6561202364268395 and parameters: {'lr': 3e-05, 'l2': 0.0003, 'bsize': 256, 'beta1': 0.010847269226432588}. Best is trial 13 with value: 0.6561202364268395.
AUC:  0.6561202364268395 LOGlOSS:  0.6609356596187453 test_AUC:  0.0 test_LOGlOSS:  10000.0
  0%|          | 0/5000 [00:00<?, ?it/s]  0%|          | 1/5000 [00:10<14:16:49, 10.28s/it]  0%|          | 2/5000 [00:20<14:15:16, 10.27s/it]  0%|          | 3/5000 [00:31<14:26:03, 10.40s/it]  0%|          | 4/5000 [00:41<14:36:47, 10.53s/it]  0%|          | 5/5000 [00:52<14:28:45, 10.44s/it]  0%|          | 6/5000 [01:02<14:25:48, 10.40s/it]  0%|          | 7/5000 [01:12<14:20:26, 10.34s/it]  0%|          | 7/5000 [01:22<16:25:09, 11.84s/it]
[I 2024-07-25 09:50:33,909] Trial 14 finished with value: 0.6533362735966619 and parameters: {'lr': 0.0001, 'l2': 0.0003, 'bsize': 256, 'beta1': 0.05387839681960737}. Best is trial 13 with value: 0.6561202364268395.
AUC:  0.6533362735966619 LOGlOSS:  0.6470925146689218 test_AUC:  0.0 test_LOGlOSS:  10000.0
  0%|          | 0/5000 [00:00<?, ?it/s]  0%|          | 1/5000 [00:09<13:13:07,  9.52s/it]  0%|          | 2/5000 [00:20<14:41:06, 10.58s/it]  0%|          | 3/5000 [00:28<12:36:35,  9.08s/it]  0%|          | 4/5000 [00:35<11:41:08,  8.42s/it]  0%|          | 5/5000 [00:43<11:19:18,  8.16s/it]  0%|          | 6/5000 [00:50<10:52:43,  7.84s/it]  0%|          | 7/5000 [00:59<11:16:39,  8.13s/it]  0%|          | 8/5000 [01:09<12:18:51,  8.88s/it]  0%|          | 9/5000 [01:19<12:54:10,  9.31s/it]  0%|          | 10/5000 [01:30<13:18:21,  9.60s/it]  0%|          | 11/5000 [01:40<13:33:19,  9.78s/it]  0%|          | 12/5000 [01:50<13:53:28, 10.03s/it]  0%|          | 13/5000 [02:01<14:00:41, 10.11s/it]  0%|          | 14/5000 [02:11<14:03:16, 10.15s/it]  0%|          | 15/5000 [02:21<14:07:27, 10.20s/it]  0%|          | 16/5000 [02:32<14:12:58, 10.27s/it]  0%|          | 17/5000 [02:41<13:56:15, 10.07s/it]  0%|          | 18/5000 [02:52<14:03:24, 10.16s/it]  0%|          | 19/5000 [03:03<14:33:03, 10.52s/it]  0%|          | 19/5000 [03:13<14:06:49, 10.20s/it]
[I 2024-07-25 09:53:53,770] Trial 15 finished with value: 0.6555832231301171 and parameters: {'lr': 0.0003, 'l2': 0.001, 'bsize': 256, 'beta1': 0.010642149918292827}. Best is trial 13 with value: 0.6561202364268395.
AUC:  0.6555832231301171 LOGlOSS:  0.6558836354684913 test_AUC:  0.0 test_LOGlOSS:  10000.0
  0%|          | 0/5000 [00:00<?, ?it/s]  0%|          | 1/5000 [00:12<16:40:10, 12.00s/it]  0%|          | 2/5000 [00:22<15:17:47, 11.02s/it]  0%|          | 3/5000 [00:31<14:22:36, 10.36s/it]  0%|          | 4/5000 [00:38<12:24:59,  8.95s/it]  0%|          | 5/5000 [00:45<11:20:14,  8.17s/it]  0%|          | 6/5000 [00:52<10:39:57,  7.69s/it]  0%|          | 6/5000 [01:00<13:59:27, 10.09s/it]
[I 2024-07-25 09:55:02,148] Trial 16 finished with value: 0.644026723737994 and parameters: {'lr': 0.0003, 'l2': 1e-06, 'bsize': 256, 'beta1': 0.28590786691188363}. Best is trial 13 with value: 0.6561202364268395.
AUC:  0.644026723737994 LOGlOSS:  0.6349406669186878 test_AUC:  0.0 test_LOGlOSS:  10000.0
  0%|          | 0/5000 [00:00<?, ?it/s]  0%|          | 1/5000 [00:06<9:38:50,  6.95s/it]  0%|          | 2/5000 [00:17<12:33:29,  9.05s/it]  0%|          | 3/5000 [00:27<13:25:53,  9.68s/it]  0%|          | 4/5000 [00:38<13:52:14,  9.99s/it]  0%|          | 5/5000 [00:48<14:10:28, 10.22s/it]  0%|          | 6/5000 [00:57<13:16:38,  9.57s/it]  0%|          | 6/5000 [01:04<15:00:13, 10.82s/it]
