[I 2024-07-25 15:14:23,792] Trial 43 finished with value: 0.7065149582085709 and parameters: {'lr': 0.0001, 'l2': 0.001, 'bsize': 1024, 'alpha1': 0.1}. Best is trial 14 with value: 0.707629020600957.
AUC:  0.7065149582085709 LOGlOSS:  0.5535147078839837 test_AUC:  0.0 test_LOGlOSS:  10000.0
  0%|          | 0/5000 [00:00<?, ?it/s]  0%|          | 1/5000 [00:09<12:36:26,  9.08s/it]  0%|          | 2/5000 [00:18<12:50:43,  9.25s/it]  0%|          | 3/5000 [00:27<12:32:22,  9.03s/it]  0%|          | 4/5000 [00:35<12:16:11,  8.84s/it]  0%|          | 5/5000 [00:44<12:24:36,  8.94s/it]  0%|          | 6/5000 [00:53<12:26:02,  8.96s/it]  0%|          | 7/5000 [01:02<12:23:15,  8.93s/it]  0%|          | 8/5000 [01:12<12:35:55,  9.09s/it]  0%|          | 9/5000 [01:21<12:33:36,  9.06s/it]  0%|          | 9/5000 [01:30<13:59:54, 10.10s/it]
[I 2024-07-25 15:16:04,364] Trial 44 finished with value: 0.7041481224189071 and parameters: {'lr': 0.0001, 'l2': 0.001, 'bsize': 256, 'alpha1': 0.1}. Best is trial 14 with value: 0.707629020600957.
AUC:  0.7041481224189071 LOGlOSS:  0.5873182499975217 test_AUC:  0.0 test_LOGlOSS:  10000.0
  0%|          | 0/5000 [00:00<?, ?it/s]  0%|          | 1/5000 [00:02<2:59:36,  2.16s/it]  0%|          | 2/5000 [00:04<3:10:14,  2.28s/it]  0%|          | 3/5000 [00:06<3:14:02,  2.33s/it]  0%|          | 4/5000 [00:09<3:21:13,  2.42s/it]  0%|          | 5/5000 [00:11<3:24:16,  2.45s/it]  0%|          | 6/5000 [00:14<3:27:39,  2.49s/it]  0%|          | 7/5000 [00:17<3:31:28,  2.54s/it]  0%|          | 8/5000 [00:19<3:30:16,  2.53s/it]  0%|          | 9/5000 [00:22<3:31:29,  2.54s/it]  0%|          | 10/5000 [00:24<3:28:43,  2.51s/it]  0%|          | 11/5000 [00:27<3:24:31,  2.46s/it]  0%|          | 12/5000 [00:29<3:24:51,  2.46s/it]  0%|          | 13/5000 [00:31<3:18:33,  2.39s/it]  0%|          | 14/5000 [00:34<3:20:32,  2.41s/it]  0%|          | 15/5000 [00:36<3:20:26,  2.41s/it]  0%|          | 16/5000 [00:38<3:16:04,  2.36s/it]  0%|          | 17/5000 [00:41<3:16:49,  2.37s/it]  0%|          | 18/5000 [00:43<3:12:51,  2.32s/it]  0%|          | 19/5000 [00:45<3:09:58,  2.29s/it]  0%|          | 20/5000 [00:47<3:09:28,  2.28s/it]  0%|          | 21/5000 [00:50<3:12:03,  2.31s/it]  0%|          | 22/5000 [00:52<3:12:55,  2.33s/it]  0%|          | 23/5000 [00:55<3:13:17,  2.33s/it]  0%|          | 24/5000 [00:57<3:08:30,  2.27s/it]  0%|          | 25/5000 [00:59<3:05:12,  2.23s/it]  1%|          | 26/5000 [01:01<3:02:01,  2.20s/it]  1%|          | 27/5000 [01:03<3:02:22,  2.20s/it]  1%|          | 28/5000 [01:05<3:00:53,  2.18s/it]  1%|          | 28/5000 [01:07<3:21:02,  2.43s/it]
[I 2024-07-25 15:17:21,789] Trial 45 finished with value: 0.7074739697889882 and parameters: {'lr': 1e-05, 'l2': 0.001, 'bsize': 1024, 'alpha1': 0.1}. Best is trial 14 with value: 0.707629020600957.
AUC:  0.7074739697889882 LOGlOSS:  0.5830295696261841 test_AUC:  0.0 test_LOGlOSS:  10000.0
  0%|          | 0/5000 [00:00<?, ?it/s]  0%|          | 1/5000 [00:02<3:17:10,  2.37s/it]  0%|          | 2/5000 [00:04<3:13:23,  2.32s/it]  0%|          | 3/5000 [00:07<3:16:56,  2.36s/it]  0%|          | 4/5000 [00:09<3:22:39,  2.43s/it]  0%|          | 5/5000 [00:12<3:27:47,  2.50s/it]  0%|          | 6/5000 [00:14<3:30:44,  2.53s/it]  0%|          | 7/5000 [00:17<3:29:24,  2.52s/it]  0%|          | 8/5000 [00:19<3:28:26,  2.51s/it]  0%|          | 9/5000 [00:22<3:24:22,  2.46s/it]  0%|          | 10/5000 [00:24<3:21:49,  2.43s/it]  0%|          | 11/5000 [00:27<3:24:25,  2.46s/it]  0%|          | 12/5000 [00:29<3:31:03,  2.54s/it]  0%|          | 13/5000 [00:32<3:29:13,  2.52s/it]  0%|          | 14/5000 [00:34<3:23:58,  2.45s/it]  0%|          | 15/5000 [00:37<3:25:49,  2.48s/it]  0%|          | 16/5000 [00:39<3:21:59,  2.43s/it]  0%|          | 17/5000 [00:41<3:26:18,  2.48s/it]  0%|          | 18/5000 [00:44<3:22:19,  2.44s/it]  0%|          | 19/5000 [00:46<3:27:51,  2.50s/it]  0%|          | 20/5000 [00:49<3:31:27,  2.55s/it]  0%|          | 21/5000 [00:52<3:29:24,  2.52s/it]  0%|          | 22/5000 [00:54<3:27:26,  2.50s/it]  0%|          | 23/5000 [00:57<3:29:13,  2.52s/it]  0%|          | 23/5000 [00:59<3:34:19,  2.58s/it]
[I 2024-07-25 15:18:29,623] Trial 46 finished with value: 0.7073973481323067 and parameters: {'lr': 1e-05, 'l2': 0.001, 'bsize': 1024, 'alpha1': 0.001}. Best is trial 14 with value: 0.707629020600957.
AUC:  0.7073973481323067 LOGlOSS:  0.5720863593468113 test_AUC:  0.0 test_LOGlOSS:  10000.0
  0%|          | 0/5000 [00:00<?, ?it/s]  0%|          | 1/5000 [00:08<12:06:42,  8.72s/it]  0%|          | 2/5000 [00:17<12:08:03,  8.74s/it]  0%|          | 3/5000 [00:26<12:11:10,  8.78s/it]  0%|          | 4/5000 [00:35<12:22:53,  8.92s/it]  0%|          | 5/5000 [00:44<12:27:50,  8.98s/it]  0%|          | 6/5000 [00:53<12:29:22,  9.00s/it]  0%|          | 7/5000 [01:01<12:12:03,  8.80s/it]  0%|          | 8/5000 [01:09<11:46:00,  8.49s/it]  0%|          | 9/5000 [01:19<12:07:59,  8.75s/it]  0%|          | 9/5000 [01:26<13:19:43,  9.61s/it]
[I 2024-07-25 15:20:05,137] Trial 47 finished with value: 0.6933247304894371 and parameters: {'lr': 1e-05, 'l2': 3e-05, 'bsize': 256, 'alpha1': 0.001}. Best is trial 14 with value: 0.707629020600957.
AUC:  0.6933247304894371 LOGlOSS:  0.5605375951055189 test_AUC:  0.0 test_LOGlOSS:  10000.0
  0%|          | 0/5000 [00:00<?, ?it/s]  0%|          | 1/5000 [00:04<6:07:30,  4.41s/it]  0%|          | 2/5000 [00:08<6:00:38,  4.33s/it]  0%|          | 3/5000 [00:12<5:55:44,  4.27s/it]  0%|          | 4/5000 [00:17<5:54:50,  4.26s/it]  0%|          | 5/5000 [00:21<6:06:13,  4.40s/it]  0%|          | 6/5000 [00:26<6:08:45,  4.43s/it]  0%|          | 7/5000 [00:30<6:07:23,  4.41s/it]  0%|          | 8/5000 [00:34<5:55:56,  4.28s/it]  0%|          | 9/5000 [00:38<5:51:18,  4.22s/it]  0%|          | 10/5000 [00:42<5:50:39,  4.22s/it]  0%|          | 11/5000 [00:46<5:42:39,  4.12s/it]  0%|          | 12/5000 [00:50<5:39:15,  4.08s/it]  0%|          | 13/5000 [00:54<5:41:14,  4.11s/it]  0%|          | 14/5000 [00:59<5:41:23,  4.11s/it]  0%|          | 14/5000 [01:03<6:16:10,  4.53s/it]
[I 2024-07-25 15:21:18,856] Trial 48 finished with value: 0.7065254807137248 and parameters: {'lr': 1e-05, 'l2': 0.001, 'bsize': 512, 'alpha1': 0.001}. Best is trial 14 with value: 0.707629020600957.
AUC:  0.7065254807137248 LOGlOSS:  0.563225959951421 test_AUC:  0.0 test_LOGlOSS:  10000.0
  0%|          | 0/5000 [00:00<?, ?it/s]  0%|          | 1/5000 [00:03<5:14:58,  3.78s/it]  0%|          | 2/5000 [00:07<5:24:46,  3.90s/it]  0%|          | 3/5000 [00:11<5:16:49,  3.80s/it]  0%|          | 4/5000 [00:15<5:16:40,  3.80s/it]  0%|          | 5/5000 [00:18<5:14:27,  3.78s/it]  0%|          | 6/5000 [00:22<5:12:12,  3.75s/it]  0%|          | 7/5000 [00:26<5:17:15,  3.81s/it]  0%|          | 8/5000 [00:30<5:12:24,  3.75s/it]  0%|          | 9/5000 [00:34<5:27:51,  3.94s/it]  0%|          | 10/5000 [00:38<5:36:20,  4.04s/it]  0%|          | 11/5000 [00:42<5:36:44,  4.05s/it]  0%|          | 12/5000 [00:47<5:43:59,  4.14s/it]  0%|          | 12/5000 [00:51<5:55:49,  4.28s/it]
[I 2024-07-25 15:22:18,220] Trial 49 finished with value: 0.7019362392931525 and parameters: {'lr': 1e-05, 'l2': 0.0001, 'bsize': 512, 'alpha1': 0.001}. Best is trial 14 with value: 0.707629020600957.
AUC:  0.7019362392931525 LOGlOSS:  0.5924891451108423 test_AUC:  0.0 test_LOGlOSS:  10000.0
  0%|          | 0/5000 [00:00<?, ?it/s]  0%|          | 1/5000 [00:04<5:36:46,  4.04s/it]  0%|          | 2/5000 [00:08<5:50:36,  4.21s/it]  0%|          | 3/5000 [00:12<5:50:32,  4.21s/it]  0%|          | 4/5000 [00:16<5:53:31,  4.25s/it]  0%|          | 5/5000 [00:20<5:45:23,  4.15s/it]  0%|          | 6/5000 [00:24<5:39:30,  4.08s/it]  0%|          | 7/5000 [00:29<5:44:13,  4.14s/it]  0%|          | 8/5000 [00:33<5:46:55,  4.17s/it]  0%|          | 9/5000 [00:37<5:44:49,  4.15s/it]  0%|          | 10/5000 [00:41<5:36:27,  4.05s/it]  0%|          | 11/5000 [00:45<5:32:18,  4.00s/it]  0%|          | 12/5000 [00:49<5:31:07,  3.98s/it]  0%|          | 13/5000 [00:52<5:29:23,  3.96s/it]  0%|          | 14/5000 [00:56<5:30:43,  3.98s/it]  0%|          | 14/5000 [01:01<6:02:41,  4.36s/it]
[I 2024-07-25 15:23:27,955] Trial 50 finished with value: 0.6974276849252143 and parameters: {'lr': 1e-05, 'l2': 1e-06, 'bsize': 512, 'alpha1': 0.001}. Best is trial 14 with value: 0.707629020600957.
AUC:  0.6974276849252143 LOGlOSS:  0.5778614753991086 test_AUC:  0.0 test_LOGlOSS:  10000.0
  0%|          | 0/5000 [00:00<?, ?it/s]  0%|          | 1/5000 [00:03<5:31:46,  3.98s/it]  0%|          | 2/5000 [00:08<5:39:12,  4.07s/it]  0%|          | 3/5000 [00:12<5:40:30,  4.09s/it]  0%|          | 4/5000 [00:16<5:34:01,  4.01s/it]  0%|          | 5/5000 [00:20<5:30:16,  3.97s/it]  0%|          | 6/5000 [00:23<5:30:40,  3.97s/it]  0%|          | 7/5000 [00:27<5:25:59,  3.92s/it]  0%|          | 8/5000 [00:31<5:29:36,  3.96s/it]  0%|          | 9/5000 [00:36<5:39:33,  4.08s/it]  0%|          | 10/5000 [00:40<5:38:22,  4.07s/it]  0%|          | 11/5000 [00:44<5:42:32,  4.12s/it]  0%|          | 12/5000 [00:48<5:51:15,  4.23s/it]  0%|          | 13/5000 [00:53<6:06:20,  4.41s/it]  0%|          | 14/5000 [00:58<6:15:49,  4.52s/it]  0%|          | 14/5000 [01:02<6:11:54,  4.48s/it]
[I 2024-07-25 15:24:38,510] Trial 51 finished with value: 0.7065254807137248 and parameters: {'lr': 1e-05, 'l2': 0.001, 'bsize': 512, 'alpha1': 0.001}. Best is trial 14 with value: 0.707629020600957.
AUC:  0.7065254807137248 LOGlOSS:  0.563225959951421 test_AUC:  0.0 test_LOGlOSS:  10000.0
  0%|          | 0/5000 [00:00<?, ?it/s]  0%|          | 1/5000 [00:04<5:42:42,  4.11s/it]  0%|          | 2/5000 [00:07<5:30:04,  3.96s/it]  0%|          | 3/5000 [00:12<5:39:36,  4.08s/it]  0%|          | 4/5000 [00:16<5:47:26,  4.17s/it]  0%|          | 5/5000 [00:20<5:42:51,  4.12s/it]  0%|          | 6/5000 [00:24<5:41:00,  4.10s/it]  0%|          | 7/5000 [00:28<5:36:22,  4.04s/it]  0%|          | 8/5000 [00:32<5:37:10,  4.05s/it]  0%|          | 9/5000 [00:36<5:34:37,  4.02s/it]  0%|          | 10/5000 [00:40<5:25:01,  3.91s/it]  0%|          | 11/5000 [00:43<5:21:07,  3.86s/it]  0%|          | 12/5000 [00:47<5:18:49,  3.84s/it]  0%|          | 13/5000 [00:51<5:21:02,  3.86s/it]  0%|          | 14/5000 [00:55<5:26:44,  3.93s/it]  0%|          | 14/5000 [00:59<5:54:05,  4.26s/it]
[I 2024-07-25 15:25:46,069] Trial 52 finished with value: 0.7065254807137248 and parameters: {'lr': 1e-05, 'l2': 0.001, 'bsize': 512, 'alpha1': 0.001}. Best is trial 14 with value: 0.707629020600957.
AUC:  0.7065254807137248 LOGlOSS:  0.563225959951421 test_AUC:  0.0 test_LOGlOSS:  10000.0
  0%|          | 0/5000 [00:00<?, ?it/s]  0%|          | 1/5000 [00:03<5:27:17,  3.93s/it]  0%|          | 2/5000 [00:07<5:11:57,  3.75s/it]  0%|          | 3/5000 [00:11<5:14:45,  3.78s/it]  0%|          | 4/5000 [00:15<5:16:36,  3.80s/it]  0%|          | 5/5000 [00:19<5:21:28,  3.86s/it]  0%|          | 6/5000 [00:23<5:21:14,  3.86s/it]  0%|          | 7/5000 [00:26<5:20:52,  3.86s/it]  0%|          | 8/5000 [00:31<5:30:30,  3.97s/it]  0%|          | 9/5000 [00:35<5:40:46,  4.10s/it]  0%|          | 10/5000 [00:39<5:49:26,  4.20s/it]  0%|          | 11/5000 [00:44<5:51:50,  4.23s/it]  0%|          | 12/5000 [00:48<6:01:20,  4.35s/it]  0%|          | 13/5000 [00:52<5:57:11,  4.30s/it]  0%|          | 14/5000 [00:56<5:45:30,  4.16s/it]  0%|          | 14/5000 [01:00<6:00:47,  4.34s/it]
[I 2024-07-25 15:26:54,980] Trial 53 finished with value: 0.7065254807137248 and parameters: {'lr': 1e-05, 'l2': 0.001, 'bsize': 512, 'alpha1': 0.001}. Best is trial 14 with value: 0.707629020600957.
AUC:  0.7065254807137248 LOGlOSS:  0.563225959951421 test_AUC:  0.0 test_LOGlOSS:  10000.0
  0%|          | 0/5000 [00:00<?, ?it/s]  0%|          | 1/5000 [00:04<5:53:21,  4.24s/it]  0%|          | 2/5000 [00:08<5:40:17,  4.09s/it]  0%|          | 3/5000 [00:12<5:36:38,  4.04s/it]  0%|          | 4/5000 [00:16<5:39:41,  4.08s/it]  0%|          | 5/5000 [00:20<5:54:38,  4.26s/it]  0%|          | 6/5000 [00:24<5:48:02,  4.18s/it]  0%|          | 7/5000 [00:29<5:48:20,  4.19s/it]  0%|          | 8/5000 [00:32<5:38:50,  4.07s/it]  0%|          | 9/5000 [00:36<5:30:20,  3.97s/it]  0%|          | 10/5000 [00:40<5:21:13,  3.86s/it]  0%|          | 11/5000 [00:43<5:12:42,  3.76s/it]  0%|          | 12/5000 [00:47<5:12:39,  3.76s/it]  0%|          | 13/5000 [00:51<5:12:31,  3.76s/it]  0%|          | 14/5000 [00:55<5:09:37,  3.73s/it]  0%|          | 14/5000 [00:58<5:48:33,  4.19s/it]
[I 2024-07-25 15:28:01,838] Trial 54 finished with value: 0.7065254807137248 and parameters: {'lr': 1e-05, 'l2': 0.001, 'bsize': 512, 'alpha1': 0.001}. Best is trial 14 with value: 0.707629020600957.
AUC:  0.7065254807137248 LOGlOSS:  0.563225959951421 test_AUC:  0.0 test_LOGlOSS:  10000.0
  0%|          | 0/5000 [00:00<?, ?it/s]  0%|          | 1/5000 [00:03<5:08:22,  3.70s/it]  0%|          | 2/5000 [00:07<5:06:45,  3.68s/it]  0%|          | 3/5000 [00:11<5:10:24,  3.73s/it]  0%|          | 4/5000 [00:15<5:23:26,  3.88s/it]  0%|          | 5/5000 [00:19<5:19:33,  3.84s/it]  0%|          | 6/5000 [00:22<5:17:32,  3.82s/it]  0%|          | 7/5000 [00:26<5:25:40,  3.91s/it]  0%|          | 8/5000 [00:30<5:28:47,  3.95s/it]  0%|          | 9/5000 [00:34<5:26:15,  3.92s/it]  0%|          | 10/5000 [00:39<5:36:49,  4.05s/it]  0%|          | 11/5000 [00:43<5:47:30,  4.18s/it]  0%|          | 12/5000 [00:47<5:51:07,  4.22s/it]  0%|          | 13/5000 [00:52<5:56:31,  4.29s/it]  0%|          | 14/5000 [00:56<6:00:41,  4.34s/it]  0%|          | 14/5000 [01:01<6:03:56,  4.38s/it]
[I 2024-07-25 15:29:11,207] Trial 55 finished with value: 0.7065254807137248 and parameters: {'lr': 1e-05, 'l2': 0.001, 'bsize': 512, 'alpha1': 0.001}. Best is trial 14 with value: 0.707629020600957.
AUC:  0.7065254807137248 LOGlOSS:  0.563225959951421 test_AUC:  0.0 test_LOGlOSS:  10000.0
  0%|          | 0/5000 [00:00<?, ?it/s]  0%|          | 1/5000 [00:04<5:46:16,  4.16s/it]  0%|          | 2/5000 [00:08<5:58:39,  4.31s/it]  0%|          | 3/5000 [00:12<5:54:46,  4.26s/it]  0%|          | 4/5000 [00:17<5:56:12,  4.28s/it]  0%|          | 5/5000 [00:21<5:56:54,  4.29s/it]  0%|          | 6/5000 [00:25<5:50:05,  4.21s/it]  0%|          | 7/5000 [00:29<5:42:08,  4.11s/it]  0%|          | 8/5000 [00:33<5:41:24,  4.10s/it]  0%|          | 9/5000 [00:37<5:38:47,  4.07s/it]  0%|          | 10/5000 [00:41<5:30:33,  3.97s/it]  0%|          | 11/5000 [00:45<5:26:55,  3.93s/it]  0%|          | 12/5000 [00:48<5:27:03,  3.93s/it]  0%|          | 13/5000 [00:52<5:26:48,  3.93s/it]  0%|          | 14/5000 [00:56<5:28:12,  3.95s/it]  0%|          | 14/5000 [01:00<6:01:41,  4.35s/it]
[I 2024-07-25 15:30:20,324] Trial 56 finished with value: 0.7065254807137248 and parameters: {'lr': 1e-05, 'l2': 0.001, 'bsize': 512, 'alpha1': 0.001}. Best is trial 14 with value: 0.707629020600957.
AUC:  0.7065254807137248 LOGlOSS:  0.563225959951421 test_AUC:  0.0 test_LOGlOSS:  10000.0
  0%|          | 0/5000 [00:00<?, ?it/s]  0%|          | 1/5000 [00:04<5:38:17,  4.06s/it]  0%|          | 2/5000 [00:08<5:35:23,  4.03s/it]  0%|          | 3/5000 [00:12<5:40:38,  4.09s/it]  0%|          | 4/5000 [00:16<5:44:14,  4.13s/it]  0%|          | 5/5000 [00:20<5:40:01,  4.08s/it]  0%|          | 6/5000 [00:24<5:33:35,  4.01s/it]  0%|          | 7/5000 [00:28<5:30:44,  3.97s/it]  0%|          | 8/5000 [00:31<5:21:43,  3.87s/it]  0%|          | 9/5000 [00:35<5:17:21,  3.82s/it]  0%|          | 10/5000 [00:39<5:17:38,  3.82s/it]  0%|          | 11/5000 [00:43<5:13:46,  3.77s/it]  0%|          | 11/5000 [00:46<5:54:12,  4.26s/it]
[I 2024-07-25 15:31:15,041] Trial 57 finished with value: 0.6879332093626747 and parameters: {'lr': 1e-05, 'l2': 1e-05, 'bsize': 512, 'alpha1': 0.0001}. Best is trial 14 with value: 0.707629020600957.
AUC:  0.6879332093626747 LOGlOSS:  0.5772448741624102 test_AUC:  0.0 test_LOGlOSS:  10000.0
  0%|          | 0/5000 [00:00<?, ?it/s]  0%|          | 1/5000 [00:09<13:21:24,  9.62s/it]  0%|          | 2/5000 [00:18<12:58:47,  9.35s/it]  0%|          | 3/5000 [00:27<12:51:00,  9.26s/it]  0%|          | 4/5000 [00:36<12:18:55,  8.87s/it]  0%|          | 5/5000 [00:44<12:08:38,  8.75s/it]  0%|          | 6/5000 [00:53<12:17:24,  8.86s/it]  0%|          | 7/5000 [01:02<12:21:33,  8.91s/it]  0%|          | 8/5000 [01:12<12:36:39,  9.09s/it]  0%|          | 9/5000 [01:21<12:28:11,  8.99s/it]  0%|          | 9/5000 [01:30<13:55:34, 10.05s/it]
[I 2024-07-25 15:32:53,633] Trial 58 finished with value: 0.7010776112852909 and parameters: {'lr': 1e-05, 'l2': 0.001, 'bsize': 256, 'alpha1': 0.001}. Best is trial 14 with value: 0.707629020600957.
AUC:  0.7010776112852909 LOGlOSS:  0.5517978204237312 test_AUC:  0.0 test_LOGlOSS:  10000.0
  0%|          | 0/5000 [00:00<?, ?it/s]  0%|          | 1/5000 [00:03<5:09:08,  3.71s/it]  0%|          | 2/5000 [00:07<5:22:44,  3.87s/it]  0%|          | 3/5000 [00:11<5:22:29,  3.87s/it]  0%|          | 4/5000 [00:15<5:29:46,  3.96s/it]  0%|          | 5/5000 [00:20<5:46:43,  4.16s/it]  0%|          | 6/5000 [00:24<5:59:40,  4.32s/it]  0%|          | 7/5000 [00:29<6:09:35,  4.44s/it]  0%|          | 7/5000 [00:33<6:36:51,  4.77s/it]
[I 2024-07-25 15:33:35,107] Trial 59 finished with value: 0.6840376922043172 and parameters: {'lr': 3e-05, 'l2': 3e-06, 'bsize': 512, 'alpha1': 1e-05}. Best is trial 14 with value: 0.707629020600957.
AUC:  0.6840376922043172 LOGlOSS:  0.5845312840087746 test_AUC:  0.0 test_LOGlOSS:  10000.0
  0%|          | 0/5000 [00:00<?, ?it/s]  0%|          | 1/5000 [00:04<5:42:13,  4.11s/it]  0%|          | 2/5000 [00:08<5:43:07,  4.12s/it]  0%|          | 3/5000 [00:12<5:37:12,  4.05s/it]  0%|          | 4/5000 [00:15<5:26:17,  3.92s/it]  0%|          | 5/5000 [00:19<5:25:53,  3.91s/it]  0%|          | 6/5000 [00:23<5:28:10,  3.94s/it]  0%|          | 7/5000 [00:27<5:23:34,  3.89s/it]  0%|          | 8/5000 [00:31<5:23:36,  3.89s/it]  0%|          | 9/5000 [00:35<5:27:03,  3.93s/it]  0%|          | 10/5000 [00:39<5:31:46,  3.99s/it]  0%|          | 11/5000 [00:43<5:36:57,  4.05s/it]  0%|          | 12/5000 [00:47<5:35:55,  4.04s/it]  0%|          | 12/5000 [00:51<5:56:51,  4.29s/it]
[I 2024-07-25 15:34:35,546] Trial 60 finished with value: 0.7041716631941654 and parameters: {'lr': 1e-05, 'l2': 0.0003, 'bsize': 512, 'alpha1': 0.001}. Best is trial 14 with value: 0.707629020600957.
AUC:  0.7041716631941654 LOGlOSS:  0.5918760458758421 test_AUC:  0.0 test_LOGlOSS:  10000.0
  0%|          | 0/5000 [00:00<?, ?it/s]  0%|          | 1/5000 [00:03<5:05:23,  3.67s/it]  0%|          | 2/5000 [00:07<4:58:25,  3.58s/it]  0%|          | 3/5000 [00:10<5:01:33,  3.62s/it]  0%|          | 4/5000 [00:14<5:05:40,  3.67s/it]  0%|          | 5/5000 [00:18<5:11:56,  3.75s/it]  0%|          | 6/5000 [00:22<5:22:33,  3.88s/it]  0%|          | 7/5000 [00:26<5:19:20,  3.84s/it]  0%|          | 8/5000 [00:30<5:14:36,  3.78s/it]  0%|          | 9/5000 [00:33<5:16:58,  3.81s/it]  0%|          | 10/5000 [00:38<5:26:59,  3.93s/it]  0%|          | 11/5000 [00:42<5:35:12,  4.03s/it]  0%|          | 12/5000 [00:46<5:32:42,  4.00s/it]  0%|          | 13/5000 [00:49<5:22:33,  3.88s/it]  0%|          | 14/5000 [00:53<5:18:22,  3.83s/it]  0%|          | 14/5000 [00:57<5:42:18,  4.12s/it]
[I 2024-07-25 15:35:41,070] Trial 61 finished with value: 0.7065254807137248 and parameters: {'lr': 1e-05, 'l2': 0.001, 'bsize': 512, 'alpha1': 0.001}. Best is trial 14 with value: 0.707629020600957.
AUC:  0.7065254807137248 LOGlOSS:  0.563225959951421 test_AUC:  0.0 test_LOGlOSS:  10000.0
  0%|          | 0/5000 [00:00<?, ?it/s]  0%|          | 1/5000 [00:03<5:23:41,  3.89s/it]  0%|          | 2/5000 [00:07<5:27:03,  3.93s/it]  0%|          | 3/5000 [00:11<5:31:47,  3.98s/it]  0%|          | 4/5000 [00:15<5:32:34,  3.99s/it]  0%|          | 5/5000 [00:19<5:28:55,  3.95s/it]  0%|          | 6/5000 [00:23<5:34:17,  4.02s/it]  0%|          | 7/5000 [00:27<5:33:07,  4.00s/it]  0%|          | 8/5000 [00:31<5:26:07,  3.92s/it]  0%|          | 9/5000 [00:35<5:19:51,  3.85s/it]  0%|          | 10/5000 [00:39<5:19:06,  3.84s/it]  0%|          | 11/5000 [00:43<5:21:12,  3.86s/it]  0%|          | 12/5000 [00:47<5:27:24,  3.94s/it]  0%|          | 13/5000 [00:50<5:22:31,  3.88s/it]  0%|          | 14/5000 [00:54<5:25:45,  3.92s/it]  0%|          | 14/5000 [00:58<5:49:19,  4.20s/it]
[I 2024-07-25 15:36:47,774] Trial 62 finished with value: 0.7065254807137248 and parameters: {'lr': 1e-05, 'l2': 0.001, 'bsize': 512, 'alpha1': 0.001}. Best is trial 14 with value: 0.707629020600957.
AUC:  0.7065254807137248 LOGlOSS:  0.563225959951421 test_AUC:  0.0 test_LOGlOSS:  10000.0
  0%|          | 0/5000 [00:00<?, ?it/s]  0%|          | 1/5000 [00:03<4:57:08,  3.57s/it]  0%|          | 2/5000 [00:07<5:11:13,  3.74s/it]  0%|          | 3/5000 [00:11<5:13:27,  3.76s/it]  0%|          | 4/5000 [00:14<5:12:22,  3.75s/it]  0%|          | 5/5000 [00:18<5:18:21,  3.82s/it]  0%|          | 6/5000 [00:23<5:26:56,  3.93s/it]  0%|          | 7/5000 [00:27<5:31:16,  3.98s/it]  0%|          | 8/5000 [00:31<5:30:29,  3.97s/it]  0%|          | 9/5000 [00:34<5:22:53,  3.88s/it]  0%|          | 10/5000 [00:38<5:16:42,  3.81s/it]  0%|          | 11/5000 [00:41<5:09:32,  3.72s/it]  0%|          | 12/5000 [00:45<5:07:48,  3.70s/it]  0%|          | 13/5000 [00:49<5:14:34,  3.78s/it]  0%|          | 14/5000 [00:53<5:26:13,  3.93s/it]  0%|          | 14/5000 [00:57<5:41:24,  4.11s/it]
