[I 2024-07-26 08:25:55,242] Trial 129 finished with value: 0.7064635416624183 and parameters: {'lr': 0.0001, 'l2': 3e-06, 'bsize': 256, 'alpha1': 0.09546137293209744, 'alpha2': 0.1}. Best is trial 25 with value: 0.7101646954060958.
AUC:  0.7064635416624183 LOGlOSS:  0.4288569381656379 test_AUC:  0.0 test_LOGlOSS:  10000.0
  0%|          | 0/5000 [00:00<?, ?it/s]  0%|          | 1/5000 [00:38<54:01:16, 38.90s/it]  0%|          | 2/5000 [01:17<53:26:42, 38.50s/it]  0%|          | 3/5000 [01:55<53:25:06, 38.48s/it]  0%|          | 4/5000 [02:33<52:53:33, 38.11s/it]  0%|          | 5/5000 [03:11<53:04:47, 38.26s/it]  0%|          | 6/5000 [03:49<52:39:05, 37.95s/it]  0%|          | 7/5000 [04:27<52:41:17, 37.99s/it]  0%|          | 8/5000 [05:05<52:44:10, 38.03s/it]  0%|          | 9/5000 [05:42<52:12:24, 37.66s/it]  0%|          | 10/5000 [06:21<52:58:24, 38.22s/it]  0%|          | 11/5000 [06:59<52:57:58, 38.22s/it]  0%|          | 12/5000 [07:37<52:36:59, 37.97s/it]  0%|          | 13/5000 [08:15<52:41:50, 38.04s/it]  0%|          | 14/5000 [08:53<52:38:12, 38.00s/it]  0%|          | 15/5000 [09:26<50:48:01, 36.69s/it]  0%|          | 16/5000 [10:03<50:55:36, 36.79s/it]  0%|          | 17/5000 [10:41<51:20:11, 37.09s/it]  0%|          | 18/5000 [11:19<51:41:29, 37.35s/it]  0%|          | 19/5000 [11:57<51:47:29, 37.43s/it]  0%|          | 20/5000 [12:34<51:51:55, 37.49s/it]  0%|          | 21/5000 [13:12<52:02:57, 37.63s/it]  0%|          | 21/5000 [13:48<54:34:39, 39.46s/it]
[I 2024-07-26 08:39:54,877] Trial 130 finished with value: 0.7058270854402101 and parameters: {'lr': 0.0001, 'l2': 0.001, 'bsize': 256, 'alpha1': 0.09861251665504099, 'alpha2': 0.6}. Best is trial 25 with value: 0.7101646954060958.
AUC:  0.7058270854402101 LOGlOSS:  0.4434483709291484 test_AUC:  0.0 test_LOGlOSS:  10000.0
  0%|          | 0/5000 [00:00<?, ?it/s]  0%|          | 1/5000 [00:36<50:08:43, 36.11s/it]  0%|          | 2/5000 [01:12<50:07:43, 36.11s/it]  0%|          | 3/5000 [01:48<50:02:13, 36.05s/it]  0%|          | 4/5000 [02:24<50:00:26, 36.03s/it]  0%|          | 5/5000 [03:01<50:39:04, 36.51s/it]  0%|          | 6/5000 [03:37<50:35:30, 36.47s/it]  0%|          | 7/5000 [04:14<50:30:13, 36.41s/it]  0%|          | 8/5000 [04:50<50:29:45, 36.42s/it]  0%|          | 9/5000 [05:27<50:28:17, 36.40s/it]  0%|          | 10/5000 [06:03<50:21:15, 36.33s/it]  0%|          | 11/5000 [06:39<50:15:44, 36.27s/it]  0%|          | 12/5000 [07:15<50:07:28, 36.18s/it]  0%|          | 13/5000 [07:51<50:13:02, 36.25s/it]  0%|          | 14/5000 [08:27<50:08:15, 36.20s/it]  0%|          | 15/5000 [09:03<50:00:34, 36.12s/it]  0%|          | 16/5000 [09:39<49:55:26, 36.06s/it]  0%|          | 17/5000 [10:15<49:59:10, 36.11s/it]  0%|          | 18/5000 [10:51<49:47:28, 35.98s/it]  0%|          | 18/5000 [11:20<52:17:39, 37.79s/it]
[I 2024-07-26 08:51:27,998] Trial 131 finished with value: 0.7098947264992339 and parameters: {'lr': 0.0001, 'l2': 0.001, 'bsize': 256, 'alpha1': 0.09840119025869634, 'alpha2': 0.1}. Best is trial 25 with value: 0.7101646954060958.
AUC:  0.7098947264992339 LOGlOSS:  0.4313019628451072 test_AUC:  0.0 test_LOGlOSS:  10000.0
  0%|          | 0/5000 [00:00<?, ?it/s]  0%|          | 1/5000 [00:35<49:15:53, 35.48s/it]  0%|          | 2/5000 [01:11<49:44:17, 35.83s/it]  0%|          | 3/5000 [01:48<50:32:44, 36.41s/it]  0%|          | 4/5000 [02:25<50:58:43, 36.73s/it]  0%|          | 5/5000 [03:02<51:01:56, 36.78s/it]  0%|          | 6/5000 [03:37<50:17:08, 36.25s/it]  0%|          | 7/5000 [04:14<50:14:47, 36.23s/it]  0%|          | 8/5000 [04:50<50:13:02, 36.21s/it]  0%|          | 9/5000 [05:26<50:13:37, 36.23s/it]  0%|          | 10/5000 [06:03<50:22:38, 36.34s/it]  0%|          | 11/5000 [06:39<50:22:15, 36.35s/it]  0%|          | 12/5000 [07:15<50:23:28, 36.37s/it]  0%|          | 13/5000 [07:52<50:20:23, 36.34s/it]  0%|          | 14/5000 [08:28<50:15:13, 36.28s/it]  0%|          | 15/5000 [09:04<50:11:41, 36.25s/it]  0%|          | 16/5000 [09:40<50:08:40, 36.22s/it]  0%|          | 17/5000 [10:16<50:03:54, 36.17s/it]  0%|          | 18/5000 [10:52<50:01:36, 36.15s/it]  0%|          | 19/5000 [11:29<50:03:11, 36.18s/it]  0%|          | 20/5000 [12:05<50:04:07, 36.19s/it]  0%|          | 21/5000 [12:41<49:56:28, 36.11s/it]  0%|          | 22/5000 [13:15<49:19:07, 35.67s/it]  0%|          | 22/5000 [13:50<52:13:33, 37.77s/it]
[I 2024-07-26 09:05:29,524] Trial 132 finished with value: 0.7078603110547277 and parameters: {'lr': 0.0001, 'l2': 0.001, 'bsize': 256, 'alpha1': 0.04558269598032119, 'alpha2': 0.1}. Best is trial 25 with value: 0.7101646954060958.
AUC:  0.7078603110547277 LOGlOSS:  0.4350522172472188 test_AUC:  0.0 test_LOGlOSS:  10000.0
  0%|          | 0/5000 [00:00<?, ?it/s]  0%|          | 1/5000 [00:35<49:45:28, 35.83s/it]  0%|          | 2/5000 [01:11<49:25:44, 35.60s/it]  0%|          | 3/5000 [01:41<45:49:22, 33.01s/it]  0%|          | 4/5000 [02:06<41:46:35, 30.10s/it]  0%|          | 5/5000 [02:34<40:42:21, 29.34s/it]  0%|          | 6/5000 [03:04<41:04:53, 29.61s/it]  0%|          | 7/5000 [03:43<45:02:07, 32.47s/it]  0%|          | 8/5000 [04:21<47:32:17, 34.28s/it]  0%|          | 9/5000 [04:59<49:08:38, 35.45s/it]  0%|          | 10/5000 [05:37<50:15:16, 36.26s/it]  0%|          | 11/5000 [06:09<48:35:12, 35.06s/it]  0%|          | 12/5000 [06:48<49:54:14, 36.02s/it]  0%|          | 13/5000 [07:26<50:50:48, 36.71s/it]  0%|          | 14/5000 [08:04<51:32:37, 37.22s/it]  0%|          | 15/5000 [08:43<52:00:41, 37.56s/it]  0%|          | 16/5000 [09:21<52:14:18, 37.73s/it]  0%|          | 17/5000 [09:57<51:38:51, 37.31s/it]  0%|          | 18/5000 [10:35<51:43:34, 37.38s/it]  0%|          | 19/5000 [11:13<51:58:23, 37.56s/it]  0%|          | 19/5000 [11:52<51:52:26, 37.49s/it]
[I 2024-07-26 09:17:34,469] Trial 133 finished with value: 0.7097350282905363 and parameters: {'lr': 0.0001, 'l2': 0.001, 'bsize': 256, 'alpha1': 0.09443267208739958, 'alpha2': 0.1}. Best is trial 25 with value: 0.7101646954060958.
AUC:  0.7097350282905363 LOGlOSS:  0.431776080653301 test_AUC:  0.0 test_LOGlOSS:  10000.0
  0%|          | 0/5000 [00:00<?, ?it/s]  0%|          | 1/5000 [00:38<52:50:45, 38.06s/it]  0%|          | 2/5000 [01:16<52:48:30, 38.04s/it]  0%|          | 3/5000 [01:52<51:46:44, 37.30s/it]  0%|          | 4/5000 [02:28<50:47:45, 36.60s/it]  0%|          | 5/5000 [03:05<51:07:34, 36.85s/it]  0%|          | 6/5000 [03:39<49:43:50, 35.85s/it]  0%|          | 7/5000 [04:14<49:17:25, 35.54s/it]  0%|          | 8/5000 [04:46<48:05:27, 34.68s/it]  0%|          | 9/5000 [05:20<47:33:13, 34.30s/it]  0%|          | 10/5000 [05:53<47:02:49, 33.94s/it]  0%|          | 11/5000 [06:26<46:44:51, 33.73s/it]  0%|          | 12/5000 [07:00<46:37:03, 33.65s/it]  0%|          | 13/5000 [07:33<46:25:18, 33.51s/it]  0%|          | 14/5000 [08:06<46:15:45, 33.40s/it]  0%|          | 15/5000 [08:39<46:13:33, 33.38s/it]  0%|          | 16/5000 [09:15<46:54:36, 33.88s/it]  0%|          | 17/5000 [09:49<47:04:40, 34.01s/it]  0%|          | 18/5000 [10:22<46:47:40, 33.81s/it]  0%|          | 18/5000 [10:55<50:25:35, 36.44s/it]
[I 2024-07-26 09:28:40,209] Trial 134 finished with value: 0.7098964186308223 and parameters: {'lr': 0.0001, 'l2': 0.001, 'bsize': 256, 'alpha1': 0.09851818603156094, 'alpha2': 0.1}. Best is trial 25 with value: 0.7101646954060958.
AUC:  0.7098964186308223 LOGlOSS:  0.4313004924192631 test_AUC:  0.0 test_LOGlOSS:  10000.0
  0%|          | 0/5000 [00:00<?, ?it/s]  0%|          | 1/5000 [00:34<47:20:35, 34.09s/it]  0%|          | 2/5000 [01:07<46:32:33, 33.52s/it]  0%|          | 3/5000 [01:40<46:40:11, 33.62s/it]  0%|          | 4/5000 [02:13<46:12:28, 33.30s/it]  0%|          | 5/5000 [02:46<45:57:27, 33.12s/it]  0%|          | 6/5000 [03:19<45:50:17, 33.04s/it]  0%|          | 7/5000 [03:52<45:48:17, 33.03s/it]  0%|          | 8/5000 [04:25<45:38:25, 32.91s/it]  0%|          | 9/5000 [04:57<45:29:09, 32.81s/it]  0%|          | 10/5000 [05:30<45:22:52, 32.74s/it]  0%|          | 11/5000 [06:02<45:20:24, 32.72s/it]  0%|          | 12/5000 [06:35<45:27:25, 32.81s/it]  0%|          | 13/5000 [07:09<45:39:58, 32.97s/it]  0%|          | 14/5000 [07:42<45:40:28, 32.98s/it]  0%|          | 15/5000 [08:15<45:39:24, 32.97s/it]  0%|          | 16/5000 [08:48<45:46:11, 33.06s/it]  0%|          | 17/5000 [09:21<45:46:49, 33.07s/it]  0%|          | 17/5000 [09:55<48:31:01, 35.05s/it]
[I 2024-07-26 09:38:49,619] Trial 135 finished with value: 0.7103838452646433 and parameters: {'lr': 3e-05, 'l2': 0.001, 'bsize': 256, 'alpha1': 0.09616232811701228, 'alpha2': 0.1}. Best is trial 135 with value: 0.7103838452646433.
AUC:  0.7103838452646433 LOGlOSS:  0.436505667060911 test_AUC:  0.0 test_LOGlOSS:  10000.0
  0%|          | 0/5000 [00:00<?, ?it/s]  0%|          | 1/5000 [00:32<45:05:28, 32.47s/it]  0%|          | 2/5000 [01:05<45:29:43, 32.77s/it]  0%|          | 3/5000 [01:38<45:50:19, 33.02s/it]  0%|          | 4/5000 [02:11<45:39:52, 32.90s/it]  0%|          | 5/5000 [02:44<45:31:32, 32.81s/it]  0%|          | 6/5000 [03:17<45:40:08, 32.92s/it]  0%|          | 7/5000 [03:50<45:55:22, 33.11s/it]  0%|          | 8/5000 [04:24<46:09:26, 33.29s/it]  0%|          | 9/5000 [04:57<46:11:44, 33.32s/it]  0%|          | 10/5000 [05:30<46:00:59, 33.20s/it]  0%|          | 11/5000 [06:03<45:52:14, 33.10s/it]  0%|          | 12/5000 [06:37<45:58:31, 33.18s/it]  0%|          | 13/5000 [07:10<45:59:24, 33.20s/it]  0%|          | 14/5000 [07:43<45:58:36, 33.20s/it]  0%|          | 14/5000 [08:16<49:05:51, 35.45s/it]
[I 2024-07-26 09:47:19,838] Trial 136 finished with value: 0.7051122723823376 and parameters: {'lr': 3e-05, 'l2': 0.001, 'bsize': 256, 'alpha1': 0.09593276692929477, 'alpha2': 0.7}. Best is trial 135 with value: 0.7103838452646433.
AUC:  0.7051122723823376 LOGlOSS:  0.44732587082430864 test_AUC:  0.0 test_LOGlOSS:  10000.0
  0%|          | 0/5000 [00:00<?, ?it/s]  0%|          | 1/5000 [00:32<45:36:14, 32.84s/it]  0%|          | 2/5000 [01:05<45:43:20, 32.93s/it]  0%|          | 3/5000 [01:39<45:55:55, 33.09s/it]  0%|          | 4/5000 [02:12<45:53:43, 33.07s/it]  0%|          | 5/5000 [02:45<46:14:39, 33.33s/it]  0%|          | 6/5000 [03:18<46:05:22, 33.22s/it]  0%|          | 7/5000 [03:52<46:00:44, 33.18s/it]  0%|          | 8/5000 [04:25<46:03:51, 33.22s/it]  0%|          | 9/5000 [04:58<46:11:38, 33.32s/it]  0%|          | 10/5000 [05:31<46:03:56, 33.23s/it]  0%|          | 11/5000 [06:05<46:12:33, 33.34s/it]  0%|          | 12/5000 [06:39<46:19:52, 33.44s/it]  0%|          | 13/5000 [07:12<46:20:46, 33.46s/it]  0%|          | 14/5000 [07:45<46:12:16, 33.36s/it]  0%|          | 15/5000 [08:16<45:08:08, 32.60s/it]  0%|          | 16/5000 [08:49<45:19:39, 32.74s/it]  0%|          | 17/5000 [09:22<45:25:21, 32.82s/it]  0%|          | 17/5000 [09:55<48:29:57, 35.04s/it]
[I 2024-07-26 09:57:26,043] Trial 137 finished with value: 0.7104748346657558 and parameters: {'lr': 3e-05, 'l2': 0.001, 'bsize': 256, 'alpha1': 0.09993048645751496, 'alpha2': 0.1}. Best is trial 137 with value: 0.7104748346657558.
AUC:  0.7104748346657558 LOGlOSS:  0.4364229414330761 test_AUC:  0.0 test_LOGlOSS:  10000.0
  0%|          | 0/5000 [00:00<?, ?it/s]  0%|          | 1/5000 [00:31<43:39:48, 31.44s/it]  0%|          | 2/5000 [01:04<45:09:57, 32.53s/it]  0%|          | 3/5000 [01:38<45:37:18, 32.87s/it]  0%|          | 4/5000 [02:10<45:22:54, 32.70s/it]  0%|          | 5/5000 [02:43<45:26:51, 32.76s/it]  0%|          | 6/5000 [03:15<45:19:54, 32.68s/it]  0%|          | 7/5000 [03:48<45:31:01, 32.82s/it]  0%|          | 8/5000 [04:21<45:35:23, 32.88s/it]  0%|          | 9/5000 [04:55<45:40:25, 32.94s/it]  0%|          | 10/5000 [05:28<45:44:55, 33.01s/it]  0%|          | 11/5000 [06:01<45:51:12, 33.09s/it]  0%|          | 12/5000 [06:34<45:54:03, 33.13s/it]  0%|          | 13/5000 [07:07<45:43:50, 33.01s/it]  0%|          | 14/5000 [07:40<45:49:01, 33.08s/it]  0%|          | 15/5000 [08:13<45:50:45, 33.11s/it]  0%|          | 16/5000 [08:47<45:57:09, 33.19s/it]  0%|          | 17/5000 [09:20<45:54:33, 33.17s/it]  0%|          | 17/5000 [09:53<48:18:40, 34.90s/it]
[I 2024-07-26 10:07:32,032] Trial 138 finished with value: 0.7104739518251874 and parameters: {'lr': 3e-05, 'l2': 0.001, 'bsize': 256, 'alpha1': 0.09986425903732037, 'alpha2': 0.1}. Best is trial 137 with value: 0.7104748346657558.
AUC:  0.7104739518251874 LOGlOSS:  0.43642643001686016 test_AUC:  0.0 test_LOGlOSS:  10000.0
  0%|          | 0/5000 [00:00<?, ?it/s]  0%|          | 1/5000 [00:33<46:03:17, 33.17s/it]  0%|          | 2/5000 [01:06<46:24:04, 33.42s/it]  0%|          | 3/5000 [01:39<46:08:12, 33.24s/it]  0%|          | 4/5000 [02:12<46:01:20, 33.16s/it]  0%|          | 5/5000 [02:45<45:53:48, 33.08s/it]  0%|          | 6/5000 [03:19<45:58:44, 33.14s/it]  0%|          | 7/5000 [03:52<46:07:46, 33.26s/it]  0%|          | 8/5000 [04:24<45:45:06, 32.99s/it]  0%|          | 9/5000 [04:57<45:33:49, 32.87s/it]  0%|          | 10/5000 [05:30<45:41:38, 32.97s/it]  0%|          | 11/5000 [06:03<45:40:07, 32.95s/it]  0%|          | 12/5000 [06:36<45:41:17, 32.97s/it]  0%|          | 13/5000 [07:07<44:44:38, 32.30s/it]  0%|          | 14/5000 [07:29<40:35:01, 29.30s/it]  0%|          | 14/5000 [08:02<47:44:32, 34.47s/it]
[I 2024-07-26 10:15:47,218] Trial 139 finished with value: 0.7033125818357417 and parameters: {'lr': 3e-05, 'l2': 0.001, 'bsize': 256, 'alpha1': 0.09983300136860303, 'alpha2': 0.9}. Best is trial 137 with value: 0.7104748346657558.
AUC:  0.7033125818357417 LOGlOSS:  0.4519177184040189 test_AUC:  0.0 test_LOGlOSS:  10000.0
  0%|          | 0/5000 [00:00<?, ?it/s]  0%|          | 1/5000 [00:34<48:17:14, 34.77s/it]  0%|          | 2/5000 [01:08<47:27:37, 34.19s/it]  0%|          | 3/5000 [01:41<46:46:58, 33.70s/it]  0%|          | 4/5000 [02:14<46:26:45, 33.47s/it]  0%|          | 5/5000 [02:47<46:15:12, 33.34s/it]  0%|          | 6/5000 [03:20<46:05:45, 33.23s/it]  0%|          | 7/5000 [03:53<45:57:22, 33.13s/it]  0%|          | 8/5000 [04:26<45:51:16, 33.07s/it]  0%|          | 9/5000 [05:00<45:56:22, 33.14s/it]  0%|          | 10/5000 [05:34<46:20:06, 33.43s/it]  0%|          | 11/5000 [06:07<46:13:29, 33.36s/it]  0%|          | 12/5000 [06:40<46:03:53, 33.25s/it]  0%|          | 13/5000 [07:13<45:58:10, 33.18s/it]  0%|          | 14/5000 [07:46<45:52:14, 33.12s/it]  0%|          | 15/5000 [08:19<45:48:46, 33.08s/it]  0%|          | 16/5000 [08:52<45:47:20, 33.07s/it]  0%|          | 17/5000 [09:24<45:33:13, 32.91s/it]  0%|          | 17/5000 [09:57<48:37:28, 35.13s/it]
[I 2024-07-26 10:25:56,242] Trial 140 finished with value: 0.7102695081865857 and parameters: {'lr': 3e-05, 'l2': 0.001, 'bsize': 256, 'alpha1': 0.09205199270999767, 'alpha2': 0.1}. Best is trial 137 with value: 0.7104748346657558.
AUC:  0.7102695081865857 LOGlOSS:  0.4365769965474714 test_AUC:  0.0 test_LOGlOSS:  10000.0
  0%|          | 0/5000 [00:00<?, ?it/s]  0%|          | 1/5000 [00:34<47:28:42, 34.19s/it]  0%|          | 2/5000 [01:07<46:29:42, 33.49s/it]  0%|          | 3/5000 [01:40<46:21:24, 33.40s/it]  0%|          | 4/5000 [02:13<46:10:48, 33.28s/it]  0%|          | 5/5000 [02:37<41:42:31, 30.06s/it]  0%|          | 6/5000 [03:00<37:58:56, 27.38s/it]  0%|          | 7/5000 [03:22<35:40:30, 25.72s/it]  0%|          | 8/5000 [03:44<34:06:03, 24.59s/it]  0%|          | 9/5000 [04:07<33:14:32, 23.98s/it]  0%|          | 10/5000 [04:29<32:27:21, 23.42s/it]  0%|          | 11/5000 [04:51<31:57:28, 23.06s/it]  0%|          | 12/5000 [05:20<34:14:34, 24.71s/it]  0%|          | 13/5000 [05:53<37:51:56, 27.33s/it]  0%|          | 14/5000 [06:27<40:28:54, 29.23s/it]  0%|          | 15/5000 [07:00<42:06:02, 30.40s/it]  0%|          | 16/5000 [07:32<43:00:43, 31.07s/it]  0%|          | 17/5000 [08:07<44:35:51, 32.22s/it]  0%|          | 17/5000 [08:43<42:35:02, 30.77s/it]
[I 2024-07-26 10:34:51,972] Trial 141 finished with value: 0.7102747963745324 and parameters: {'lr': 3e-05, 'l2': 0.001, 'bsize': 256, 'alpha1': 0.09213210613590958, 'alpha2': 0.1}. Best is trial 137 with value: 0.7104748346657558.
AUC:  0.7102747963745324 LOGlOSS:  0.4365883429125405 test_AUC:  0.0 test_LOGlOSS:  10000.0
  0%|          | 0/5000 [00:00<?, ?it/s]  0%|          | 1/5000 [00:33<46:00:54, 33.14s/it]  0%|          | 2/5000 [01:06<46:02:37, 33.16s/it]  0%|          | 3/5000 [01:39<46:02:49, 33.17s/it]  0%|          | 4/5000 [02:13<46:17:16, 33.35s/it]  0%|          | 5/5000 [02:46<46:18:22, 33.37s/it]  0%|          | 6/5000 [03:20<46:20:54, 33.41s/it]  0%|          | 7/5000 [03:53<46:27:34, 33.50s/it]  0%|          | 8/5000 [04:27<46:28:23, 33.51s/it]  0%|          | 9/5000 [05:01<46:34:19, 33.59s/it]  0%|          | 10/5000 [05:34<46:32:35, 33.58s/it]  0%|          | 11/5000 [06:08<46:43:22, 33.71s/it]  0%|          | 12/5000 [06:42<46:38:48, 33.67s/it]  0%|          | 13/5000 [07:20<48:40:11, 35.13s/it]  0%|          | 14/5000 [07:55<48:26:58, 34.98s/it]  0%|          | 15/5000 [08:28<47:40:44, 34.43s/it]  0%|          | 16/5000 [09:01<47:05:52, 34.02s/it]  0%|          | 17/5000 [09:34<46:49:20, 33.83s/it]  0%|          | 17/5000 [10:08<49:31:06, 35.77s/it]
[I 2024-07-26 10:45:10,160] Trial 142 finished with value: 0.710284230887534 and parameters: {'lr': 3e-05, 'l2': 0.001, 'bsize': 256, 'alpha1': 0.09256346568624389, 'alpha2': 0.1}. Best is trial 137 with value: 0.7104748346657558.
AUC:  0.710284230887534 LOGlOSS:  0.4365684520657808 test_AUC:  0.0 test_LOGlOSS:  10000.0
  0%|          | 0/5000 [00:00<?, ?it/s]  0%|          | 1/5000 [00:33<46:09:55, 33.25s/it]  0%|          | 2/5000 [01:06<46:02:08, 33.16s/it]  0%|          | 3/5000 [01:39<45:46:04, 32.97s/it]  0%|          | 4/5000 [02:11<45:40:01, 32.91s/it]  0%|          | 5/5000 [02:44<45:31:16, 32.81s/it]  0%|          | 6/5000 [03:17<45:27:33, 32.77s/it]  0%|          | 7/5000 [03:49<45:26:06, 32.76s/it]  0%|          | 8/5000 [04:23<45:35:43, 32.88s/it]  0%|          | 9/5000 [04:56<45:40:06, 32.94s/it]  0%|          | 10/5000 [05:29<45:47:37, 33.04s/it]  0%|          | 11/5000 [06:02<45:56:16, 33.15s/it]  0%|          | 12/5000 [06:36<46:04:25, 33.25s/it]  0%|          | 13/5000 [07:09<46:12:37, 33.36s/it]  0%|          | 14/5000 [07:43<46:10:40, 33.34s/it]  0%|          | 15/5000 [08:16<46:10:31, 33.35s/it]  0%|          | 16/5000 [08:49<46:05:05, 33.29s/it]  0%|          | 17/5000 [09:23<46:15:21, 33.42s/it]  0%|          | 17/5000 [09:56<48:36:00, 35.11s/it]
[I 2024-07-26 10:55:20,296] Trial 143 finished with value: 0.7102747609526763 and parameters: {'lr': 3e-05, 'l2': 0.001, 'bsize': 256, 'alpha1': 0.09214025124443499, 'alpha2': 0.1}. Best is trial 137 with value: 0.7104748346657558.
AUC:  0.7102747609526763 LOGlOSS:  0.4365918903632487 test_AUC:  0.0 test_LOGlOSS:  10000.0
  0%|          | 0/5000 [00:00<?, ?it/s]  0%|          | 1/5000 [00:34<47:21:59, 34.11s/it]  0%|          | 2/5000 [01:07<46:50:42, 33.74s/it]  0%|          | 3/5000 [01:41<46:44:48, 33.68s/it]  0%|          | 4/5000 [02:14<46:46:59, 33.71s/it]  0%|          | 5/5000 [02:48<46:39:23, 33.63s/it]  0%|          | 6/5000 [03:22<46:40:59, 33.65s/it]  0%|          | 7/5000 [03:55<46:32:12, 33.55s/it]  0%|          | 8/5000 [04:29<46:34:38, 33.59s/it]  0%|          | 9/5000 [05:02<46:33:43, 33.59s/it]  0%|          | 10/5000 [05:36<46:34:04, 33.60s/it]  0%|          | 11/5000 [06:09<46:34:15, 33.61s/it]  0%|          | 12/5000 [06:43<46:39:02, 33.67s/it]  0%|          | 13/5000 [07:17<46:36:44, 33.65s/it]  0%|          | 14/5000 [07:51<46:38:34, 33.68s/it]  0%|          | 15/5000 [08:24<46:38:38, 33.68s/it]  0%|          | 16/5000 [08:58<46:39:13, 33.70s/it]  0%|          | 17/5000 [09:32<46:35:57, 33.67s/it]  0%|          | 17/5000 [10:05<49:18:38, 35.62s/it]
[I 2024-07-26 11:05:35,468] Trial 144 finished with value: 0.7101929844319792 and parameters: {'lr': 3e-05, 'l2': 0.001, 'bsize': 256, 'alpha1': 0.08931118634181455, 'alpha2': 0.1}. Best is trial 137 with value: 0.7104748346657558.
AUC:  0.7101929844319792 LOGlOSS:  0.43664004961846264 test_AUC:  0.0 test_LOGlOSS:  10000.0
  0%|          | 0/5000 [00:00<?, ?it/s]  0%|          | 1/5000 [00:32<45:06:00, 32.48s/it]  0%|          | 2/5000 [01:05<45:54:19, 33.07s/it]  0%|          | 3/5000 [01:39<46:03:39, 33.18s/it]  0%|          | 4/5000 [02:11<45:33:18, 32.83s/it]  0%|          | 5/5000 [02:44<45:31:21, 32.81s/it]  0%|          | 6/5000 [03:16<45:14:56, 32.62s/it]  0%|          | 7/5000 [03:48<45:03:27, 32.49s/it]  0%|          | 8/5000 [04:21<44:55:56, 32.40s/it]  0%|          | 9/5000 [04:53<44:51:56, 32.36s/it]  0%|          | 10/5000 [05:26<45:11:57, 32.61s/it]  0%|          | 11/5000 [05:59<45:21:33, 32.73s/it]  0%|          | 12/5000 [06:32<45:16:37, 32.68s/it]  0%|          | 13/5000 [07:04<45:14:34, 32.66s/it]  0%|          | 14/5000 [07:38<45:31:51, 32.87s/it]  0%|          | 14/5000 [08:11<48:39:42, 35.13s/it]
