[I 2024-07-26 11:13:58,927] Trial 145 finished with value: 0.7042553153513447 and parameters: {'lr': 3e-05, 'l2': 0.001, 'bsize': 256, 'alpha1': 0.08996470217456495, 'alpha2': 0.8}. Best is trial 137 with value: 0.7104748346657558.
AUC:  0.7042553153513447 LOGlOSS:  0.44953528195454867 test_AUC:  0.0 test_LOGlOSS:  10000.0
  0%|          | 0/5000 [00:00<?, ?it/s]  0%|          | 1/5000 [00:33<47:04:54, 33.91s/it]  0%|          | 2/5000 [01:07<47:13:08, 34.01s/it]  0%|          | 3/5000 [01:42<47:20:40, 34.11s/it]  0%|          | 4/5000 [02:16<47:24:02, 34.16s/it]  0%|          | 5/5000 [02:50<47:06:27, 33.95s/it]  0%|          | 6/5000 [03:22<46:34:05, 33.57s/it]  0%|          | 7/5000 [03:56<46:34:24, 33.58s/it]  0%|          | 8/5000 [04:31<47:03:30, 33.94s/it]  0%|          | 9/5000 [05:04<46:44:04, 33.71s/it]  0%|          | 10/5000 [05:37<46:27:46, 33.52s/it]  0%|          | 11/5000 [06:10<46:17:51, 33.41s/it]  0%|          | 12/5000 [06:43<46:12:02, 33.34s/it]  0%|          | 13/5000 [07:16<46:03:59, 33.25s/it]  0%|          | 14/5000 [07:49<45:58:14, 33.19s/it]  0%|          | 15/5000 [08:22<45:54:07, 33.15s/it]  0%|          | 16/5000 [08:56<45:56:40, 33.19s/it]  0%|          | 17/5000 [09:29<45:59:52, 33.23s/it]  0%|          | 17/5000 [10:03<49:06:59, 35.48s/it]
[I 2024-07-26 11:24:14,962] Trial 146 finished with value: 0.7101595774398469 and parameters: {'lr': 3e-05, 'l2': 0.001, 'bsize': 256, 'alpha1': 0.08809858129609129, 'alpha2': 0.1}. Best is trial 137 with value: 0.7104748346657558.
AUC:  0.7101595774398469 LOGlOSS:  0.4366662218353309 test_AUC:  0.0 test_LOGlOSS:  10000.0
  0%|          | 0/5000 [00:00<?, ?it/s]  0%|          | 1/5000 [00:33<46:36:45, 33.57s/it]  0%|          | 2/5000 [01:06<46:22:46, 33.41s/it]  0%|          | 3/5000 [01:40<46:23:58, 33.43s/it]  0%|          | 4/5000 [02:13<46:22:36, 33.42s/it]  0%|          | 5/5000 [02:47<46:27:38, 33.49s/it]  0%|          | 6/5000 [03:20<46:27:14, 33.49s/it]  0%|          | 7/5000 [03:54<46:29:18, 33.52s/it]  0%|          | 8/5000 [04:27<46:19:29, 33.41s/it]  0%|          | 8/5000 [05:00<52:05:55, 37.57s/it]
[I 2024-07-26 11:29:27,111] Trial 147 finished with value: 0.707143856292215 and parameters: {'lr': 3e-05, 'l2': 1e-06, 'bsize': 256, 'alpha1': 0.08766281490946928, 'alpha2': 0.1}. Best is trial 137 with value: 0.7104748346657558.
AUC:  0.707143856292215 LOGlOSS:  0.4376987142927735 test_AUC:  0.0 test_LOGlOSS:  10000.0
  0%|          | 0/5000 [00:00<?, ?it/s]  0%|          | 1/5000 [00:33<45:50:53, 33.02s/it]  0%|          | 2/5000 [01:06<45:57:15, 33.10s/it]  0%|          | 3/5000 [01:40<46:52:39, 33.77s/it]  0%|          | 4/5000 [02:13<46:27:14, 33.47s/it]  0%|          | 5/5000 [02:46<45:53:19, 33.07s/it]  0%|          | 6/5000 [03:18<45:45:41, 32.99s/it]  0%|          | 7/5000 [03:51<45:43:06, 32.96s/it]  0%|          | 8/5000 [04:24<45:39:27, 32.93s/it]  0%|          | 9/5000 [04:57<45:43:16, 32.98s/it]  0%|          | 10/5000 [05:30<45:45:10, 33.01s/it]  0%|          | 11/5000 [06:03<45:43:49, 33.00s/it]  0%|          | 12/5000 [06:36<45:45:59, 33.03s/it]  0%|          | 13/5000 [07:10<45:45:48, 33.04s/it]  0%|          | 14/5000 [07:43<45:49:12, 33.08s/it]  0%|          | 15/5000 [08:16<45:46:13, 33.05s/it]  0%|          | 16/5000 [08:49<45:49:21, 33.10s/it]  0%|          | 17/5000 [09:22<45:57:02, 33.20s/it]  0%|          | 17/5000 [09:56<48:32:15, 35.07s/it]
[I 2024-07-26 11:39:34,249] Trial 148 finished with value: 0.7102615923856682 and parameters: {'lr': 3e-05, 'l2': 0.001, 'bsize': 256, 'alpha1': 0.0918202404332579, 'alpha2': 0.1}. Best is trial 137 with value: 0.7104748346657558.
AUC:  0.7102615923856682 LOGlOSS:  0.4365850122838315 test_AUC:  0.0 test_LOGlOSS:  10000.0
  0%|          | 0/5000 [00:00<?, ?it/s]  0%|          | 1/5000 [00:38<52:48:13, 38.03s/it]  0%|          | 2/5000 [01:10<48:37:11, 35.02s/it]  0%|          | 3/5000 [01:43<46:54:27, 33.79s/it]  0%|          | 4/5000 [02:16<46:44:55, 33.69s/it]  0%|          | 5/5000 [02:50<46:43:09, 33.67s/it]  0%|          | 6/5000 [03:24<46:41:22, 33.66s/it]  0%|          | 7/5000 [03:57<46:34:06, 33.58s/it]  0%|          | 8/5000 [04:30<46:30:48, 33.54s/it]  0%|          | 9/5000 [05:04<46:30:20, 33.54s/it]  0%|          | 10/5000 [05:37<46:28:07, 33.52s/it]  0%|          | 11/5000 [06:11<46:27:38, 33.53s/it]  0%|          | 12/5000 [06:45<46:33:31, 33.60s/it]  0%|          | 13/5000 [07:18<46:27:44, 33.54s/it]  0%|          | 14/5000 [07:52<46:34:20, 33.63s/it]  0%|          | 14/5000 [08:25<50:01:33, 36.12s/it]
[I 2024-07-26 11:48:10,804] Trial 149 finished with value: 0.7080400959157351 and parameters: {'lr': 3e-05, 'l2': 0.001, 'bsize': 256, 'alpha1': 0.08197087977811962, 'alpha2': 0.4}. Best is trial 137 with value: 0.7104748346657558.
AUC:  0.7080400959157351 LOGlOSS:  0.4403071207671146 test_AUC:  0.0 test_LOGlOSS:  10000.0
