[I 2024-07-25 15:52:00,109] Trial 84 finished with value: 0.7076167474197581 and parameters: {'lr': 3e-05, 'l2': 0.001, 'bsize': 1024, 'alpha1': 1}. Best is trial 14 with value: 0.707629020600957.
AUC:  0.7076167474197581 LOGlOSS:  0.5962481881126267 test_AUC:  0.0 test_LOGlOSS:  10000.0
  0%|          | 0/5000 [00:00<?, ?it/s]  0%|          | 1/5000 [00:02<3:24:40,  2.46s/it]  0%|          | 2/5000 [00:04<3:13:58,  2.33s/it]  0%|          | 3/5000 [00:07<3:14:45,  2.34s/it]  0%|          | 4/5000 [00:09<3:15:08,  2.34s/it]  0%|          | 5/5000 [00:11<3:10:35,  2.29s/it]  0%|          | 6/5000 [00:13<3:13:29,  2.32s/it]  0%|          | 7/5000 [00:16<3:13:35,  2.33s/it]  0%|          | 8/5000 [00:18<3:16:05,  2.36s/it]  0%|          | 9/5000 [00:21<3:14:58,  2.34s/it]  0%|          | 10/5000 [00:23<3:15:52,  2.36s/it]  0%|          | 11/5000 [00:25<3:15:07,  2.35s/it]  0%|          | 11/5000 [00:28<3:32:27,  2.56s/it]
[I 2024-07-25 15:52:36,468] Trial 85 finished with value: 0.6992898153488056 and parameters: {'lr': 3e-05, 'l2': 1e-06, 'bsize': 1024, 'alpha1': 1}. Best is trial 14 with value: 0.707629020600957.
AUC:  0.6992898153488056 LOGlOSS:  0.616145431586728 test_AUC:  0.0 test_LOGlOSS:  10000.0
  0%|          | 0/5000 [00:00<?, ?it/s]  0%|          | 1/5000 [00:02<3:31:19,  2.54s/it]  0%|          | 2/5000 [00:05<3:38:15,  2.62s/it]  0%|          | 3/5000 [00:07<3:25:20,  2.47s/it]  0%|          | 4/5000 [00:09<3:18:46,  2.39s/it]  0%|          | 5/5000 [00:12<3:19:52,  2.40s/it]  0%|          | 6/5000 [00:14<3:21:27,  2.42s/it]  0%|          | 7/5000 [00:16<3:19:14,  2.39s/it]  0%|          | 8/5000 [00:19<3:19:35,  2.40s/it]  0%|          | 9/5000 [00:21<3:19:42,  2.40s/it]  0%|          | 10/5000 [00:24<3:17:13,  2.37s/it]  0%|          | 11/5000 [00:26<3:17:33,  2.38s/it]  0%|          | 12/5000 [00:28<3:17:27,  2.38s/it]  0%|          | 12/5000 [00:31<3:38:18,  2.63s/it]
[I 2024-07-25 15:53:15,896] Trial 86 finished with value: 0.7076167474197581 and parameters: {'lr': 3e-05, 'l2': 0.001, 'bsize': 1024, 'alpha1': 1}. Best is trial 14 with value: 0.707629020600957.
AUC:  0.7076167474197581 LOGlOSS:  0.5962481881126267 test_AUC:  0.0 test_LOGlOSS:  10000.0
  0%|          | 0/5000 [00:00<?, ?it/s]  0%|          | 1/5000 [00:02<3:36:58,  2.60s/it]  0%|          | 2/5000 [00:05<3:45:06,  2.70s/it]  0%|          | 3/5000 [00:08<3:48:30,  2.74s/it]  0%|          | 4/5000 [00:10<3:51:06,  2.78s/it]  0%|          | 5/5000 [00:13<3:41:19,  2.66s/it]  0%|          | 6/5000 [00:16<3:40:47,  2.65s/it]  0%|          | 7/5000 [00:18<3:38:55,  2.63s/it]  0%|          | 8/5000 [00:21<3:34:19,  2.58s/it]  0%|          | 9/5000 [00:23<3:31:51,  2.55s/it]  0%|          | 10/5000 [00:26<3:28:37,  2.51s/it]  0%|          | 11/5000 [00:28<3:29:07,  2.51s/it]  0%|          | 12/5000 [00:31<3:45:36,  2.71s/it]  0%|          | 12/5000 [00:34<3:59:51,  2.89s/it]
[I 2024-07-25 15:53:58,288] Trial 87 finished with value: 0.7076167474197581 and parameters: {'lr': 3e-05, 'l2': 0.001, 'bsize': 1024, 'alpha1': 1}. Best is trial 14 with value: 0.707629020600957.
AUC:  0.7076167474197581 LOGlOSS:  0.5962481881126267 test_AUC:  0.0 test_LOGlOSS:  10000.0
  0%|          | 0/5000 [00:00<?, ?it/s]  0%|          | 1/5000 [00:02<3:38:24,  2.62s/it]  0%|          | 2/5000 [00:05<3:28:29,  2.50s/it]  0%|          | 3/5000 [00:07<3:31:03,  2.53s/it]  0%|          | 4/5000 [00:10<3:27:08,  2.49s/it]  0%|          | 5/5000 [00:12<3:18:43,  2.39s/it]  0%|          | 6/5000 [00:14<3:16:21,  2.36s/it]  0%|          | 7/5000 [00:17<3:20:31,  2.41s/it]  0%|          | 8/5000 [00:19<3:25:12,  2.47s/it]  0%|          | 9/5000 [00:22<3:28:35,  2.51s/it]  0%|          | 10/5000 [00:24<3:29:27,  2.52s/it]  0%|          | 11/5000 [00:27<3:29:35,  2.52s/it]  0%|          | 12/5000 [00:30<3:37:26,  2.62s/it]  0%|          | 12/5000 [00:32<3:47:06,  2.73s/it]
[I 2024-07-25 15:54:39,556] Trial 88 finished with value: 0.7076167474197581 and parameters: {'lr': 3e-05, 'l2': 0.001, 'bsize': 1024, 'alpha1': 1}. Best is trial 14 with value: 0.707629020600957.
AUC:  0.7076167474197581 LOGlOSS:  0.5962481881126267 test_AUC:  0.0 test_LOGlOSS:  10000.0
  0%|          | 0/5000 [00:00<?, ?it/s]  0%|          | 1/5000 [00:02<3:49:32,  2.76s/it]  0%|          | 2/5000 [00:05<3:40:00,  2.64s/it]  0%|          | 3/5000 [00:08<3:52:38,  2.79s/it]  0%|          | 4/5000 [00:10<3:45:12,  2.70s/it]  0%|          | 5/5000 [00:13<3:44:37,  2.70s/it]  0%|          | 6/5000 [00:15<3:36:22,  2.60s/it]  0%|          | 7/5000 [00:18<3:32:33,  2.55s/it]  0%|          | 8/5000 [00:20<3:27:14,  2.49s/it]  0%|          | 9/5000 [00:23<3:27:27,  2.49s/it]  0%|          | 10/5000 [00:25<3:25:24,  2.47s/it]  0%|          | 11/5000 [00:28<3:22:34,  2.44s/it]  0%|          | 12/5000 [00:30<3:28:41,  2.51s/it]  0%|          | 12/5000 [00:33<3:50:10,  2.77s/it]
[I 2024-07-25 15:55:20,853] Trial 89 finished with value: 0.7076167474197581 and parameters: {'lr': 3e-05, 'l2': 0.001, 'bsize': 1024, 'alpha1': 1}. Best is trial 14 with value: 0.707629020600957.
AUC:  0.7076167474197581 LOGlOSS:  0.5962481881126267 test_AUC:  0.0 test_LOGlOSS:  10000.0
  0%|          | 0/5000 [00:00<?, ?it/s]  0%|          | 1/5000 [00:02<4:02:26,  2.91s/it]  0%|          | 2/5000 [00:05<3:43:30,  2.68s/it]  0%|          | 3/5000 [00:07<3:36:28,  2.60s/it]  0%|          | 4/5000 [00:10<3:28:47,  2.51s/it]  0%|          | 5/5000 [00:12<3:33:38,  2.57s/it]  0%|          | 6/5000 [00:15<3:31:26,  2.54s/it]  0%|          | 7/5000 [00:17<3:26:16,  2.48s/it]  0%|          | 7/5000 [00:20<4:01:41,  2.90s/it]
[I 2024-07-25 15:55:49,472] Trial 90 finished with value: 0.6942060390626189 and parameters: {'lr': 0.001, 'l2': 0.0001, 'bsize': 1024, 'alpha1': 1}. Best is trial 14 with value: 0.707629020600957.
AUC:  0.6942060390626189 LOGlOSS:  0.5773504904883362 test_AUC:  0.0 test_LOGlOSS:  10000.0
  0%|          | 0/5000 [00:00<?, ?it/s]  0%|          | 1/5000 [00:02<3:20:12,  2.40s/it]  0%|          | 2/5000 [00:04<3:15:30,  2.35s/it]  0%|          | 3/5000 [00:07<3:16:32,  2.36s/it]  0%|          | 4/5000 [00:09<3:21:51,  2.42s/it]  0%|          | 5/5000 [00:12<3:24:20,  2.45s/it]  0%|          | 6/5000 [00:14<3:28:34,  2.51s/it]  0%|          | 7/5000 [00:17<3:23:23,  2.44s/it]  0%|          | 8/5000 [00:19<3:21:00,  2.42s/it]  0%|          | 9/5000 [00:21<3:22:38,  2.44s/it]  0%|          | 10/5000 [00:24<3:28:18,  2.50s/it]  0%|          | 11/5000 [00:27<3:33:27,  2.57s/it]  0%|          | 12/5000 [00:29<3:31:01,  2.54s/it]  0%|          | 12/5000 [00:32<3:43:13,  2.69s/it]
[I 2024-07-25 15:56:30,713] Trial 91 finished with value: 0.7076167474197581 and parameters: {'lr': 3e-05, 'l2': 0.001, 'bsize': 1024, 'alpha1': 1}. Best is trial 14 with value: 0.707629020600957.
AUC:  0.7076167474197581 LOGlOSS:  0.5962481881126267 test_AUC:  0.0 test_LOGlOSS:  10000.0
  0%|          | 0/5000 [00:00<?, ?it/s]  0%|          | 1/5000 [00:02<3:20:04,  2.40s/it]  0%|          | 2/5000 [00:04<3:10:50,  2.29s/it]  0%|          | 3/5000 [00:06<3:10:34,  2.29s/it]  0%|          | 4/5000 [00:09<3:18:30,  2.38s/it]  0%|          | 5/5000 [00:11<3:21:31,  2.42s/it]  0%|          | 6/5000 [00:14<3:19:31,  2.40s/it]  0%|          | 7/5000 [00:16<3:15:48,  2.35s/it]  0%|          | 8/5000 [00:18<3:18:32,  2.39s/it]  0%|          | 9/5000 [00:21<3:18:14,  2.38s/it]  0%|          | 10/5000 [00:23<3:14:11,  2.33s/it]  0%|          | 11/5000 [00:25<3:11:19,  2.30s/it]  0%|          | 12/5000 [00:28<3:12:05,  2.31s/it]  0%|          | 12/5000 [00:30<3:30:01,  2.53s/it]
[I 2024-07-25 15:57:09,106] Trial 92 finished with value: 0.7076167474197581 and parameters: {'lr': 3e-05, 'l2': 0.001, 'bsize': 1024, 'alpha1': 1}. Best is trial 14 with value: 0.707629020600957.
AUC:  0.7076167474197581 LOGlOSS:  0.5962481881126267 test_AUC:  0.0 test_LOGlOSS:  10000.0
  0%|          | 0/5000 [00:00<?, ?it/s]  0%|          | 1/5000 [00:02<3:07:03,  2.25s/it]  0%|          | 2/5000 [00:04<3:12:35,  2.31s/it]  0%|          | 3/5000 [00:07<3:18:32,  2.38s/it]  0%|          | 4/5000 [00:09<3:15:16,  2.35s/it]  0%|          | 5/5000 [00:11<3:13:18,  2.32s/it]  0%|          | 6/5000 [00:14<3:19:06,  2.39s/it]  0%|          | 7/5000 [00:17<3:42:33,  2.67s/it]  0%|          | 8/5000 [00:20<3:56:54,  2.85s/it]  0%|          | 9/5000 [00:23<3:51:52,  2.79s/it]  0%|          | 10/5000 [00:26<3:50:27,  2.77s/it]  0%|          | 11/5000 [00:28<3:38:44,  2.63s/it]  0%|          | 12/5000 [00:30<3:28:40,  2.51s/it]  0%|          | 12/5000 [00:32<3:48:13,  2.75s/it]
[I 2024-07-25 15:57:51,593] Trial 93 finished with value: 0.7076167474197581 and parameters: {'lr': 3e-05, 'l2': 0.001, 'bsize': 1024, 'alpha1': 1}. Best is trial 14 with value: 0.707629020600957.
AUC:  0.7076167474197581 LOGlOSS:  0.5962481881126267 test_AUC:  0.0 test_LOGlOSS:  10000.0
  0%|          | 0/5000 [00:00<?, ?it/s]  0%|          | 1/5000 [00:02<3:46:52,  2.72s/it]  0%|          | 2/5000 [00:05<3:29:38,  2.52s/it]  0%|          | 3/5000 [00:07<3:26:04,  2.47s/it]  0%|          | 4/5000 [00:09<3:20:21,  2.41s/it]  0%|          | 5/5000 [00:12<3:16:28,  2.36s/it]  0%|          | 6/5000 [00:14<3:15:16,  2.35s/it]  0%|          | 7/5000 [00:16<3:20:18,  2.41s/it]  0%|          | 8/5000 [00:19<3:22:29,  2.43s/it]  0%|          | 9/5000 [00:21<3:20:20,  2.41s/it]  0%|          | 10/5000 [00:24<3:20:17,  2.41s/it]  0%|          | 11/5000 [00:26<3:21:34,  2.42s/it]  0%|          | 12/5000 [00:29<3:20:44,  2.41s/it]  0%|          | 12/5000 [00:31<3:37:04,  2.61s/it]
[I 2024-07-25 15:58:30,575] Trial 94 finished with value: 0.7076039473384483 and parameters: {'lr': 3e-05, 'l2': 0.001, 'bsize': 1024, 'alpha1': 0.01}. Best is trial 14 with value: 0.707629020600957.
AUC:  0.7076039473384483 LOGlOSS:  0.5966517094821544 test_AUC:  0.0 test_LOGlOSS:  10000.0
  0%|          | 0/5000 [00:00<?, ?it/s]  0%|          | 1/5000 [00:02<4:06:20,  2.96s/it]  0%|          | 2/5000 [00:05<3:45:45,  2.71s/it]  0%|          | 3/5000 [00:07<3:34:53,  2.58s/it]  0%|          | 4/5000 [00:10<3:26:02,  2.47s/it]  0%|          | 5/5000 [00:12<3:28:44,  2.51s/it]  0%|          | 6/5000 [00:15<3:26:33,  2.48s/it]  0%|          | 7/5000 [00:17<3:24:57,  2.46s/it]  0%|          | 8/5000 [00:20<3:22:21,  2.43s/it]  0%|          | 9/5000 [00:22<3:17:47,  2.38s/it]  0%|          | 10/5000 [00:24<3:18:24,  2.39s/it]  0%|          | 11/5000 [00:26<3:15:55,  2.36s/it]  0%|          | 12/5000 [00:29<3:15:21,  2.35s/it]  0%|          | 12/5000 [00:31<3:39:31,  2.64s/it]
[I 2024-07-25 15:59:10,409] Trial 95 finished with value: 0.7076167474197581 and parameters: {'lr': 3e-05, 'l2': 0.001, 'bsize': 1024, 'alpha1': 1}. Best is trial 14 with value: 0.707629020600957.
AUC:  0.7076167474197581 LOGlOSS:  0.5962481881126267 test_AUC:  0.0 test_LOGlOSS:  10000.0
  0%|          | 0/5000 [00:00<?, ?it/s]  0%|          | 1/5000 [00:02<3:09:33,  2.28s/it]  0%|          | 2/5000 [00:04<3:12:22,  2.31s/it]  0%|          | 3/5000 [00:06<3:06:00,  2.23s/it]  0%|          | 4/5000 [00:08<3:01:38,  2.18s/it]  0%|          | 5/5000 [00:10<3:00:00,  2.16s/it]  0%|          | 6/5000 [00:13<3:00:04,  2.16s/it]  0%|          | 7/5000 [00:15<3:01:05,  2.18s/it]  0%|          | 7/5000 [00:17<3:27:59,  2.50s/it]
[I 2024-07-25 15:59:35,538] Trial 96 finished with value: 0.7048464896501188 and parameters: {'lr': 0.0003, 'l2': 0.001, 'bsize': 1024, 'alpha1': 1}. Best is trial 14 with value: 0.707629020600957.
AUC:  0.7048464896501188 LOGlOSS:  0.6359038505286413 test_AUC:  0.0 test_LOGlOSS:  10000.0
  0%|          | 0/5000 [00:00<?, ?it/s]  0%|          | 1/5000 [00:09<13:15:23,  9.55s/it]  0%|          | 2/5000 [00:18<13:00:16,  9.37s/it]  0%|          | 3/5000 [00:27<12:32:53,  9.04s/it]  0%|          | 4/5000 [00:37<13:12:20,  9.52s/it]  0%|          | 5/5000 [00:47<13:26:22,  9.69s/it]  0%|          | 6/5000 [00:57<13:28:50,  9.72s/it]  0%|          | 6/5000 [01:07<15:32:12, 11.20s/it]
[I 2024-07-25 16:00:50,956] Trial 97 finished with value: 0.6844531667168459 and parameters: {'lr': 3e-05, 'l2': 3e-05, 'bsize': 256, 'alpha1': 0.0001}. Best is trial 14 with value: 0.707629020600957.
AUC:  0.6844531667168459 LOGlOSS:  0.5451859070690308 test_AUC:  0.0 test_LOGlOSS:  10000.0
  0%|          | 0/5000 [00:00<?, ?it/s]  0%|          | 1/5000 [00:02<3:36:07,  2.59s/it]  0%|          | 2/5000 [00:05<3:33:22,  2.56s/it]  0%|          | 3/5000 [00:07<3:33:53,  2.57s/it]  0%|          | 4/5000 [00:10<3:38:17,  2.62s/it]  0%|          | 5/5000 [00:13<3:41:38,  2.66s/it]  0%|          | 6/5000 [00:15<3:41:09,  2.66s/it]  0%|          | 7/5000 [00:18<3:38:04,  2.62s/it]  0%|          | 8/5000 [00:21<3:47:32,  2.73s/it]  0%|          | 9/5000 [00:24<3:49:21,  2.76s/it]  0%|          | 10/5000 [00:26<3:44:29,  2.70s/it]  0%|          | 11/5000 [00:29<3:42:02,  2.67s/it]  0%|          | 12/5000 [00:31<3:35:33,  2.59s/it]  0%|          | 12/5000 [00:34<3:58:29,  2.87s/it]
[I 2024-07-25 16:01:35,340] Trial 98 finished with value: 0.7076167474197581 and parameters: {'lr': 3e-05, 'l2': 0.001, 'bsize': 1024, 'alpha1': 1}. Best is trial 14 with value: 0.707629020600957.
AUC:  0.7076167474197581 LOGlOSS:  0.5962481881126267 test_AUC:  0.0 test_LOGlOSS:  10000.0
  0%|          | 0/5000 [00:00<?, ?it/s]  0%|          | 1/5000 [00:02<3:42:22,  2.67s/it]  0%|          | 2/5000 [00:04<3:25:01,  2.46s/it]  0%|          | 3/5000 [00:07<3:13:19,  2.32s/it]  0%|          | 4/5000 [00:09<3:10:15,  2.28s/it]  0%|          | 5/5000 [00:11<3:07:41,  2.25s/it]  0%|          | 6/5000 [00:13<3:07:14,  2.25s/it]  0%|          | 7/5000 [00:16<3:09:31,  2.28s/it]  0%|          | 8/5000 [00:18<3:09:49,  2.28s/it]  0%|          | 9/5000 [00:20<3:11:27,  2.30s/it]  0%|          | 10/5000 [00:23<3:11:42,  2.31s/it]  0%|          | 11/5000 [00:25<3:12:48,  2.32s/it]  0%|          | 12/5000 [00:27<3:15:02,  2.35s/it]  0%|          | 12/5000 [00:30<3:29:18,  2.52s/it]
[I 2024-07-25 16:02:14,013] Trial 99 finished with value: 0.7076167474197581 and parameters: {'lr': 3e-05, 'l2': 0.001, 'bsize': 1024, 'alpha1': 1}. Best is trial 14 with value: 0.707629020600957.
AUC:  0.7076167474197581 LOGlOSS:  0.5962481881126267 test_AUC:  0.0 test_LOGlOSS:  10000.0
