[I 2024-07-26 01:55:40,799] Trial 96 finished with value: 0.7059343954615612 and parameters: {'lr': 0.0001, 'l2': 3e-05, 'bsize': 256, 'alpha1': 0.09998406519224842, 'alpha2': 0.1}. Best is trial 25 with value: 0.7101646954060958.
AUC:  0.7059343954615612 LOGlOSS:  0.43319773259681804 test_AUC:  0.0 test_LOGlOSS:  10000.0
  0%|          | 0/5000 [00:00<?, ?it/s]  0%|          | 1/5000 [00:41<58:02:29, 41.80s/it]  0%|          | 2/5000 [01:23<58:15:39, 41.96s/it]  0%|          | 3/5000 [02:06<58:25:59, 42.10s/it]  0%|          | 4/5000 [02:49<59:03:23, 42.55s/it]  0%|          | 5/5000 [03:33<59:57:03, 43.21s/it]  0%|          | 6/5000 [04:16<59:51:50, 43.15s/it]  0%|          | 7/5000 [04:59<59:51:38, 43.16s/it]  0%|          | 8/5000 [05:34<55:53:46, 40.31s/it]  0%|          | 9/5000 [06:08<53:23:57, 38.52s/it]  0%|          | 10/5000 [06:52<55:32:45, 40.07s/it]  0%|          | 11/5000 [07:34<56:29:18, 40.76s/it]  0%|          | 12/5000 [08:14<56:03:40, 40.46s/it]  0%|          | 13/5000 [08:56<56:33:24, 40.83s/it]  0%|          | 14/5000 [09:38<57:02:57, 41.19s/it]  0%|          | 15/5000 [10:19<57:07:13, 41.25s/it]  0%|          | 16/5000 [10:59<56:45:44, 41.00s/it]  0%|          | 17/5000 [11:39<56:10:41, 40.59s/it]  0%|          | 18/5000 [12:18<55:34:08, 40.15s/it]  0%|          | 19/5000 [12:58<55:34:50, 40.17s/it]  0%|          | 20/5000 [13:42<57:05:16, 41.27s/it]  0%|          | 21/5000 [14:21<56:10:40, 40.62s/it]  0%|          | 22/5000 [15:04<56:56:44, 41.18s/it]  0%|          | 23/5000 [15:46<57:12:37, 41.38s/it]  0%|          | 23/5000 [16:29<59:27:28, 43.01s/it]
[I 2024-07-26 02:12:22,831] Trial 97 finished with value: 0.7065761994001134 and parameters: {'lr': 0.0003, 'l2': 0.001, 'bsize': 256, 'alpha1': 0.09771340036825084, 'alpha2': 0.5}. Best is trial 25 with value: 0.7101646954060958.
AUC:  0.7065761994001134 LOGlOSS:  0.4407754463306116 test_AUC:  0.0 test_LOGlOSS:  10000.0
  0%|          | 0/5000 [00:00<?, ?it/s]  0%|          | 1/5000 [00:41<57:25:11, 41.35s/it]  0%|          | 2/5000 [01:21<56:41:25, 40.83s/it]  0%|          | 3/5000 [01:59<54:49:18, 39.50s/it]  0%|          | 4/5000 [02:41<55:47:45, 40.21s/it]  0%|          | 5/5000 [03:13<51:51:08, 37.37s/it]  0%|          | 6/5000 [03:47<50:15:14, 36.23s/it]  0%|          | 6/5000 [04:28<62:03:52, 44.74s/it]
[I 2024-07-26 02:17:03,350] Trial 98 finished with value: 0.7063512915220546 and parameters: {'lr': 0.0001, 'l2': 3e-06, 'bsize': 256, 'alpha1': 0.0900908600457929, 'alpha2': 0.1}. Best is trial 25 with value: 0.7101646954060958.
AUC:  0.7063512915220546 LOGlOSS:  0.4289698591248978 test_AUC:  0.0 test_LOGlOSS:  10000.0
  0%|          | 0/5000 [00:00<?, ?it/s]  0%|          | 1/5000 [00:42<59:12:20, 42.64s/it]  0%|          | 2/5000 [01:25<59:15:18, 42.68s/it]  0%|          | 3/5000 [02:08<59:24:38, 42.80s/it]  0%|          | 4/5000 [02:48<58:03:51, 41.84s/it]  0%|          | 5/5000 [03:32<59:07:19, 42.61s/it]  0%|          | 6/5000 [04:16<59:37:08, 42.98s/it]  0%|          | 7/5000 [04:59<59:32:46, 42.93s/it]  0%|          | 8/5000 [05:44<60:35:03, 43.69s/it]  0%|          | 9/5000 [06:30<61:22:18, 44.27s/it]  0%|          | 10/5000 [07:13<61:13:37, 44.17s/it]  0%|          | 11/5000 [07:57<60:44:59, 43.84s/it]  0%|          | 12/5000 [08:39<60:18:35, 43.53s/it]  0%|          | 13/5000 [09:22<59:57:58, 43.29s/it]  0%|          | 14/5000 [10:05<59:58:50, 43.31s/it]  0%|          | 14/5000 [10:47<64:02:46, 46.24s/it]
[I 2024-07-26 02:28:04,023] Trial 99 finished with value: 0.703928896304975 and parameters: {'lr': 1e-05, 'l2': 0.0001, 'bsize': 256, 'alpha1': 0.08673812734621625, 'alpha2': 0.6}. Best is trial 25 with value: 0.7101646954060958.
AUC:  0.703928896304975 LOGlOSS:  0.4456530786279511 test_AUC:  0.0 test_LOGlOSS:  10000.0
  0%|          | 0/5000 [00:00<?, ?it/s]  0%|          | 1/5000 [00:44<61:23:03, 44.21s/it]  0%|          | 2/5000 [01:27<60:16:52, 43.42s/it]  0%|          | 3/5000 [02:10<60:01:24, 43.24s/it]  0%|          | 4/5000 [02:51<58:58:40, 42.50s/it]  0%|          | 5/5000 [03:33<58:53:06, 42.44s/it]  0%|          | 6/5000 [04:06<54:07:11, 39.01s/it]  0%|          | 7/5000 [04:38<51:10:21, 36.90s/it]  0%|          | 8/5000 [05:16<51:36:49, 37.22s/it]  0%|          | 9/5000 [05:59<54:11:27, 39.09s/it]  0%|          | 10/5000 [06:40<54:48:37, 39.54s/it]  0%|          | 11/5000 [07:14<52:41:56, 38.03s/it]  0%|          | 12/5000 [07:55<53:49:00, 38.84s/it]  0%|          | 13/5000 [08:36<54:45:13, 39.53s/it]  0%|          | 14/5000 [09:19<56:15:12, 40.62s/it]  0%|          | 15/5000 [10:03<57:33:29, 41.57s/it]  0%|          | 16/5000 [10:47<58:41:46, 42.40s/it]  0%|          | 17/5000 [11:36<61:21:22, 44.33s/it]  0%|          | 18/5000 [12:23<62:24:32, 45.10s/it]  0%|          | 18/5000 [13:09<60:42:51, 43.87s/it]
[I 2024-07-26 02:41:24,994] Trial 100 finished with value: 0.7098387252825562 and parameters: {'lr': 0.0001, 'l2': 0.001, 'bsize': 256, 'alpha1': 0.09727509250215914, 'alpha2': 0.1}. Best is trial 25 with value: 0.7101646954060958.
AUC:  0.7098387252825562 LOGlOSS:  0.4313513325261616 test_AUC:  0.0 test_LOGlOSS:  10000.0
  0%|          | 0/5000 [00:00<?, ?it/s]  0%|          | 1/5000 [00:45<63:03:29, 45.41s/it]  0%|          | 2/5000 [01:31<63:42:27, 45.89s/it]  0%|          | 3/5000 [02:15<62:16:56, 44.87s/it]  0%|          | 4/5000 [02:58<61:12:23, 44.10s/it]  0%|          | 5/5000 [03:40<60:31:06, 43.62s/it]  0%|          | 6/5000 [04:22<59:40:52, 43.02s/it]  0%|          | 7/5000 [05:08<60:40:16, 43.74s/it]  0%|          | 8/5000 [05:50<60:14:32, 43.44s/it]  0%|          | 9/5000 [06:34<60:08:44, 43.38s/it]  0%|          | 10/5000 [07:15<59:17:07, 42.77s/it]  0%|          | 11/5000 [07:59<59:47:34, 43.15s/it]  0%|          | 12/5000 [08:43<60:15:47, 43.49s/it]  0%|          | 13/5000 [09:26<60:02:14, 43.34s/it]  0%|          | 14/5000 [10:09<59:56:20, 43.28s/it]  0%|          | 15/5000 [10:53<60:00:59, 43.34s/it]  0%|          | 16/5000 [11:37<60:23:47, 43.63s/it]  0%|          | 17/5000 [12:18<59:08:14, 42.72s/it]  0%|          | 18/5000 [12:59<58:29:54, 42.27s/it]  0%|          | 18/5000 [13:40<63:03:36, 45.57s/it]
[I 2024-07-26 02:55:16,866] Trial 101 finished with value: 0.7098162129710529 and parameters: {'lr': 0.0001, 'l2': 0.001, 'bsize': 256, 'alpha1': 0.09643727841487959, 'alpha2': 0.1}. Best is trial 25 with value: 0.7101646954060958.
AUC:  0.7098162129710529 LOGlOSS:  0.43137224276477465 test_AUC:  0.0 test_LOGlOSS:  10000.0
  0%|          | 0/5000 [00:00<?, ?it/s]  0%|          | 1/5000 [00:42<59:19:34, 42.72s/it]  0%|          | 2/5000 [01:13<49:19:46, 35.53s/it]  0%|          | 3/5000 [01:45<47:20:58, 34.11s/it]  0%|          | 4/5000 [02:27<51:36:38, 37.19s/it]  0%|          | 5/5000 [03:10<54:18:31, 39.14s/it]  0%|          | 6/5000 [03:52<55:56:54, 40.33s/it]  0%|          | 7/5000 [04:36<57:15:29, 41.28s/it]  0%|          | 8/5000 [05:19<58:06:18, 41.90s/it]  0%|          | 9/5000 [06:03<58:58:01, 42.53s/it]  0%|          | 10/5000 [06:52<61:46:04, 44.56s/it]  0%|          | 11/5000 [07:42<64:00:52, 46.19s/it]  0%|          | 12/5000 [08:25<62:56:21, 45.43s/it]  0%|          | 13/5000 [09:00<58:28:24, 42.21s/it]  0%|          | 14/5000 [09:42<58:08:50, 41.98s/it]  0%|          | 15/5000 [10:26<59:07:09, 42.69s/it]  0%|          | 16/5000 [11:10<59:45:40, 43.17s/it]  0%|          | 17/5000 [11:54<60:06:59, 43.43s/it]  0%|          | 18/5000 [12:39<60:33:12, 43.76s/it]  0%|          | 19/5000 [13:25<61:30:58, 44.46s/it]  0%|          | 19/5000 [14:09<61:52:54, 44.72s/it]
[I 2024-07-26 03:09:39,858] Trial 102 finished with value: 0.709851622036015 and parameters: {'lr': 0.0001, 'l2': 0.001, 'bsize': 256, 'alpha1': 0.09770206940200976, 'alpha2': 0.1}. Best is trial 25 with value: 0.7101646954060958.
AUC:  0.709851622036015 LOGlOSS:  0.43078991081203616 test_AUC:  0.0 test_LOGlOSS:  10000.0
  0%|          | 0/5000 [00:00<?, ?it/s]  0%|          | 1/5000 [00:44<61:13:06, 44.09s/it]  0%|          | 2/5000 [01:28<61:29:29, 44.29s/it]  0%|          | 3/5000 [02:13<62:05:04, 44.73s/it]  0%|          | 4/5000 [02:54<59:36:41, 42.95s/it]  0%|          | 5/5000 [03:29<55:47:32, 40.21s/it]  0%|          | 6/5000 [04:12<57:04:03, 41.14s/it]  0%|          | 7/5000 [04:56<58:23:00, 42.10s/it]  0%|          | 8/5000 [05:40<59:29:51, 42.91s/it]  0%|          | 9/5000 [06:26<60:32:50, 43.67s/it]  0%|          | 10/5000 [07:12<61:47:48, 44.58s/it]  0%|          | 11/5000 [07:57<61:49:55, 44.62s/it]  0%|          | 12/5000 [08:41<61:34:11, 44.44s/it]  0%|          | 13/5000 [09:25<61:24:22, 44.33s/it]  0%|          | 14/5000 [10:09<61:18:27, 44.27s/it]  0%|          | 15/5000 [10:54<61:23:02, 44.33s/it]  0%|          | 16/5000 [11:37<60:44:56, 43.88s/it]  0%|          | 17/5000 [12:18<59:50:43, 43.24s/it]  0%|          | 18/5000 [13:02<60:02:50, 43.39s/it]  0%|          | 19/5000 [13:47<60:40:54, 43.86s/it]  0%|          | 20/5000 [14:32<61:07:58, 44.19s/it]  0%|          | 21/5000 [15:20<62:27:26, 45.16s/it]  0%|          | 22/5000 [16:04<62:09:12, 44.95s/it]  0%|          | 23/5000 [16:49<62:08:29, 44.95s/it]  0%|          | 23/5000 [17:34<63:23:18, 45.85s/it]
[I 2024-07-26 03:27:26,870] Trial 103 finished with value: 0.7096004825515532 and parameters: {'lr': 0.0001, 'l2': 0.001, 'bsize': 256, 'alpha1': 0.09081787850819245, 'alpha2': 0.1}. Best is trial 25 with value: 0.7101646954060958.
AUC:  0.7096004825515532 LOGlOSS:  0.4330332004731231 test_AUC:  0.0 test_LOGlOSS:  10000.0
  0%|          | 0/5000 [00:00<?, ?it/s]  0%|          | 1/5000 [00:47<66:20:39, 47.78s/it]  0%|          | 2/5000 [01:31<62:38:34, 45.12s/it]  0%|          | 3/5000 [02:14<61:52:42, 44.58s/it]  0%|          | 4/5000 [02:58<61:13:59, 44.12s/it]  0%|          | 5/5000 [03:43<61:36:06, 44.40s/it]  0%|          | 6/5000 [04:29<62:17:18, 44.90s/it]  0%|          | 7/5000 [05:13<62:09:35, 44.82s/it]  0%|          | 8/5000 [05:58<62:05:19, 44.78s/it]  0%|          | 9/5000 [06:43<62:00:48, 44.73s/it]  0%|          | 10/5000 [07:26<61:12:36, 44.16s/it]  0%|          | 11/5000 [08:12<62:01:07, 44.75s/it]  0%|          | 12/5000 [08:53<60:36:57, 43.75s/it]  0%|          | 13/5000 [09:35<59:48:02, 43.17s/it]  0%|          | 14/5000 [10:16<58:53:21, 42.52s/it]  0%|          | 15/5000 [10:58<58:46:54, 42.45s/it]  0%|          | 16/5000 [11:40<58:27:07, 42.22s/it]  0%|          | 17/5000 [12:23<58:45:07, 42.45s/it]  0%|          | 18/5000 [13:05<58:24:54, 42.21s/it]  0%|          | 18/5000 [13:41<63:08:54, 45.63s/it]
[I 2024-07-26 03:41:20,560] Trial 104 finished with value: 0.7082854552420254 and parameters: {'lr': 0.0001, 'l2': 0.001, 'bsize': 256, 'alpha1': 0.056823237187479475, 'alpha2': 0.1}. Best is trial 25 with value: 0.7101646954060958.
AUC:  0.7082854552420254 LOGlOSS:  0.432927934361405 test_AUC:  0.0 test_LOGlOSS:  10000.0
  0%|          | 0/5000 [00:00<?, ?it/s]  0%|          | 1/5000 [00:41<56:58:45, 41.03s/it]  0%|          | 2/5000 [01:21<56:49:07, 40.93s/it]  0%|          | 3/5000 [02:01<55:53:57, 40.27s/it]  0%|          | 4/5000 [02:41<55:50:15, 40.24s/it]  0%|          | 5/5000 [03:21<55:54:34, 40.30s/it]  0%|          | 6/5000 [04:02<55:48:39, 40.23s/it]  0%|          | 7/5000 [04:44<56:38:29, 40.84s/it]  0%|          | 8/5000 [05:25<56:54:43, 41.04s/it]  0%|          | 9/5000 [06:10<58:33:00, 42.23s/it]  0%|          | 10/5000 [06:55<59:34:27, 42.98s/it]  0%|          | 11/5000 [07:43<61:46:25, 44.58s/it]  0%|          | 12/5000 [08:29<62:20:48, 45.00s/it]  0%|          | 13/5000 [09:13<62:08:18, 44.86s/it]  0%|          | 14/5000 [09:55<60:53:45, 43.97s/it]  0%|          | 15/5000 [10:38<60:22:34, 43.60s/it]  0%|          | 16/5000 [11:21<60:05:01, 43.40s/it]  0%|          | 17/5000 [12:02<59:10:20, 42.75s/it]  0%|          | 18/5000 [12:45<59:07:32, 42.72s/it]  0%|          | 19/5000 [13:29<59:33:32, 43.05s/it]  0%|          | 20/5000 [14:13<60:15:07, 43.56s/it]  0%|          | 21/5000 [14:55<59:14:22, 42.83s/it]  0%|          | 21/5000 [15:36<61:39:17, 44.58s/it]
[I 2024-07-26 03:57:09,674] Trial 105 finished with value: 0.7049565091974832 and parameters: {'lr': 0.0001, 'l2': 0.001, 'bsize': 256, 'alpha1': 0.09402812538050781, 'alpha2': 0.7}. Best is trial 25 with value: 0.7101646954060958.
AUC:  0.7049565091974832 LOGlOSS:  0.4457925033185726 test_AUC:  0.0 test_LOGlOSS:  10000.0
  0%|          | 0/5000 [00:00<?, ?it/s]  0%|          | 1/5000 [00:41<58:02:28, 41.80s/it]  0%|          | 2/5000 [01:22<57:16:08, 41.25s/it]  0%|          | 3/5000 [02:03<56:41:51, 40.85s/it]  0%|          | 4/5000 [02:44<57:02:41, 41.11s/it]  0%|          | 5/5000 [03:23<55:59:33, 40.36s/it]  0%|          | 6/5000 [04:04<56:09:10, 40.48s/it]  0%|          | 7/5000 [04:45<56:38:36, 40.84s/it]  0%|          | 8/5000 [05:26<56:33:29, 40.79s/it]  0%|          | 9/5000 [06:07<56:33:34, 40.80s/it]  0%|          | 10/5000 [06:48<56:53:23, 41.04s/it]  0%|          | 11/5000 [07:30<57:00:03, 41.13s/it]  0%|          | 12/5000 [08:11<56:51:41, 41.04s/it]  0%|          | 13/5000 [08:52<56:57:24, 41.12s/it]  0%|          | 14/5000 [09:34<57:10:00, 41.28s/it]  0%|          | 15/5000 [10:14<56:57:58, 41.14s/it]  0%|          | 16/5000 [10:55<56:53:39, 41.10s/it]  0%|          | 17/5000 [11:36<56:48:47, 41.05s/it]  0%|          | 18/5000 [12:16<56:10:15, 40.59s/it]  0%|          | 19/5000 [12:58<56:56:30, 41.15s/it]  0%|          | 20/5000 [13:40<56:57:26, 41.17s/it]  0%|          | 21/5000 [14:20<56:41:37, 40.99s/it]  0%|          | 21/5000 [15:01<59:24:14, 42.95s/it]
[I 2024-07-26 04:12:24,499] Trial 106 finished with value: 0.7072588457227905 and parameters: {'lr': 3e-05, 'l2': 0.001, 'bsize': 256, 'alpha1': 0.018379342570886734, 'alpha2': 0.1}. Best is trial 25 with value: 0.7101646954060958.
AUC:  0.7072588457227905 LOGlOSS:  0.4426847757226141 test_AUC:  0.0 test_LOGlOSS:  10000.0
  0%|          | 0/5000 [00:00<?, ?it/s]  0%|          | 1/5000 [00:21<29:18:18, 21.10s/it]  0%|          | 2/5000 [00:41<29:05:16, 20.95s/it]  0%|          | 3/5000 [01:02<29:00:16, 20.90s/it]  0%|          | 4/5000 [01:23<29:02:29, 20.93s/it]  0%|          | 5/5000 [01:44<29:04:09, 20.95s/it]  0%|          | 6/5000 [02:05<29:07:20, 20.99s/it]  0%|          | 7/5000 [02:27<29:19:46, 21.15s/it]  0%|          | 8/5000 [02:48<29:33:48, 21.32s/it]  0%|          | 9/5000 [03:09<29:13:55, 21.08s/it]  0%|          | 10/5000 [03:30<29:01:52, 20.94s/it]  0%|          | 11/5000 [03:51<29:02:22, 20.95s/it]  0%|          | 12/5000 [04:12<29:10:46, 21.06s/it]  0%|          | 12/5000 [04:33<31:35:19, 22.80s/it]
[I 2024-07-26 04:17:11,042] Trial 107 finished with value: 0.7038772423831888 and parameters: {'lr': 0.0001, 'l2': 0.001, 'bsize': 512, 'alpha1': 0.09819863203389619, 'alpha2': 0.8}. Best is trial 25 with value: 0.7101646954060958.
AUC:  0.7038772423831888 LOGlOSS:  0.4450838391337855 test_AUC:  0.0 test_LOGlOSS:  10000.0
  0%|          | 0/5000 [00:00<?, ?it/s]  0%|          | 1/5000 [00:40<56:25:00, 40.63s/it]  0%|          | 2/5000 [01:21<56:25:18, 40.64s/it]  0%|          | 3/5000 [02:01<56:00:16, 40.35s/it]  0%|          | 4/5000 [02:41<55:58:11, 40.33s/it]  0%|          | 5/5000 [03:23<56:43:00, 40.88s/it]  0%|          | 6/5000 [04:05<57:05:27, 41.15s/it]  0%|          | 7/5000 [04:45<56:50:48, 40.99s/it]  0%|          | 8/5000 [05:27<57:11:05, 41.24s/it]  0%|          | 9/5000 [06:10<58:00:13, 41.84s/it]  0%|          | 10/5000 [06:51<57:25:54, 41.43s/it]  0%|          | 11/5000 [07:33<57:34:01, 41.54s/it]  0%|          | 12/5000 [08:15<58:07:08, 41.95s/it]  0%|          | 13/5000 [08:56<57:32:05, 41.53s/it]  0%|          | 14/5000 [09:32<55:12:46, 39.86s/it]  0%|          | 15/5000 [10:13<55:32:36, 40.11s/it]  0%|          | 16/5000 [10:53<55:25:46, 40.04s/it]  0%|          | 17/5000 [11:34<56:08:31, 40.56s/it]  0%|          | 18/5000 [12:16<56:32:41, 40.86s/it]  0%|          | 19/5000 [12:56<56:06:35, 40.55s/it]  0%|          | 20/5000 [13:37<56:27:49, 40.82s/it]  0%|          | 21/5000 [14:16<55:44:27, 40.30s/it]  0%|          | 21/5000 [14:59<59:16:00, 42.85s/it]
[I 2024-07-26 04:32:24,498] Trial 108 finished with value: 0.7032640135512057 and parameters: {'lr': 0.0001, 'l2': 0.001, 'bsize': 256, 'alpha1': 0.08813456771858547, 'alpha2': 0.9}. Best is trial 25 with value: 0.7101646954060958.
AUC:  0.7032640135512057 LOGlOSS:  0.45044591867623807 test_AUC:  0.0 test_LOGlOSS:  10000.0
  0%|          | 0/5000 [00:00<?, ?it/s]  0%|          | 1/5000 [00:41<57:33:13, 41.45s/it]  0%|          | 2/5000 [01:23<58:20:00, 42.02s/it]  0%|          | 3/5000 [02:06<58:59:14, 42.50s/it]  0%|          | 4/5000 [02:40<54:14:42, 39.09s/it]  0%|          | 5/5000 [03:22<55:25:53, 39.95s/it]  0%|          | 6/5000 [04:04<56:19:53, 40.61s/it]  0%|          | 7/5000 [04:43<55:57:13, 40.34s/it]  0%|          | 8/5000 [05:17<52:53:59, 38.15s/it]  0%|          | 9/5000 [05:58<54:14:44, 39.13s/it]  0%|          | 10/5000 [06:39<54:47:17, 39.53s/it]  0%|          | 11/5000 [07:19<55:18:43, 39.91s/it]  0%|          | 12/5000 [08:01<55:49:14, 40.29s/it]  0%|          | 13/5000 [08:41<56:05:10, 40.49s/it]  0%|          | 14/5000 [09:23<56:21:22, 40.69s/it]  0%|          | 15/5000 [10:04<56:41:03, 40.94s/it]  0%|          | 16/5000 [10:45<56:36:41, 40.89s/it]  0%|          | 16/5000 [11:27<59:28:56, 42.96s/it]
[I 2024-07-26 04:44:04,582] Trial 109 finished with value: 0.7019742265280777 and parameters: {'lr': 0.001, 'l2': 0.001, 'bsize': 256, 'alpha1': 0.09383653203796659, 'alpha2': 0.1}. Best is trial 25 with value: 0.7101646954060958.
AUC:  0.7019742265280777 LOGlOSS:  0.42725176294545886 test_AUC:  0.0 test_LOGlOSS:  10000.0
  0%|          | 0/5000 [00:00<?, ?it/s]  0%|          | 1/5000 [00:41<57:39:35, 41.52s/it]  0%|          | 2/5000 [01:21<55:59:13, 40.33s/it]  0%|          | 3/5000 [02:04<57:49:22, 41.66s/it]  0%|          | 4/5000 [02:45<57:43:11, 41.59s/it]  0%|          | 5/5000 [03:25<57:01:41, 41.10s/it]  0%|          | 6/5000 [04:08<57:42:49, 41.60s/it]  0%|          | 7/5000 [04:50<57:53:08, 41.74s/it]  0%|          | 8/5000 [05:32<57:45:17, 41.65s/it]  0%|          | 9/5000 [06:13<57:37:48, 41.57s/it]  0%|          | 10/5000 [06:53<57:04:28, 41.18s/it]  0%|          | 11/5000 [07:34<56:45:16, 40.95s/it]  0%|          | 12/5000 [08:14<56:24:29, 40.71s/it]  0%|          | 13/5000 [08:55<56:37:39, 40.88s/it]  0%|          | 14/5000 [09:37<56:53:35, 41.08s/it]  0%|          | 15/5000 [10:18<56:54:14, 41.09s/it]  0%|          | 16/5000 [10:57<56:13:35, 40.61s/it]  0%|          | 17/5000 [11:36<55:34:06, 40.15s/it]  0%|          | 18/5000 [12:16<55:14:57, 39.92s/it]  0%|          | 19/5000 [12:55<54:51:51, 39.65s/it]  0%|          | 20/5000 [13:34<54:52:23, 39.67s/it]  0%|          | 21/5000 [14:06<51:31:46, 37.26s/it]  0%|          | 21/5000 [14:39<57:53:56, 41.86s/it]
[I 2024-07-26 04:58:55,573] Trial 110 finished with value: 0.7092774721208862 and parameters: {'lr': 0.0001, 'l2': 0.001, 'bsize': 256, 'alpha1': 0.08387331951107681, 'alpha2': 0.1}. Best is trial 25 with value: 0.7101646954060958.
AUC:  0.7092774721208862 LOGlOSS:  0.4325452105838742 test_AUC:  0.0 test_LOGlOSS:  10000.0
  0%|          | 0/5000 [00:00<?, ?it/s]  0%|          | 1/5000 [00:42<58:36:56, 42.21s/it]  0%|          | 2/5000 [01:25<59:15:12, 42.68s/it]  0%|          | 3/5000 [02:07<59:12:13, 42.65s/it]  0%|          | 4/5000 [02:49<58:38:28, 42.26s/it]  0%|          | 5/5000 [03:31<58:17:19, 42.01s/it]  0%|          | 6/5000 [04:11<57:41:42, 41.59s/it]  0%|          | 7/5000 [04:52<57:06:22, 41.17s/it]  0%|          | 8/5000 [05:32<56:47:41, 40.96s/it]  0%|          | 9/5000 [06:13<56:32:42, 40.79s/it]  0%|          | 10/5000 [06:54<56:55:06, 41.06s/it]  0%|          | 11/5000 [07:38<57:54:04, 41.78s/it]  0%|          | 12/5000 [08:22<58:50:17, 42.47s/it]  0%|          | 13/5000 [09:02<58:01:45, 41.89s/it]  0%|          | 14/5000 [09:43<57:43:20, 41.68s/it]  0%|          | 15/5000 [10:25<57:50:02, 41.77s/it]  0%|          | 16/5000 [11:10<59:10:52, 42.75s/it]  0%|          | 17/5000 [11:56<60:20:41, 43.60s/it]  0%|          | 18/5000 [12:36<58:54:46, 42.57s/it]  0%|          | 18/5000 [13:18<61:23:33, 44.36s/it]
[I 2024-07-26 05:12:24,700] Trial 111 finished with value: 0.7098336348666399 and parameters: {'lr': 0.0001, 'l2': 0.001, 'bsize': 256, 'alpha1': 0.0970247579122422, 'alpha2': 0.1}. Best is trial 25 with value: 0.7101646954060958.
AUC:  0.7098336348666399 LOGlOSS:  0.43135361215828144 test_AUC:  0.0 test_LOGlOSS:  10000.0
  0%|          | 0/5000 [00:00<?, ?it/s]  0%|          | 1/5000 [00:41<57:40:11, 41.53s/it]  0%|          | 2/5000 [01:23<58:14:39, 41.95s/it]  0%|          | 3/5000 [02:06<58:44:19, 42.32s/it]  0%|          | 4/5000 [02:50<59:38:56, 42.98s/it]  0%|          | 5/5000 [03:31<58:24:21, 42.09s/it]  0%|          | 6/5000 [04:12<58:11:27, 41.95s/it]  0%|          | 7/5000 [04:53<57:52:33, 41.73s/it]  0%|          | 8/5000 [05:38<58:52:48, 42.46s/it]  0%|          | 9/5000 [06:20<58:48:04, 42.41s/it]  0%|          | 10/5000 [07:02<58:43:51, 42.37s/it]  0%|          | 11/5000 [07:44<58:25:27, 42.16s/it]  0%|          | 12/5000 [08:27<58:44:46, 42.40s/it]  0%|          | 13/5000 [09:08<58:18:47, 42.09s/it]  0%|          | 14/5000 [09:49<57:56:34, 41.84s/it]  0%|          | 15/5000 [10:31<57:42:38, 41.68s/it]  0%|          | 16/5000 [11:12<57:35:13, 41.60s/it]  0%|          | 17/5000 [11:54<57:37:58, 41.64s/it]  0%|          | 18/5000 [12:35<57:35:26, 41.62s/it]  0%|          | 18/5000 [13:09<60:40:57, 43.85s/it]
