[I 2024-07-25 15:28:50,065] Trial 32 finished with value: 0.7083774509682328 and parameters: {'lr': 0.0003, 'l2': 0.001, 'bsize': 1024, 'alpha1': 0.07482025809330878, 'alpha2': 0.2}. Best is trial 25 with value: 0.7101646954060958.
2024-07-25 15:29:00.264609: I tensorflow/core/kernels/data/shuffle_dataset_op.cc:177] Filling up shuffle buffer (this may take a while): 323912 of 1000000
2024-07-25 15:29:02.624780: I tensorflow/core/kernels/data/shuffle_dataset_op.cc:230] Shuffle buffer filled.
AUC:  0.7083774509682328 LOGlOSS:  0.43481645671748337 test_AUC:  0.0 test_LOGlOSS:  10000.0
  0%|          | 0/5000 [00:00<?, ?it/s]  0%|          | 1/5000 [00:33<47:10:57, 33.98s/it]  0%|          | 2/5000 [01:08<47:26:45, 34.17s/it]  0%|          | 3/5000 [01:48<51:11:46, 36.88s/it]  0%|          | 4/5000 [02:29<53:37:46, 38.64s/it]  0%|          | 5/5000 [03:10<54:44:58, 39.46s/it]  0%|          | 6/5000 [03:52<55:42:52, 40.16s/it]  0%|          | 7/5000 [04:30<55:03:20, 39.70s/it]  0%|          | 8/5000 [05:10<54:47:40, 39.52s/it]  0%|          | 9/5000 [05:48<54:22:29, 39.22s/it]  0%|          | 10/5000 [06:28<54:41:30, 39.46s/it]  0%|          | 11/5000 [07:07<54:34:28, 39.38s/it]  0%|          | 12/5000 [07:43<52:53:45, 38.18s/it]  0%|          | 13/5000 [08:19<51:57:46, 37.51s/it]  0%|          | 14/5000 [08:55<51:22:00, 37.09s/it]  0%|          | 15/5000 [09:28<49:53:24, 36.03s/it]  0%|          | 16/5000 [10:02<49:03:35, 35.44s/it]  0%|          | 17/5000 [10:42<50:36:01, 36.56s/it]  0%|          | 18/5000 [11:20<51:26:44, 37.17s/it]  0%|          | 18/5000 [11:59<55:17:45, 39.96s/it]
[I 2024-07-25 15:41:06,083] Trial 33 finished with value: 0.7092317016710189 and parameters: {'lr': 0.0001, 'l2': 0.001, 'bsize': 256, 'alpha1': 0.09586707666955338, 'alpha2': 0.2}. Best is trial 25 with value: 0.7101646954060958.
2024-07-25 15:41:16.258900: I tensorflow/core/kernels/data/shuffle_dataset_op.cc:177] Filling up shuffle buffer (this may take a while): 403302 of 1000000
2024-07-25 15:41:16.396640: I tensorflow/core/kernels/data/shuffle_dataset_op.cc:230] Shuffle buffer filled.
AUC:  0.7092317016710189 LOGlOSS:  0.43340530018117884 test_AUC:  0.0 test_LOGlOSS:  10000.0
  0%|          | 0/5000 [00:00<?, ?it/s]  0%|          | 1/5000 [00:20<27:54:17, 20.10s/it]  0%|          | 2/5000 [00:40<28:10:21, 20.29s/it]  0%|          | 3/5000 [01:00<28:03:26, 20.21s/it]  0%|          | 4/5000 [01:20<27:45:02, 20.00s/it]  0%|          | 5/5000 [01:39<27:14:13, 19.63s/it]  0%|          | 6/5000 [01:59<27:16:48, 19.67s/it]  0%|          | 7/5000 [02:19<27:31:12, 19.84s/it]  0%|          | 8/5000 [02:39<27:45:07, 20.01s/it]  0%|          | 9/5000 [03:00<27:59:39, 20.19s/it]  0%|          | 10/5000 [03:20<27:56:24, 20.16s/it]  0%|          | 11/5000 [03:39<27:38:47, 19.95s/it]  0%|          | 12/5000 [03:59<27:24:51, 19.79s/it]  0%|          | 13/5000 [04:18<27:14:09, 19.66s/it]  0%|          | 14/5000 [04:39<27:34:19, 19.91s/it]  0%|          | 15/5000 [04:59<27:41:08, 19.99s/it]  0%|          | 16/5000 [05:19<27:54:46, 20.16s/it]  0%|          | 17/5000 [05:41<28:22:40, 20.50s/it]  0%|          | 18/5000 [06:01<28:27:16, 20.56s/it]  0%|          | 19/5000 [06:21<28:16:32, 20.44s/it]  0%|          | 20/5000 [06:39<27:06:45, 19.60s/it]  0%|          | 20/5000 [07:00<29:03:43, 21.01s/it]
[I 2024-07-25 15:48:21,033] Trial 34 finished with value: 0.7047748587853833 and parameters: {'lr': 0.001, 'l2': 0.001, 'bsize': 512, 'alpha1': 0.08448227615935552, 'alpha2': 0.2}. Best is trial 25 with value: 0.7101646954060958.
2024-07-25 15:48:31.242804: I tensorflow/core/kernels/data/shuffle_dataset_op.cc:177] Filling up shuffle buffer (this may take a while): 278312 of 1000000
2024-07-25 15:48:36.976463: I tensorflow/core/kernels/data/shuffle_dataset_op.cc:230] Shuffle buffer filled.
AUC:  0.7047748587853833 LOGlOSS:  0.42916843639896707 test_AUC:  0.0 test_LOGlOSS:  10000.0
  0%|          | 0/5000 [00:00<?, ?it/s]  0%|          | 1/5000 [00:11<15:58:42, 11.51s/it]  0%|          | 2/5000 [00:22<15:52:40, 11.44s/it]  0%|          | 3/5000 [00:34<15:48:26, 11.39s/it]  0%|          | 4/5000 [00:45<15:47:19, 11.38s/it]  0%|          | 5/5000 [00:56<15:39:36, 11.29s/it]  0%|          | 6/5000 [01:07<15:30:09, 11.18s/it]  0%|          | 7/5000 [01:17<15:06:31, 10.89s/it]  0%|          | 8/5000 [01:28<14:53:53, 10.74s/it]  0%|          | 9/5000 [01:39<15:05:57, 10.89s/it]  0%|          | 10/5000 [01:50<14:59:26, 10.81s/it]  0%|          | 11/5000 [02:00<14:50:25, 10.71s/it]  0%|          | 12/5000 [02:11<14:58:03, 10.80s/it]  0%|          | 13/5000 [02:22<15:03:26, 10.87s/it]  0%|          | 14/5000 [02:33<15:01:16, 10.85s/it]  0%|          | 15/5000 [02:44<15:07:05, 10.92s/it]  0%|          | 15/5000 [02:55<16:12:56, 11.71s/it]
[I 2024-07-25 15:51:37,128] Trial 35 finished with value: 0.7090499646721593 and parameters: {'lr': 3e-05, 'l2': 0.0001, 'bsize': 1024, 'alpha1': 0.07530327621997406, 'alpha2': 0.1}. Best is trial 25 with value: 0.7101646954060958.
AUC:  0.7090499646721593 LOGlOSS:  0.44445990053841306 test_AUC:  0.0 test_LOGlOSS:  10000.0
  0%|          | 0/5000 [00:00<?, ?it/s]  0%|          | 1/5000 [00:11<15:16:37, 11.00s/it]  0%|          | 2/5000 [00:21<15:09:07, 10.91s/it]  0%|          | 3/5000 [00:32<15:02:17, 10.83s/it]  0%|          | 4/5000 [00:43<15:01:14, 10.82s/it]  0%|          | 5/5000 [00:54<14:54:57, 10.75s/it]  0%|          | 6/5000 [01:05<15:01:29, 10.83s/it]  0%|          | 7/5000 [01:15<15:02:46, 10.85s/it]  0%|          | 8/5000 [01:26<14:57:12, 10.78s/it]  0%|          | 9/5000 [01:37<15:09:35, 10.93s/it]  0%|          | 10/5000 [01:49<15:27:59, 11.16s/it]  0%|          | 11/5000 [02:00<15:35:29, 11.25s/it]  0%|          | 12/5000 [02:12<15:37:56, 11.28s/it]  0%|          | 13/5000 [02:23<15:37:49, 11.28s/it]  0%|          | 14/5000 [02:34<15:40:13, 11.31s/it]  0%|          | 15/5000 [02:46<15:40:49, 11.32s/it]  0%|          | 16/5000 [02:57<15:36:28, 11.27s/it]  0%|          | 17/5000 [03:08<15:27:24, 11.17s/it]  0%|          | 18/5000 [03:19<15:26:40, 11.16s/it]  0%|          | 19/5000 [03:30<15:24:40, 11.14s/it]  0%|          | 20/5000 [03:41<15:27:16, 11.17s/it]  0%|          | 21/5000 [03:53<15:31:37, 11.23s/it]  0%|          | 22/5000 [04:04<15:26:58, 11.17s/it]  0%|          | 23/5000 [04:15<15:26:40, 11.17s/it]  0%|          | 23/5000 [04:26<16:02:21, 11.60s/it]
[I 2024-07-25 15:56:18,519] Trial 36 finished with value: 0.7045280833228008 and parameters: {'lr': 1e-05, 'l2': 3e-05, 'bsize': 1024, 'alpha1': 0.09993538364006187, 'alpha2': 0.5}. Best is trial 25 with value: 0.7101646954060958.
2024-07-25 15:56:28.744645: I tensorflow/core/kernels/data/shuffle_dataset_op.cc:177] Filling up shuffle buffer (this may take a while): 312522 of 1000000
2024-07-25 15:56:31.168826: I tensorflow/core/kernels/data/shuffle_dataset_op.cc:230] Shuffle buffer filled.
AUC:  0.7045280833228008 LOGlOSS:  0.45517926564912664 test_AUC:  0.0 test_LOGlOSS:  10000.0
  0%|          | 0/5000 [00:00<?, ?it/s]  0%|          | 1/5000 [00:38<53:48:58, 38.76s/it]  0%|          | 2/5000 [01:17<53:30:31, 38.54s/it]  0%|          | 3/5000 [01:56<54:02:56, 38.94s/it]  0%|          | 4/5000 [02:37<54:59:58, 39.63s/it]  0%|          | 5/5000 [03:17<55:12:02, 39.78s/it]  0%|          | 6/5000 [03:56<55:08:42, 39.75s/it]  0%|          | 6/5000 [04:37<64:08:58, 46.24s/it]
[I 2024-07-25 16:01:13,085] Trial 37 finished with value: 0.7045847081117386 and parameters: {'lr': 0.0001, 'l2': 3e-06, 'bsize': 256, 'alpha1': 0.06851085913216087, 'alpha2': 0.2}. Best is trial 25 with value: 0.7101646954060958.
2024-07-25 16:01:23.330810: I tensorflow/core/kernels/data/shuffle_dataset_op.cc:177] Filling up shuffle buffer (this may take a while): 388010 of 1000000
2024-07-25 16:01:23.695894: I tensorflow/core/kernels/data/shuffle_dataset_op.cc:230] Shuffle buffer filled.
AUC:  0.7045847081117386 LOGlOSS:  0.43136226700497576 test_AUC:  0.0 test_LOGlOSS:  10000.0
  0%|          | 0/5000 [00:00<?, ?it/s]  0%|          | 1/5000 [00:20<28:49:26, 20.76s/it]  0%|          | 2/5000 [00:41<28:44:44, 20.71s/it]  0%|          | 3/5000 [01:01<28:31:20, 20.55s/it]  0%|          | 4/5000 [01:21<28:01:40, 20.20s/it]  0%|          | 5/5000 [01:41<27:45:43, 20.01s/it]  0%|          | 6/5000 [02:02<28:11:27, 20.32s/it]  0%|          | 7/5000 [02:21<27:54:21, 20.12s/it]  0%|          | 8/5000 [02:41<27:47:44, 20.04s/it]  0%|          | 9/5000 [03:01<27:42:14, 19.98s/it]  0%|          | 10/5000 [03:19<26:55:08, 19.42s/it]  0%|          | 11/5000 [03:39<27:16:07, 19.68s/it]  0%|          | 11/5000 [04:00<30:20:51, 21.90s/it]
[I 2024-07-25 16:05:29,146] Trial 38 finished with value: 0.7090275765831379 and parameters: {'lr': 0.0001, 'l2': 0.001, 'bsize': 512, 'alpha1': 0.09105678025837789, 'alpha2': 0.2}. Best is trial 25 with value: 0.7101646954060958.
AUC:  0.7090275765831379 LOGlOSS:  0.43266719062665754 test_AUC:  0.0 test_LOGlOSS:  10000.0
  0%|          | 0/5000 [00:00<?, ?it/s]  0%|          | 1/5000 [00:40<56:49:10, 40.92s/it]  0%|          | 2/5000 [01:17<53:31:01, 38.55s/it]  0%|          | 3/5000 [01:56<53:54:07, 38.83s/it]  0%|          | 4/5000 [02:37<54:46:50, 39.47s/it]  0%|          | 5/5000 [03:17<55:04:37, 39.70s/it]  0%|          | 6/5000 [03:57<55:05:42, 39.72s/it]  0%|          | 7/5000 [04:35<54:32:31, 39.33s/it]  0%|          | 7/5000 [05:16<62:38:52, 45.17s/it]
[I 2024-07-25 16:10:57,149] Trial 39 finished with value: 0.6971502046169598 and parameters: {'lr': 0.001, 'l2': 1e-06, 'bsize': 256, 'alpha1': 0.08179005885772728, 'alpha2': 0.4}. Best is trial 25 with value: 0.7101646954060958.
AUC:  0.6971502046169598 LOGlOSS:  0.44584294982882045 test_AUC:  0.0 test_LOGlOSS:  10000.0
  0%|          | 0/5000 [00:00<?, ?it/s]  0%|          | 1/5000 [00:09<13:07:01,  9.45s/it]  0%|          | 2/5000 [00:19<13:42:47,  9.88s/it]  0%|          | 3/5000 [00:30<14:15:16, 10.27s/it]  0%|          | 4/5000 [00:41<14:38:14, 10.55s/it]  0%|          | 5/5000 [00:51<14:40:55, 10.58s/it]  0%|          | 6/5000 [01:03<15:00:39, 10.82s/it]  0%|          | 7/5000 [01:14<15:12:39, 10.97s/it]  0%|          | 8/5000 [01:25<15:21:26, 11.07s/it]  0%|          | 9/5000 [01:37<15:24:09, 11.11s/it]  0%|          | 10/5000 [01:48<15:23:22, 11.10s/it]  0%|          | 11/5000 [01:59<15:20:29, 11.07s/it]  0%|          | 12/5000 [02:09<15:07:57, 10.92s/it]  0%|          | 13/5000 [02:20<14:58:39, 10.81s/it]  0%|          | 14/5000 [02:31<14:58:52, 10.82s/it]  0%|          | 15/5000 [02:42<15:02:27, 10.86s/it]  0%|          | 16/5000 [02:52<15:00:09, 10.84s/it]  0%|          | 17/5000 [03:03<14:53:52, 10.76s/it]  0%|          | 18/5000 [03:14<15:05:39, 10.91s/it]  0%|          | 19/5000 [03:25<15:15:05, 11.02s/it]  0%|          | 20/5000 [03:36<15:09:38, 10.96s/it]  0%|          | 21/5000 [03:47<15:16:13, 11.04s/it]  0%|          | 22/5000 [03:59<15:23:31, 11.13s/it]  0%|          | 23/5000 [04:10<15:32:24, 11.24s/it]  0%|          | 24/5000 [04:22<15:35:17, 11.28s/it]  0%|          | 25/5000 [04:33<15:28:05, 11.19s/it]  1%|          | 26/5000 [04:44<15:22:50, 11.13s/it]  1%|          | 27/5000 [04:54<15:14:22, 11.03s/it]  1%|          | 28/5000 [05:05<15:12:16, 11.01s/it]  1%|          | 28/5000 [05:16<15:36:16, 11.30s/it]
[I 2024-07-25 16:16:27,683] Trial 40 finished with value: 0.7021155383335629 and parameters: {'lr': 0.0003, 'l2': 0.001, 'bsize': 1024, 'alpha1': 0.06846222039475408, 'alpha2': 1.0}. Best is trial 25 with value: 0.7101646954060958.
AUC:  0.7021155383335629 LOGlOSS:  0.4572182848440189 test_AUC:  0.0 test_LOGlOSS:  10000.0
  0%|          | 0/5000 [00:00<?, ?it/s]  0%|          | 1/5000 [00:41<57:12:22, 41.20s/it]  0%|          | 2/5000 [01:21<56:49:40, 40.93s/it]  0%|          | 3/5000 [02:02<56:31:38, 40.72s/it]  0%|          | 4/5000 [02:40<55:07:56, 39.73s/it]  0%|          | 5/5000 [03:15<52:42:17, 37.99s/it]  0%|          | 6/5000 [03:49<50:50:01, 36.64s/it]  0%|          | 7/5000 [04:26<50:55:19, 36.72s/it]  0%|          | 8/5000 [05:03<51:07:29, 36.87s/it]  0%|          | 9/5000 [05:38<50:12:18, 36.21s/it]  0%|          | 10/5000 [06:14<50:01:29, 36.09s/it]  0%|          | 11/5000 [06:48<49:26:14, 35.67s/it]  0%|          | 12/5000 [07:22<48:26:06, 34.96s/it]  0%|          | 13/5000 [07:56<47:59:31, 34.64s/it]  0%|          | 14/5000 [08:35<49:47:40, 35.95s/it]  0%|          | 15/5000 [09:16<52:12:53, 37.71s/it]  0%|          | 16/5000 [09:56<53:07:53, 38.38s/it]  0%|          | 17/5000 [10:34<52:42:42, 38.08s/it]  0%|          | 18/5000 [11:11<52:27:11, 37.90s/it]  0%|          | 19/5000 [11:48<52:00:42, 37.59s/it]  0%|          | 20/5000 [12:27<52:21:09, 37.85s/it]  0%|          | 21/5000 [13:04<52:21:47, 37.86s/it]  0%|          | 21/5000 [13:41<54:05:54, 39.12s/it]
[I 2024-07-25 16:30:22,167] Trial 41 finished with value: 0.7091950636644352 and parameters: {'lr': 0.0001, 'l2': 0.001, 'bsize': 256, 'alpha1': 0.09435472409809209, 'alpha2': 0.2}. Best is trial 25 with value: 0.7101646954060958.
2024-07-25 16:30:32.290678: I tensorflow/core/kernels/data/shuffle_dataset_op.cc:177] Filling up shuffle buffer (this may take a while): 399575 of 1000000
2024-07-25 16:30:32.418290: I tensorflow/core/kernels/data/shuffle_dataset_op.cc:230] Shuffle buffer filled.
AUC:  0.7091950636644352 LOGlOSS:  0.4342078544098202 test_AUC:  0.0 test_LOGlOSS:  10000.0
  0%|          | 0/5000 [00:00<?, ?it/s]  0%|          | 1/5000 [00:38<54:06:37, 38.97s/it]  0%|          | 2/5000 [01:16<52:32:33, 37.85s/it]  0%|          | 3/5000 [01:52<51:58:40, 37.45s/it]  0%|          | 4/5000 [02:32<53:01:34, 38.21s/it]  0%|          | 5/5000 [03:10<52:48:38, 38.06s/it]  0%|          | 6/5000 [03:47<52:36:21, 37.92s/it]  0%|          | 7/5000 [04:26<52:57:57, 38.19s/it]  0%|          | 8/5000 [05:04<52:49:02, 38.09s/it]  0%|          | 9/5000 [05:42<52:39:48, 37.99s/it]  0%|          | 10/5000 [06:18<51:53:53, 37.44s/it]  0%|          | 11/5000 [06:52<50:40:10, 36.56s/it]  0%|          | 12/5000 [07:30<51:14:28, 36.98s/it]  0%|          | 13/5000 [08:07<51:15:10, 37.00s/it]  0%|          | 14/5000 [08:45<51:24:10, 37.11s/it]  0%|          | 15/5000 [09:23<51:59:30, 37.55s/it]  0%|          | 16/5000 [10:00<51:24:42, 37.14s/it]  0%|          | 17/5000 [10:37<51:36:21, 37.28s/it]  0%|          | 18/5000 [11:15<51:51:55, 37.48s/it]  0%|          | 19/5000 [11:53<52:02:51, 37.62s/it]  0%|          | 20/5000 [12:30<51:43:41, 37.39s/it]  0%|          | 20/5000 [13:08<54:32:02, 39.42s/it]
[I 2024-07-25 16:43:44,804] Trial 42 finished with value: 0.709230262166141 and parameters: {'lr': 0.0001, 'l2': 0.001, 'bsize': 256, 'alpha1': 0.09618200554051508, 'alpha2': 0.2}. Best is trial 25 with value: 0.7101646954060958.
AUC:  0.709230262166141 LOGlOSS:  0.4339779638956032 test_AUC:  0.0 test_LOGlOSS:  10000.0
  0%|          | 0/5000 [00:00<?, ?it/s]  0%|          | 1/5000 [00:37<52:27:18, 37.78s/it]  0%|          | 2/5000 [01:14<51:55:18, 37.40s/it]  0%|          | 3/5000 [01:51<51:31:23, 37.12s/it]  0%|          | 4/5000 [02:29<51:50:22, 37.35s/it]  0%|          | 5/5000 [03:05<51:20:55, 37.01s/it]  0%|          | 6/5000 [03:41<50:53:01, 36.68s/it]  0%|          | 7/5000 [04:19<51:16:58, 36.98s/it]  0%|          | 8/5000 [04:55<50:59:46, 36.78s/it]  0%|          | 9/5000 [05:32<50:49:51, 36.66s/it]  0%|          | 10/5000 [06:09<50:53:37, 36.72s/it]  0%|          | 11/5000 [06:46<51:07:09, 36.89s/it]  0%|          | 12/5000 [07:22<50:55:44, 36.76s/it]  0%|          | 13/5000 [08:00<51:13:31, 36.98s/it]  0%|          | 14/5000 [08:38<51:44:43, 37.36s/it]  0%|          | 15/5000 [09:15<51:25:40, 37.14s/it]  0%|          | 16/5000 [09:51<50:55:11, 36.78s/it]  0%|          | 17/5000 [10:30<51:57:25, 37.54s/it]  0%|          | 18/5000 [11:07<51:46:17, 37.41s/it]  0%|          | 19/5000 [11:45<51:48:39, 37.45s/it]  0%|          | 20/5000 [12:23<52:26:17, 37.91s/it]  0%|          | 21/5000 [13:00<51:54:17, 37.53s/it]  0%|          | 21/5000 [13:37<53:49:35, 38.92s/it]
[I 2024-07-25 16:57:34,366] Trial 43 finished with value: 0.7058798689256325 and parameters: {'lr': 0.0001, 'l2': 0.001, 'bsize': 256, 'alpha1': 0.08894529468150429, 'alpha2': 0.6}. Best is trial 25 with value: 0.7101646954060958.
AUC:  0.7058798689256325 LOGlOSS:  0.4433303801190399 test_AUC:  0.0 test_LOGlOSS:  10000.0
  0%|          | 0/5000 [00:00<?, ?it/s]  0%|          | 1/5000 [00:38<53:02:36, 38.20s/it]  0%|          | 2/5000 [01:14<51:35:26, 37.16s/it]  0%|          | 3/5000 [01:45<47:39:36, 34.34s/it]  0%|          | 4/5000 [02:24<49:56:42, 35.99s/it]  0%|          | 5/5000 [03:01<50:46:19, 36.59s/it]  0%|          | 6/5000 [03:38<51:00:11, 36.77s/it]  0%|          | 7/5000 [04:17<51:55:25, 37.44s/it]  0%|          | 8/5000 [04:53<51:23:28, 37.06s/it]  0%|          | 9/5000 [05:29<50:32:45, 36.46s/it]  0%|          | 10/5000 [06:07<51:14:47, 36.97s/it]  0%|          | 11/5000 [06:45<51:50:39, 37.41s/it]  0%|          | 12/5000 [07:22<51:30:18, 37.17s/it]  0%|          | 13/5000 [08:00<51:50:45, 37.43s/it]  0%|          | 14/5000 [08:38<52:21:59, 37.81s/it]  0%|          | 15/5000 [09:14<51:31:28, 37.21s/it]  0%|          | 16/5000 [09:49<50:29:27, 36.47s/it]  0%|          | 17/5000 [10:26<50:32:08, 36.51s/it]  0%|          | 18/5000 [11:03<50:48:57, 36.72s/it]  0%|          | 18/5000 [11:40<53:52:23, 38.93s/it]
[I 2024-07-25 17:09:27,687] Trial 44 finished with value: 0.708969918656728 and parameters: {'lr': 0.0001, 'l2': 0.001, 'bsize': 256, 'alpha1': 0.07667028038313273, 'alpha2': 0.2}. Best is trial 25 with value: 0.7101646954060958.
2024-07-25 17:09:37.801797: I tensorflow/core/kernels/data/shuffle_dataset_op.cc:177] Filling up shuffle buffer (this may take a while): 398159 of 1000000
2024-07-25 17:09:37.983565: I tensorflow/core/kernels/data/shuffle_dataset_op.cc:230] Shuffle buffer filled.
AUC:  0.708969918656728 LOGlOSS:  0.4335867139084808 test_AUC:  0.0 test_LOGlOSS:  10000.0
  0%|          | 0/5000 [00:00<?, ?it/s]  0%|          | 1/5000 [00:36<51:13:55, 36.89s/it]  0%|          | 2/5000 [01:12<50:26:55, 36.34s/it]  0%|          | 3/5000 [01:50<51:31:34, 37.12s/it]  0%|          | 4/5000 [02:28<51:57:54, 37.44s/it]  0%|          | 5/5000 [03:06<52:11:44, 37.62s/it]  0%|          | 6/5000 [03:43<51:54:39, 37.42s/it]  0%|          | 7/5000 [04:20<51:32:57, 37.17s/it]  0%|          | 8/5000 [04:57<51:28:21, 37.12s/it]  0%|          | 8/5000 [05:35<58:11:10, 41.96s/it]
[I 2024-07-25 17:15:17,730] Trial 45 finished with value: 0.7042899923646123 and parameters: {'lr': 3e-05, 'l2': 1e-06, 'bsize': 256, 'alpha1': 0.015537150604701726, 'alpha2': 0.1}. Best is trial 25 with value: 0.7101646954060958.
AUC:  0.7042899923646123 LOGlOSS:  0.44399365633416715 test_AUC:  0.0 test_LOGlOSS:  10000.0
  0%|          | 0/5000 [00:00<?, ?it/s]  0%|          | 1/5000 [00:18<26:16:58, 18.93s/it]  0%|          | 2/5000 [00:37<26:09:46, 18.84s/it]  0%|          | 3/5000 [00:56<26:19:37, 18.97s/it]  0%|          | 4/5000 [01:15<26:20:00, 18.98s/it]  0%|          | 5/5000 [01:34<25:59:40, 18.73s/it]  0%|          | 6/5000 [01:53<26:17:31, 18.95s/it]  0%|          | 7/5000 [02:12<26:12:54, 18.90s/it]  0%|          | 8/5000 [02:30<25:55:19, 18.69s/it]  0%|          | 9/5000 [02:49<26:06:40, 18.83s/it]  0%|          | 10/5000 [03:09<26:19:00, 18.99s/it]  0%|          | 11/5000 [03:28<26:37:33, 19.21s/it]  0%|          | 12/5000 [03:48<26:42:06, 19.27s/it]  0%|          | 13/5000 [04:07<26:34:02, 19.18s/it]  0%|          | 14/5000 [04:26<26:34:28, 19.19s/it]  0%|          | 15/5000 [04:44<26:19:15, 19.01s/it]  0%|          | 15/5000 [05:03<28:01:10, 20.23s/it]
[I 2024-07-25 17:20:34,709] Trial 46 finished with value: 0.7048897104642959 and parameters: {'lr': 0.001, 'l2': 0.001, 'bsize': 512, 'alpha1': 0.09542297618787986, 'alpha2': 0.2}. Best is trial 25 with value: 0.7101646954060958.
AUC:  0.7048897104642959 LOGlOSS:  0.42833569064200916 test_AUC:  0.0 test_LOGlOSS:  10000.0
  0%|          | 0/5000 [00:00<?, ?it/s]  0%|          | 1/5000 [00:37<52:25:15, 37.75s/it]  0%|          | 2/5000 [01:15<52:10:57, 37.59s/it]  0%|          | 3/5000 [01:52<52:07:03, 37.55s/it]  0%|          | 4/5000 [02:31<52:35:23, 37.90s/it]  0%|          | 5/5000 [03:08<52:27:50, 37.81s/it]  0%|          | 6/5000 [03:46<52:29:36, 37.84s/it]  0%|          | 6/5000 [04:25<61:18:28, 44.19s/it]
