,number,value,datetime_start,datetime_complete,duration,params_alpha1,params_bsize,params_l2,params_lr,state
0,0,0.7546666356623395,2024-07-04 21:03:41.818725,2024-07-04 21:03:52.165312,0 days 00:00:10.346587,1.0,32,3e-05,0.0003,COMPLETE
1,1,0.7463012806724838,2024-07-04 21:03:52.166708,2024-07-04 21:03:55.125099,0 days 00:00:02.958391,0.001,64,0.0003,0.001,COMPLETE
2,2,0.7541492509548363,2024-07-04 21:03:55.126558,2024-07-04 21:03:59.240647,0 days 00:00:04.114089,1.0,64,3e-06,0.001,COMPLETE
3,3,0.7535737331341306,2024-07-04 21:03:59.242256,2024-07-04 21:04:50.360689,0 days 00:00:51.118433,1.0,32,1e-05,3e-05,COMPLETE
4,4,0.7472285038280655,2024-07-04 21:04:50.362325,2024-07-04 21:05:34.512086,0 days 00:00:44.149761,0.1,64,0.001,1e-05,COMPLETE
5,5,0.7455106703329284,2024-07-04 21:05:34.513403,2024-07-04 21:05:43.593367,0 days 00:00:09.079964,0.001,32,1e-06,1e-05,COMPLETE
6,6,0.7455455502008499,2024-07-04 21:05:43.594667,2024-07-04 21:05:46.604411,0 days 00:00:03.009744,0.001,64,1e-06,0.0001,COMPLETE
7,7,0.7454176573518041,2024-07-04 21:05:46.605312,2024-07-04 21:05:52.070610,0 days 00:00:05.465298,0.001,32,3e-05,0.0001,COMPLETE
8,8,0.7451996581772944,2024-07-04 21:05:52.071971,2024-07-04 21:05:54.952562,0 days 00:00:02.880591,0.0001,32,1e-05,0.001,COMPLETE
9,9,0.7544370098651894,2024-07-04 21:05:54.953489,2024-07-04 21:09:05.901900,0 days 00:03:10.948411,1.0,16,0.001,1e-05,COMPLETE
10,10,0.7452665112574774,2024-07-04 21:09:05.903319,2024-07-04 21:09:16.802523,0 days 00:00:10.899204,1e-05,16,3e-05,0.0003,COMPLETE
11,11,0.7463797603753074,2024-07-04 21:09:16.803996,2024-07-04 21:09:28.815842,0 days 00:00:12.011846,0.01,16,0.001,0.0003,COMPLETE
12,12,0.7533324807143396,2024-07-04 21:09:28.817431,2024-07-04 21:12:40.011527,0 days 00:03:11.194096,1.0,16,0.0001,1e-05,COMPLETE
13,13,0.7552566867613462,2024-07-04 21:12:40.013061,2024-07-04 21:12:55.575222,0 days 00:00:15.562161,1.0,16,0.001,0.0003,COMPLETE
14,14,0.7546666356623395,2024-07-04 21:12:55.577095,2024-07-04 21:13:05.279025,0 days 00:00:09.701930,1.0,32,3e-05,0.0003,COMPLETE
15,15,0.7453420843046408,2024-07-04 21:13:05.280694,2024-07-04 21:13:16.509143,0 days 00:00:11.228449,1e-05,16,0.0001,0.0003,COMPLETE
16,16,0.745859469012144,2024-07-04 21:13:16.510180,2024-07-04 21:13:26.840865,0 days 00:00:10.330685,0.01,16,0.0003,0.0003,COMPLETE
17,17,0.7456036833140525,2024-07-04 21:13:26.842556,2024-07-04 21:13:33.162567,0 days 00:00:06.320011,0.1,32,3e-06,3e-05,COMPLETE
18,18,0.7453072044367193,2024-07-04 21:13:33.163983,2024-07-04 21:13:38.543555,0 days 00:00:05.379572,0.0001,32,3e-05,0.0003,COMPLETE
19,19,0.7552566867613462,2024-07-04 21:13:38.545046,2024-07-04 21:13:54.518675,0 days 00:00:15.973629,1.0,16,0.001,0.0003,COMPLETE
20,20,0.7552566867613462,2024-07-04 21:13:54.520453,2024-07-04 21:14:06.629527,0 days 00:00:12.109074,1.0,16,0.001,0.0003,COMPLETE
21,21,0.7552566867613462,2024-07-04 21:14:06.631067,2024-07-04 21:14:22.597264,0 days 00:00:15.966197,1.0,16,0.001,0.0003,COMPLETE
22,22,0.7552566867613462,2024-07-04 21:14:22.598586,2024-07-04 21:14:38.148680,0 days 00:00:15.550094,1.0,16,0.001,0.0003,COMPLETE
23,23,0.7552566867613462,2024-07-04 21:14:38.150238,2024-07-04 21:14:53.423110,0 days 00:00:15.272872,1.0,16,0.001,0.0003,COMPLETE
24,24,0.7552566867613462,2024-07-04 21:14:53.426700,2024-07-04 21:15:08.886673,0 days 00:00:15.459973,1.0,16,0.001,0.0003,COMPLETE
25,25,0.7545213028793332,2024-07-04 21:15:08.888330,2024-07-04 21:15:34.562638,0 days 00:00:25.674308,1.0,16,0.001,0.0001,COMPLETE
26,26,0.7455164836442487,2024-07-04 21:15:34.564435,2024-07-04 21:15:44.886096,0 days 00:00:10.321661,1e-05,16,0.001,3e-05,COMPLETE
27,27,0.7489957504694248,2024-07-04 21:15:44.889165,2024-07-04 21:16:07.063745,0 days 00:00:22.174580,0.1,16,0.001,0.0003,COMPLETE
28,28,0.7460542149413727,2024-07-04 21:16:07.065268,2024-07-04 21:16:19.299400,0 days 00:00:12.234132,0.0001,16,0.001,0.0003,COMPLETE
29,29,0.7544980496340521,2024-07-04 21:16:19.300996,2024-07-04 21:16:35.853158,0 days 00:00:16.552162,1.0,16,0.0003,0.0003,COMPLETE
30,30,0.7458216824885623,2024-07-04 21:16:35.854929,2024-07-04 21:16:46.501390,0 days 00:00:10.646461,0.01,16,0.0001,0.0003,COMPLETE
31,31,0.7552566867613462,2024-07-04 21:16:46.502273,2024-07-04 21:17:02.108506,0 days 00:00:15.606233,1.0,16,0.001,0.0003,COMPLETE
32,32,0.7552566867613462,2024-07-04 21:17:02.110174,2024-07-04 21:17:18.830911,0 days 00:00:16.720737,1.0,16,0.001,0.0003,COMPLETE
33,33,0.7541492509548363,2024-07-04 21:17:18.832673,2024-07-04 21:17:22.603113,0 days 00:00:03.770440,1.0,64,3e-06,0.001,COMPLETE
34,34,0.7537277858841174,2024-07-04 21:17:22.604831,2024-07-04 21:17:38.096324,0 days 00:00:15.491493,1.0,16,1e-05,0.0003,COMPLETE
35,35,0.7546491957283786,2024-07-04 21:17:38.097755,2024-07-04 21:18:16.095244,0 days 00:00:37.997489,1.0,64,0.001,3e-05,COMPLETE
36,36,0.7511321423796208,2024-07-04 21:18:16.096818,2024-07-04 21:18:26.450771,0 days 00:00:10.353953,1.0,16,1e-06,0.001,COMPLETE
37,37,0.7545213028793332,2024-07-04 21:18:26.451782,2024-07-04 21:18:51.927635,0 days 00:00:25.475853,1.0,16,0.001,0.0001,COMPLETE
38,38,0.7455397368895296,2024-07-04 21:18:51.929078,2024-07-04 21:18:55.133932,0 days 00:00:03.204854,0.001,64,0.0003,0.0003,COMPLETE
39,39,0.7476354356204836,2024-07-04 21:18:55.134961,2024-07-04 21:21:43.132708,0 days 00:02:47.997747,0.1,16,0.001,1e-05,COMPLETE
40,40,0.7537277858841174,2024-07-04 21:21:43.134136,2024-07-04 21:21:58.787159,0 days 00:00:15.653023,1.0,16,1e-05,0.0003,COMPLETE
41,41,0.7552566867613462,2024-07-04 21:21:58.788028,2024-07-04 21:22:14.263490,0 days 00:00:15.475462,1.0,16,0.001,0.0003,COMPLETE
42,42,0.7552566867613462,2024-07-04 21:22:14.267448,2024-07-04 21:22:29.196250,0 days 00:00:14.928802,1.0,16,0.001,0.0003,COMPLETE
43,43,0.7537016259831764,2024-07-04 21:22:29.197289,2024-07-04 21:22:46.086226,0 days 00:00:16.888937,1.0,16,1e-06,0.0003,COMPLETE
44,44,0.7460803748423139,2024-07-04 21:22:46.087517,2024-07-04 21:22:58.305080,0 days 00:00:12.217563,0.001,16,0.001,0.0003,COMPLETE
45,45,0.7546491957283789,2024-07-04 21:22:58.308507,2024-07-04 21:23:14.126965,0 days 00:00:15.818458,1.0,64,0.001,0.0001,COMPLETE
46,46,0.7438044634604317,2024-07-04 21:23:14.128480,2024-07-04 21:23:24.888706,0 days 00:00:10.760226,0.0001,16,3e-06,0.001,COMPLETE
47,47,0.7455368302338694,2024-07-04 21:23:24.890540,2024-07-04 21:23:39.575358,0 days 00:00:14.684818,1e-05,16,0.001,1e-05,COMPLETE
48,48,0.7461297879885362,2024-07-04 21:23:39.576784,2024-07-04 21:23:47.354737,0 days 00:00:07.777953,0.01,32,0.001,0.0003,COMPLETE
49,49,0.7533935204832024,2024-07-04 21:23:47.355907,2024-07-04 21:25:00.896653,0 days 00:01:13.540746,1.0,16,0.0001,3e-05,COMPLETE
50,50,0.7538353321435423,2024-07-04 21:25:00.898159,2024-07-04 21:25:16.553110,0 days 00:00:15.654951,1.0,16,3e-05,0.0003,COMPLETE
51,51,0.7552566867613462,2024-07-04 21:25:16.554380,2024-07-04 21:25:32.448793,0 days 00:00:15.894413,1.0,16,0.001,0.0003,COMPLETE
52,52,0.7552566867613462,2024-07-04 21:25:32.450249,2024-07-04 21:25:48.396793,0 days 00:00:15.946544,1.0,16,0.001,0.0003,COMPLETE
53,53,0.7552566867613462,2024-07-04 21:25:48.398180,2024-07-04 21:26:05.054872,0 days 00:00:16.656692,1.0,16,0.001,0.0003,COMPLETE
54,54,0.7552566867613462,2024-07-04 21:26:05.056555,2024-07-04 21:26:21.206010,0 days 00:00:16.149455,1.0,16,0.001,0.0003,COMPLETE
55,55,0.7489259907335818,2024-07-04 21:26:21.207432,2024-07-04 21:26:33.603392,0 days 00:00:12.395960,0.1,32,0.001,0.0003,COMPLETE
56,56,0.7552566867613462,2024-07-04 21:26:33.604364,2024-07-04 21:26:44.625285,0 days 00:00:11.020921,1.0,16,0.001,0.0003,COMPLETE
57,57,0.7454670704980263,2024-07-04 21:26:44.627006,2024-07-04 21:26:58.639650,0 days 00:00:14.012644,1e-05,16,1e-05,1e-05,COMPLETE
58,58,0.7457809893093206,2024-07-04 21:26:58.641796,2024-07-04 21:27:06.168354,0 days 00:00:07.526558,0.001,16,1e-06,0.0003,COMPLETE
59,59,0.7455629901348106,2024-07-04 21:27:06.169622,2024-07-04 21:27:09.022105,0 days 00:00:02.852483,0.0001,64,3e-06,0.0001,COMPLETE
60,60,0.745859469012144,2024-07-04 21:27:09.022969,2024-07-04 21:27:20.022111,0 days 00:00:10.999142,0.01,16,0.0003,0.0003,COMPLETE
61,61,0.7552566867613462,2024-07-04 21:27:20.024305,2024-07-04 21:27:33.566009,0 days 00:00:13.541704,1.0,16,0.001,0.0003,COMPLETE
62,62,0.7552566867613462,2024-07-04 21:27:33.569186,2024-07-04 21:27:50.146365,0 days 00:00:16.577179,1.0,16,0.001,0.0003,COMPLETE
63,63,0.7552566867613462,2024-07-04 21:27:50.148071,2024-07-04 21:28:06.259756,0 days 00:00:16.111685,1.0,16,0.001,0.0003,COMPLETE
64,64,0.7552566867613462,2024-07-04 21:28:06.261136,2024-07-04 21:28:22.280893,0 days 00:00:16.019757,1.0,16,0.001,0.0003,COMPLETE
65,65,0.7540010115161697,2024-07-04 21:28:22.282427,2024-07-04 21:29:20.104696,0 days 00:00:57.822269,1.0,32,0.0001,3e-05,COMPLETE
66,66,0.7512774751626273,2024-07-04 21:29:20.106056,2024-07-04 21:29:30.562623,0 days 00:00:10.456567,1.0,16,3e-05,0.001,COMPLETE
67,67,0.7552566867613462,2024-07-04 21:29:30.564406,2024-07-04 21:29:46.966764,0 days 00:00:16.402358,1.0,16,0.001,0.0003,COMPLETE
68,68,0.7552566867613462,2024-07-04 21:29:46.968555,2024-07-04 21:30:02.557354,0 days 00:00:15.588799,1.0,16,0.001,0.0003,COMPLETE
69,69,0.7489957504694248,2024-07-04 21:30:02.558871,2024-07-04 21:30:25.843890,0 days 00:00:23.285019,0.1,16,0.001,0.0003,COMPLETE
70,70,0.7552566867613462,2024-07-04 21:30:25.845665,2024-07-04 21:30:42.168363,0 days 00:00:16.322698,1.0,16,0.001,0.0003,COMPLETE
71,71,0.7552566867613462,2024-07-04 21:30:42.170015,2024-07-04 21:30:57.650202,0 days 00:00:15.480187,1.0,16,0.001,0.0003,COMPLETE
72,72,0.7552566867613462,2024-07-04 21:30:57.652646,2024-07-04 21:31:13.322247,0 days 00:00:15.669601,1.0,16,0.001,0.0003,COMPLETE
73,73,0.7552566867613462,2024-07-04 21:31:13.324051,2024-07-04 21:31:29.054155,0 days 00:00:15.730104,1.0,16,0.001,0.0003,COMPLETE
74,74,0.7544980496340521,2024-07-04 21:31:29.056009,2024-07-04 21:31:47.936634,0 days 00:00:18.880625,1.0,16,0.0003,0.0003,COMPLETE
75,75,0.7453566175829415,2024-07-04 21:31:47.938326,2024-07-04 21:31:59.409117,0 days 00:00:11.470791,1e-05,16,1e-05,0.0001,COMPLETE
76,76,0.7457228561961179,2024-07-04 21:31:59.410752,2024-07-04 21:32:03.785084,0 days 00:00:04.374332,0.0001,64,0.001,0.0003,COMPLETE
77,77,0.7530214685587058,2024-07-04 21:32:03.786493,2024-07-04 21:34:58.757645,0 days 00:02:54.971152,1.0,16,1e-06,1e-05,COMPLETE
78,78,0.7465309064696342,2024-07-04 21:34:58.759222,2024-07-04 21:35:02.469933,0 days 00:00:03.710711,0.001,32,0.001,0.001,COMPLETE
79,79,0.7455891500357519,2024-07-04 21:35:02.470535,2024-07-04 21:35:08.888347,0 days 00:00:06.417812,0.01,16,3e-06,3e-05,COMPLETE
80,80,0.7552566867613462,2024-07-04 21:35:08.889612,2024-07-04 21:35:24.937244,0 days 00:00:16.047632,1.0,16,0.001,0.0003,COMPLETE
81,81,0.7552566867613462,2024-07-04 21:35:24.939145,2024-07-04 21:35:41.374100,0 days 00:00:16.434955,1.0,16,0.001,0.0003,COMPLETE
82,82,0.7552566867613462,2024-07-04 21:35:41.375777,2024-07-04 21:35:57.008689,0 days 00:00:15.632912,1.0,16,0.001,0.0003,COMPLETE
83,83,0.7552566867613462,2024-07-04 21:35:57.010391,2024-07-04 21:36:14.399593,0 days 00:00:17.389202,1.0,16,0.001,0.0003,COMPLETE
84,84,0.7552566867613462,2024-07-04 21:36:14.401532,2024-07-04 21:36:30.053581,0 days 00:00:15.652049,1.0,16,0.001,0.0003,COMPLETE
85,85,0.7538353321435423,2024-07-04 21:36:30.055541,2024-07-04 21:36:45.823027,0 days 00:00:15.767486,1.0,16,3e-05,0.0003,COMPLETE
86,86,0.7540010115161697,2024-07-04 21:36:45.824806,2024-07-04 21:37:02.071560,0 days 00:00:16.246754,1.0,16,0.0001,0.0003,COMPLETE
87,87,0.7548875414925096,2024-07-04 21:37:02.073217,2024-07-04 21:37:07.651913,0 days 00:00:05.578696,1.0,64,0.001,0.0003,COMPLETE
88,88,0.7552566867613462,2024-07-04 21:37:07.653293,2024-07-04 21:37:23.641307,0 days 00:00:15.988014,1.0,16,0.001,0.0003,COMPLETE
89,89,0.7552566867613462,2024-07-04 21:37:23.643216,2024-07-04 21:37:31.649112,0 days 00:00:08.005896,1.0,16,0.001,0.0003,COMPLETE
90,90,0.7487574047052943,2024-07-04 21:37:31.650426,2024-07-04 21:38:18.056648,0 days 00:00:46.406222,0.1,16,0.001,0.0001,COMPLETE
91,91,0.7552566867613462,2024-07-04 21:38:18.057952,2024-07-04 21:38:34.313961,0 days 00:00:16.256009,1.0,16,0.001,0.0003,COMPLETE
92,92,0.7552566867613462,2024-07-04 21:38:34.316125,2024-07-04 21:38:50.338704,0 days 00:00:16.022579,1.0,16,0.001,0.0003,COMPLETE
93,93,0.7552566867613462,2024-07-04 21:38:50.340631,2024-07-04 21:39:05.627240,0 days 00:00:15.286609,1.0,16,0.001,0.0003,COMPLETE
94,94,0.7552566867613462,2024-07-04 21:39:05.628598,2024-07-04 21:39:16.021323,0 days 00:00:10.392725,1.0,16,0.001,0.0003,COMPLETE
95,95,0.7455368302338694,2024-07-04 21:39:16.022695,2024-07-04 21:39:33.522499,0 days 00:00:17.499804,1e-05,16,0.001,1e-05,COMPLETE
96,96,0.7455862433800917,2024-07-04 21:39:33.525086,2024-07-04 21:39:38.952977,0 days 00:00:05.427891,0.0001,32,0.0003,0.0003,COMPLETE
97,97,0.7456501898046146,2024-07-04 21:39:38.954486,2024-07-04 21:39:50.143802,0 days 00:00:11.189316,0.001,16,1e-05,0.0003,COMPLETE
98,98,0.7511321423796208,2024-07-04 21:39:50.145320,2024-07-04 21:40:00.501162,0 days 00:00:10.355842,1.0,16,1e-06,0.001,COMPLETE
99,99,0.7455237502833989,2024-07-04 21:40:00.502872,2024-07-04 21:40:11.114741,0 days 00:00:10.611869,0.01,16,0.001,3e-05,COMPLETE
