,number,value,datetime_start,datetime_complete,duration,params_alpha1,params_alpha2,params_bsize,params_l2,params_lr,state
144,144,0.7996093750000001,2024-07-25 03:59:55.029654,2024-07-25 04:00:39.011913,0 days 00:00:43.982259,0.006185289566882554,0.3,32,1e-06,0.0003,COMPLETE
145,145,0.8095703125,2024-07-25 04:00:39.013538,2024-07-25 04:01:52.556322,0 days 00:01:13.542784,0.003914275536386428,0.6,32,3e-05,0.0003,COMPLETE
146,146,0.8006510416666667,2024-07-25 04:01:52.558093,2024-07-25 04:04:06.145602,0 days 00:02:13.587509,0.00010994470252549164,0.6,32,1e-06,0.0001,COMPLETE
147,147,0.80419921875,2024-07-25 04:04:06.147226,2024-07-25 04:04:57.069444,0 days 00:00:50.922218,0.008457283305546234,0.6,32,1e-06,0.0003,COMPLETE
148,148,0.8002278645833334,2024-07-25 04:04:57.071300,2024-07-25 04:05:45.011191,0 days 00:00:47.939891,0.01117711552824379,0.6,32,1e-06,0.0003,COMPLETE
149,149,0.81416015625,2024-07-25 04:05:45.012050,2024-07-25 04:06:49.203443,0 days 00:01:04.191393,0.002311686685800923,0.4,32,1e-06,0.0003,COMPLETE
