,number,value,datetime_start,datetime_complete,duration,params_alpha1,params_alpha2,params_bsize,params_l2,params_lr,state
149,149,0.7689778645833333,2024-07-24 22:19:56.482882,2024-07-24 22:21:58.489549,0 days 00:02:02.006667,0.04244802963793139,0.1,16,0.0001,0.0003,COMPLETE
