,number,value,datetime_start,datetime_complete,duration,params_alpha1,params_alpha2,params_bsize,params_l2,params_lr,state
143,143,0.7910301178524662,2024-10-25 06:02:31.167619,2024-10-25 06:04:11.262383,0 days 00:01:40.094764,0.013924925404676755,0.5,32,1e-05,0.0003,COMPLETE
144,144,0.7943401716863088,2024-10-25 06:04:11.267576,2024-10-25 06:06:02.832557,0 days 00:01:51.564981,0.006455529505560349,0.5,32,1e-05,0.0003,COMPLETE
145,145,0.8036883457005675,2024-10-25 06:06:02.834570,2024-10-25 06:07:30.859180,0 days 00:01:28.024610,0.008496140103551857,0.5,32,1e-05,0.0003,COMPLETE
146,146,0.7671686308744362,2024-10-25 06:07:30.868710,2024-10-25 06:08:16.839643,0 days 00:00:45.970933,0.015010402456582434,0.7,32,1e-05,0.001,COMPLETE
147,147,0.8001964207769533,2024-10-25 06:08:16.841290,2024-10-25 06:10:16.407903,0 days 00:01:59.566613,0.010499637281485863,0.5,32,1e-05,0.0003,COMPLETE
148,148,0.786956205441583,2024-10-25 06:10:16.410730,2024-10-25 06:12:12.983817,0 days 00:01:56.573087,0.01202073122603824,0.9,32,1e-05,0.0003,COMPLETE
149,149,0.7921213443910955,2024-10-25 06:12:12.985342,2024-10-25 06:13:52.871014,0 days 00:01:39.885672,0.018963075980061108,0.5,32,1e-05,0.0003,COMPLETE
