,number,value,datetime_start,datetime_complete,duration,params_alpha1,params_alpha2,params_bsize,params_l2,params_lr,state
0,0,0.7930670740579078,2024-10-24 23:30:41.468857,2024-10-24 23:32:14.479389,0 days 00:01:33.010532,0.008804217040183917,0.5,32,3e-05,0.0003,COMPLETE
1,1,0.7711334206314564,2024-10-24 23:32:14.481623,2024-10-24 23:34:43.332168,0 days 00:02:28.850545,0.043759492184554216,0.1,16,0.001,0.0003,COMPLETE
2,2,0.7754983267859742,2024-10-24 23:34:43.333592,2024-10-24 23:35:16.183873,0 days 00:00:32.850281,0.009800417451726821,0.5,64,3e-06,0.001,COMPLETE
3,3,0.767495998836025,2024-10-24 23:35:16.185025,2024-10-24 23:39:03.140985,0 days 00:03:46.955960,0.0716610876914447,1.0,32,1e-06,3e-05,COMPLETE
4,4,0.7673868761821622,2024-10-24 23:39:03.142404,2024-10-24 23:40:16.791448,0 days 00:01:13.649044,0.06928390584876881,0.3,64,0.001,0.0001,COMPLETE
5,5,0.7696784519132839,2024-10-24 23:40:16.792911,2024-10-24 23:40:42.785126,0 days 00:00:25.992215,0.0704184694956826,0.4,32,3e-06,0.001,COMPLETE
6,6,0.7605848974247054,2024-10-24 23:40:42.786632,2024-10-24 23:41:30.119014,0 days 00:00:47.332382,0.005528365035091438,0.6,16,3e-05,0.001,COMPLETE
7,7,0.7566564818856395,2024-10-24 23:41:30.120588,2024-10-24 23:44:05.210118,0 days 00:02:35.089530,0.025510212528862253,0.4,16,1e-06,0.0001,COMPLETE
8,8,0.7746980939909792,2024-10-24 23:44:05.211100,2024-10-24 23:45:58.066361,0 days 00:01:52.855261,0.07982487870786512,0.2,32,1e-06,0.0001,COMPLETE
9,9,0.773388622144624,2024-10-24 23:45:58.068065,2024-10-24 23:53:08.552332,0 days 00:07:10.484267,0.048856822436830566,0.9,16,0.0003,3e-05,COMPLETE
10,10,0.7671686308744362,2024-10-24 23:53:08.553585,2024-10-24 23:53:48.670389,0 days 00:00:40.116804,0.03191852813529862,0.8,32,0.0001,0.0003,COMPLETE
11,11,0.5,2024-10-24 23:53:48.671311,2024-10-24 23:54:00.327991,0 days 00:00:11.656680,0.0014035896119381913,0.5,64,1e-05,1e-05,COMPLETE
12,12,0.7593117997963044,2024-10-24 23:54:00.329242,2024-10-24 23:54:28.726300,0 days 00:00:28.397058,0.017308473442422104,0.5,64,3e-05,0.001,COMPLETE
13,13,0.7702240651825986,2024-10-24 23:54:28.727812,2024-10-24 23:55:18.907504,0 days 00:00:50.179692,0.016374047899688386,0.7,64,3e-06,0.0003,COMPLETE
14,14,0.7751345846064309,2024-10-24 23:55:18.908647,2024-10-25 00:04:58.934518,0 days 00:09:40.025871,0.03663097367390201,0.5,32,3e-06,1e-05,COMPLETE
15,15,0.7658591590280809,2024-10-25 00:04:58.935854,2024-10-25 00:05:39.156446,0 days 00:00:40.220592,0.01312253600944302,0.5,64,3e-05,0.0003,COMPLETE
16,16,0.7717154081187253,2024-10-25 00:05:39.158052,2024-10-25 00:07:01.656050,0 days 00:01:22.497998,0.05850239881362393,0.5,32,0.0001,0.001,COMPLETE
17,17,0.7583660701294922,2024-10-25 00:07:01.657289,2024-10-25 00:07:43.654202,0 days 00:00:41.996913,0.09517426477759527,0.7,64,1e-05,0.0003,COMPLETE
18,18,0.760657645860614,2024-10-25 00:07:43.656291,2024-10-25 00:08:13.686429,0 days 00:00:30.030138,0.025680975229701346,0.3,32,0.0003,0.001,COMPLETE
19,19,0.7665502691692129,2024-10-25 00:08:13.687909,2024-10-25 00:10:25.949076,0 days 00:02:12.261167,0.0001546603440817692,1.0,64,3e-06,3e-05,COMPLETE
20,20,0.7697148261312381,2024-10-25 00:10:25.950953,2024-10-25 00:21:02.550493,0 days 00:10:36.599540,0.013154568091809388,0.2,32,3e-05,1e-05,COMPLETE
21,21,0.7745162229012077,2024-10-25 00:21:02.553958,2024-10-25 00:30:55.792713,0 days 00:09:53.238755,0.03908275784262332,0.5,32,3e-06,1e-05,COMPLETE
22,22,0.7766623017605122,2024-10-25 00:30:55.794114,2024-10-25 00:40:59.448645,0 days 00:10:03.654531,0.033493820975487865,0.5,32,3e-06,1e-05,COMPLETE
23,23,0.7732067510548523,2024-10-25 00:40:59.450345,2024-10-25 00:50:55.457161,0 days 00:09:56.006816,0.025885913346481625,0.5,32,3e-06,1e-05,COMPLETE
24,24,0.772115524516223,2024-10-25 00:50:55.459587,2024-10-25 00:51:47.518135,0 days 00:00:52.058548,0.007990752020280587,0.9,32,3e-06,0.001,COMPLETE
25,25,0.5,2024-10-25 00:51:47.519440,2024-10-25 00:52:00.591295,0 days 00:00:13.071855,0.021792413586072104,0.8,64,3e-05,1e-05,COMPLETE
26,26,0.7765531791066492,2024-10-25 00:52:00.593026,2024-10-25 00:53:24.073839,0 days 00:01:23.480813,0.0315894452437594,0.6,32,3e-06,0.0003,COMPLETE
27,27,0.7851011203259131,2024-10-25 00:53:24.075232,2024-10-25 00:55:09.818294,0 days 00:01:45.743062,0.05433532531795526,0.6,32,0.0001,0.0003,COMPLETE
28,28,0.7866288374799942,2024-10-25 00:55:09.820927,2024-10-25 00:57:01.724896,0 days 00:01:51.903969,0.05964544245481514,0.6,32,0.0001,0.0003,COMPLETE
29,29,0.7514549687181726,2024-10-25 00:57:01.726919,2024-10-25 00:59:24.982808,0 days 00:02:23.255889,0.05669641898043914,0.6,16,0.0001,0.0003,COMPLETE
30,30,0.7806270915175324,2024-10-25 00:59:24.985188,2024-10-25 01:01:00.094467,0 days 00:01:35.109279,0.0475827775097102,0.1,32,0.0001,0.0003,COMPLETE
31,31,0.7844463844027353,2024-10-25 01:01:00.096790,2024-10-25 01:02:51.759654,0 days 00:01:51.662864,0.045986261735378925,0.6,32,0.0001,0.0003,COMPLETE
32,32,0.7844463844027354,2024-10-25 01:02:51.761663,2024-10-25 01:04:41.330804,0 days 00:01:49.569141,0.058937351809281655,0.6,32,0.0001,0.0003,COMPLETE
33,33,0.7817546922741161,2024-10-25 01:04:41.332927,2024-10-25 01:06:16.607471,0 days 00:01:35.274544,0.05775107234187801,0.6,32,0.0001,0.0003,COMPLETE
34,34,0.7743707260293904,2024-10-25 01:06:16.610083,2024-10-25 01:08:23.096115,0 days 00:02:06.486032,0.0640714653214555,0.6,32,0.001,0.0003,COMPLETE
35,35,0.7840098937872836,2024-10-25 01:08:23.098398,2024-10-25 01:09:54.993444,0 days 00:01:31.895046,0.0766381487966889,0.6,32,0.0001,0.0003,COMPLETE
36,36,0.7793539938891314,2024-10-25 01:09:54.996118,2024-10-25 01:11:13.811550,0 days 00:01:18.815432,0.06465555688118965,0.1,32,0.0001,0.0003,COMPLETE
37,37,0.7748072166448421,2024-10-25 01:11:13.813308,2024-10-25 01:12:48.010272,0 days 00:01:34.196964,0.08032689565839518,0.6,32,0.0001,0.0003,COMPLETE
38,38,0.7717517823366797,2024-10-25 01:12:48.013549,2024-10-25 01:25:04.966128,0 days 00:12:16.952579,0.05387397677116827,0.4,16,0.001,0.0001,COMPLETE
39,39,0.7654226684126291,2024-10-25 01:25:04.975804,2024-10-25 01:31:54.982390,0 days 00:06:50.006586,0.041145377478653225,1.0,32,1e-06,3e-05,COMPLETE
40,40,0.7777171540811871,2024-10-25 01:31:54.984808,2024-10-25 01:35:29.570260,0 days 00:03:34.585452,0.06452793795902506,0.6,32,0.0001,0.0003,COMPLETE
41,41,0.7759348174014258,2024-10-25 01:35:29.579472,2024-10-25 01:38:24.816886,0 days 00:02:55.237414,0.04518507601723081,0.6,32,0.0001,0.0003,COMPLETE
42,42,0.7722973956059945,2024-10-25 01:38:24.820106,2024-10-25 01:41:06.617404,0 days 00:02:41.797298,0.051734589060023706,0.6,32,0.0001,0.0003,COMPLETE
43,43,0.7830277899025171,2024-10-25 01:41:06.619155,2024-10-25 01:43:57.690880,0 days 00:02:51.071725,0.0701899108035387,0.3,32,0.0001,0.0003,COMPLETE
44,44,0.7490542703331878,2024-10-25 01:43:57.693469,2024-10-25 01:46:37.211219,0 days 00:02:39.517750,0.07380656297125057,0.6,16,3e-05,0.0003,COMPLETE
45,45,0.7742252291575732,2024-10-25 01:46:37.220403,2024-10-25 01:51:42.610239,0 days 00:05:05.389836,0.08848720134793418,0.2,32,0.0003,0.0001,COMPLETE
46,46,0.7732794994907609,2024-10-25 01:51:42.624401,2024-10-25 01:53:58.007647,0 days 00:02:15.383246,0.04450276266244512,0.6,32,1e-05,0.0003,COMPLETE
47,47,0.7699330714389641,2024-10-25 01:53:58.009339,2024-10-25 01:56:39.850930,0 days 00:02:41.841591,0.06061185158364772,0.9,32,0.0001,0.0003,COMPLETE
48,48,0.7668776371308017,2024-10-25 01:56:39.852967,2024-10-25 02:04:48.986057,0 days 00:08:09.133090,0.06668805932326652,0.8,32,0.0001,3e-05,COMPLETE
49,49,0.744325621999127,2024-10-25 02:04:48.987948,2024-10-25 02:08:11.233390,0 days 00:03:22.245442,0.05245761052626868,0.7,16,3e-05,0.0003,COMPLETE
50,50,0.7824094281972938,2024-10-25 02:08:11.239526,2024-10-25 02:09:46.233641,0 days 00:01:34.994115,0.06140033198659046,0.4,32,1e-06,0.0003,COMPLETE
51,51,0.7754619525680199,2024-10-25 02:09:46.235144,2024-10-25 02:12:24.106499,0 days 00:02:37.871355,0.07489018456631821,0.6,32,0.0001,0.0003,COMPLETE
52,52,0.7703331878364615,2024-10-25 02:12:24.108418,2024-10-25 02:14:55.206911,0 days 00:02:31.098493,0.0825529277661586,0.6,32,0.0001,0.0003,COMPLETE
53,53,0.7840098937872835,2024-10-25 02:14:55.208734,2024-10-25 02:17:37.449208,0 days 00:02:42.240474,0.0992899530906919,0.6,32,0.0001,0.0003,COMPLETE
54,54,0.7810999563509384,2024-10-25 02:17:37.456190,2024-10-25 02:20:26.736841,0 days 00:02:49.280651,0.0866049893297671,0.6,32,0.0001,0.0003,COMPLETE
55,55,0.7739706096318928,2024-10-25 02:20:26.738916,2024-10-25 02:25:21.510788,0 days 00:04:54.771872,0.0759136105409547,0.6,32,0.0003,0.0001,COMPLETE
56,56,0.7804088462098066,2024-10-25 02:25:21.512607,2024-10-25 02:27:15.530392,0 days 00:01:54.017785,0.06837319572126817,0.3,32,1e-05,0.0003,COMPLETE
57,57,0.7732431252728066,2024-10-25 02:27:15.534179,2024-10-25 02:28:34.341496,0 days 00:01:18.807317,0.048081942226649695,1.0,32,0.001,0.0003,COMPLETE
58,58,0.7682598574130656,2024-10-25 02:28:34.343316,2024-10-25 02:29:15.495298,0 days 00:00:41.151982,0.05516934673965589,0.2,64,3e-05,0.001,COMPLETE
59,59,0.7685872253746544,2024-10-25 02:29:15.497695,2024-10-25 02:35:14.072352,0 days 00:05:58.574657,0.03548539629982794,0.1,32,0.0001,3e-05,COMPLETE
60,60,0.778044522042776,2024-10-25 02:35:14.074349,2024-10-25 02:37:34.633382,0 days 00:02:20.559033,0.09118638619608083,0.7,32,0.0001,0.0003,COMPLETE
61,61,0.7748435908627964,2024-10-25 02:37:34.636793,2024-10-25 02:39:24.807054,0 days 00:01:50.170261,0.08252397776654279,0.6,32,0.0001,0.0003,COMPLETE
62,62,0.7863742179543141,2024-10-25 02:39:24.809941,2024-10-25 02:41:17.469575,0 days 00:01:52.659634,0.09363410802446832,0.6,32,0.0001,0.0003,COMPLETE
63,63,0.7757893205296086,2024-10-25 02:41:17.472250,2024-10-25 02:43:22.802797,0 days 00:02:05.330547,0.09891077054507932,0.6,32,0.0001,0.0003,COMPLETE
64,64,0.7782263931325476,2024-10-25 02:43:22.804457,2024-10-25 02:45:25.749018,0 days 00:02:02.944561,0.09463425079254598,0.5,32,0.0001,0.0003,COMPLETE
65,65,0.792521460788593,2024-10-25 02:45:25.750877,2024-10-25 02:47:39.951370,0 days 00:02:14.200493,0.004295088233502961,0.6,32,3e-05,0.0003,COMPLETE
66,66,0.756147242834279,2024-10-25 02:47:39.953457,2024-10-25 02:48:44.259220,0 days 00:01:04.305763,0.00268036587323231,0.9,64,3e-05,0.0003,COMPLETE
67,67,0.7655317910664922,2024-10-25 02:48:44.260915,2024-10-25 02:50:56.386197,0 days 00:02:12.125282,0.011234279855873528,0.6,16,3e-05,0.001,COMPLETE
68,68,0.7871380765313546,2024-10-25 02:50:56.388193,2024-10-25 02:53:03.793731,0 days 00:02:07.405538,0.016266234843847233,0.5,32,3e-05,0.0003,COMPLETE
69,69,0.7887749163392986,2024-10-25 02:53:03.798824,2024-10-25 02:55:18.199367,0 days 00:02:14.400543,0.005827730459140996,0.5,32,3e-05,0.0003,COMPLETE
70,70,0.7721518987341773,2024-10-25 02:55:18.201823,2024-10-25 02:57:00.627320,0 days 00:01:42.425497,0.005936104869190425,0.5,32,3e-05,0.0001,COMPLETE
71,71,0.7832096609922886,2024-10-25 02:57:00.629067,2024-10-25 02:59:19.439159,0 days 00:02:18.810092,0.01719214005247256,0.5,32,3e-05,0.0003,COMPLETE
72,72,0.796922741161065,2024-10-25 02:59:19.445725,2024-10-25 03:01:40.560665,0 days 00:02:21.114940,0.00832783200393239,0.5,32,3e-05,0.0003,COMPLETE
73,73,0.7930306998399534,2024-10-25 03:01:40.566680,2024-10-25 03:03:35.469380,0 days 00:01:54.902700,0.009065990142363109,0.5,32,3e-05,0.0003,COMPLETE
74,74,0.783718900043649,2024-10-25 03:03:35.472988,2024-10-25 03:05:58.387071,0 days 00:02:22.914083,0.020336371672015637,0.5,32,3e-05,0.0003,COMPLETE
75,75,0.7727338862214462,2024-10-25 03:05:58.388564,2024-10-25 03:23:17.480363,0 days 00:17:19.091799,0.008799696743004445,0.5,32,3e-05,1e-05,COMPLETE
76,76,0.7923395896988215,2024-10-25 03:23:17.482619,2024-10-25 03:25:56.338072,0 days 00:02:38.855453,0.0041623232559537884,0.5,32,3e-05,0.0003,COMPLETE
77,77,0.7973228575585626,2024-10-25 03:25:56.340536,2024-10-25 03:28:26.375210,0 days 00:02:30.034674,0.0038272420833333665,0.5,32,3e-05,0.0003,COMPLETE
78,78,0.7701876909646443,2024-10-25 03:28:26.381593,2024-10-25 03:29:52.872158,0 days 00:01:26.490565,0.003988379340209666,0.5,64,3e-05,0.0003,COMPLETE
79,79,0.7672413793103449,2024-10-25 03:29:52.873799,2024-10-25 03:35:13.619692,0 days 00:05:20.745893,0.013696592527143158,0.5,32,3e-05,3e-05,COMPLETE
80,80,0.7889567874290703,2024-10-25 03:35:13.622246,2024-10-25 03:37:52.844378,0 days 00:02:39.222132,0.00032288700934941534,0.5,32,3e-05,0.0003,COMPLETE
81,81,0.7837916484795577,2024-10-25 03:37:52.847511,2024-10-25 03:40:17.453280,0 days 00:02:24.605769,0.00012527217525591325,0.5,32,3e-05,0.0003,COMPLETE
82,82,0.7912119889422378,2024-10-25 03:40:17.455053,2024-10-25 03:42:30.629186,0 days 00:02:13.174133,0.006784184230942724,0.5,32,3e-05,0.0003,COMPLETE
83,83,0.7893932780445221,2024-10-25 03:42:30.631143,2024-10-25 03:44:55.255618,0 days 00:02:24.624475,0.006748253159687152,0.5,32,3e-05,0.0003,COMPLETE
84,84,0.7904481303651971,2024-10-25 03:44:55.258020,2024-10-25 03:46:53.518935,0 days 00:01:58.260915,0.011241007461209578,0.5,32,3e-05,0.0003,COMPLETE
85,85,0.7935399388913138,2024-10-25 03:46:53.521127,2024-10-25 03:48:46.453591,0 days 00:01:52.932464,0.01078350797273876,0.5,32,3e-05,0.0003,COMPLETE
86,86,0.7712425432853194,2024-10-25 03:48:46.454933,2024-10-25 03:51:45.173176,0 days 00:02:58.718243,0.011060395432693295,0.5,16,3e-05,0.0003,COMPLETE
87,87,0.7703695620544159,2024-10-25 03:51:45.175962,2024-10-25 03:52:37.700896,0 days 00:00:52.524934,0.0034316467557916584,0.5,32,3e-05,0.001,COMPLETE
88,88,0.7742979775934817,2024-10-25 03:52:37.702563,2024-10-25 04:06:15.567216,0 days 00:13:37.864653,0.021287372643414706,0.5,32,3e-05,1e-05,COMPLETE
89,89,0.7890295358649789,2024-10-25 04:06:15.574206,2024-10-25 04:07:44.370586,0 days 00:01:28.796380,0.013597842152296721,0.5,32,3e-05,0.0003,COMPLETE
90,90,0.7873926960570347,2024-10-25 04:07:44.376340,2024-10-25 04:09:46.482531,0 days 00:02:02.106191,0.008700323828144771,0.8,32,3e-05,0.0003,COMPLETE
91,91,0.7885930452495271,2024-10-25 04:09:46.485228,2024-10-25 04:11:42.658965,0 days 00:01:56.173737,0.007284827176341644,0.5,32,3e-05,0.0003,COMPLETE
92,92,0.7957951404044812,2024-10-25 04:11:42.661801,2024-10-25 04:13:44.424681,0 days 00:02:01.762880,0.010931393330714176,0.5,32,3e-05,0.0003,COMPLETE
93,93,0.7894660264804306,2024-10-25 04:13:44.430702,2024-10-25 04:15:16.028030,0 days 00:01:31.597328,0.010134176909736082,0.5,32,3e-05,0.0003,COMPLETE
94,94,0.7872471991852176,2024-10-25 04:15:16.029959,2024-10-25 04:17:09.323444,0 days 00:01:53.293485,0.01482177272175217,0.5,32,3e-05,0.0003,COMPLETE
95,95,0.7953950240069838,2024-10-25 04:17:09.325274,2024-10-25 04:18:52.833764,0 days 00:01:43.508490,0.004175275856867394,0.5,32,1e-06,0.0003,COMPLETE
96,96,0.7900480139676997,2024-10-25 04:18:52.835714,2024-10-25 04:20:23.001399,0 days 00:01:30.165685,0.00431136451589574,0.4,32,1e-06,0.0003,COMPLETE
97,97,0.793903681070857,2024-10-25 04:20:23.006838,2024-10-25 04:22:15.524931,0 days 00:01:52.518093,0.0023215063627487634,0.5,32,1e-06,0.0003,COMPLETE
98,98,0.7721882729521314,2024-10-25 04:22:15.527069,2024-10-25 04:24:49.602766,0 days 00:02:34.075697,0.0017870659161604414,0.5,32,1e-06,0.0001,COMPLETE
99,99,0.7650589262330859,2024-10-25 04:24:49.604324,2024-10-25 04:25:59.672487,0 days 00:01:10.068163,0.019373872908584618,1.0,64,1e-06,0.0003,COMPLETE
100,100,0.7886294194674813,2024-10-25 04:25:59.673982,2024-10-25 04:27:29.647972,0 days 00:01:29.973990,0.025443740545493754,0.3,32,1e-06,0.0003,COMPLETE
101,101,0.7935035646733595,2024-10-25 04:27:29.658550,2024-10-25 04:29:19.181994,0 days 00:01:49.523444,0.004595309642140905,0.5,32,1e-06,0.0003,COMPLETE
102,102,0.7909573694165575,2024-10-25 04:29:19.184528,2024-10-25 04:30:54.216106,0 days 00:01:35.031578,0.0047684247860537345,0.5,32,1e-06,0.0003,COMPLETE
103,103,0.7891022843008875,2024-10-25 04:30:54.217884,2024-10-25 04:32:21.870691,0 days 00:01:27.652807,0.002581737480497231,0.5,32,1e-06,0.0003,COMPLETE
104,104,0.7790993743634511,2024-10-25 04:32:21.872429,2024-10-25 04:33:58.200993,0 days 00:01:36.328564,0.009281431864386458,0.1,32,1e-06,0.0003,COMPLETE
105,105,0.7691692128619235,2024-10-25 04:33:58.202606,2024-10-25 04:39:47.944958,0 days 00:05:49.742352,0.012140045961344876,0.2,32,1e-06,3e-05,COMPLETE
106,106,0.7628764731558272,2024-10-25 04:39:47.947121,2024-10-25 04:41:32.634105,0 days 00:01:44.686984,0.0075970008111225125,0.5,16,0.0003,0.0003,COMPLETE
107,107,0.770842426887822,2024-10-25 04:41:32.635923,2024-10-25 04:43:06.856137,0 days 00:01:34.220214,0.002108490498022907,0.7,32,0.001,0.0003,COMPLETE
108,108,0.7955405208788011,2024-10-25 04:43:06.858691,2024-10-25 04:45:04.770445,0 days 00:01:57.911754,0.004639195526671307,0.5,32,1e-05,0.0003,COMPLETE
109,109,0.7824094281972938,2024-10-25 04:45:04.775715,2024-10-25 04:46:40.258907,0 days 00:01:35.483192,0.023542533678712417,0.9,32,1e-05,0.0003,COMPLETE
110,110,0.764113196566274,2024-10-25 04:46:40.260489,2024-10-25 04:47:31.291630,0 days 00:00:51.031141,0.018964757729357774,0.5,32,1e-05,0.001,COMPLETE
111,111,0.803179106649207,2024-10-25 04:47:31.296995,2024-10-25 04:49:56.333247,0 days 00:02:25.036252,0.015016121019079254,0.5,32,1e-05,0.0003,COMPLETE
112,112,0.8001600465589989,2024-10-25 04:49:56.335081,2024-10-25 04:52:05.063653,0 days 00:02:08.728572,0.009447595790832606,0.5,32,1e-05,0.0003,COMPLETE
113,113,0.7932853193656336,2024-10-25 04:52:05.068291,2024-10-25 04:54:17.845920,0 days 00:02:12.777629,0.00983592723381111,0.5,32,1e-05,0.0003,COMPLETE
114,114,0.7942310490324458,2024-10-25 04:54:17.849920,2024-10-25 04:56:27.780671,0 days 00:02:09.930751,0.015534753503922596,0.5,32,1e-05,0.0003,COMPLETE
115,115,0.7891386585188418,2024-10-25 04:56:27.785543,2024-10-25 04:58:30.597364,0 days 00:02:02.811821,0.015854247991640754,0.5,32,1e-05,0.0003,COMPLETE
116,116,0.7952495271351666,2024-10-25 04:58:30.599003,2024-10-25 05:00:32.708101,0 days 00:02:02.109098,0.014904058777502553,0.5,32,1e-05,0.0003,COMPLETE
117,117,0.7974683544303798,2024-10-25 05:00:32.709396,2024-10-25 05:02:31.796504,0 days 00:01:59.087108,0.01294860448622286,0.5,32,1e-05,0.0003,COMPLETE
118,118,0.7740069838498472,2024-10-25 05:02:31.798868,2024-10-25 05:15:58.222608,0 days 00:13:26.423740,0.017498792222984227,0.5,32,1e-05,1e-05,COMPLETE
119,119,0.7724792666957662,2024-10-25 05:15:58.224989,2024-10-25 05:17:36.823703,0 days 00:01:38.598714,0.02815944321437114,0.8,32,1e-05,0.0003,COMPLETE
120,120,0.7994325621999127,2024-10-25 05:17:36.828779,2024-10-25 05:19:30.337897,0 days 00:01:53.509118,0.013494668490884907,0.5,32,1e-05,0.0003,COMPLETE
121,121,0.7999054270333188,2024-10-25 05:19:30.339649,2024-10-25 05:21:31.819438,0 days 00:02:01.479789,0.013208133029440955,0.5,32,1e-05,0.0003,COMPLETE
122,122,0.7925942092245017,2024-10-25 05:21:31.828315,2024-10-25 05:23:50.151589,0 days 00:02:18.323274,0.014340103692052202,0.5,32,1e-05,0.0003,COMPLETE
123,123,0.8021970027644406,2024-10-25 05:23:50.157662,2024-10-25 05:25:35.439697,0 days 00:01:45.282035,0.012740258970740893,0.5,32,1e-05,0.0003,COMPLETE
124,124,0.7987778262767351,2024-10-25 05:25:35.443471,2024-10-25 05:27:29.305073,0 days 00:01:53.861602,0.01268901122944772,0.5,32,1e-05,0.0003,COMPLETE
125,125,0.7950676560453951,2024-10-25 05:27:29.306050,2024-10-25 05:29:21.828461,0 days 00:01:52.522411,0.01767371966218576,0.5,32,1e-05,0.0003,COMPLETE
126,126,0.7753164556962024,2024-10-25 05:29:21.830180,2024-10-25 05:32:14.669081,0 days 00:02:52.838901,0.012691065418930758,0.5,32,1e-05,0.0001,COMPLETE
127,127,0.7734613705805325,2024-10-25 05:32:14.670243,2024-10-25 05:33:38.949570,0 days 00:01:24.279327,0.01295128390558482,0.5,64,1e-05,0.0003,COMPLETE
128,128,0.7809180852611668,2024-10-25 05:33:38.951307,2024-10-25 05:35:09.549243,0 days 00:01:30.597936,0.023563320524480014,0.4,32,1e-05,0.0003,COMPLETE
129,129,0.8018332605848975,2024-10-25 05:35:09.552825,2024-10-25 05:37:01.275828,0 days 00:01:51.723003,0.0070194907027504375,0.5,32,1e-05,0.0003,COMPLETE
130,130,0.7568747271933655,2024-10-25 05:37:01.277860,2024-10-25 05:39:17.557228,0 days 00:02:16.279368,0.0072584197025814074,1.0,16,1e-05,0.0003,COMPLETE
131,131,0.7975047286483341,2024-10-25 05:39:17.558999,2024-10-25 05:41:05.915122,0 days 00:01:48.356123,0.011922330582871862,0.5,32,1e-05,0.0003,COMPLETE
132,132,0.8060162956496435,2024-10-25 05:41:05.916907,2024-10-25 05:42:46.199495,0 days 00:01:40.282588,0.01117984184889991,0.5,32,1e-05,0.0003,COMPLETE
133,133,0.8047431980212425,2024-10-25 05:42:46.201220,2024-10-25 05:44:17.253756,0 days 00:01:31.052536,0.01190252913607748,0.5,32,1e-05,0.0003,COMPLETE
134,134,0.8025243707260293,2024-10-25 05:44:17.254986,2024-10-25 05:46:10.884914,0 days 00:01:53.629928,0.012705881336278051,0.5,32,1e-05,0.0003,COMPLETE
135,135,0.7690237159901062,2024-10-25 05:46:10.886500,2024-10-25 05:50:49.061578,0 days 00:04:38.175078,0.012943292713513787,0.5,32,1e-05,3e-05,COMPLETE
136,136,0.7861923468645425,2024-10-25 05:50:49.063244,2024-10-25 05:52:36.124024,0 days 00:01:47.060780,0.01801318504997646,0.5,32,1e-05,0.0003,COMPLETE
137,137,0.7850647461079586,2024-10-25 05:52:36.129870,2024-10-25 05:54:01.915674,0 days 00:01:25.785804,0.00828359598641464,0.3,32,1e-05,0.0003,COMPLETE
138,138,0.7813182016586644,2024-10-25 05:54:01.917452,2024-10-25 05:55:23.757738,0 days 00:01:21.840286,0.011888437294694717,0.1,32,1e-05,0.0003,COMPLETE
139,139,0.789975265531791,2024-10-25 05:55:23.758778,2024-10-25 05:56:38.999548,0 days 00:01:15.240770,0.016255613759856458,0.2,32,1e-05,0.0003,COMPLETE
140,140,0.7877200640186235,2024-10-25 05:56:39.009272,2024-10-25 05:58:45.532574,0 days 00:02:06.523302,0.02068612284085824,0.5,32,1e-05,0.0003,COMPLETE
141,141,0.7896115233522479,2024-10-25 05:58:45.534240,2024-10-25 06:00:49.459224,0 days 00:02:03.924984,0.01037894778029935,0.5,32,1e-05,0.0003,COMPLETE
142,142,0.7995780590717301,2024-10-25 06:00:49.460610,2024-10-25 06:02:31.161830,0 days 00:01:41.701220,0.014318687524531491,0.5,32,1e-05,0.0003,COMPLETE
