nohup: ignoring input
[I 2025-02-18 23:10:07,423] A new study created in memory with name: no-name-8a7801e8-2156-4db7-b2b3-46e8239b42d5
{'model_opt': {'latent_dim': 16, 'feat_num': 41396, 'field_num': 90, 'mlp_dropout': 0.0, 'use_bn': False, 'mlp_dims': [1024, 512, 256], 'cross': 3}, 'dataset': 'kuairand', 'model': 'dnn', 'data_dir': 'data/kuairand/threshold_2', 'save_dir': 'pretrain/', 'cuda': 1, 'source': 'bias'}
==================================================
|         BASE-CTR: Set the random seed          |
==================================================

==================================================
|               BASE-CTR: Training               |
==================================================

######### tuner ###########
#############mlp_bn:  False
  0%|          | 0/500 [00:00<?, ?it/s]  0%|          | 1/500 [00:07<1:03:26,  7.63s/it]  0%|          | 2/500 [00:12<51:37,  6.22s/it]    1%|          | 3/500 [00:17<45:04,  5.44s/it]  1%|          | 4/500 [00:21<41:19,  5.00s/it]  1%|          | 5/500 [00:26<39:20,  4.77s/it]  1%|          | 6/500 [00:29<35:57,  4.37s/it]  1%|          | 6/500 [00:34<46:57,  5.70s/it]
[I 2025-02-18 23:11:05,796] Trial 0 finished with value: 0.6468970474738195 and parameters: {'learning_rate': 0.0003, 'l2_norm': 3e-05, 'batch_size': 512}. Best is trial 0 with value: 0.6468970474738195.
AUC:  0.6468970474738195 LOGlOSS:  0.6358354656189765 test_AUC:  0.6461650838373396 test_LOGlOSS:  0.6368169263506873
#############mlp_bn:  False
  0%|          | 0/500 [00:00<?, ?it/s]  0%|          | 1/500 [00:12<1:43:09, 12.40s/it]  0%|          | 2/500 [00:25<1:44:59, 12.65s/it]  1%|          | 3/500 [00:37<1:43:03, 12.44s/it]  1%|          | 4/500 [00:50<1:45:37, 12.78s/it]  1%|          | 5/500 [01:04<1:47:14, 13.00s/it]  1%|          | 6/500 [01:16<1:44:00, 12.63s/it]  1%|▏         | 7/500 [01:26<1:38:57, 12.04s/it]  2%|▏         | 8/500 [01:39<1:41:23, 12.36s/it]  2%|▏         | 9/500 [01:52<1:42:32, 12.53s/it]  2%|▏         | 10/500 [02:05<1:43:47, 12.71s/it]  2%|▏         | 11/500 [02:16<1:38:38, 12.10s/it]  2%|▏         | 12/500 [02:27<1:35:09, 11.70s/it]  3%|▎         | 13/500 [02:38<1:32:26, 11.39s/it]  3%|▎         | 14/500 [02:48<1:29:42, 11.08s/it]  3%|▎         | 14/500 [02:59<1:43:36, 12.79s/it]
[I 2025-02-18 23:14:31,107] Trial 1 finished with value: 0.6556258788705158 and parameters: {'learning_rate': 1e-05, 'l2_norm': 0.001, 'batch_size': 256}. Best is trial 1 with value: 0.6556258788705158.
AUC:  0.6556258788705158 LOGlOSS:  0.6241639705589188 test_AUC:  0.6545454404969675 test_LOGlOSS:  0.6247944657114057
#############mlp_bn:  False
  0%|          | 0/500 [00:00<?, ?it/s]  0%|          | 1/500 [00:12<1:45:24, 12.67s/it]  0%|          | 2/500 [00:25<1:47:04, 12.90s/it]  1%|          | 3/500 [00:35<1:35:06, 11.48s/it]  1%|          | 4/500 [00:44<1:26:25, 10.46s/it]  1%|          | 5/500 [00:54<1:23:52, 10.17s/it]  1%|          | 6/500 [01:04<1:25:50, 10.43s/it]  1%|          | 6/500 [01:15<1:43:52, 12.62s/it]
[I 2025-02-18 23:16:06,902] Trial 2 finished with value: 0.6456738376523549 and parameters: {'learning_rate': 0.0003, 'l2_norm': 3e-05, 'batch_size': 256}. Best is trial 1 with value: 0.6556258788705158.
AUC:  0.6456738376523549 LOGlOSS:  0.6335009312945314 test_AUC:  0.6448149402040703 test_LOGlOSS:  0.6346431297000886
#############mlp_bn:  False
  0%|          | 0/500 [00:00<?, ?it/s]  0%|          | 1/500 [00:07<1:03:46,  7.67s/it]  0%|          | 2/500 [00:14<59:46,  7.20s/it]    1%|          | 3/500 [00:19<49:56,  6.03s/it]  1%|          | 4/500 [00:23<45:36,  5.52s/it]  1%|          | 5/500 [00:28<44:02,  5.34s/it]  1%|          | 6/500 [00:34<44:59,  5.46s/it]  1%|          | 6/500 [00:40<55:38,  6.76s/it]
[I 2025-02-18 23:17:06,831] Trial 3 finished with value: 0.6434908186878451 and parameters: {'learning_rate': 0.001, 'l2_norm': 0.0001, 'batch_size': 512}. Best is trial 1 with value: 0.6556258788705158.
AUC:  0.6434908186878451 LOGlOSS:  0.6119061203052379 test_AUC:  0.6424528833230638 test_LOGlOSS:  0.613310230512678
#############mlp_bn:  False
  0%|          | 0/500 [00:00<?, ?it/s]  0%|          | 1/500 [00:11<1:34:06, 11.32s/it]  0%|          | 2/500 [00:22<1:35:26, 11.50s/it]  1%|          | 3/500 [00:33<1:31:57, 11.10s/it]  1%|          | 4/500 [00:44<1:30:56, 11.00s/it]  1%|          | 5/500 [00:55<1:30:41, 10.99s/it]  1%|          | 6/500 [01:06<1:29:52, 10.92s/it]  1%|          | 6/500 [01:16<1:45:04, 12.76s/it]
[I 2025-02-18 23:18:42,214] Trial 4 finished with value: 0.6514054513441471 and parameters: {'learning_rate': 0.0001, 'l2_norm': 3e-06, 'batch_size': 256}. Best is trial 1 with value: 0.6556258788705158.
AUC:  0.6514054513441471 LOGlOSS:  0.6262195437296035 test_AUC:  0.6506450221609439 test_LOGlOSS:  0.6270612369350974
#############mlp_bn:  False
  0%|          | 0/500 [00:00<?, ?it/s]  0%|          | 1/500 [00:05<46:27,  5.59s/it]  0%|          | 2/500 [00:10<45:05,  5.43s/it]  1%|          | 3/500 [00:16<44:54,  5.42s/it]  1%|          | 4/500 [00:21<44:20,  5.36s/it]  1%|          | 5/500 [00:27<45:29,  5.51s/it]  1%|          | 6/500 [00:30<39:10,  4.76s/it]  1%|▏         | 7/500 [00:33<33:34,  4.09s/it]  2%|▏         | 8/500 [00:36<29:46,  3.63s/it]  2%|▏         | 9/500 [00:38<27:13,  3.33s/it]  2%|▏         | 9/500 [00:41<37:32,  4.59s/it]
[I 2025-02-18 23:19:44,986] Trial 5 finished with value: 0.6541265436498251 and parameters: {'learning_rate': 3e-05, 'l2_norm': 3e-05, 'batch_size': 1024}. Best is trial 1 with value: 0.6556258788705158.
AUC:  0.6541265436498251 LOGlOSS:  0.6668316951531106 test_AUC:  0.653178137097801 test_LOGlOSS:  0.6671595039051414
#############mlp_bn:  False
  0%|          | 0/500 [00:00<?, ?it/s]  0%|          | 1/500 [00:07<1:01:08,  7.35s/it]  0%|          | 2/500 [00:14<1:01:08,  7.37s/it]  1%|          | 3/500 [00:22<1:01:24,  7.41s/it]  1%|          | 4/500 [00:29<1:00:09,  7.28s/it]  1%|          | 5/500 [00:34<53:12,  6.45s/it]    1%|          | 6/500 [00:39<48:36,  5.90s/it]  1%|▏         | 7/500 [00:43<45:18,  5.52s/it]  2%|▏         | 8/500 [00:48<43:05,  5.25s/it]  2%|▏         | 8/500 [00:53<54:38,  6.66s/it]
[I 2025-02-18 23:20:59,077] Trial 6 finished with value: 0.6542887615055892 and parameters: {'learning_rate': 3e-05, 'l2_norm': 3e-05, 'batch_size': 512}. Best is trial 1 with value: 0.6556258788705158.
AUC:  0.6542887615055892 LOGlOSS:  0.6437549464093281 test_AUC:  0.6535819952611737 test_LOGlOSS:  0.6441628924649386
#############mlp_bn:  False
  0%|          | 0/500 [00:00<?, ?it/s]  0%|          | 1/500 [00:07<1:02:43,  7.54s/it]  0%|          | 2/500 [00:15<1:02:38,  7.55s/it]  1%|          | 3/500 [00:22<1:02:16,  7.52s/it]  1%|          | 4/500 [00:30<1:02:08,  7.52s/it]  1%|          | 5/500 [00:38<1:03:35,  7.71s/it]  1%|          | 6/500 [00:45<1:03:52,  7.76s/it]  1%|▏         | 7/500 [00:53<1:02:10,  7.57s/it]  2%|▏         | 8/500 [01:00<1:00:46,  7.41s/it]  2%|▏         | 9/500 [01:07<59:10,  7.23s/it]    2%|▏         | 10/500 [01:13<58:04,  7.11s/it]  2%|▏         | 11/500 [01:21<59:58,  7.36s/it]  2%|▏         | 12/500 [01:30<1:01:51,  7.61s/it]  3%|▎         | 13/500 [01:37<1:01:27,  7.57s/it]  3%|▎         | 14/500 [01:44<59:14,  7.31s/it]    3%|▎         | 15/500 [01:49<53:10,  6.58s/it]  3%|▎         | 16/500 [01:53<47:58,  5.95s/it]  3%|▎         | 17/500 [01:59<47:20,  5.88s/it]  4%|▎         | 18/500 [02:05<47:56,  5.97s/it]  4%|▎         | 18/500 [02:11<58:54,  7.33s/it]
[I 2025-02-18 23:23:33,771] Trial 7 finished with value: 0.65103144714233 and parameters: {'learning_rate': 1e-05, 'l2_norm': 1e-06, 'batch_size': 512}. Best is trial 1 with value: 0.6556258788705158.
AUC:  0.65103144714233 LOGlOSS:  0.6838375928831761 test_AUC:  0.6504856349703085 test_LOGlOSS:  0.6842453307852305
#############mlp_bn:  False
  0%|          | 0/500 [00:00<?, ?it/s]  0%|          | 1/500 [00:04<37:12,  4.47s/it]  0%|          | 2/500 [00:08<37:17,  4.49s/it]  1%|          | 3/500 [00:13<38:09,  4.61s/it]  1%|          | 4/500 [00:16<33:08,  4.01s/it]  1%|          | 5/500 [00:19<30:15,  3.67s/it]  1%|          | 6/500 [00:22<28:39,  3.48s/it]  1%|▏         | 7/500 [00:26<27:30,  3.35s/it]  1%|▏         | 7/500 [00:29<34:11,  4.16s/it]
[I 2025-02-18 23:24:23,346] Trial 8 finished with value: 0.6527033728664222 and parameters: {'learning_rate': 0.0001, 'l2_norm': 3e-05, 'batch_size': 1024}. Best is trial 1 with value: 0.6556258788705158.
AUC:  0.6527033728664222 LOGlOSS:  0.6930183857961065 test_AUC:  0.651705712748618 test_LOGlOSS:  0.6932812088665419
#############mlp_bn:  False
  0%|          | 0/500 [00:00<?, ?it/s]  0%|          | 1/500 [00:04<41:24,  4.98s/it]  0%|          | 2/500 [00:09<41:21,  4.98s/it]  1%|          | 3/500 [00:14<40:54,  4.94s/it]  1%|          | 4/500 [00:19<40:29,  4.90s/it]  1%|          | 5/500 [00:24<40:20,  4.89s/it]  1%|          | 6/500 [00:29<39:10,  4.76s/it]  1%|▏         | 7/500 [00:32<34:30,  4.20s/it]  2%|▏         | 8/500 [00:35<32:03,  3.91s/it]  2%|▏         | 9/500 [00:38<29:32,  3.61s/it]  2%|▏         | 10/500 [00:41<27:59,  3.43s/it]  2%|▏         | 10/500 [00:44<36:18,  4.45s/it]
[I 2025-02-18 23:25:30,061] Trial 9 finished with value: 0.6541862262036373 and parameters: {'learning_rate': 0.0001, 'l2_norm': 0.001, 'batch_size': 1024}. Best is trial 1 with value: 0.6556258788705158.
AUC:  0.6541862262036373 LOGlOSS:  0.6496344252064333 test_AUC:  0.6530040599903411 test_LOGlOSS:  0.6503807645193708
#############mlp_bn:  False
  0%|          | 0/500 [00:00<?, ?it/s]  0%|          | 1/500 [00:13<1:48:13, 13.01s/it]  0%|          | 2/500 [00:25<1:47:33, 12.96s/it]  1%|          | 3/500 [00:37<1:43:49, 12.53s/it]  1%|          | 4/500 [00:48<1:38:24, 11.90s/it]  1%|          | 5/500 [01:01<1:38:58, 12.00s/it]  1%|          | 6/500 [01:14<1:41:45, 12.36s/it]  1%|▏         | 7/500 [01:26<1:42:11, 12.44s/it]  2%|▏         | 8/500 [01:39<1:43:22, 12.61s/it]  2%|▏         | 9/500 [01:52<1:44:16, 12.74s/it]  2%|▏         | 10/500 [02:05<1:44:13, 12.76s/it]  2%|▏         | 11/500 [02:16<1:40:01, 12.27s/it]  2%|▏         | 12/500 [02:27<1:36:18, 11.84s/it]  3%|▎         | 13/500 [02:38<1:33:46, 11.55s/it]  3%|▎         | 14/500 [02:49<1:31:26, 11.29s/it]  3%|▎         | 14/500 [02:59<1:44:07, 12.86s/it]
[I 2025-02-18 23:28:52,575] Trial 10 finished with value: 0.6556258788705158 and parameters: {'learning_rate': 1e-05, 'l2_norm': 0.001, 'batch_size': 256}. Best is trial 1 with value: 0.6556258788705158.
AUC:  0.6556258788705158 LOGlOSS:  0.6241639705589188 test_AUC:  0.6545454404969675 test_LOGlOSS:  0.6247944657114057
#############mlp_bn:  False
  0%|          | 0/500 [00:00<?, ?it/s]  0%|          | 1/500 [00:11<1:36:54, 11.65s/it]  0%|          | 2/500 [00:24<1:41:38, 12.25s/it]  1%|          | 3/500 [00:37<1:43:08, 12.45s/it]  1%|          | 4/500 [00:50<1:45:24, 12.75s/it]  1%|          | 5/500 [01:03<1:46:20, 12.89s/it]  1%|          | 6/500 [01:16<1:46:17, 12.91s/it]  1%|▏         | 7/500 [01:29<1:47:12, 13.05s/it]  2%|▏         | 8/500 [01:42<1:46:55, 13.04s/it]  2%|▏         | 9/500 [01:55<1:46:08, 12.97s/it]  2%|▏         | 10/500 [02:08<1:45:05, 12.87s/it]  2%|▏         | 11/500 [02:18<1:39:44, 12.24s/it]  2%|▏         | 12/500 [02:29<1:36:06, 11.82s/it]  3%|▎         | 13/500 [02:39<1:31:00, 11.21s/it]  3%|▎         | 14/500 [02:48<1:25:09, 10.51s/it]  3%|▎         | 14/500 [02:57<1:42:48, 12.69s/it]
[I 2025-02-18 23:32:11,175] Trial 11 finished with value: 0.6556258788705158 and parameters: {'learning_rate': 1e-05, 'l2_norm': 0.001, 'batch_size': 256}. Best is trial 1 with value: 0.6556258788705158.
AUC:  0.6556258788705158 LOGlOSS:  0.6241639705589188 test_AUC:  0.6545454404969675 test_LOGlOSS:  0.6247944657114057
#############mlp_bn:  False
  0%|          | 0/500 [00:00<?, ?it/s]  0%|          | 1/500 [00:12<1:46:39, 12.82s/it]  0%|          | 2/500 [00:25<1:47:56, 13.01s/it]  1%|          | 3/500 [00:38<1:47:15, 12.95s/it]  1%|          | 4/500 [00:51<1:47:00, 12.95s/it]  1%|          | 5/500 [01:04<1:46:31, 12.91s/it]  1%|          | 6/500 [01:17<1:45:49, 12.85s/it]  1%|▏         | 7/500 [01:28<1:41:59, 12.41s/it]  2%|▏         | 8/500 [01:40<1:38:31, 12.02s/it]  2%|▏         | 9/500 [01:51<1:37:53, 11.96s/it]  2%|▏         | 10/500 [02:04<1:40:33, 12.31s/it]  2%|▏         | 11/500 [02:15<1:37:05, 11.91s/it]  2%|▏         | 12/500 [02:26<1:34:11, 11.58s/it]  3%|▎         | 13/500 [02:37<1:31:34, 11.28s/it]  3%|▎         | 14/500 [02:48<1:30:19, 11.15s/it]  3%|▎         | 14/500 [02:59<1:43:43, 12.81s/it]
[I 2025-02-18 23:35:34,728] Trial 12 finished with value: 0.6556258788705158 and parameters: {'learning_rate': 1e-05, 'l2_norm': 0.001, 'batch_size': 256}. Best is trial 1 with value: 0.6556258788705158.
AUC:  0.6556258788705158 LOGlOSS:  0.6241639705589188 test_AUC:  0.6545454404969675 test_LOGlOSS:  0.6247944657114057
#############mlp_bn:  False
  0%|          | 0/500 [00:00<?, ?it/s]  0%|          | 1/500 [00:11<1:39:43, 11.99s/it]  0%|          | 2/500 [00:23<1:34:46, 11.42s/it]  1%|          | 3/500 [00:34<1:33:18, 11.26s/it]  1%|          | 4/500 [00:47<1:39:29, 12.03s/it]  1%|          | 5/500 [01:00<1:41:51, 12.35s/it]  1%|          | 6/500 [01:13<1:43:02, 12.52s/it]  1%|▏         | 7/500 [01:25<1:43:49, 12.64s/it]  2%|▏         | 8/500 [01:35<1:34:54, 11.58s/it]  2%|▏         | 9/500 [01:44<1:28:19, 10.79s/it]  2%|▏         | 10/500 [01:55<1:28:18, 10.81s/it]  2%|▏         | 11/500 [02:06<1:28:29, 10.86s/it]  2%|▏         | 11/500 [02:16<1:41:30, 12.45s/it]
[I 2025-02-18 23:38:14,502] Trial 13 finished with value: 0.6555314840049598 and parameters: {'learning_rate': 1e-05, 'l2_norm': 0.0003, 'batch_size': 256}. Best is trial 1 with value: 0.6556258788705158.
AUC:  0.6555314840049598 LOGlOSS:  0.6393874275838841 test_AUC:  0.6544813792225842 test_LOGlOSS:  0.6399474260333546
#############mlp_bn:  False
  0%|          | 0/500 [00:00<?, ?it/s]  0%|          | 1/500 [00:13<1:49:11, 13.13s/it]  0%|          | 2/500 [00:26<1:49:39, 13.21s/it]  1%|          | 3/500 [00:39<1:49:11, 13.18s/it]  1%|          | 4/500 [00:52<1:48:36, 13.14s/it]  1%|          | 5/500 [01:05<1:46:47, 12.94s/it]  1%|          | 6/500 [01:18<1:47:18, 13.03s/it]  1%|▏         | 7/500 [01:30<1:44:00, 12.66s/it]  2%|▏         | 8/500 [01:41<1:38:46, 12.04s/it]  2%|▏         | 9/500 [01:53<1:40:20, 12.26s/it]  2%|▏         | 10/500 [02:04<1:36:42, 11.84s/it]  2%|▏         | 11/500 [02:15<1:33:17, 11.45s/it]  2%|▏         | 12/500 [02:26<1:31:42, 11.28s/it]  3%|▎         | 13/500 [02:36<1:30:27, 11.14s/it]  3%|▎         | 13/500 [02:47<1:44:49, 12.92s/it]
[I 2025-02-18 23:41:27,090] Trial 14 finished with value: 0.6529192712458589 and parameters: {'learning_rate': 1e-05, 'l2_norm': 1e-05, 'batch_size': 256}. Best is trial 1 with value: 0.6556258788705158.
AUC:  0.6529192712458589 LOGlOSS:  0.6637226834892975 test_AUC:  0.6522382946215952 test_LOGlOSS:  0.6640107065578938
#############mlp_bn:  False
  0%|          | 0/500 [00:00<?, ?it/s]  0%|          | 1/500 [00:12<1:45:48, 12.72s/it]  0%|          | 2/500 [00:23<1:34:51, 11.43s/it]  1%|          | 3/500 [00:32<1:28:05, 10.63s/it]  1%|          | 4/500 [00:42<1:23:44, 10.13s/it]  1%|          | 5/500 [00:52<1:24:31, 10.25s/it]  1%|          | 5/500 [01:03<1:44:27, 12.66s/it]
[I 2025-02-18 23:42:54,419] Trial 15 finished with value: 0.5 and parameters: {'learning_rate': 0.001, 'l2_norm': 0.001, 'batch_size': 256}. Best is trial 1 with value: 0.6556258788705158.
AUC:  0.5 LOGlOSS:  0.6292218340262651 test_AUC:  0.5 test_LOGlOSS:  0.6299294899833916
#############mlp_bn:  False
  0%|          | 0/500 [00:00<?, ?it/s]  0%|          | 1/500 [00:12<1:46:06, 12.76s/it]  0%|          | 2/500 [00:25<1:47:01, 12.89s/it]  1%|          | 3/500 [00:38<1:47:37, 12.99s/it]  1%|          | 4/500 [00:51<1:46:36, 12.90s/it]  1%|          | 5/500 [01:04<1:46:33, 12.92s/it]  1%|          | 6/500 [01:15<1:41:53, 12.38s/it]  1%|▏         | 7/500 [01:26<1:37:43, 11.89s/it]  2%|▏         | 8/500 [01:40<1:42:12, 12.46s/it]  2%|▏         | 9/500 [01:52<1:40:27, 12.28s/it]  2%|▏         | 10/500 [02:03<1:36:14, 11.78s/it]  2%|▏         | 11/500 [02:12<1:29:19, 10.96s/it]  2%|▏         | 12/500 [02:22<1:28:54, 10.93s/it]  3%|▎         | 13/500 [02:33<1:28:44, 10.93s/it]  3%|▎         | 14/500 [02:44<1:27:40, 10.82s/it]  3%|▎         | 14/500 [02:55<1:41:30, 12.53s/it]
[I 2025-02-18 23:46:12,315] Trial 16 finished with value: 0.6556258788705158 and parameters: {'learning_rate': 1e-05, 'l2_norm': 0.001, 'batch_size': 256}. Best is trial 1 with value: 0.6556258788705158.
AUC:  0.6556258788705158 LOGlOSS:  0.6241639705589188 test_AUC:  0.6545454404969675 test_LOGlOSS:  0.6247944657114057
#############mlp_bn:  False
  0%|          | 0/500 [00:00<?, ?it/s]  0%|          | 1/500 [00:10<1:31:16, 10.98s/it]  0%|          | 2/500 [00:23<1:40:33, 12.12s/it]  1%|          | 3/500 [00:36<1:42:17, 12.35s/it]  1%|          | 4/500 [00:49<1:43:57, 12.57s/it]  1%|          | 5/500 [01:02<1:44:07, 12.62s/it]  1%|          | 6/500 [01:14<1:43:14, 12.54s/it]  1%|▏         | 7/500 [01:27<1:44:03, 12.67s/it]  2%|▏         | 8/500 [01:40<1:44:50, 12.79s/it]  2%|▏         | 9/500 [01:53<1:44:53, 12.82s/it]  2%|▏         | 10/500 [02:06<1:44:20, 12.78s/it]  2%|▏         | 11/500 [02:19<1:44:55, 12.87s/it]  2%|▏         | 12/500 [02:29<1:39:26, 12.23s/it]  3%|▎         | 13/500 [02:38<1:30:45, 11.18s/it]  3%|▎         | 14/500 [02:47<1:25:22, 10.54s/it]  3%|▎         | 15/500 [02:58<1:25:14, 10.55s/it]  3%|▎         | 15/500 [03:09<1:41:53, 12.60s/it]
[I 2025-02-18 23:49:49,881] Trial 17 finished with value: 0.6509609378056301 and parameters: {'learning_rate': 1e-05, 'l2_norm': 1e-06, 'batch_size': 256}. Best is trial 1 with value: 0.6556258788705158.
AUC:  0.6509609378056301 LOGlOSS:  0.6747194532615598 test_AUC:  0.6503983230166694 test_LOGlOSS:  0.6751391627867432
#############mlp_bn:  False
  0%|          | 0/500 [00:00<?, ?it/s]  0%|          | 1/500 [00:12<1:46:05, 12.76s/it]  0%|          | 2/500 [00:25<1:45:45, 12.74s/it]  1%|          | 3/500 [00:38<1:45:48, 12.77s/it]  1%|          | 4/500 [00:51<1:45:35, 12.77s/it]  1%|          | 5/500 [01:03<1:45:21, 12.77s/it]  1%|          | 6/500 [01:16<1:45:48, 12.85s/it]  1%|▏         | 7/500 [01:29<1:45:51, 12.88s/it]  2%|▏         | 8/500 [01:40<1:39:18, 12.11s/it]  2%|▏         | 9/500 [01:49<1:30:56, 11.11s/it]  2%|▏         | 10/500 [01:58<1:25:12, 10.43s/it]  2%|▏         | 11/500 [02:07<1:22:41, 10.15s/it]  2%|▏         | 11/500 [02:16<1:41:22, 12.44s/it]
[I 2025-02-18 23:52:26,026] Trial 18 finished with value: 0.6555314840049598 and parameters: {'learning_rate': 1e-05, 'l2_norm': 0.0003, 'batch_size': 256}. Best is trial 1 with value: 0.6556258788705158.
AUC:  0.6555314840049598 LOGlOSS:  0.6393874275838841 test_AUC:  0.6544813792225842 test_LOGlOSS:  0.6399474260333546
#############mlp_bn:  False
  0%|          | 0/500 [00:00<?, ?it/s]  0%|          | 1/500 [00:05<43:28,  5.23s/it]  0%|          | 2/500 [00:09<41:06,  4.95s/it]  1%|          | 3/500 [00:12<33:05,  4.00s/it]  1%|          | 4/500 [00:15<30:01,  3.63s/it]  1%|          | 5/500 [00:18<28:12,  3.42s/it]  1%|          | 6/500 [00:22<27:09,  3.30s/it]  1%|          | 6/500 [00:25<34:24,  4.18s/it]
[I 2025-02-18 23:53:15,576] Trial 19 finished with value: 0.6446177471212561 and parameters: {'learning_rate': 0.001, 'l2_norm': 3e-06, 'batch_size': 1024}. Best is trial 1 with value: 0.6556258788705158.
AUC:  0.6446177471212561 LOGlOSS:  0.6456495238445166 test_AUC:  0.6435201158666203 test_LOGlOSS:  0.6469877586000683
#############mlp_bn:  False
  0%|          | 0/500 [00:00<?, ?it/s]  0%|          | 1/500 [00:12<1:44:11, 12.53s/it]  0%|          | 2/500 [00:25<1:46:13, 12.80s/it]  1%|          | 3/500 [00:38<1:46:07, 12.81s/it]  1%|          | 4/500 [00:47<1:35:02, 11.50s/it]  1%|          | 5/500 [00:56<1:27:25, 10.60s/it]  1%|          | 6/500 [01:05<1:23:01, 10.08s/it]  1%|▏         | 7/500 [01:17<1:25:34, 10.42s/it]  1%|▏         | 7/500 [01:27<1:42:47, 12.51s/it]
[I 2025-02-18 23:55:05,876] Trial 20 finished with value: 0.6532963963246725 and parameters: {'learning_rate': 3e-05, 'l2_norm': 1e-05, 'batch_size': 256}. Best is trial 1 with value: 0.6556258788705158.
AUC:  0.6532963963246725 LOGlOSS:  0.6421977169922461 test_AUC:  0.6526630220687926 test_LOGlOSS:  0.642587318262477
#############mlp_bn:  False
  0%|          | 0/500 [00:00<?, ?it/s]  0%|          | 1/500 [00:12<1:43:42, 12.47s/it]  0%|          | 2/500 [00:25<1:45:09, 12.67s/it]  1%|          | 3/500 [00:38<1:46:37, 12.87s/it]  1%|          | 4/500 [00:51<1:45:46, 12.80s/it]  1%|          | 5/500 [01:02<1:41:01, 12.25s/it]  1%|          | 6/500 [01:13<1:37:31, 11.84s/it]  1%|▏         | 7/500 [01:25<1:38:56, 12.04s/it]  2%|▏         | 8/500 [01:39<1:41:50, 12.42s/it]  2%|▏         | 9/500 [01:52<1:43:47, 12.68s/it]  2%|▏         | 10/500 [02:04<1:43:13, 12.64s/it]  2%|▏         | 11/500 [02:15<1:38:19, 12.06s/it]  2%|▏         | 12/500 [02:25<1:33:00, 11.44s/it]  3%|▎         | 13/500 [02:34<1:26:55, 10.71s/it]  3%|▎         | 14/500 [02:43<1:22:12, 10.15s/it]  3%|▎         | 14/500 [02:54<1:40:58, 12.47s/it]
