[I 2025-02-18 23:58:22,430] Trial 21 finished with value: 0.6556258788705158 and parameters: {'learning_rate': 1e-05, 'l2_norm': 0.001, 'batch_size': 256}. Best is trial 1 with value: 0.6556258788705158.
AUC:  0.6556258788705158 LOGlOSS:  0.6241639705589188 test_AUC:  0.6545454404969675 test_LOGlOSS:  0.6247944657114057
#############mlp_bn:  False
  0%|          | 0/500 [00:00<?, ?it/s]  0%|          | 1/500 [00:12<1:44:27, 12.56s/it]  0%|          | 2/500 [00:25<1:44:25, 12.58s/it]  1%|          | 3/500 [00:37<1:44:40, 12.64s/it]  1%|          | 4/500 [00:50<1:44:02, 12.59s/it]  1%|          | 5/500 [01:03<1:45:24, 12.78s/it]  1%|          | 6/500 [01:16<1:45:09, 12.77s/it]  1%|▏         | 7/500 [01:28<1:44:38, 12.74s/it]  2%|▏         | 8/500 [01:41<1:44:38, 12.76s/it]  2%|▏         | 9/500 [01:53<1:42:12, 12.49s/it]  2%|▏         | 10/500 [02:04<1:37:51, 11.98s/it]  2%|▏         | 11/500 [02:14<1:32:26, 11.34s/it]  2%|▏         | 12/500 [02:25<1:31:00, 11.19s/it]  3%|▎         | 13/500 [02:36<1:29:53, 11.07s/it]  3%|▎         | 14/500 [02:46<1:28:33, 10.93s/it]  3%|▎         | 14/500 [02:57<1:42:42, 12.68s/it]
[I 2025-02-19 00:01:39,879] Trial 22 finished with value: 0.6556258788705158 and parameters: {'learning_rate': 1e-05, 'l2_norm': 0.001, 'batch_size': 256}. Best is trial 1 with value: 0.6556258788705158.
AUC:  0.6556258788705158 LOGlOSS:  0.6241639705589188 test_AUC:  0.6545454404969675 test_LOGlOSS:  0.6247944657114057
#############mlp_bn:  False
  0%|          | 0/500 [00:00<?, ?it/s]  0%|          | 1/500 [00:12<1:45:40, 12.71s/it]  0%|          | 2/500 [00:25<1:45:13, 12.68s/it]  1%|          | 3/500 [00:37<1:43:32, 12.50s/it]  1%|          | 4/500 [00:50<1:44:34, 12.65s/it]  1%|          | 5/500 [01:03<1:44:27, 12.66s/it]  1%|          | 6/500 [01:14<1:41:01, 12.27s/it]  1%|▏         | 7/500 [01:25<1:37:09, 11.82s/it]  2%|▏         | 8/500 [01:39<1:41:00, 12.32s/it]  2%|▏         | 9/500 [01:52<1:43:08, 12.60s/it]  2%|▏         | 10/500 [02:05<1:44:22, 12.78s/it]  2%|▏         | 11/500 [02:17<1:41:12, 12.42s/it]  2%|▏         | 12/500 [02:28<1:38:11, 12.07s/it]  3%|▎         | 13/500 [02:39<1:35:20, 11.75s/it]  3%|▎         | 14/500 [02:50<1:33:54, 11.59s/it]  3%|▎         | 14/500 [03:01<1:45:07, 12.98s/it]
[I 2025-02-19 00:05:05,356] Trial 23 finished with value: 0.6556258788705158 and parameters: {'learning_rate': 1e-05, 'l2_norm': 0.001, 'batch_size': 256}. Best is trial 1 with value: 0.6556258788705158.
AUC:  0.6556258788705158 LOGlOSS:  0.6241639705589188 test_AUC:  0.6545454404969675 test_LOGlOSS:  0.6247944657114057
#############mlp_bn:  False
  0%|          | 0/500 [00:00<?, ?it/s]  0%|          | 1/500 [00:12<1:43:07, 12.40s/it]  0%|          | 2/500 [00:25<1:46:35, 12.84s/it]  1%|          | 3/500 [00:36<1:40:35, 12.14s/it]  1%|          | 4/500 [00:48<1:40:16, 12.13s/it]  1%|          | 5/500 [01:02<1:42:49, 12.46s/it]  1%|          | 6/500 [01:15<1:45:02, 12.76s/it]  1%|▏         | 7/500 [01:26<1:40:53, 12.28s/it]  2%|▏         | 8/500 [01:35<1:32:56, 11.33s/it]  2%|▏         | 9/500 [01:45<1:29:07, 10.89s/it]  2%|▏         | 10/500 [01:56<1:28:56, 10.89s/it]  2%|▏         | 11/500 [02:07<1:28:14, 10.83s/it]  2%|▏         | 11/500 [02:17<1:42:10, 12.54s/it]
[I 2025-02-19 00:07:46,249] Trial 24 finished with value: 0.6552081895874289 and parameters: {'learning_rate': 1e-05, 'l2_norm': 0.0001, 'batch_size': 256}. Best is trial 1 with value: 0.6556258788705158.
AUC:  0.6552081895874289 LOGlOSS:  0.6486094447598573 test_AUC:  0.6544013626354848 test_LOGlOSS:  0.6490400952811937
#############mlp_bn:  False
  0%|          | 0/500 [00:00<?, ?it/s]  0%|          | 1/500 [00:12<1:43:14, 12.41s/it]  0%|          | 2/500 [00:25<1:44:26, 12.58s/it]  1%|          | 3/500 [00:37<1:44:46, 12.65s/it]  1%|          | 4/500 [00:48<1:38:27, 11.91s/it]  1%|          | 5/500 [00:59<1:34:01, 11.40s/it]  1%|          | 6/500 [01:09<1:32:01, 11.18s/it]  1%|▏         | 7/500 [01:20<1:29:26, 10.88s/it]  1%|▏         | 7/500 [01:29<1:44:35, 12.73s/it]
[I 2025-02-19 00:09:39,737] Trial 25 finished with value: 0.6477993628460605 and parameters: {'learning_rate': 0.0003, 'l2_norm': 0.001, 'batch_size': 256}. Best is trial 1 with value: 0.6556258788705158.
AUC:  0.6477993628460605 LOGlOSS:  0.6231427767145832 test_AUC:  0.6472253329322436 test_LOGlOSS:  0.623820104224536
#############mlp_bn:  False
  0%|          | 0/500 [00:00<?, ?it/s]  0%|          | 1/500 [00:12<1:46:31, 12.81s/it]  0%|          | 2/500 [00:25<1:45:11, 12.67s/it]  1%|          | 3/500 [00:38<1:45:11, 12.70s/it]  1%|          | 4/500 [00:50<1:44:42, 12.67s/it]  1%|          | 5/500 [01:03<1:43:56, 12.60s/it]  1%|          | 6/500 [01:16<1:45:09, 12.77s/it]  1%|▏         | 7/500 [01:29<1:45:30, 12.84s/it]  2%|▏         | 8/500 [01:41<1:44:32, 12.75s/it]  2%|▏         | 9/500 [01:54<1:44:51, 12.81s/it]  2%|▏         | 10/500 [02:07<1:44:45, 12.83s/it]  2%|▏         | 11/500 [02:17<1:37:28, 11.96s/it]  2%|▏         | 12/500 [02:26<1:29:36, 11.02s/it]  3%|▎         | 13/500 [02:35<1:25:13, 10.50s/it]  3%|▎         | 14/500 [02:46<1:26:10, 10.64s/it]  3%|▎         | 14/500 [02:57<1:42:45, 12.69s/it]
[I 2025-02-19 00:12:58,198] Trial 26 finished with value: 0.6556258788705158 and parameters: {'learning_rate': 1e-05, 'l2_norm': 0.001, 'batch_size': 256}. Best is trial 1 with value: 0.6556258788705158.
AUC:  0.6556258788705158 LOGlOSS:  0.6241639705589188 test_AUC:  0.6545454404969675 test_LOGlOSS:  0.6247944657114057
#############mlp_bn:  False
  0%|          | 0/500 [00:00<?, ?it/s]  0%|          | 1/500 [00:11<1:34:46, 11.40s/it]  0%|          | 2/500 [00:22<1:31:14, 10.99s/it]  1%|          | 3/500 [00:33<1:31:52, 11.09s/it]  1%|          | 4/500 [00:46<1:37:30, 11.80s/it]  1%|          | 5/500 [00:59<1:41:02, 12.25s/it]  1%|          | 6/500 [01:12<1:42:33, 12.46s/it]  1%|▏         | 7/500 [01:25<1:43:39, 12.62s/it]  2%|▏         | 8/500 [01:37<1:43:53, 12.67s/it]  2%|▏         | 9/500 [01:50<1:44:19, 12.75s/it]  2%|▏         | 10/500 [02:03<1:43:12, 12.64s/it]  2%|▏         | 11/500 [02:12<1:34:25, 11.59s/it]  2%|▏         | 12/500 [02:20<1:26:18, 10.61s/it]  3%|▎         | 13/500 [02:29<1:20:46,  9.95s/it]  3%|▎         | 14/500 [02:38<1:18:34,  9.70s/it]  3%|▎         | 14/500 [02:48<1:37:45, 12.07s/it]
[I 2025-02-19 00:16:09,889] Trial 27 finished with value: 0.6556258788705158 and parameters: {'learning_rate': 1e-05, 'l2_norm': 0.001, 'batch_size': 256}. Best is trial 1 with value: 0.6556258788705158.
AUC:  0.6556258788705158 LOGlOSS:  0.6241639705589188 test_AUC:  0.6545454404969675 test_LOGlOSS:  0.6247944657114057
#############mlp_bn:  False
  0%|          | 0/500 [00:00<?, ?it/s]  0%|          | 1/500 [00:06<56:16,  6.77s/it]  0%|          | 2/500 [00:13<54:37,  6.58s/it]  1%|          | 3/500 [00:19<54:23,  6.57s/it]  1%|          | 4/500 [00:26<54:10,  6.55s/it]  1%|          | 5/500 [00:32<53:56,  6.54s/it]  1%|          | 6/500 [00:39<54:16,  6.59s/it]  1%|▏         | 7/500 [00:45<51:59,  6.33s/it]  2%|▏         | 8/500 [00:51<50:23,  6.15s/it]  2%|▏         | 9/500 [00:56<49:16,  6.02s/it]  2%|▏         | 10/500 [01:02<48:57,  6.00s/it]  2%|▏         | 11/500 [01:09<50:36,  6.21s/it]  2%|▏         | 12/500 [01:16<51:50,  6.37s/it]  3%|▎         | 13/500 [01:22<52:37,  6.48s/it]  3%|▎         | 14/500 [01:29<53:37,  6.62s/it]  3%|▎         | 15/500 [01:34<49:48,  6.16s/it]  3%|▎         | 16/500 [01:39<46:52,  5.81s/it]  3%|▎         | 17/500 [01:45<45:01,  5.59s/it]  4%|▎         | 18/500 [01:50<43:30,  5.42s/it]  4%|▎         | 18/500 [01:55<51:24,  6.40s/it]
[I 2025-02-19 00:18:26,848] Trial 28 finished with value: 0.6558692032966291 and parameters: {'learning_rate': 1e-05, 'l2_norm': 0.001, 'batch_size': 512}. Best is trial 28 with value: 0.6558692032966291.
AUC:  0.6558692032966291 LOGlOSS:  0.6431093367382356 test_AUC:  0.6547243277735291 test_LOGlOSS:  0.6435993148555217
#############mlp_bn:  False
  0%|          | 0/500 [00:00<?, ?it/s]  0%|          | 1/500 [00:05<47:58,  5.77s/it]  0%|          | 2/500 [00:12<53:14,  6.41s/it]  1%|          | 3/500 [00:17<49:08,  5.93s/it]  1%|          | 4/500 [00:23<47:36,  5.76s/it]  1%|          | 5/500 [00:28<45:35,  5.53s/it]  1%|          | 6/500 [00:33<45:04,  5.47s/it]  1%|          | 6/500 [00:39<53:57,  6.55s/it]
[I 2025-02-19 00:19:27,406] Trial 29 finished with value: 0.6465868807911095 and parameters: {'learning_rate': 0.0003, 'l2_norm': 3e-06, 'batch_size': 512}. Best is trial 28 with value: 0.6558692032966291.
AUC:  0.6465868807911095 LOGlOSS:  0.6455588609225079 test_AUC:  0.6458744704928062 test_LOGlOSS:  0.6464880458885164
#############mlp_bn:  False
  0%|          | 0/500 [00:00<?, ?it/s]  0%|          | 1/500 [00:07<59:43,  7.18s/it]  0%|          | 2/500 [00:13<57:38,  6.94s/it]  1%|          | 3/500 [00:21<58:29,  7.06s/it]  1%|          | 4/500 [00:26<52:58,  6.41s/it]  1%|          | 5/500 [00:31<49:00,  5.94s/it]  1%|          | 6/500 [00:37<47:28,  5.77s/it]  1%|▏         | 7/500 [00:42<45:30,  5.54s/it]  1%|▏         | 7/500 [00:46<54:58,  6.69s/it]
[I 2025-02-19 00:20:35,754] Trial 30 finished with value: 0.6420708201508354 and parameters: {'learning_rate': 0.001, 'l2_norm': 0.0003, 'batch_size': 512}. Best is trial 28 with value: 0.6558692032966291.
AUC:  0.6420708201508354 LOGlOSS:  0.6194653184369292 test_AUC:  0.6409540139630102 test_LOGlOSS:  0.6212072890280558
#############mlp_bn:  False
  0%|          | 0/500 [00:00<?, ?it/s]  0%|          | 1/500 [00:06<51:52,  6.24s/it]  0%|          | 2/500 [00:12<53:20,  6.43s/it]  1%|          | 3/500 [00:19<54:30,  6.58s/it]  1%|          | 4/500 [00:26<55:27,  6.71s/it]  1%|          | 5/500 [00:33<55:33,  6.73s/it]  1%|          | 6/500 [00:39<55:07,  6.69s/it]  1%|▏         | 7/500 [00:46<55:21,  6.74s/it]  2%|▏         | 8/500 [00:52<53:46,  6.56s/it]  2%|▏         | 9/500 [00:58<51:30,  6.30s/it]  2%|▏         | 10/500 [01:05<52:10,  6.39s/it]  2%|▏         | 11/500 [01:11<52:55,  6.49s/it]  2%|▏         | 12/500 [01:18<53:16,  6.55s/it]  3%|▎         | 13/500 [01:25<53:33,  6.60s/it]  3%|▎         | 14/500 [01:32<54:24,  6.72s/it]  3%|▎         | 15/500 [01:37<49:29,  6.12s/it]  3%|▎         | 16/500 [01:41<44:30,  5.52s/it]  3%|▎         | 17/500 [01:45<41:09,  5.11s/it]  4%|▎         | 18/500 [01:49<39:03,  4.86s/it]  4%|▎         | 18/500 [01:53<50:49,  6.33s/it]
[I 2025-02-19 00:22:48,742] Trial 31 finished with value: 0.6558692032966291 and parameters: {'learning_rate': 1e-05, 'l2_norm': 0.001, 'batch_size': 512}. Best is trial 28 with value: 0.6558692032966291.
AUC:  0.6558692032966291 LOGlOSS:  0.6431093367382356 test_AUC:  0.6547243277735291 test_LOGlOSS:  0.6435993148555217
#############mlp_bn:  False
  0%|          | 0/500 [00:00<?, ?it/s]  0%|          | 1/500 [00:05<46:52,  5.64s/it]  0%|          | 2/500 [00:11<46:52,  5.65s/it]  1%|          | 3/500 [00:16<46:56,  5.67s/it]  1%|          | 4/500 [00:22<47:10,  5.71s/it]  1%|          | 5/500 [00:30<51:54,  6.29s/it]  1%|          | 6/500 [00:37<53:48,  6.54s/it]  1%|▏         | 7/500 [00:44<54:46,  6.67s/it]  2%|▏         | 8/500 [00:51<55:33,  6.78s/it]  2%|▏         | 9/500 [00:57<55:37,  6.80s/it]  2%|▏         | 10/500 [01:04<55:10,  6.76s/it]  2%|▏         | 11/500 [01:11<55:16,  6.78s/it]  2%|▏         | 12/500 [01:17<54:11,  6.66s/it]  3%|▎         | 13/500 [01:23<52:42,  6.49s/it]  3%|▎         | 14/500 [01:29<51:06,  6.31s/it]  3%|▎         | 15/500 [01:33<45:47,  5.67s/it]  3%|▎         | 16/500 [01:38<42:38,  5.29s/it]  3%|▎         | 17/500 [01:43<41:47,  5.19s/it]  4%|▎         | 18/500 [01:48<41:51,  5.21s/it]  4%|▎         | 18/500 [01:53<50:42,  6.31s/it]
[I 2025-02-19 00:25:06,166] Trial 32 finished with value: 0.6558692032966291 and parameters: {'learning_rate': 1e-05, 'l2_norm': 0.001, 'batch_size': 512}. Best is trial 28 with value: 0.6558692032966291.
AUC:  0.6558692032966291 LOGlOSS:  0.6431093367382356 test_AUC:  0.6547243277735291 test_LOGlOSS:  0.6435993148555217
#############mlp_bn:  False
  0%|          | 0/500 [00:00<?, ?it/s]  0%|          | 1/500 [00:06<53:48,  6.47s/it]  0%|          | 2/500 [00:13<54:26,  6.56s/it]  1%|          | 3/500 [00:18<49:22,  5.96s/it]  1%|          | 4/500 [00:23<46:29,  5.62s/it]  1%|          | 5/500 [00:28<45:20,  5.50s/it]  1%|          | 6/500 [00:33<44:08,  5.36s/it]  1%|          | 6/500 [00:38<53:20,  6.48s/it]
[I 2025-02-19 00:26:09,302] Trial 33 finished with value: 0.6472281004074455 and parameters: {'learning_rate': 0.0003, 'l2_norm': 0.0001, 'batch_size': 512}. Best is trial 28 with value: 0.6558692032966291.
AUC:  0.6472281004074455 LOGlOSS:  0.6181122637698072 test_AUC:  0.6466601351844962 test_LOGlOSS:  0.6190996885827312
#############mlp_bn:  False
  0%|          | 0/500 [00:00<?, ?it/s]  0%|          | 1/500 [00:06<52:02,  6.26s/it]  0%|          | 2/500 [00:12<53:05,  6.40s/it]  1%|          | 3/500 [00:19<53:19,  6.44s/it]  1%|          | 4/500 [00:24<50:55,  6.16s/it]  1%|          | 5/500 [00:30<49:43,  6.03s/it]  1%|          | 6/500 [00:36<49:00,  5.95s/it]  1%|▏         | 7/500 [00:42<48:24,  5.89s/it]  2%|▏         | 8/500 [00:48<49:17,  6.01s/it]  2%|▏         | 9/500 [00:55<51:18,  6.27s/it]  2%|▏         | 10/500 [01:01<51:36,  6.32s/it]  2%|▏         | 11/500 [01:08<51:38,  6.34s/it]  2%|▏         | 12/500 [01:15<52:48,  6.49s/it]  3%|▎         | 13/500 [01:21<53:07,  6.54s/it]  3%|▎         | 14/500 [01:28<53:24,  6.59s/it]  3%|▎         | 15/500 [01:33<49:36,  6.14s/it]  3%|▎         | 16/500 [01:38<47:06,  5.84s/it]  3%|▎         | 17/500 [01:43<44:55,  5.58s/it]  4%|▎         | 18/500 [01:48<43:56,  5.47s/it]  4%|▎         | 18/500 [01:53<50:50,  6.33s/it]
[I 2025-02-19 00:28:29,900] Trial 34 finished with value: 0.6558692032966291 and parameters: {'learning_rate': 1e-05, 'l2_norm': 0.001, 'batch_size': 512}. Best is trial 28 with value: 0.6558692032966291.
AUC:  0.6558692032966291 LOGlOSS:  0.6431093367382356 test_AUC:  0.6547243277735291 test_LOGlOSS:  0.6435993148555217
#############mlp_bn:  False
  0%|          | 0/500 [00:00<?, ?it/s]  0%|          | 1/500 [00:06<52:41,  6.34s/it]  0%|          | 2/500 [00:12<53:51,  6.49s/it]  1%|          | 3/500 [00:19<54:26,  6.57s/it]  1%|          | 4/500 [00:26<54:27,  6.59s/it]  1%|          | 5/500 [00:32<54:41,  6.63s/it]  1%|          | 6/500 [00:38<52:32,  6.38s/it]  1%|▏         | 7/500 [00:44<51:18,  6.24s/it]  2%|▏         | 8/500 [00:50<50:23,  6.14s/it]  2%|▏         | 9/500 [00:56<50:07,  6.12s/it]  2%|▏         | 10/500 [01:02<49:32,  6.07s/it]  2%|▏         | 11/500 [01:08<48:36,  5.96s/it]  2%|▏         | 12/500 [01:14<47:57,  5.90s/it]  3%|▎         | 13/500 [01:20<47:41,  5.88s/it]  3%|▎         | 14/500 [01:25<46:55,  5.79s/it]  3%|▎         | 15/500 [01:30<44:18,  5.48s/it]  3%|▎         | 16/500 [01:35<43:01,  5.33s/it]  3%|▎         | 17/500 [01:40<42:54,  5.33s/it]  4%|▎         | 18/500 [01:46<42:48,  5.33s/it]  4%|▎         | 18/500 [01:51<49:39,  6.18s/it]
[I 2025-02-19 00:30:48,175] Trial 35 finished with value: 0.6558692032966291 and parameters: {'learning_rate': 1e-05, 'l2_norm': 0.001, 'batch_size': 512}. Best is trial 28 with value: 0.6558692032966291.
AUC:  0.6558692032966291 LOGlOSS:  0.6431093367382356 test_AUC:  0.6547243277735291 test_LOGlOSS:  0.6435993148555217
#############mlp_bn:  False
  0%|          | 0/500 [00:00<?, ?it/s]  0%|          | 1/500 [00:06<54:14,  6.52s/it]  0%|          | 2/500 [00:13<54:12,  6.53s/it]  1%|          | 3/500 [00:18<48:29,  5.85s/it]  1%|          | 4/500 [00:23<45:40,  5.53s/it]  1%|          | 5/500 [00:27<43:18,  5.25s/it]  1%|          | 6/500 [00:32<42:42,  5.19s/it]  1%|          | 6/500 [00:37<52:04,  6.33s/it]
[I 2025-02-19 00:31:47,371] Trial 36 finished with value: 0.6519620437252209 and parameters: {'learning_rate': 0.0001, 'l2_norm': 1e-05, 'batch_size': 512}. Best is trial 28 with value: 0.6558692032966291.
AUC:  0.6519620437252209 LOGlOSS:  0.6193521669818585 test_AUC:  0.6514473578048202 test_LOGlOSS:  0.6199454271291512
#############mlp_bn:  False
  0%|          | 0/500 [00:00<?, ?it/s]  0%|          | 1/500 [00:05<43:39,  5.25s/it]  0%|          | 2/500 [00:11<49:15,  5.93s/it]  1%|          | 3/500 [00:18<52:49,  6.38s/it]  1%|          | 4/500 [00:25<54:20,  6.57s/it]  1%|          | 5/500 [00:32<54:52,  6.65s/it]  1%|          | 6/500 [00:37<50:09,  6.09s/it]  1%|▏         | 7/500 [00:42<46:32,  5.66s/it]  2%|▏         | 8/500 [00:47<45:32,  5.55s/it]  2%|▏         | 9/500 [00:52<44:59,  5.50s/it]  2%|▏         | 9/500 [00:57<52:42,  6.44s/it]
[I 2025-02-19 00:33:04,895] Trial 37 finished with value: 0.6522289422377101 and parameters: {'learning_rate': 3e-05, 'l2_norm': 1e-06, 'batch_size': 512}. Best is trial 28 with value: 0.6558692032966291.
AUC:  0.6522289422377101 LOGlOSS:  0.6604458654987004 test_AUC:  0.6517030311127391 test_LOGlOSS:  0.6607894787432147
#############mlp_bn:  False
  0%|          | 0/500 [00:00<?, ?it/s]  0%|          | 1/500 [00:06<55:36,  6.69s/it]  0%|          | 2/500 [00:13<55:51,  6.73s/it]  1%|          | 3/500 [00:20<55:29,  6.70s/it]  1%|          | 4/500 [00:26<54:56,  6.65s/it]  1%|          | 5/500 [00:32<52:53,  6.41s/it]  1%|          | 6/500 [00:38<50:41,  6.16s/it]  1%|▏         | 7/500 [00:44<49:38,  6.04s/it]  2%|▏         | 8/500 [00:49<49:01,  5.98s/it]  2%|▏         | 9/500 [00:56<49:59,  6.11s/it]  2%|▏         | 10/500 [01:03<51:33,  6.31s/it]  2%|▏         | 11/500 [01:10<52:51,  6.49s/it]  2%|▏         | 12/500 [01:16<53:23,  6.56s/it]  3%|▎         | 13/500 [01:23<53:57,  6.65s/it]  3%|▎         | 14/500 [01:30<54:02,  6.67s/it]  3%|▎         | 15/500 [01:35<49:50,  6.17s/it]  3%|▎         | 16/500 [01:40<47:12,  5.85s/it]  3%|▎         | 17/500 [01:45<44:13,  5.49s/it]  4%|▎         | 18/500 [01:49<41:33,  5.17s/it]  4%|▎         | 18/500 [01:53<50:51,  6.33s/it]
[I 2025-02-19 00:35:19,107] Trial 38 finished with value: 0.6558692032966291 and parameters: {'learning_rate': 1e-05, 'l2_norm': 0.001, 'batch_size': 512}. Best is trial 28 with value: 0.6558692032966291.
AUC:  0.6558692032966291 LOGlOSS:  0.6431093367382356 test_AUC:  0.6547243277735291 test_LOGlOSS:  0.6435993148555217
#############mlp_bn:  False
  0%|          | 0/500 [00:00<?, ?it/s]  0%|          | 1/500 [00:06<56:56,  6.85s/it]  0%|          | 2/500 [00:13<56:05,  6.76s/it]  1%|          | 3/500 [00:20<56:04,  6.77s/it]  1%|          | 4/500 [00:27<55:45,  6.74s/it]  1%|          | 5/500 [00:33<55:04,  6.68s/it]  1%|          | 6/500 [00:40<55:09,  6.70s/it]  1%|▏         | 7/500 [00:46<54:35,  6.64s/it]  2%|▏         | 8/500 [00:53<54:44,  6.68s/it]  2%|▏         | 9/500 [01:00<54:28,  6.66s/it]  2%|▏         | 10/500 [01:05<50:12,  6.15s/it]  2%|▏         | 11/500 [01:10<47:40,  5.85s/it]  2%|▏         | 12/500 [01:15<45:34,  5.60s/it]  3%|▎         | 13/500 [01:20<44:14,  5.45s/it]  3%|▎         | 13/500 [01:25<53:26,  6.58s/it]
[I 2025-02-19 00:37:05,741] Trial 39 finished with value: 0.655125453341568 and parameters: {'learning_rate': 1e-05, 'l2_norm': 0.0001, 'batch_size': 512}. Best is trial 28 with value: 0.6558692032966291.
AUC:  0.655125453341568 LOGlOSS:  0.6638567674153063 test_AUC:  0.6542447464244071 test_LOGlOSS:  0.6641684604096123
#############mlp_bn:  False
  0%|          | 0/500 [00:00<?, ?it/s]  0%|          | 1/500 [00:05<48:07,  5.79s/it]  0%|          | 2/500 [00:11<48:57,  5.90s/it]  1%|          | 3/500 [00:19<55:53,  6.75s/it]  1%|          | 4/500 [00:27<58:40,  7.10s/it]  1%|          | 5/500 [00:32<54:08,  6.56s/it]  1%|          | 6/500 [00:38<50:55,  6.19s/it]  1%|▏         | 7/500 [00:43<49:02,  5.97s/it]  2%|▏         | 8/500 [00:49<47:41,  5.82s/it]  2%|▏         | 8/500 [00:54<56:08,  6.85s/it]
[I 2025-02-19 00:38:21,684] Trial 40 finished with value: 0.6542887615055892 and parameters: {'learning_rate': 3e-05, 'l2_norm': 3e-05, 'batch_size': 512}. Best is trial 28 with value: 0.6558692032966291.
AUC:  0.6542887615055892 LOGlOSS:  0.6437549464093281 test_AUC:  0.6535819952611737 test_LOGlOSS:  0.6441628924649386
#############mlp_bn:  False
  0%|          | 0/500 [00:00<?, ?it/s]  0%|          | 1/500 [00:05<47:56,  5.76s/it]  0%|          | 2/500 [00:11<48:19,  5.82s/it]  1%|          | 3/500 [00:17<47:24,  5.72s/it]  1%|          | 4/500 [00:23<50:20,  6.09s/it]  1%|          | 5/500 [00:30<51:58,  6.30s/it]  1%|          | 6/500 [00:37<52:32,  6.38s/it]  1%|▏         | 7/500 [00:43<53:09,  6.47s/it]  2%|▏         | 8/500 [00:50<53:46,  6.56s/it]  2%|▏         | 9/500 [00:57<54:00,  6.60s/it]  2%|▏         | 10/500 [01:03<54:03,  6.62s/it]  2%|▏         | 11/500 [01:10<53:47,  6.60s/it]  2%|▏         | 12/500 [01:16<52:14,  6.42s/it]  3%|▎         | 13/500 [01:22<51:14,  6.31s/it]  3%|▎         | 14/500 [01:28<50:09,  6.19s/it]  3%|▎         | 15/500 [01:33<47:19,  5.86s/it]  3%|▎         | 16/500 [01:38<45:37,  5.66s/it]  3%|▎         | 17/500 [01:43<44:07,  5.48s/it]  4%|▎         | 18/500 [01:48<42:55,  5.34s/it]  4%|▎         | 18/500 [01:53<50:47,  6.32s/it]
