[I 2025-02-19 00:40:35,935] Trial 41 finished with value: 0.6558692032966291 and parameters: {'learning_rate': 1e-05, 'l2_norm': 0.001, 'batch_size': 512}. Best is trial 28 with value: 0.6558692032966291.
AUC:  0.6558692032966291 LOGlOSS:  0.6431093367382356 test_AUC:  0.6547243277735291 test_LOGlOSS:  0.6435993148555217
#############mlp_bn:  False
  0%|          | 0/500 [00:00<?, ?it/s]  0%|          | 1/500 [00:06<53:05,  6.38s/it]  0%|          | 2/500 [00:13<55:17,  6.66s/it]  1%|          | 3/500 [00:19<54:55,  6.63s/it]  1%|          | 4/500 [00:25<51:33,  6.24s/it]  1%|          | 5/500 [00:31<50:37,  6.14s/it]  1%|          | 6/500 [00:37<49:03,  5.96s/it]  1%|▏         | 7/500 [00:42<48:39,  5.92s/it]  2%|▏         | 8/500 [00:48<48:28,  5.91s/it]  2%|▏         | 9/500 [00:54<47:46,  5.84s/it]  2%|▏         | 10/500 [01:00<47:08,  5.77s/it]  2%|▏         | 11/500 [01:05<46:50,  5.75s/it]  2%|▏         | 12/500 [01:11<46:29,  5.72s/it]  3%|▎         | 13/500 [01:17<46:28,  5.73s/it]  3%|▎         | 14/500 [01:22<45:43,  5.65s/it]  3%|▎         | 15/500 [01:27<42:53,  5.31s/it]  3%|▎         | 16/500 [01:31<40:34,  5.03s/it]  3%|▎         | 17/500 [01:35<38:59,  4.84s/it]  4%|▎         | 18/500 [01:40<37:39,  4.69s/it]  4%|▎         | 18/500 [01:44<46:33,  5.80s/it]
[I 2025-02-19 00:42:45,514] Trial 42 finished with value: 0.6558692032966291 and parameters: {'learning_rate': 1e-05, 'l2_norm': 0.001, 'batch_size': 512}. Best is trial 28 with value: 0.6558692032966291.
AUC:  0.6558692032966291 LOGlOSS:  0.6431093367382356 test_AUC:  0.6547243277735291 test_LOGlOSS:  0.6435993148555217
#############mlp_bn:  False
  0%|          | 0/500 [00:00<?, ?it/s]  0%|          | 1/500 [00:05<47:38,  5.73s/it]  0%|          | 2/500 [00:11<48:13,  5.81s/it]  1%|          | 3/500 [00:17<48:30,  5.86s/it]  1%|          | 4/500 [00:23<48:28,  5.86s/it]  1%|          | 5/500 [00:29<48:49,  5.92s/it]  1%|          | 6/500 [00:35<48:31,  5.89s/it]  1%|▏         | 7/500 [00:40<47:51,  5.82s/it]  2%|▏         | 8/500 [00:46<47:42,  5.82s/it]  2%|▏         | 9/500 [00:52<47:42,  5.83s/it]  2%|▏         | 10/500 [00:58<47:40,  5.84s/it]  2%|▏         | 11/500 [01:04<47:32,  5.83s/it]  2%|▏         | 12/500 [01:09<46:56,  5.77s/it]  3%|▎         | 13/500 [01:16<47:45,  5.88s/it]  3%|▎         | 14/500 [01:21<47:28,  5.86s/it]  3%|▎         | 15/500 [01:26<43:51,  5.43s/it]  3%|▎         | 16/500 [01:30<41:41,  5.17s/it]  3%|▎         | 17/500 [01:34<37:27,  4.65s/it]  4%|▎         | 18/500 [01:38<35:52,  4.47s/it]  4%|▎         | 18/500 [01:42<45:45,  5.70s/it]
[I 2025-02-19 00:44:47,663] Trial 43 finished with value: 0.6558692032966291 and parameters: {'learning_rate': 1e-05, 'l2_norm': 0.001, 'batch_size': 512}. Best is trial 28 with value: 0.6558692032966291.
AUC:  0.6558692032966291 LOGlOSS:  0.6431093367382356 test_AUC:  0.6547243277735291 test_LOGlOSS:  0.6435993148555217
#############mlp_bn:  False
  0%|          | 0/500 [00:00<?, ?it/s]  0%|          | 1/500 [00:06<50:18,  6.05s/it]  0%|          | 2/500 [00:12<49:50,  6.01s/it]  1%|          | 3/500 [00:17<49:01,  5.92s/it]  1%|          | 4/500 [00:23<48:54,  5.92s/it]  1%|          | 5/500 [00:28<44:00,  5.33s/it]  1%|          | 6/500 [00:32<41:42,  5.07s/it]  1%|▏         | 7/500 [00:36<39:24,  4.80s/it]  2%|▏         | 8/500 [00:41<37:54,  4.62s/it]  2%|▏         | 8/500 [00:45<46:38,  5.69s/it]
[I 2025-02-19 00:46:00,520] Trial 44 finished with value: 0.6531479727650851 and parameters: {'learning_rate': 0.0001, 'l2_norm': 0.001, 'batch_size': 512}. Best is trial 28 with value: 0.6558692032966291.
AUC:  0.6531479727650851 LOGlOSS:  0.6183418804024674 test_AUC:  0.6521025170816508 test_LOGlOSS:  0.6192594151097502
#############mlp_bn:  False
  0%|          | 0/500 [00:00<?, ?it/s]  0%|          | 1/500 [00:05<43:50,  5.27s/it]  0%|          | 2/500 [00:11<46:22,  5.59s/it]  1%|          | 3/500 [00:16<46:24,  5.60s/it]  1%|          | 4/500 [00:22<45:51,  5.55s/it]  1%|          | 5/500 [00:28<46:58,  5.69s/it]  1%|          | 6/500 [00:33<47:20,  5.75s/it]  1%|▏         | 7/500 [00:39<47:51,  5.82s/it]  2%|▏         | 8/500 [00:45<47:57,  5.85s/it]  2%|▏         | 9/500 [00:51<47:22,  5.79s/it]  2%|▏         | 10/500 [00:57<46:50,  5.74s/it]  2%|▏         | 11/500 [01:03<47:38,  5.85s/it]  2%|▏         | 12/500 [01:09<47:43,  5.87s/it]  3%|▎         | 13/500 [01:15<47:58,  5.91s/it]  3%|▎         | 14/500 [01:20<46:24,  5.73s/it]  3%|▎         | 15/500 [01:24<42:15,  5.23s/it]  3%|▎         | 16/500 [01:27<37:15,  4.62s/it]  3%|▎         | 17/500 [01:30<33:27,  4.16s/it]  4%|▎         | 18/500 [01:34<32:28,  4.04s/it]  4%|▎         | 18/500 [01:38<43:56,  5.47s/it]
[I 2025-02-19 00:48:06,038] Trial 45 finished with value: 0.6558692032966291 and parameters: {'learning_rate': 1e-05, 'l2_norm': 0.001, 'batch_size': 512}. Best is trial 28 with value: 0.6558692032966291.
AUC:  0.6558692032966291 LOGlOSS:  0.6431093367382356 test_AUC:  0.6547243277735291 test_LOGlOSS:  0.6435993148555217
#############mlp_bn:  False
  0%|          | 0/500 [00:00<?, ?it/s]  0%|          | 1/500 [00:05<44:32,  5.36s/it]  0%|          | 2/500 [00:10<44:11,  5.32s/it]  1%|          | 3/500 [00:16<44:32,  5.38s/it]  1%|          | 4/500 [00:21<45:13,  5.47s/it]  1%|          | 5/500 [00:27<45:14,  5.48s/it]  1%|          | 6/500 [00:32<45:35,  5.54s/it]  1%|▏         | 7/500 [00:38<45:49,  5.58s/it]  2%|▏         | 8/500 [00:43<45:25,  5.54s/it]  2%|▏         | 9/500 [00:49<44:10,  5.40s/it]  2%|▏         | 10/500 [00:54<43:55,  5.38s/it]  2%|▏         | 11/500 [01:00<44:23,  5.45s/it]  2%|▏         | 12/500 [01:05<44:40,  5.49s/it]  3%|▎         | 13/500 [01:11<44:56,  5.54s/it]  3%|▎         | 14/500 [01:15<41:33,  5.13s/it]  3%|▎         | 15/500 [01:19<38:44,  4.79s/it]  3%|▎         | 16/500 [01:23<37:10,  4.61s/it]  3%|▎         | 17/500 [01:27<34:14,  4.25s/it]  3%|▎         | 17/500 [01:30<42:42,  5.31s/it]
[I 2025-02-19 00:49:59,784] Trial 46 finished with value: 0.6516548480300584 and parameters: {'learning_rate': 1e-05, 'l2_norm': 3e-06, 'batch_size': 512}. Best is trial 28 with value: 0.6558692032966291.
AUC:  0.6516548480300584 LOGlOSS:  0.6796906662121988 test_AUC:  0.6510849946865482 test_LOGlOSS:  0.6799890587752876
#############mlp_bn:  False
  0%|          | 0/500 [00:00<?, ?it/s]  0%|          | 1/500 [00:05<42:50,  5.15s/it]  0%|          | 2/500 [00:10<43:59,  5.30s/it]  1%|          | 3/500 [00:16<44:47,  5.41s/it]  1%|          | 4/500 [00:21<45:10,  5.46s/it]  1%|          | 5/500 [00:27<44:51,  5.44s/it]  1%|          | 6/500 [00:32<45:04,  5.47s/it]  1%|▏         | 7/500 [00:37<44:33,  5.42s/it]  2%|▏         | 8/500 [00:43<45:22,  5.53s/it]  2%|▏         | 9/500 [00:49<45:35,  5.57s/it]  2%|▏         | 10/500 [00:54<45:06,  5.52s/it]  2%|▏         | 11/500 [01:00<44:46,  5.49s/it]  2%|▏         | 12/500 [01:05<44:20,  5.45s/it]  3%|▎         | 13/500 [01:10<44:06,  5.43s/it]  3%|▎         | 14/500 [01:16<43:47,  5.41s/it]  3%|▎         | 15/500 [01:20<40:34,  5.02s/it]  3%|▎         | 16/500 [01:24<37:59,  4.71s/it]  3%|▎         | 17/500 [01:28<35:54,  4.46s/it]  4%|▎         | 18/500 [01:32<34:25,  4.28s/it]  4%|▎         | 18/500 [01:35<42:46,  5.32s/it]
[I 2025-02-19 00:52:02,866] Trial 47 finished with value: 0.6558692032966291 and parameters: {'learning_rate': 1e-05, 'l2_norm': 0.001, 'batch_size': 512}. Best is trial 28 with value: 0.6558692032966291.
AUC:  0.6558692032966291 LOGlOSS:  0.6431093367382356 test_AUC:  0.6547243277735291 test_LOGlOSS:  0.6435993148555217
#############mlp_bn:  False
  0%|          | 0/500 [00:00<?, ?it/s]  0%|          | 1/500 [00:03<30:04,  3.62s/it]  0%|          | 2/500 [00:07<30:34,  3.68s/it]  1%|          | 3/500 [00:09<25:08,  3.04s/it]  1%|          | 4/500 [00:11<22:25,  2.71s/it]  1%|          | 5/500 [00:14<21:08,  2.56s/it]  1%|          | 6/500 [00:16<19:53,  2.42s/it]  1%|          | 6/500 [00:18<25:16,  3.07s/it]
[I 2025-02-19 00:52:45,445] Trial 48 finished with value: 0.6453588315753775 and parameters: {'learning_rate': 0.001, 'l2_norm': 3e-05, 'batch_size': 1024}. Best is trial 28 with value: 0.6558692032966291.
AUC:  0.6453588315753775 LOGlOSS:  0.6630273860185808 test_AUC:  0.644555678071836 test_LOGlOSS:  0.6638650593757592
#############mlp_bn:  False
  0%|          | 0/500 [00:00<?, ?it/s]  0%|          | 1/500 [00:05<46:12,  5.56s/it]  0%|          | 2/500 [00:11<46:28,  5.60s/it]  1%|          | 3/500 [00:14<39:26,  4.76s/it]  1%|          | 4/500 [00:18<36:51,  4.46s/it]  1%|          | 5/500 [00:22<34:58,  4.24s/it]  1%|          | 6/500 [00:26<34:13,  4.16s/it]  1%|          | 6/500 [00:30<42:08,  5.12s/it]
[I 2025-02-19 00:53:36,394] Trial 49 finished with value: 0.6464461916759675 and parameters: {'learning_rate': 0.0003, 'l2_norm': 1e-06, 'batch_size': 512}. Best is trial 28 with value: 0.6558692032966291.
AUC:  0.6464461916759675 LOGlOSS:  0.6475214190688606 test_AUC:  0.6457815852797776 test_LOGlOSS:  0.6484370474199339
