,number,value,datetime_start,datetime_complete,duration,params_batch_size,params_l2_norm,params_learning_rate,state
0,0,0.7354447797477945,2025-02-18 23:11:25.198621,2025-02-18 23:11:52.297706,0 days 00:00:27.099085,32,3e-05,0.0003,COMPLETE
1,1,0.7278780910686239,2025-02-18 23:11:52.299097,2025-02-18 23:16:05.626250,0 days 00:04:13.327153,16,0.001,1e-05,COMPLETE
2,2,0.735136955486507,2025-02-18 23:16:05.628075,2025-02-18 23:16:43.783038,0 days 00:00:38.154963,16,3e-05,0.0003,COMPLETE
3,3,0.7321507970543586,2025-02-18 23:16:43.784451,2025-02-18 23:17:08.375733,0 days 00:00:24.591282,32,0.0001,0.001,COMPLETE
4,4,0.7354421487712024,2025-02-18 23:17:08.377067,2025-02-18 23:17:56.899971,0 days 00:00:48.522904,16,3e-06,0.0001,COMPLETE
5,5,0.7364366579230543,2025-02-18 23:17:56.901792,2025-02-18 23:18:54.180280,0 days 00:00:57.278488,64,3e-05,3e-05,COMPLETE
6,6,0.7362445966318237,2025-02-18 23:18:54.181485,2025-02-18 23:20:28.515780,0 days 00:01:34.334295,32,3e-05,3e-05,COMPLETE
7,7,0.7336188819928069,2025-02-18 23:20:28.517273,2025-02-18 23:24:29.761700,0 days 00:04:01.244427,32,1e-06,1e-05,COMPLETE
8,8,0.7354395177946101,2025-02-18 23:24:29.763486,2025-02-18 23:24:52.420146,0 days 00:00:22.656660,64,3e-05,0.0001,COMPLETE
9,9,0.728941005611873,2025-02-18 23:24:52.421420,2025-02-18 23:25:12.402957,0 days 00:00:19.981537,64,0.001,0.0001,COMPLETE
10,10,0.7378968499317262,2025-02-18 23:25:12.403972,2025-02-18 23:26:42.000233,0 days 00:01:29.596261,64,0.0003,3e-05,COMPLETE
11,11,0.7378968499317262,2025-02-18 23:26:42.001937,2025-02-18 23:28:18.400711,0 days 00:01:36.398774,64,0.0003,3e-05,COMPLETE
12,12,0.7378968499317262,2025-02-18 23:28:18.402039,2025-02-18 23:29:46.668870,0 days 00:01:28.266831,64,0.0003,3e-05,COMPLETE
13,13,0.7378968499317262,2025-02-18 23:29:46.669993,2025-02-18 23:31:22.601720,0 days 00:01:35.931727,64,0.0003,3e-05,COMPLETE
14,14,0.7362235488190861,2025-02-18 23:31:22.602747,2025-02-18 23:32:16.339874,0 days 00:00:53.737127,64,1e-05,3e-05,COMPLETE
15,15,0.7298065969107073,2025-02-18 23:32:16.340617,2025-02-18 23:32:27.390423,0 days 00:00:11.049806,64,0.0003,0.001,COMPLETE
16,16,0.7378968499317262,2025-02-18 23:32:27.391491,2025-02-18 23:34:00.065824,0 days 00:01:32.674333,64,0.0003,3e-05,COMPLETE
17,17,0.7378968499317262,2025-02-18 23:34:00.067343,2025-02-18 23:35:32.536678,0 days 00:01:32.469335,64,0.0003,3e-05,COMPLETE
18,18,0.7355210780689684,2025-02-18 23:35:32.537571,2025-02-18 23:36:21.757827,0 days 00:00:49.220256,64,1e-06,3e-05,COMPLETE
19,19,0.7302985895334491,2025-02-18 23:36:21.758862,2025-02-18 23:36:43.388753,0 days 00:00:21.629891,16,3e-06,0.001,COMPLETE
20,20,0.735542125881706,2025-02-18 23:36:43.389922,2025-02-18 23:39:36.920556,0 days 00:02:53.530634,64,1e-05,1e-05,COMPLETE
21,21,0.7378968499317262,2025-02-18 23:39:36.921553,2025-02-18 23:41:08.841057,0 days 00:01:31.919504,64,0.0003,3e-05,COMPLETE
22,22,0.7378968499317262,2025-02-18 23:41:08.842145,2025-02-18 23:42:36.542327,0 days 00:01:27.700182,64,0.0003,3e-05,COMPLETE
23,23,0.7378968499317262,2025-02-18 23:42:36.543730,2025-02-18 23:44:07.870571,0 days 00:01:31.326841,64,0.0003,3e-05,COMPLETE
24,24,0.7384125213437976,2025-02-18 23:44:07.871740,2025-02-18 23:45:11.377885,0 days 00:01:03.506145,64,0.0001,3e-05,COMPLETE
25,25,0.734676534582872,2025-02-18 23:45:11.379063,2025-02-18 23:45:25.245809,0 days 00:00:13.866746,64,0.0001,0.0003,COMPLETE
26,26,0.7384125213437976,2025-02-18 23:45:25.247163,2025-02-18 23:46:30.128694,0 days 00:01:04.881531,64,0.0001,3e-05,COMPLETE
27,27,0.7384125213437976,2025-02-18 23:46:30.130556,2025-02-18 23:47:33.187865,0 days 00:01:03.057309,64,0.0001,3e-05,COMPLETE
28,28,0.7374311670749065,2025-02-18 23:47:33.189918,2025-02-18 23:50:15.861060,0 days 00:02:42.671142,16,0.0001,3e-05,COMPLETE
29,29,0.7382296684706395,2025-02-18 23:50:15.862123,2025-02-18 23:50:41.563827,0 days 00:00:25.701704,32,0.0001,0.0003,COMPLETE
30,30,0.7321507970543586,2025-02-18 23:50:41.564964,2025-02-18 23:51:06.900689,0 days 00:00:25.335725,32,0.0001,0.001,COMPLETE
31,31,0.7382296684706395,2025-02-18 23:51:06.901536,2025-02-18 23:51:32.843855,0 days 00:00:25.942319,32,0.0001,0.0003,COMPLETE
32,32,0.7382296684706395,2025-02-18 23:51:32.845018,2025-02-18 23:51:56.697601,0 days 00:00:23.852583,32,0.0001,0.0003,COMPLETE
33,33,0.7382296684706395,2025-02-18 23:51:56.698858,2025-02-18 23:52:18.771608,0 days 00:00:22.072750,32,0.0001,0.0003,COMPLETE
34,34,0.7382296684706395,2025-02-18 23:52:18.772701,2025-02-18 23:52:40.140286,0 days 00:00:21.367585,32,0.0001,0.0003,COMPLETE
35,35,0.7368444592948457,2025-02-18 23:52:40.141799,2025-02-18 23:58:59.484833,0 days 00:06:19.343034,16,0.0001,1e-05,COMPLETE
36,36,0.7382296684706395,2025-02-18 23:58:59.486743,2025-02-18 23:59:25.283620,0 days 00:00:25.796877,32,0.0001,0.0003,COMPLETE
37,37,0.7298934191382499,2025-02-18 23:59:25.285066,2025-02-18 23:59:53.022173,0 days 00:00:27.737107,32,0.001,0.0001,COMPLETE
38,38,0.7334925951163812,2025-02-18 23:59:53.023538,2025-02-19 00:00:34.094463,0 days 00:00:41.070925,16,0.0001,0.0003,COMPLETE
39,39,0.7340845648496266,2025-02-19 00:00:34.095812,2025-02-19 00:03:13.806836,0 days 00:02:39.711024,64,3e-06,1e-05,COMPLETE
40,40,0.7380205058315595,2025-02-19 00:03:13.808746,2025-02-19 00:05:00.749120,0 days 00:01:46.940374,32,0.0001,3e-05,COMPLETE
41,41,0.7382296684706395,2025-02-19 00:05:00.750682,2025-02-19 00:05:21.603382,0 days 00:00:20.852700,32,0.0001,0.0003,COMPLETE
42,42,0.7382296684706395,2025-02-19 00:05:21.605189,2025-02-19 00:05:45.205392,0 days 00:00:23.600203,32,0.0001,0.0003,COMPLETE
43,43,0.7382296684706395,2025-02-19 00:05:45.206949,2025-02-19 00:06:08.339789,0 days 00:00:23.132840,32,0.0001,0.0003,COMPLETE
44,44,0.7370680923051828,2025-02-19 00:06:08.341323,2025-02-19 00:06:45.716426,0 days 00:00:37.375103,32,1e-06,0.0001,COMPLETE
45,45,0.7333505223804023,2025-02-19 00:06:45.718001,2025-02-19 00:06:59.837425,0 days 00:00:14.119424,64,3e-05,0.0003,COMPLETE
46,46,0.7380205058315595,2025-02-19 00:06:59.838611,2025-02-19 00:08:41.141646,0 days 00:01:41.303035,32,0.0001,3e-05,COMPLETE
47,47,0.7397043308505685,2025-02-19 00:08:41.143016,2025-02-19 00:11:15.845224,0 days 00:02:34.702208,64,0.001,3e-05,COMPLETE
48,48,0.7397043308505685,2025-02-19 00:11:15.846280,2025-02-19 00:13:46.358023,0 days 00:02:30.511743,64,0.001,3e-05,COMPLETE
49,49,0.7397043308505685,2025-02-19 00:13:46.359213,2025-02-19 00:16:19.525908,0 days 00:02:33.166695,64,0.001,3e-05,COMPLETE
